0.00 6954531
0.01 6948179
0.01 6944092
0.01 6942843
0.01 6940958
0.01 6935270
0.01 6931022
0.02 6919886
0.03 6883302
0.03 6874197
0.03 6873780
0.04 6827141
0.05 6791917
0.05 6785383
0.05 6783867
0.05 6768847
0.05 6763887
0.06 6749245
0.06 6748646
0.06 6643353
0.06 6628638
0.06 6615459
0.06 6584461
0.07 6584307
3.56 6580472
3.56 6574864
3.59 6544831
3.59 6520827
3.87 6492397
3.88 6492205
3.88 6468278
3.88 6466185
3.89 6463545
3.90 6448613
3.90 6448331
3.90 6438273
35.68 6401123
35.68 6394901
35.68 6378470
35.69 6335438
35.69 6331282
35.70 6308523
35.70 6301605
35.71 6274340
35.71 6273229
170.92 6271851
170.93 6269871
170.93 6257443
170.93 6252739
170.93 6251768
170.93 6224547
170.96 6191721
170.96 6188266
170.97 6155694
170.97 6152847
170.97 6137146
171.38 6120079
171.38 6116659
171.38 6103264
171.38 6097410
171.42 6093856
171.43 6084630
171.43 6053892
171.43 6020399
171.43 6010787
171.44 5995290
171.49 5989425
171.49 5978865
172.32 5975328
172.32 5927195
175.21 5915291
175.71 5915128
175.72 5913147
175.73 5881304
175.73 5841816
175.77 5841018
175.77 5828255
175.78 5766808
175.79 5761145
175.79 5692935
175.79 5684176
175.79 5680464
175.79 5677839
175.80 5674296
175.80 5667174
175.80 5663800
175.81 5655288
175.81 5640394
175.81 5638450
175.83 5625029
175.83 5617565
175.83 5617544
175.85 5615961
175.85 5608484
175.85 5607398
175.86 5567847
175.87 5562623
175.87 5562051
175.88 5560325
175.88 5559782
186.19 5556521
186.19 5556009
186.20 5553811
186.20 5546405
186.20 5532270
186.20 5528104
186.21 5511699
186.22 5502681
186.35 5498462
186.41 5495576
186.41 5484429
186.41 5482167
186.42 5468429
186.42 5466551
186.43 5450888
186.44 5436801
186.45 5426112
186.45 5416006
186.50 5390385
186.52 5352682
186.52 5352007
186.52 5350039
186.52 5316397
186.53 5287331
186.53 5277617
186.58 5247852
186.58 5240079
186.59 5231218
186.60 5182932
186.60 5167760
186.61 5162147
186.61 5159427
186.61 5159179
186.61 5151510
186.61 5134626
186.62 5125567
186.65 5123078
186.65 5106838
186.65 5076959
186.65 5066871
186.70 5052058
186.71 5052006
186.90 5039732
186.90 5037736
186.97 4964965
186.99 4916917
186.99 4902539
186.99 4896033
186.99 4895824
186.99 4890293
187.00 4886494
187.05 4877672
187.05 4874493
187.05 4867856
187.07 4860636
187.11 4850522
187.12 4841099
187.12 4836742
187.13 4818421
187.14 4810673
187.14 4804330
187.15 4788228
187.16 4785891
187.16 4780708
187.17 4755792
187.18 4746997
187.18 4710612
187.18 4710591
187.18 4685380
187.18 4683404
187.19 4648425
187.19 4642969
187.20 4639881
187.20 4638531
187.20 4634868
187.20 4624040
187.23 4600254
187.24 4578070
187.24 4540524
187.25 4532980
187.25 4527656
187.25 4527371
187.32 4522097
187.32 4518176
187.33 4510956
187.33 4483956
187.35 4445246
187.37 4432478
187.37 4421531
187.51 4395243
187.53 4349266
187.53 4334630
187.54 4325458
187.55 4313041
187.56 4303130
187.56 4249434
187.56 4247187
187.56 4246635
187.56 4237715
189.31 4236352
189.33 4228676
189.33 4204608
189.35 4204150
189.36 4195791
189.37 4173028
189.52 4162018
189.53 4157942
189.53 4145108
189.53 4113820
189.56 4104939
189.56 4096971
189.57 4080688
189.57 4078502
189.79 4068310
189.80 4063907
189.80 4053825
217.46 4053238
217.46 4052086
217.46 4045144
217.47 4042121
217.49 4021077
217.49 4019281
217.50 4011717
217.50 4006564
217.51 3988261
217.53 3983607
217.54 3983312
217.54 3980546
217.54 3980263
217.55 3978098
217.55 3975671
217.56 3947519
217.56 3944143
217.56 3940844
217.57 3938521
217.57 3936991
217.58 3935783
217.58 3934150
217.60 3933785
217.61 3928911
217.61 3928688
217.61 3928592
217.62 3914564
217.64 3908013
217.65 3907755
217.66 3883587
217.66 3883079
217.66 3880097
217.67 3854425
217.67 3843965
217.68 3832131
217.69 3781170
217.69 3775189
217.70 3773402
217.79 3768602
217.81 3766999
217.81 3763369
217.81 3762309
217.82 3762159
217.82 3761178
217.83 3760114
217.83 3755137
217.84 3742845
217.86 3727659
217.90 3718586
217.93 3717155
217.94 3712797
217.94 3688866
217.95 3669478
217.95 3660944
217.96 3655968
217.99 3644490
218.00 3644159
218.00 3641875
218.01 3624046
218.02 3621160
218.02 3611956
218.03 3609887
218.05 3607640
218.05 3606711
218.05 3597594
218.05 3592289
218.06 3581061
218.06 3579173
218.06 3578484
218.07 3573530
218.08 3573031
218.08 3573010
218.09 3572189
218.15 3568751
218.15 3562882
218.15 3561896
218.15 3548433
218.52 3545346
218.52 3541763
218.54 3537163
218.55 3522399
218.55 3520102
218.56 3484936
218.56 3484930
218.56 3478610
218.57 3459702
218.57 3449320
218.68 3446304
218.70 3416429
218.70 3371647
218.72 3367510
218.73 3357718
218.73 3357656
218.74 3355438
218.74 3354779
218.74 3344420
218.76 3337221
218.77 3313368
218.82 3310401
218.95 3293070
218.95 3292582
218.96 3285366
218.96 3281755
218.98 3272068
219.00 3271833
219.00 3271222
219.01 3264040
219.03 3216976
219.05 3215787
219.07 3215302
219.07 3212461
219.08 3207700
219.08 3206961
219.08 3198987
219.08 3197197
219.11 3194837
219.11 3191098
219.12 3188780
219.32 3177232
219.32 3172690
219.32 3138610
219.34 3101835
219.34 3091321
219.34 3090788
219.36 3089862
219.36 3087781
219.87 3077507
219.87 3074084
219.88 3069901
219.88 3065877
219.88 3065433
219.89 3064104
219.90 3062456
219.94 3062141
219.94 3043491
219.94 3038209
220.18 3038000
220.23 3035525
220.23 3009632
220.55 3008558
220.55 3006328
220.56 3002404
220.63 2993304
220.69 2991879
220.79 2978418
220.79 2978271
220.82 2974673
220.84 2973115
220.84 2970251
220.85 2948458
220.87 2943793
220.87 2938071
220.87 2936380
220.88 2933325
220.89 2914215
220.89 2913875
220.89 2912606
220.90 2910784
220.90 2903827
220.96 2900329
220.98 2898493
220.99 2888557
221.01 2884421
221.01 2882361
221.01 2878000
221.03 2867807
221.03 2866545
221.04 2829489
221.14 2819788
221.14 2818821
221.14 2817551
221.14 2813000
221.23 2810328
221.23 2810251
221.30 2795145
221.30 2785601
221.39 2780246
221.42 2775549
221.43 2774590
221.44 2770548
221.93 2764604
221.98 2759683
221.99 2759284
221.99 2752305
221.99 2751415
222.00 2750798
222.00 2750124
222.00 2746577
222.02 2743780
222.02 2739804
222.03 2737385
222.05 2736663
222.06 2735915
222.08 2735179
222.08 2729311
222.08 2727266
222.10 2724261
222.11 2721309
222.16 2707955
222.20 2701206
222.21 2699624
222.22 2697067
222.37 2684819
223.03 2684786
223.05 2663045
223.08 2659582
223.09 2655935
223.09 2649577
223.10 2639671
223.11 2625129
223.11 2616942
223.12 2615286
223.18 2587025
223.18 2585934
223.19 2583489
223.20 2583139
223.20 2579357
223.21 2564094
223.26 2563885
223.26 2560700
223.27 2560410
223.28 2554710
223.28 2551175
223.29 2545452
223.29 2545273
223.39 2535174
223.40 2527057
223.41 2517677
223.41 2516398
223.43 2512712
224.13 2506710
224.13 2504161
224.15 2503254
224.15 2498317
224.21 2485827
224.21 2485809
224.27 2474764
224.28 2461760
224.41 2443823
224.42 2442553
225.91 2439112
225.91 2437034
225.92 2431820
226.16 2430449
226.17 2425349
226.20 2424966
226.20 2422361
226.20 2417049
226.26 2416509
226.54 2416194
226.72 2415111
226.74 2415010
227.25 2399144
227.28 2398379
227.29 2387961
227.29 2375270
227.30 2374489
227.30 2369459
228.58 2363778
228.58 2362084
228.59 2357672
228.59 2356117
228.61 2353915
228.62 2352251
228.62 2351138
228.63 2326293
228.64 2324861
228.74 2324234
228.74 2322674
228.74 2319488
228.75 2319168
228.75 2315299
228.90 2305972
228.90 2302670
228.91 2296241
228.91 2294908
228.92 2289913
228.96 2281363
229.04 2275708
229.05 2269532
233.29 2258014
233.30 2257464
233.30 2257333
233.52 2256946
233.53 2256725
233.55 2252036
233.55 2251896
233.57 2250061
233.58 2248673
233.59 2248379
233.59 2247159
233.60 2244481
233.61 2239656
233.62 2237417
233.63 2236177
233.64 2234332
233.66 2222462
234.57 2213410
234.59 2209782
234.60 2199232
234.63 2173890
234.64 2167572
235.56 2161853
235.57 2161735
235.63 2137927
235.63 2132580
235.91 2131780
235.92 2123779
235.92 2123083
235.94 2110572
235.96 2094118
236.14 2093564
236.14 2093312
236.21 2087752
236.21 2086850
236.21 2085975
236.21 2084321
236.24 2079407
236.24 2077927
236.27 2075137
236.27 2073348
238.78 2071748
238.79 2068317
238.81 2062801
238.81 2062302
239.45 2054896
239.56 2047361
239.57 2046309
239.58 2036868
239.58 2035592
239.59 2031489
239.60 2015301
239.62 2014224
239.63 2006582
239.64 2005604
239.65 1994320
239.67 1987017
239.67 1984382
239.68 1984144
239.68 1983506
239.74 1982550
239.75 1980447
239.76 1978855
239.76 1977358
239.76 1973864
240.03 1966322
240.05 1958414
240.05 1957264
240.09 1954642
240.11 1954435
240.12 1954161
240.13 1950082
240.13 1942607
240.13 1938421
240.14 1937329
240.14 1936633
240.14 1930752
240.26 1929317
240.26 1924420
244.25 1918412
244.29 1908195
244.29 1906174
244.33 1905748
244.33 1904856
244.34 1904693
244.34 1904123
244.35 1901949
244.35 1894556
244.42 1879872
244.43 1879319
244.43 1878982
244.45 1877720
244.46 1877044
244.47 1872857
244.51 1870670
244.82 1865982
244.83 1863630
244.86 1860625
245.03 1857459
245.03 1828652
245.04 1826994
245.05 1826359
245.05 1825395
245.11 1820132
245.11 1811515
245.12 1810407
245.23 1810356
245.23 1807659
245.43 1804338
245.52 1799242
245.53 1796225
245.54 1793493
245.56 1792977
245.57 1791777
245.58 1788805
245.59 1788190
245.60 1783017
245.60 1782456
245.61 1776291
245.63 1773614
245.69 1761364
245.69 1758419
246.19 1752072
246.19 1750716
246.22 1748430
246.35 1748275
246.94 1748063
246.94 1747554
246.95 1736423
246.95 1732814
246.96 1731525
246.97 1729898
246.98 1693750
247.00 1693061
247.07 1692536
247.10 1690257
247.11 1690226
247.13 1684053
247.20 1683629
247.36 1681272
247.44 1680784
247.46 1674444
247.68 1667686
247.73 1660656
247.74 1649021
247.75 1648795
247.75 1646812
247.76 1646634
247.76 1646040
247.78 1645426
249.20 1643996
249.22 1642689
249.23 1638258
249.23 1637861
249.86 1629006
249.87 1628011
249.88 1626873
249.89 1624960
249.95 1622992
249.96 1621535
249.96 1615429
249.97 1608966
250.09 1600867
250.11 1597551
250.13 1593174
250.16 1590670
250.16 1590666
250.16 1583687
250.18 1582170
250.20 1578729
250.20 1578126
250.20 1575166
250.20 1574756
250.28 1574033
250.29 1572827
250.30 1569127
250.30 1567923
250.57 1558759
251.26 1555815
251.27 1553183
251.28 1552845
253.52 1552546
253.99 1536093
254.00 1535458
254.01 1535210
254.02 1532333
254.03 1531485
254.08 1529927
254.09 1524616
254.26 1517735
254.29 1514887
254.30 1514131
254.30 1509531
254.34 1498695
254.39 1493655
254.54 1490645
254.55 1490266
254.55 1483829
254.59 1481623
254.68 1479144
254.74 1477823
254.79 1476995
254.80 1474847
254.82 1472437
254.82 1470362
254.88 1469689
254.88 1469301
254.89 1468753
254.90 1460157
254.91 1457140
254.95 1455268
266.98 1454666
266.99 1453726
267.00 1452949
267.01 1452929
267.02 1452364
267.03 1446902
267.03 1444479
267.06 1443858
267.09 1443091
267.10 1442832
267.11 1438033
267.11 1437013
267.12 1436509
267.12 1433179
267.12 1428443
267.12 1427963
267.14 1409552
267.14 1409098
267.16 1409015
267.18 1404783
267.21 1404202
267.21 1404177
267.23 1404064
267.23 1402566
267.37 1400213
267.38 1399994
267.38 1388354
267.39 1386106
267.40 1385844
267.40 1381435
267.46 1379791
267.48 1379644
267.48 1379621
267.48 1378905
267.49 1375870
267.51 1373944
267.53 1372405
267.54 1369899
267.56 1368608
267.56 1368598
267.58 1368030
267.59 1366148
267.63 1360796
267.69 1357679
267.70 1354308
267.71 1353965
267.73 1353005
267.73 1352676
267.73 1351940
267.87 1348082
267.89 1347353
267.89 1346862
267.90 1345985
267.91 1345754
267.91 1345519
267.97 1345435
268.03 1344800
268.07 1344550
268.12 1344549
268.15 1340060
268.19 1339563
268.19 1339418
268.25 1336783
268.26 1335828
268.26 1335005
268.28 1333788
268.30 1333651
268.32 1332274
268.33 1326594
268.33 1325762
268.34 1323988
268.35 1323949
268.35 1322584
268.41 1321616
268.42 1321463
268.44 1317040
268.45 1312141
268.48 1305437
268.49 1300627
268.50 1293124
268.51 1293102
268.60 1290407
268.68 1285983
268.68 1285712
269.13 1285691
269.32 1276047
269.33 1273582
269.33 1271592
269.34 1269391
269.43 1266789
269.49 1265180
269.50 1260451
269.72 1258563
269.78 1255039
269.83 1253685
270.38 1253475
270.40 1253204
270.50 1251411
270.53 1248596
270.59 1246902
270.65 1245937
270.69 1245758
270.74 1245385
270.75 1244023
270.77 1243992
270.78 1241924
270.86 1223778
270.89 1222344
271.61 1218714
271.62 1217190
271.66 1214848
271.67 1212132
271.69 1211411
271.70 1211016
271.70 1209321
271.77 1208838
271.77 1207453
271.79 1204534
271.80 1203779
271.91 1203607
271.95 1202731
272.01 1202094
272.03 1201029
272.14 1197788
272.19 1197131
272.19 1193127
272.68 1192966
272.69 1192852
272.71 1190938
272.82 1190784
272.86 1190535
272.87 1190526
273.01 1176354
273.02 1176128
273.71 1174249
273.72 1171159
273.92 1169845
273.98 1169062
274.15 1167213
274.19 1166131
274.22 1165215
274.42 1164416
274.43 1162003
274.89 1159726
274.91 1159172
275.01 1157694
275.06 1153633
275.06 1152888
275.08 1152033
275.09 1141910
275.24 1140746
275.33 1139049
275.40 1135699
276.01 1135126
276.02 1133242
276.03 1130254
276.08 1129094
276.10 1127979
276.12 1127531
276.15 1124187
276.19 1119632
276.20 1115506
276.24 1114540
276.25 1114477
276.27 1114318
276.29 1113767
276.34 1111413
276.38 1111043
276.73 1105802
276.74 1105158
276.93 1098560
276.95 1096318
277.24 1096186
277.28 1093903
277.36 1091563
278.14 1091523
278.27 1086646
278.32 1084955
278.34 1082810
278.40 1081481
278.44 1080979
278.86 1074400
278.92 1073707
278.99 1067547
279.07 1067313
279.46 1067114
279.47 1064744
279.47 1064475
279.48 1063565
279.50 1063399
279.51 1063255
279.51 1055389
279.52 1054760
279.80 1053837
279.82 1052502
279.83 1047090
279.85 1045496
279.88 1045334
280.50 1044264
280.55 1043864
280.84 1038250
280.87 1038027
280.93 1036721
280.97 1036544
281.00 1033867
281.03 1032319
282.25 1031899
282.32 1031685
284.01 1031167
284.05 1031135
284.05 1030218
284.22 1026557
284.68 1026240
284.70 1023713
285.18 1017893
285.19 1017137
286.96 1016804
286.98 1016153
286.98 1015525
287.03 1015462
287.04 1015306
287.11 1012855
287.12 1007903
287.15 1004234
287.17 1004209
287.20 1002531
287.31 1002314
287.83 1000182
288.50 998817
288.52 997640
288.71 996771
288.79 996505
288.80 994684
288.81 993598
288.83 992712
288.85 991388
293.50 987763
293.56 986782
293.65 986740
293.71 986527
293.77 982685
293.99 981341
294.05 979758
294.50 975785
294.52 975513
294.54 974608
294.63 971701
294.66 969831
294.76 962269
294.77 955589
294.79 953506
294.88 953216
294.91 952948
294.93 952481
294.95 952101
294.97 949974
294.98 949931
295.06 948982
295.13 947224
295.28 946988
295.29 944580
295.44 942039
295.50 941099
295.51 940749
295.52 939928
295.58 937908
295.67 937449
295.69 937072
295.81 933938
528.53 932164
528.65 932122
528.65 931686
528.93 926372
528.96 925475
529.01 923527
529.07 918731
529.09 918337
529.15 917516
529.30 904771
529.39 900956
529.46 900076
529.61 899152
529.71 893769
529.77 893173
529.82 893098
530.33 892682
530.39 890999
530.46 890424
530.59 890325
530.67 889976
530.98 889734
531.31 889315
531.38 888362
531.43 888228
531.77 887761
531.79 887415
531.82 887280
531.97 886906
532.08 886736
532.19 885469
532.25 885030
532.65 884686
532.95 882779
533.06 880605
533.12 880266
533.13 879848
534.60 878966
535.06 878573
535.09 878500
535.22 878476
535.32 878468
535.57 877886
535.67 876047
535.83 875574
536.40 875436
536.42 875180
536.45 874577
536.49 874330
536.49 873655
536.79 873085
536.89 872847
537.19 872776
537.70 872468
537.98 869835
537.99 869816
538.17 869702
538.34 869626
538.57 868604
538.66 867620
538.74 866755
539.21 866750
539.22 866685
539.36 865752
539.53 865719
539.74 863898
539.83 863470
539.87 863468
539.89 863032
540.04 862329
540.27 860909
540.56 860556
540.80 859287
540.87 852319
540.89 850086
541.06 849460
541.08 849440
541.20 848027
541.20 847833
541.47 841990
541.85 841877
541.88 841569
542.10 840713
542.25 838778
542.26 838151
542.28 837964
542.29 837225
542.30 836978
542.56 834829
543.07 833273
543.17 831528
543.70 829544
543.71 828848
543.79 824531
543.89 824058
543.90 823894
546.86 823665
547.18 821312
547.58 819482
547.92 817468
548.79 814876
549.16 814439
549.23 814293
549.28 813088
550.07 810574
550.09 810244
550.29 810189
550.36 809600
550.36 809383
550.55 808642
550.93 805703
550.99 804828
551.17 802370
551.21 801783
551.38 800607
551.39 800592
551.53 799982
551.58 799940
553.96 798872
553.98 797458
554.22 796841
554.26 796775
554.38 795542
554.72 794648
555.11 794603
555.27 794328
555.29 792930
555.50 792323
556.31 790236
556.52 789566
563.88 789553
563.92 789376
565.27 788578
565.30 787782
565.53 787151
565.61 782671
566.04 782199