0.01 7003666
0.06 6996914
0.06 6978856
0.06 6944038
0.06 6928963
0.07 6907455
0.33 6875401
0.33 6854399
0.33 6844769
0.62 6841523
0.62 6839456
0.63 6782380
0.63 6772168
0.64 6717920
0.64 6716154
0.64 6682927
0.64 6669735
3.27 6666136
3.32 6661446
5.32 6642562
5.32 6611989
5.32 6591247
5.32 6590312
5.32 6583491
5.32 6532052
5.33 6528016
5.33 6525946
5.33 6479935
5.33 6477993
5.34 6469067
5.34 6463228
5.34 6461490
5.34 6457259
5.35 6455962
5.35 6413553
5.35 6411638
5.35 6411513
57.91 6408123
57.92 6373507
57.93 6352887
131.24 6343675
131.25 6343633
131.25 6329884
131.25 6329327
131.25 6322743
131.31 6300399
131.32 6300177
152.04 6293843
152.05 6283658
152.05 6256489
152.06 6248960
157.42 6222207
157.42 6221982
170.60 6220149
170.60 6215183
170.60 6211397
170.63 6210715
170.63 6209756
170.65 6191829
170.65 6158165
170.65 6154291
170.65 6144486
170.83 6132718
170.83 6121920
170.83 6105214
170.83 6073130
170.84 6063462
170.84 6055381
170.90 6035570
215.27 6021714
215.27 6019921
215.28 6019118
215.28 6018016
215.28 6015646
215.29 6015209
215.29 6001157
215.29 5985973
215.30 5974436
215.30 5969589
215.31 5967118
215.31 5951726
215.31 5950647
215.32 5947822
215.32 5942446
215.32 5904902
215.33 5896704
215.33 5793268
215.33 5773719
215.33 5747127
215.34 5741131
215.34 5739187
215.35 5706655
215.36 5701359
215.36 5698382
215.37 5689155
215.37 5665405
215.37 5650881
215.38 5602894
215.38 5598099
215.38 5594785
215.38 5593881
215.39 5589931
215.39 5585517
215.40 5580560
215.40 5577912
215.40 5568727
215.40 5556858
215.40 5527159
215.40 5525846
215.41 5524151
215.42 5501873
215.42 5499168
215.42 5492967
215.43 5442139
215.43 5440792
215.43 5428531
215.44 5419564
215.44 5403206
215.44 5390659
215.44 5387295
215.45 5383614
215.45 5374812
215.45 5324652
215.45 5301994
215.46 5294368
215.46 5294263
215.46 5292192
215.47 5288330
215.47 5282340
215.48 5277895
215.48 5274304
215.49 5252967
215.49 5247839
215.50 5244404
215.50 5236376
215.50 5232455
215.51 5103970
215.51 5103133
215.52 5101121
215.52 5100478
215.53 5097726
215.53 5079160
215.54 5063514
215.54 5061760
215.54 5060964
215.54 5038809
215.55 5027577
215.55 5014662
215.56 5014234
215.57 4995489
215.57 4990297
215.57 4984208
215.58 4931218
215.58 4931138
215.59 4854820
215.59 4853496
215.59 4847250
215.59 4844941
215.60 4825259
215.61 4810083
215.61 4804233
215.63 4784205
215.64 4779274
215.65 4779150
215.65 4764301
215.65 4756584
215.65 4755939
215.65 4755698
215.66 4660780
215.66 4657837
215.67 4653319
215.67 4652039
215.67 4650612
215.68 4641800
215.68 4639853
215.70 4632080
215.71 4631201
215.72 4627244
215.73 4626992
215.73 4621071
215.74 4612667
215.74 4593986
215.74 4593938
215.74 4588405
215.75 4584489
215.78 4583529
215.79 4574770
215.79 4569473
215.80 4567692
215.81 4565909
215.83 4551695
215.84 4549249
215.85 4545897
215.85 4544684
215.85 4544287
215.88 4525511
215.89 4516833
215.89 4516499
215.90 4509656
215.93 4507362
215.95 4505470
215.97 4500014
215.97 4499250
215.98 4496231
215.98 4465707
215.98 4463738
216.00 4459283
216.01 4454202
216.03 4443670
216.04 4432487
216.04 4420180
216.04 4419574
216.05 4419221
216.05 4418734
216.05 4414390
216.07 4403380
216.07 4376330
216.08 4367821
216.08 4365253
216.09 4344427
216.09 4337370
216.11 4328790
216.11 4325342
216.12 4306073
216.13 4285314
216.13 4274312
216.13 4273986
216.15 4272789
216.18 4270764
216.18 4169283
216.19 4166988
216.20 4157475
216.20 4151209
216.20 4133132
216.24 4131112
216.25 4074863
216.26 3982677
216.27 3981499
216.29 3981006
216.29 3980757
216.34 3977461
216.35 3976375
216.38 3974978
216.41 3962101
216.42 3960662
216.52 3957792
216.53 3954712
216.54 3950133
216.54 3946966
216.55 3945981
216.55 3922901
216.56 3908843
216.56 3894314
216.58 3878247
216.59 3876220
216.59 3857897
216.59 3855030
216.61 3854017
216.61 3819885
216.62 3810027
216.62 3808815
216.64 3808363
216.67 3805388
216.67 3803500
216.67 3801120
216.68 3799885
216.68 3796612
216.69 3793991
216.69 3790513
216.71 3785482
216.71 3785146
216.71 3784859
216.75 3664004
216.75 3648485
216.76 3639311
216.76 3623626
216.76 3617734
216.78 3609878
216.78 3606604
216.78 3580684
216.79 3580444
216.79 3577884
216.79 3538084
216.80 3537395
216.80 3530177
216.81 3513586
216.81 3510440
216.82 3496313
216.82 3492936
216.84 3488920
216.85 3409850
216.85 3409723
216.86 3406678
216.86 3405305
216.87 3399389
216.87 3397143
216.87 3366249
216.88 3352382
216.89 3341412
216.94 3334222
216.95 3334157
216.96 3333165
216.97 3327991
216.97 3323945
216.97 3310617
216.99 3308606
217.00 3307096
217.01 3305024
217.02 3298450
217.03 3297607
217.05 3294301
217.05 3291104
217.06 3290113
217.06 3289607
217.07 3288867
217.09 3283616
217.15 3271021
217.15 3268925
217.19 3223426
217.20 3219762
217.21 3205893
217.21 3193198
217.22 3192801
217.23 3185437
217.23 3182027
217.25 3177165
217.27 3149404
217.28 3119854
217.28 3119625
217.29 3116454
217.30 3114336
217.32 3101741
217.32 3039155
217.32 3036305
217.33 3032702
217.33 2974837
217.35 2974188
217.36 2973073
217.36 2971762
217.37 2969049
217.38 2952567
217.41 2950691
217.42 2947897
217.42 2928326
217.43 2917446
217.43 2911753
217.44 2911464
217.45 2910360
217.45 2902190
217.45 2901091
217.49 2899348
217.49 2899335
217.52 2893082
217.54 2892357
217.56 2892193
217.59 2891503
217.61 2889784
217.61 2889184
217.67 2877415
217.72 2876645
217.75 2866678
217.75 2830048
217.77 2827050
217.80 2827027
217.80 2824027
217.80 2818271
217.82 2806305
217.83 2804826
217.84 2797312
217.85 2797265
217.86 2793383
217.86 2789269
217.86 2786145
217.87 2786126
217.88 2785542
217.89 2782984
217.89 2762961
217.92 2762192
217.95 2759653
217.96 2748717
217.98 2748321
218.03 2739901
218.05 2727013
218.09 2726349
218.12 2724845
218.12 2724376
218.12 2707387
218.13 2707006
218.17 2705989
218.19 2705922
218.22 2692041
218.23 2686603
218.24 2683437
218.25 2681483
218.28 2666802
218.32 2665434
218.33 2664805
218.37 2645032
218.45 2636364
218.45 2633791
218.54 2633050
218.56 2630845
218.64 2629061
218.65 2627004
218.67 2625160
218.74 2624650
218.76 2588574
218.76 2588484
218.79 2582283
218.84 2580094
218.84 2576930
218.85 2575621
218.86 2570975
218.87 2567614
218.88 2567184
218.88 2566814
218.89 2566240
218.90 2566122
218.98 2557898
218.98 2557682
218.99 2554353
219.01 2553692
219.01 2547887
219.06 2545935
219.09 2543319
219.12 2543121
219.14 2538519
219.15 2537527
219.16 2536515
219.31 2532335
219.40 2523492
219.43 2523441
219.45 2522732
219.60 2522202
219.61 2521556
219.68 2518329
219.70 2502367
219.70 2502153
219.70 2497746
219.71 2493071
219.84 2479693
219.84 2467901
219.87 2450796
219.87 2450461
219.87 2449695
219.88 2449039
219.89 2448660
219.97 2442673
219.97 2440301
220.00 2439252
220.00 2437925
220.03 2434729
220.04 2432093
220.06 2432057
220.07 2426625
220.07 2423999
220.10 2419788
220.11 2414920
220.13 2413555
220.13 2412421
220.16 2411214
220.17 2410463
220.19 2409447
220.21 2409259
220.27 2402325
220.30 2401499
220.30 2400294
220.33 2399641
220.37 2397706
220.38 2396063
220.39 2393343
220.39 2391918
220.47 2386132
220.51 2385495
220.57 2366400
220.59 2363997
220.69 2295311
220.71 2294037
220.73 2293486
220.73 2291474
220.76 2290309
220.76 2285155
220.79 2282548
220.79 2280974
220.81 2277442
220.82 2272321
220.83 2271263
220.84 2263168
220.87 2263145
220.90 2261759
220.91 2257296
220.94 2253171
220.95 2252915
220.95 2249995
220.97 2249605
221.08 2224525
221.09 2219083
221.09 2214515
221.12 2213434
221.13 2212628
221.18 2212294
221.22 2212067
221.25 2211334
221.26 2210797
221.27 2207236
221.31 2205631
221.32 2205357
221.34 2203986
221.43 2193642
221.44 2189796
221.52 2188101
221.52 2179939
221.54 2123529
221.55 2122686
221.60 2094134
221.62 2091096
221.63 2084989
221.64 2084763
221.67 2070415
221.75 2070173
221.77 2067555
221.82 2067402
221.86 2063619
221.87 2060305
221.87 2060294
221.87 2057222
221.96 2055784
222.23 2043005
222.23 2041832
222.26 2041760
222.26 2032097
222.31 2031174
222.76 2026695
222.82 2023383
222.88 2016083
222.88 2015667
222.91 1996999
223.72 1996963
223.72 1996250
223.77 1994064
223.82 1963787
223.83 1960587
223.85 1960565
223.89 1959097
224.29 1937899
224.30 1937704
224.31 1936757
224.31 1936754
224.37 1935681
224.39 1934175
224.39 1934031
224.74 1933255
224.78 1874248
224.81 1870733
224.82 1870382
224.83 1866167
224.86 1865110
225.30 1864597
225.42 1864312
225.44 1863876
225.45 1858120
225.49 1836565
225.75 1836299
225.95 1829456
225.95 1826910
225.97 1825845
225.98 1824390
225.99 1824179
226.00 1790931
226.03 1784495
226.03 1783645
226.10 1778528
226.11 1778491
226.16 1731080
226.17 1730381
226.23 1722499
226.25 1719662
226.31 1712102
226.33 1708948
226.34 1708768
226.45 1703544
226.46 1701187
226.46 1698535
226.56 1698219
226.56 1697603
226.62 1688064
226.65 1684391
226.66 1681578
226.68 1679168
226.71 1669815
226.72 1663828
226.72 1662617
226.72 1662010
226.78 1658990
226.80 1651833
226.80 1651222
226.81 1647206
226.85 1646714
226.85 1645063
226.86 1638815
227.05 1637709
227.07 1636340
227.07 1633216
227.17 1630328
227.17 1626920
227.18 1626161
227.20 1624718
227.25 1623564
227.26 1618363
227.26 1617297
227.27 1615534
227.31 1614100
227.49 1612970
227.50 1611137
227.55 1610985
227.59 1608902
227.60 1605927
227.72 1603394
227.90 1602640
227.93 1601667
227.95 1600694
227.99 1597795
228.04 1595831
228.07 1592922
228.10 1592133
228.10 1590133
228.11 1588595
228.69 1582305
228.70 1578318
228.72 1576247
228.74 1575759
228.76 1573877
228.85 1572162
228.89 1570632
228.89 1567529
228.90 1562325
228.91 1562176
229.00 1561143
229.03 1503203
229.04 1500290
229.04 1499608
229.05 1499126
229.06 1492168
229.07 1490986
229.20 1488894
229.62 1486398
229.64 1485783
229.64 1485352
229.66 1482985
229.69 1482816
230.41 1480674
230.55 1479194
230.61 1478767
231.50 1477512
231.63 1476753
231.70 1476300
231.71 1474941
231.73 1474436
231.77 1472099
231.79 1472023
231.81 1471975
231.82 1466825
232.06 1434979
232.14 1425759
232.22 1425740
232.23 1417103
232.27 1409046
232.31 1408365
232.32 1408218
232.32 1408094
232.35 1407913
232.35 1406973
232.37 1406840
232.41 1405509
232.45 1403847
232.47 1401687
232.55 1397505
232.57 1397166
232.73 1389875
232.77 1389027
232.79 1388885
232.79 1388123
232.86 1387687
232.89 1386121
233.34 1383084
233.35 1383038
233.35 1382117
233.42 1381922
233.47 1370202
233.47 1366417
234.11 1359237
234.14 1358855
234.24 1357777
234.27 1357067
234.34 1356684
234.36 1352038
234.37 1351376
234.41 1349398
234.43 1345081
236.43 1344007
236.45 1343317
236.52 1339779
236.52 1337464
239.83 1336549
239.86 1336356
239.86 1336218
239.89 1330439
239.94 1326691
239.96 1322099
240.00 1321548
240.02 1321380
240.04 1321124
240.04 1320116
240.16 1319477
240.19 1319086
240.19 1318521
240.19 1318225
240.21 1317777
240.21 1317614
240.25 1317387
241.25 1317085
241.27 1315056
241.28 1314818
241.32 1313892
242.34 1311767
242.34 1311016
242.43 1310947
242.44 1310899
242.64 1309776
242.66 1309260
242.68 1308728
242.68 1306566
242.89 1305823
242.90 1286349
242.97 1285343
243.01 1274840
243.06 1274580
260.59 1273460
260.65 1271396
260.76 1270937
260.81 1268854
260.86 1264981
260.88 1261813
260.93 1255764
261.07 1255683
261.08 1253177
261.08 1248093
261.10 1247756
261.10 1246738
261.13 1242529
261.16 1241862
261.19 1240101
261.23 1236466
261.30 1235642
261.31 1231270
261.35 1231046
261.41 1225878
261.43 1225437
261.48 1224656
261.59 1224432
261.61 1223797
261.65 1223496
261.71 1222479
261.73 1221827
261.77 1221578
261.79 1219639
261.82 1217593
262.09 1206578
262.12 1206314
262.17 1205149
262.18 1201882
262.34 1200994
262.38 1200850
262.43 1200163
262.61 1200035
262.64 1199499
262.68 1199170
262.75 1197732
262.76 1191754
262.96 1189407
263.02 1188002
263.17 1187981
263.30 1181664
263.34 1180645
263.42 1179281
263.47 1178822
263.58 1178512
263.62 1173565
263.70 1173190
263.75 1172889
263.77 1172426
263.86 1170681
263.88 1170661
263.89 1169801
263.95 1166778
263.98 1164508
264.01 1164370
264.13 1164002
264.17 1161680
264.17 1160549
264.19 1160367
264.26 1159283
264.28 1159126
264.38 1155458
264.43 1154276
264.54 1153223
264.57 1133843
264.58 1133441
264.85 1133102
264.91 1132742
264.96 1132599
265.04 1132510
265.22 1132058
265.32 1130868
265.36 1125896
265.42 1123539
265.49 1122942
265.54 1120566
265.56 1120518
265.75 1119973
265.78 1119477
265.81 1116153
266.01 1115353
266.31 1115209
266.48 1114935
266.54 1114313
266.59 1113848
266.64 1112171
266.84 1110684
267.06 1109143
267.31 1108264
267.35 1107235
267.36 1106457
267.42 1105476
267.45 1098151
267.49 1096142
267.53 1095292
267.54 1094839
267.55 1094195
267.59 1093157
267.63 1091887
267.64 1091413
267.70 1089713
267.77 1089513
267.86 1089510
267.94 1086593
268.03 1086280
268.05 1083920
268.09 1083767
268.12 1083200
268.39 1080498
268.47 1078776
268.81 1076873
269.02 1075189
269.05 1074628
269.09 1074578
269.09 1073843
269.09 1072774
269.21 1072181
269.28 1071812
269.29 1068690
269.82 1068446
269.88 1067329
269.90 1062325
269.93 1062232
269.97 1061715
270.00 1060251
270.15 1059887
270.17 1059231
270.18 1057213
270.25 1037305
270.54 1036739
270.54 1034975
270.55 1033733
270.57 1033221
270.65 1029585
271.03 1026344
271.09 1025316
271.10 1020011
271.21 1019129
271.24 1018977
271.85 1017891
271.90 1017814
271.95 1016505
272.09 1016467
272.10 1015958
272.19 1014897
272.34 1014201
272.38 1011229
272.39 1010379
272.40 1010035
272.49 1010008
272.51 1009986
273.02 1009821
273.03 1007479
273.04 1007476
273.06 1007445
273.12 1007059
273.13 1002340
273.18 1000956
273.36 1000266
273.46 998223
273.54 997450
273.56 996824
273.57 996430
273.78 993761
273.89 993278
273.95 993172
274.29 992975
274.33 991453
274.44 991363
274.61 991338
274.63 985597
274.71 984542
274.76 984133
274.83 983274
274.85 980822
274.92 980797
274.93 980107
275.01 979767
275.06 977414
276.78 977075
276.86 976991
276.88 976086
276.93 975718
276.99 973726
277.20 973719
277.61 969973
277.68 968468
277.79 965011
277.98 964674
278.03 964290
278.08 963476
278.15 962451
278.24 957272
278.48 954296
278.50 951242
278.59 950783
279.04 949592
279.07 949166
279.23 945794
279.24 943194
279.37 942831
279.38 942729
279.39 941893
279.65 937216
280.01 936301
280.02 935244
280.06 926264
280.13 925918
280.51 924111
280.71 923655
280.77 922429
280.88 898585
280.93 897849
284.70 896082
284.88 895686
284.93 895516
285.01 894278
285.18 893453
285.36 892637
285.40 890492
285.55 890004
285.59 889402
285.61 888023
285.74 887046
286.13 883503
286.22 883412
286.26 878841
286.30 878173
286.32 876932
286.33 876255
286.39 875540
286.46 874704
286.50 874207
286.59 865813
286.73 865513
287.03 865486
287.06 865121
287.11 864384
287.14 863716
287.38 863566
287.68 862650
287.71 862581
288.08 862088
288.47 861557
288.52 861229
288.54 860701
288.62 860485
288.63 859278
288.78 859259
288.82 859184
288.91 858421
289.16 858198
289.91 858164
292.58 854239
292.90 854169
292.90 853522
292.98 852060
293.19 851032
293.30 850563
293.33 850392
293.58 850130
293.59 849087
293.60 848672
293.93 848066
294.26 848041
294.30 846545
294.30 842306
294.88 841686
295.05 840297
295.05 837868
296.07 835604
296.49 833775
296.56 833640
296.58 832137
297.12 817369
298.23 817145
298.81 816757
298.83 815792
299.85 812519
299.94 809549
299.96 809433
300.02 808136
300.96 801677
300.98 801662
301.01 801379
301.01 800851
301.02 800696
381.15 800552
381.75 797807
381.77 796352
382.28 795319
382.38 794843
382.59 792755
382.60 792510
382.72 791732
382.83 791355
382.93 791217
382.94 787316
383.31 781841
384.00 777821
385.37 777327
385.78 776948
386.43 776911
439.25 776832
439.28 775865
439.74 775855
439.83 775278
439.99 774444
440.38 774098
440.61 773641
440.67 772891
440.70 772635
441.00 772235
441.04 771873
441.23 770206
442.22 770080
442.35 770009
442.41 768467
443.51 768092
443.52 767886
443.52 766193
443.66 765899
445.04 765361
445.38 765320
445.57 765083
445.67 763283
445.70 762331
445.74 762228
446.01 752746
446.45 752486
447.90 752325
448.95 752102
449.69 752060
450.17 751698
450.39 748235
450.58 747609
450.74 746747
450.83 746510
451.05 746458
451.12 746111
451.40 746062
452.37 745894
453.01 745495
453.09 743864
453.40 743385
453.50 743203
453.53 741859
453.76 740668
453.86 740270
454.06 740156
454.64 739819
457.02 739529
457.12 738829
457.29 737824
457.45 737413
457.88 736861
458.17 736318
464.56 736265
467.99 736061
468.34 736013
468.46 735874
468.68 735566
468.74 735290
473.36 735159
473.47 734895
474.60 734531
475.25 730747
475.26 728570
475.27 728016
475.42 727391
475.46 727210
481.56 726969
481.73 725956
481.87 725769
482.26 725108
500.75 724302
500.78 724271
500.85 724048
500.85 723951
501.81 721540
501.98 721439
502.51 721167
506.37 721125
506.54 720457
507.66 719092
507.98 718747
540.51 718725
541.41 717926
541.63 716225
541.75 715595
568.44 715263
568.86 715237