0.00 6792098
0.00 6789480
0.01 6761210
0.24 6700198
0.24 6697443
0.25 6692833
15.16 6684555
21.54 6672673
21.54 6663873
21.54 6645532
21.56 6642130
21.56 6641777
21.56 6638416
25.93 6637906
30.61 6621404
31.55 6612890
31.59 6612603
31.59 6604759
31.59 6587092
32.84 6573617
32.84 6549831
32.84 6549103
32.84 6547364
32.84 6539095
32.85 6467907
32.95 6461656
32.96 6449491
32.96 6439840
32.96 6438888
32.96 6430491
32.97 6427030
32.97 6426354
32.97 6418427
32.98 6388043
32.98 6366387
32.98 6360270
32.98 6352328
32.98 6271935
32.98 6264423
32.99 6256816
144.51 6251517
144.52 6228160
144.52 6221385
144.52 6215490
144.59 6214430
144.59 6196446
144.59 6189206
155.96 6186867
155.96 6176041
155.97 6174562
156.04 6174199
156.04 6172295
156.05 6167097
156.41 6140057
156.41 6133538
156.41 6131368
156.41 6129066
156.44 6071923
156.44 6070742
156.44 6068618
156.45 6062533
156.46 6052607
157.74 5992910
157.74 5987934
157.74 5979724
157.74 5974320
157.75 5935101
157.76 5929542
157.76 5922627
158.37 5910784
158.37 5878602
158.37 5875993
158.40 5864243
158.40 5863480
158.40 5858965
158.40 5849939
158.40 5849421
158.41 5831870
158.41 5820560
158.41 5806360
158.41 5805840
158.41 5804544
162.15 5795208
162.26 5792215
162.29 5775270
162.29 5774714
162.29 5773839
162.29 5745148
162.30 5724686
162.31 5688283
162.31 5684027
162.31 5683208
162.32 5647239
162.32 5638717
162.32 5627920
162.33 5621283
162.37 5609564
162.38 5605366
162.38 5594941
162.38 5556106
162.38 5520393
162.39 5464019
162.39 5448862
162.39 5447957
162.39 5432802
162.41 5430595
162.41 5421623
162.41 5415257
162.42 5406538
162.50 5377184
162.50 5348183
162.50 5331979
162.51 5308709
162.51 5305186
162.51 5299780
162.51 5298911
217.99 5283361
218.00 5268520
218.00 5266634
218.00 5266437
218.00 5264151
218.02 5261291
218.05 5260217
218.05 5254900
218.05 5250969
218.06 5179031
218.06 5175292
218.07 5168698
218.07 5165151
218.07 5146981
218.08 5146082
218.08 5145826
218.08 5137958
218.09 5118549
218.09 5118269
218.09 5098255
218.10 5092840
218.10 5071702
218.11 5029156
218.11 5026755
218.12 5025102
218.12 5005343
218.12 5004509
218.12 5004407
218.12 5000708
218.13 4995999
218.13 4991852
218.14 4982910
218.14 4981321
218.16 4971007
218.16 4958702
218.17 4957553
218.18 4949688
218.18 4947557
218.18 4945604
218.19 4944617
218.19 4943559
218.19 4914318
218.20 4910217
218.20 4908048
218.20 4907916
218.21 4906987
218.21 4906719
218.21 4847305
218.22 4843211
218.22 4838711
218.22 4838131
218.22 4825975
218.22 4815257
218.23 4812499
218.23 4806606
218.27 4797668
218.27 4795569
218.27 4770300
218.28 4769368
218.28 4768946
218.28 4763020
218.29 4734784
218.29 4733672
218.30 4733338
218.30 4729911
218.31 4721620
218.31 4721570
218.35 4714254
218.36 4713691
218.38 4684264
218.38 4680067
218.38 4678367
218.39 4678122
218.41 4677784
218.41 4674621
218.42 4659346
218.43 4646476
218.43 4638066
218.44 4637378
218.46 4617436
218.46 4616746
218.47 4616205
218.47 4610015
218.47 4604440
218.48 4571407
218.49 4542545
218.49 4521116
218.51 4509603
218.54 4444858
218.55 4444731
218.56 4441562
218.56 4436085
218.58 4434203
218.58 4416386
218.60 4411720
218.61 4403593
218.64 4397200
218.64 4396682
218.65 4387864
218.66 4380594
218.67 4374367
218.68 4373928
218.68 4372098
218.69 4365650
218.69 4274442
218.69 4268267
218.70 4239421
218.71 4236610
218.72 4226520
218.73 4174409
218.73 4165346
218.75 4160631
218.76 4145702
218.76 4145152
218.76 4144813
218.80 4142206
218.80 4129162
218.80 4126164
218.80 4119871
218.81 4118626
218.82 4113460
218.82 4103165
218.83 4091563
218.84 4088669
218.84 4088155
218.85 4084112
218.85 4016367
218.86 4015954
218.86 4007218
218.89 3996714
218.89 3989211
218.92 3986343
218.96 3971423
218.96 3968496
218.96 3955247
218.97 3954795
218.98 3939420
218.98 3922625
218.98 3919038
218.99 3910229
218.99 3907962
219.01 3850377
219.01 3847267
219.02 3840389
219.03 3838586
219.03 3836056
219.04 3835576
219.04 3783212
219.05 3783130
219.05 3781430
219.05 3766439
219.06 3765094
219.06 3764150
219.07 3763319
219.07 3763277
219.08 3762738
219.09 3762439
219.11 3749182
219.13 3745705
219.14 3744148
219.14 3742224
219.16 3741213
219.16 3730361
219.17 3715991
219.19 3710746
219.19 3710709
219.20 3709095
219.25 3696610
219.28 3695277
219.31 3693955
219.32 3691210
219.33 3686395
219.34 3679764
219.35 3673181
219.35 3672780
219.36 3670956
219.37 3669502
219.37 3657066
219.38 3656327
219.38 3643678
219.39 3641647
219.40 3641401
219.42 3635975
219.43 3635362
219.44 3582006
219.45 3578490
219.45 3563478
219.46 3557790
219.47 3551032
219.48 3549587
219.49 3543818
219.51 3542493
219.51 3541416
219.52 3511542
219.52 3507003
219.53 3500474
219.56 3499920
219.57 3499028
219.58 3496918
219.59 3496713
219.59 3491576
219.62 3488705
219.64 3486108
219.65 3483138
219.66 3472406
219.67 3456153
219.69 3455847
219.70 3445073
219.73 3433412
219.76 3432807
219.76 3431945
219.78 3421708
219.80 3420423
219.82 3419560
219.82 3417903
219.84 3414387
219.84 3411784
219.84 3409670
219.84 3406578
219.84 3402686
219.85 3402039
219.87 3398642
219.87 3397889
219.89 3387553
219.89 3385720
219.89 3377900
219.90 3377733
219.92 3371150
219.92 3369642
219.92 3367850
219.93 3355619
219.95 3355445
219.95 3355361
219.96 3353129
219.97 3353019
219.98 3263296
219.99 3261292
220.00 3254857
220.03 3254394
220.04 3248193
220.05 3242879
220.08 3237676
220.13 3201637
220.14 3194925
220.14 3188286
220.16 3167390
220.17 3160770
220.18 3130990
220.18 3101185
220.19 3095950
220.19 3092067
220.20 3088321
220.36 3087784
220.39 3084910
220.40 3084220
220.40 3083667
220.42 3078641
220.42 3067381
220.42 3067295
220.43 3063699
220.46 3063145
220.47 3061149
220.47 3045162
220.49 3038917
220.50 3035664
220.53 3009647
220.62 3002575
220.62 3001989
220.64 3001085
220.72 2972034
220.72 2964912
220.73 2964461
220.74 2961541
220.74 2961017
220.75 2927827
220.82 2927362
220.84 2926784
220.85 2926136
220.86 2922047
220.88 2921919
220.89 2901194
220.89 2892611
220.89 2892185
220.89 2888965
221.01 2819343
221.02 2818033
221.04 2816331
221.07 2811307
221.08 2801852
221.08 2800785
221.09 2792648
221.11 2791045
221.14 2789665
221.14 2781355
221.15 2780362
221.22 2778981
221.23 2775868
221.26 2771750
221.27 2770811
221.28 2769535
221.30 2751633
221.30 2748785
221.30 2737459
221.31 2734168
221.34 2733761
221.36 2726820
221.37 2725792
221.38 2724463
221.39 2722454
221.39 2719048
221.40 2698009
221.41 2690858
221.42 2687955
221.43 2687544
221.43 2685332
221.48 2676014
221.49 2672282
221.50 2668199
221.57 2652026
221.58 2610373
221.58 2605669
221.70 2604429
221.73 2603974
221.74 2600431
221.77 2599820
221.79 2597535
221.79 2587168
221.80 2583854
221.80 2580440
221.83 2578715
221.86 2577022
221.87 2574742
222.07 2540057
222.07 2539171
222.09 2518427
222.11 2516777
222.12 2509549
222.24 2505621
222.25 2502970
222.26 2501035
222.26 2499403
222.30 2486989
222.31 2481347
222.44 2477697
222.45 2433151
222.46 2432116
222.47 2430808
222.50 2429985
222.50 2429400
222.52 2426669
222.54 2422493
222.55 2422289
222.55 2420351
222.56 2415712
222.56 2415660
222.58 2412824
222.61 2407962
222.63 2389155
222.64 2389095
222.66 2387932
222.67 2387140
222.67 2297189
222.68 2294498
222.68 2294386
222.69 2293169
222.69 2281243
222.71 2226359
222.72 2220133
222.72 2216050
222.77 2214487
222.83 2214022
222.85 2213729
222.85 2210176
222.85 2208782
222.90 2206572
223.11 2186275
223.13 2180490
223.19 2177561
223.21 2177156
223.21 2176940
223.21 2174984
223.21 2174970
223.23 2174831
223.25 2161934
223.27 2152454
223.28 2149262
223.58 2144860
223.58 2116801
223.67 2111296
223.68 2110218
223.68 2109161
223.73 2107068
223.77 2102263
223.81 2100741
223.84 2096532
223.94 2096091
223.96 2090745
224.01 2089792
224.32 2074678
224.32 2071529
224.36 2070454
225.31 2069328
225.33 2068999
225.41 2062958
225.44 2062620
225.60 2060291
225.63 2053693
225.65 2053607
225.70 2048662
225.74 2043474
225.77 2043124
225.78 2039062
225.80 2035776
225.80 2032582
225.81 2031177
225.84 1991887
226.13 1989743
226.13 1988113
226.14 1985471
226.17 1983075
226.20 1981111
226.63 1978786
226.75 1976704
226.76 1976129
227.74 1973243
227.74 1952090
227.78 1947259
227.80 1943770
227.83 1943368
227.87 1941756
227.87 1941160
227.88 1941109
227.91 1939104
227.91 1938983
227.94 1937601
227.95 1935073
227.96 1933660
227.98 1930861
227.99 1930481
228.01 1929700
228.05 1928374
228.28 1924721
228.30 1923595
228.32 1918884
228.33 1917605
228.37 1915802
228.37 1909987
228.45 1907681
228.47 1906172
228.48 1905734
228.49 1887703
228.51 1886112
228.51 1883969
228.52 1877684
228.73 1877040
228.77 1871719
228.78 1870073
228.79 1869179
228.82 1862734
228.86 1860841
228.91 1856307
229.10 1855553
229.11 1850739
229.12 1846807
229.13 1844310
448.19 1843622
448.22 1840856
448.45 1839635
448.45 1837003
448.51 1832409
448.52 1832038
448.57 1831771
448.61 1831245
448.65 1825932
448.67 1824333
448.67 1821958
448.69 1813121
448.72 1809260
448.77 1809252
448.78 1807871
448.80 1801696
448.81 1798692
448.85 1789012
448.88 1788368
448.89 1788078
448.90 1787369
448.91 1787352
448.92 1787273
448.92 1786420
448.93 1783681
448.94 1783679
448.94 1780791
448.96 1779545
448.96 1776869
448.97 1776633
448.97 1774263
449.01 1772398
449.01 1771627
449.04 1771605
449.05 1771598
449.07 1770994
449.08 1761582
449.10 1760631
449.11 1755463
449.13 1752500
449.15 1742848
449.15 1742213
449.19 1740499
449.19 1740000
449.20 1737005
449.24 1735754
449.27 1734721
449.34 1733353
449.35 1733026
449.36 1729702
449.41 1724720
449.41 1723376
449.43 1722260
449.43 1720557
449.44 1718702
449.50 1717091
449.51 1716389
449.53 1714800
449.53 1713335
449.54 1705269
449.57 1685478
449.57 1684881
449.64 1684726
449.65 1683689
449.82 1681171
449.87 1678602
449.95 1662800
449.96 1658915
449.98 1656511
449.98 1656242
450.00 1646705
450.07 1642961
450.09 1621433
450.09 1621131
450.12 1620865
450.15 1618031
450.25 1617344
450.33 1611961
450.34 1610889
450.37 1609047
450.42 1608540
450.42 1604791
450.45 1604510
450.46 1601782
450.46 1600955
450.52 1599776
450.53 1597581
450.55 1596462
450.56 1588552
450.62 1585450
450.63 1585443
450.67 1581894
450.84 1578784
450.85 1561355
450.86 1560620
450.88 1560149
450.90 1559469
450.91 1558204
450.93 1554888
450.94 1552901
450.95 1549321
451.01 1548069
451.02 1546659
451.04 1539635
451.07 1526308
451.12 1522435
451.22 1520335
451.31 1520046
451.37 1519785
451.39 1519039
451.43 1518222
451.50 1515562
451.51 1513978
451.61 1513581
451.73 1511580
451.74 1511069
451.78 1501879
451.83 1500249
451.86 1500223
451.89 1499954
452.02 1497253
452.04 1496779
452.06 1495544
452.09 1495074
452.14 1494595
452.24 1493729
452.45 1486321
452.46 1485428
452.48 1485227
452.51 1485111
452.56 1483243
452.69 1483176
452.72 1483072
452.77 1478822
452.81 1478220
452.82 1475543
452.88 1474918
452.89 1470952
452.92 1470292
453.03 1427500
453.10 1427147
453.12 1426792
453.13 1422008
453.17 1421263
453.17 1417844
453.22 1415821
453.24 1414052
453.26 1413449
453.28 1413132
453.38 1412365
453.43 1411703
453.44 1409514
453.45 1408497
453.56 1408406
453.56 1403611
453.60 1403486
453.63 1400726
453.90 1399842
453.91 1398378
453.92 1394604
453.98 1393759
454.06 1392190
454.06 1391603
454.09 1387866
454.09 1385617
454.09 1383759
454.25 1383194
454.34 1382751
454.42 1378926
454.47 1377532
454.57 1374833
454.67 1368920
454.72 1368615
455.02 1368089
455.03 1366567
455.15 1365758
455.21 1365134
455.26 1362150
455.29 1357579
455.34 1356997
455.41 1353557
455.43 1353510
455.45 1347544
455.54 1345758
455.63 1344860
455.64 1342569
455.71 1341454
455.72 1341091
455.75 1326028
455.79 1325571
455.82 1324696
455.95 1323338
455.96 1323294
455.98 1321739
455.99 1321695
455.99 1319627
456.00 1317800
456.00 1317303
456.02 1288496
456.08 1288183
456.11 1285512
456.13 1246283
456.26 1245454
456.26 1245355
456.32 1244131
456.54 1233159
456.65 1229735
456.71 1228691
456.76 1223273
456.77 1222348
456.87 1220915
456.94 1220641
457.05 1220402
457.17 1219078
457.17 1213569
457.20 1213004
457.23 1211376
457.26 1208712
457.38 1207661
457.38 1207489
457.48 1206453
457.56 1204034
457.60 1203551
457.65 1200546
457.66 1200504
457.70 1198981
457.77 1198557
457.79 1198399
457.90 1186520
458.14 1185283
458.18 1183458
458.22 1181478
458.22 1181119
458.28 1165779
458.41 1165717
458.43 1164470
458.48 1164439
458.49 1163768
458.55 1146168
458.60 1144162
458.82 1143664
458.86 1141686
459.26 1139459
459.36 1120403
459.36 1120009
459.37 1119990
459.41 1119453
459.45 1118673
459.46 1118220
459.48 1116769
459.62 1116179
459.67 1116119
459.68 1103643
459.70 1102966
459.73 1102921
459.75 1102821
459.98 1102300
460.16 1098398
460.22 1098320
460.33 1097722
460.42 1094651
460.66 1093872
460.78 1092891
460.82 1092312
460.84 1089739
461.22 1089442
461.33 1080858
461.36 1077158
461.74 1076475
461.93 1075317
462.22 1073884
462.28 1072803
463.16 1072229
463.18 1071386
463.19 1065520
463.29 1065444
463.31 1064715
463.70 1063275
464.74 1062612
464.82 1062540
465.11 1050263
465.18 1049891
465.49 1049323
465.52 1041037
465.66 1040288
465.91 1038815
466.10 1038718
466.12 1037147
466.42 1035989
466.64 1035741
466.87 1031793
466.98 1028236
467.16 1027366
467.20 1026474
467.25 1026158
467.46 1026141
467.51 1022063
467.53 1021335
467.73 1019841
467.87 1017755
468.41 1015709
468.62 1015639
468.62 1014883
468.74 1014617
468.80 1013844
468.80 1012267
468.99 1011226
469.01 1010393
469.11 1010165
469.15 1008819
469.37 1008463
469.42 1006855
469.61 1006538
469.61 1004758
469.73 1003922
469.78 1003461
469.80 1002173
469.83 1002158
469.92 1001832
469.93 1000214
469.93 998870
470.12 997558
470.22 996977
470.22 993784
471.14 988049
471.27 988009
471.28 981804
471.43 981476
471.43 981389
471.45 980800
471.46 979599
471.49 978591
471.51 977642
471.70 976152
471.83 974449
472.00 973746
472.07 972955
472.07 972282
472.20 971881
472.21 970666
472.27 970191
472.36 967034
472.89 936708
472.97 933545
473.30 932318
473.40 932247
473.45 932038
473.85 926631
473.90 925596
474.04 925242
474.12 925060
474.14 924241
474.16 924234
474.21 924161
474.78 923370
474.94 922236
474.96 921481
475.02 917382
475.09 915228
475.56 914733
475.61 914405
475.85 913761
476.10 908605
476.34 908326
476.36 908077
476.57 908026
478.03 906537
478.15 903962
478.24 903200
478.26 902979
478.26 902653
478.95 901615
479.26 901223
479.29 899181
479.42 898490
479.85 898304
480.01 898185
480.21 897849
480.53 895091
481.59 894905
482.17 887013
482.28 885759
484.65 885371
487.43 884890
487.67 884154
487.72 882173
487.73 882135
487.93 881785
488.21 881664
490.09 881462
490.09 880358
490.12 880026
490.16 879303
490.68 878771
490.94 878525
491.11 878126
491.17 873492
491.47 873265
491.55 873181
491.72 871225
493.23 871101
493.24 870170
493.79 869914
494.14 868338
494.53 868100
494.77 860946
494.97 860674
494.98 860333
494.98 860171
495.37 859787
495.59 856698
495.82 856127
496.27 853865
496.46 852897
496.47 852372
496.99 852200
497.01 850829
497.23 849085
497.23 847595
497.81 846704
497.94 844450
498.14 843745
498.64 843395
498.76 842650
498.84 842166
499.04 842037
499.08 841757
499.12 836413
500.96 836292
501.49 835731
502.95 835196
502.98 834344
503.22 833791
503.62 833126
503.84 832956
504.03 832712
504.04 831422
504.24 830866
504.29 830564
505.86 829165
505.98 827535
506.03 827499
506.06 827451
506.14 826248
506.20 825074
506.24 824588
506.26 823865
506.30 822634
506.79 821908
506.95 819022
507.03 818109
508.41 809964
509.57 808514
509.73 808028
509.74 806660
509.76 806483
511.44 806438
511.85 804841
511.88 804425
512.67 803161
512.71 803102
512.82 802946
512.94 802486
516.42 802121
516.57 800677
516.65 800653
517.06 800113
517.24 797732
517.28 796804
517.49 795671
518.31 795460
518.41 795178
518.52 794957
518.62 794878
520.99 790296
521.10 789667
521.12 788788
521.70 787812
522.40 787798
522.60 787644
522.71 787608
522.96 786633
523.12 785574
523.38 784914
524.37 783924
524.59 783459
524.75 782946
525.02 782444
525.11 782036
525.87 781996
525.94 781577
531.21 774780
531.63 774680
531.64 771588
531.85 769849
532.58 767669
535.55 765637
541.27 764808
544.64 764175
544.71 762768
565.24 760930
565.55 760562
566.05 760160
566.20 760009
566.67 759056
567.13 758918
567.49 756874
567.53 756325
567.56 756093
569.16 755694
569.29 755421
569.32 754886
569.53 754174
570.01 753798
570.15 753196
570.17 753176
570.29 752194
570.37 751950
570.48 751545
570.52 750396
570.59 750348
570.83 749401
570.90 748883
570.92 748371
572.68 746207
572.74 745781
573.15 745118
574.04 744917
574.27 744408
574.29 741864
574.47 740714
574.87 740604
574.89 740081
574.93 739376
576.54 739285
576.91 739148
577.23 738865
577.24 738677
577.37 738631
577.42 737445
577.63 736347
577.69 733952
578.69 733015
578.71 733014
578.84 731670
579.03 729461
579.39 728939
579.44 728379
579.83 728270
579.87 728052
580.04 728049
580.45 727774
583.03 727502