0.00 7213732
0.01 7198040
0.01 7113834
0.02 7108969
0.02 7107934
0.02 7099468
0.02 7098050
0.03 7096480
0.04 7089524
0.34 7040704
0.34 7038833
0.35 7025627
0.90 6963342
0.90 6949972
0.90 6862218
0.90 6844403
0.90 6843479
0.94 6840177
0.94 6837670
1.00 6830843
1.00 6799970
1.21 6782795
1.21 6755837
1.23 6743250
1.23 6736249
2.27 6734040
2.28 6701353
2.30 6686540
4.16 6656411
5.13 6643863
5.21 6639268
12.63 6620645
12.63 6611021
12.64 6609271
12.64 6605556
12.67 6534552
12.67 6526442
12.68 6517853
12.68 6517151
12.70 6510459
12.71 6501400
12.74 6499080
12.76 6393557
12.83 6380078
12.83 6374958
12.83 6362765
26.55 6344085
26.55 6331027
26.57 6329082
26.57 6269496
26.58 6257905
26.59 6257481
169.43 6249870
169.47 6217601
169.48 6206710
169.48 6179783
169.48 6178077
169.49 6172040
169.49 6162302
169.50 6151716
169.50 6147440
169.51 6104779
169.51 6102173
169.51 6086865
169.52 6085109
169.52 6081352
169.53 6079298
169.53 6072019
169.53 6068781
169.53 6066386
169.54 6060582
169.54 6029484
169.54 6027188
169.54 5995667
169.56 5994791
169.56 5987848
169.57 5958837
169.58 5946825
169.62 5944215
169.65 5893932
169.66 5892190
169.68 5868423
169.68 5868222
169.72 5862521
169.72 5843226
169.73 5841992
169.74 5841248
169.74 5839776
169.74 5830592
169.74 5827865
169.75 5823147
169.75 5823063
169.75 5814722
169.75 5793522
169.77 5785412
169.77 5777929
169.81 5752264
169.81 5746437
169.82 5725796
169.83 5714005
169.83 5697359
169.83 5696499
169.84 5694301
169.84 5693734
169.85 5676674
169.86 5674120
169.86 5671917
169.86 5608685
170.00 5606109
170.00 5595755
170.00 5583769
170.00 5580551
170.01 5525524
170.01 5524642
170.01 5454252
170.25 5433974
170.25 5424125
170.26 5410964
170.26 5401524
170.35 5395872
170.35 5395727
170.35 5389708
170.35 5387026
170.35 5380134
170.35 5371879
170.50 5362833
170.50 5362250
170.51 5345031
170.51 5339736
170.51 5331041
170.52 5329042
170.52 5327442
170.52 5321065
170.52 5316507
170.52 5313107
170.53 5311209
170.53 5296292
170.53 5293402
170.53 5287434
170.54 5286320
170.54 5274365
170.54 5267578
170.55 5267294
170.55 5266917
170.55 5213291
170.55 5160716
170.56 5149587
170.56 5145749
170.56 5145466
170.56 5143405
170.56 5142904
170.57 5140851
170.57 5139058
170.58 5117307
170.58 5109196
170.58 5107593
170.58 5107208
170.58 5096521
170.69 5085093
170.69 5084287
170.70 5084029
170.70 5074192
170.71 5025936
176.46 5002577
176.46 4992282
176.47 4990072
176.47 4981484
176.49 4978497
176.49 4977721
176.49 4976563
176.54 4966367
176.55 4943308
176.55 4939569
176.56 4911361
176.56 4901024
176.61 4889456
176.61 4878585
176.61 4854286
176.63 4843944
176.63 4820706
176.64 4815125
176.64 4807824
176.64 4780343
176.65 4778192
176.65 4744662
176.66 4730573
176.68 4705589
176.72 4705115
176.72 4703640
176.73 4693676
176.73 4691710
176.73 4661844
176.73 4645191
176.73 4640739
176.73 4628467
176.74 4626921
176.74 4616553
176.74 4613075
176.75 4612125
176.75 4610098
176.86 4609982
176.86 4609854
176.86 4606110
176.87 4602275
176.87 4599635
176.87 4597912
176.88 4595167
176.88 4571648
176.88 4564433
176.89 4546659
176.92 4539644
176.93 4539591
177.05 4514947
177.05 4513803
177.06 4500700
177.06 4500296
177.06 4494602
177.07 4493697
177.07 4493417
177.07 4459865
177.16 4419953
177.16 4419788
177.18 4416280
177.18 4415330
177.18 4406923
177.18 4401238
177.18 4377610
177.19 4368542
177.22 4360059
177.24 4359333
177.24 4358899
177.25 4358465
177.25 4344115
180.90 4339660
180.92 4332776
180.95 4306394
180.95 4294738
180.95 4293074
180.96 4224170
180.97 4220766
181.02 4178482
181.02 4176587
181.02 4171486
181.03 4169321
181.03 4163614
181.04 4152951
181.05 4150555
181.06 4138434
181.06 4122310
181.07 4112892
181.07 4074122
181.08 4050069
181.13 4038543
181.13 4032724
181.13 4030398
181.17 4030298
181.18 4022191
181.21 4020687
181.22 4020540
181.27 4014413
181.27 4009347
181.27 4003589
181.27 4002836
181.28 3996902
181.28 3993679
181.70 3993176
181.71 3992457
181.71 3985402
181.71 3985237
181.73 3984734
181.73 3982815
181.73 3982129
181.81 3980849
181.82 3966327
181.82 3956829
181.83 3923996
181.83 3920805
181.84 3918798
181.84 3918140
181.84 3889008
181.84 3885701
181.84 3881417
181.85 3860782
181.86 3831512
181.86 3820225
181.86 3819317
181.86 3814758
181.87 3800822
181.88 3793367
181.90 3789723
181.92 3788714
181.92 3784592
181.92 3784290
181.92 3778884
181.95 3756582
181.95 3748616
181.99 3747138
181.99 3744058
181.99 3744052
182.00 3742663
182.02 3741189
182.02 3730086
182.11 3729789
182.11 3718152
182.18 3700401
182.19 3700284
182.19 3696514
182.21 3691973
182.21 3690295
182.21 3676532
182.22 3671421
182.22 3652451
182.22 3650953
182.26 3640661
182.26 3640634
182.54 3640255
182.54 3640166
182.54 3598127
182.54 3595859
182.54 3570907
182.55 3570102
182.55 3561986
182.56 3561862
182.57 3558365
182.57 3555281
182.58 3549328
182.58 3546163
182.58 3533796
182.66 3527041
182.70 3513012
182.70 3512263
182.71 3493314
182.71 3483726
182.75 3480856
182.76 3473154
182.77 3459980
182.79 3454011
182.79 3443839
182.81 3435803
182.82 3431979
182.83 3420546
182.83 3420343
182.84 3418991
182.85 3410971
182.89 3405877
182.89 3402930
182.90 3401220
182.99 3392628
183.34 3389770
183.35 3383900
183.35 3380105
183.35 3336342
183.36 3331223
183.36 3325911
183.37 3312175
183.37 3301759
183.38 3298421
183.38 3263744
183.44 3253059
183.44 3250141
183.48 3175593
183.48 3175110
184.24 3173368
184.24 3171378
184.25 3170112
184.25 3169737
184.25 3167366
184.25 3165594
184.26 3158214
184.26 3156451
184.26 3151922
184.26 3146765
184.27 3146450
184.28 3137694
184.28 3122583
184.28 3122028
184.29 3121381
184.29 3109543
184.30 3098751
184.30 3092138
184.32 3087576
184.33 3077020
184.33 3074849
184.33 3073189
184.34 3062950
184.34 3061465
184.34 3057205
184.34 3052863
184.38 3045670
184.38 3044718
184.38 3041993
184.39 3033953
184.39 3033784
184.40 3014006
184.41 3008125
184.43 3003640
184.47 3003048
184.48 3002651
184.58 2991977
184.58 2983752
184.60 2972234
184.61 2967988
184.62 2963742
184.63 2961107
184.64 2960426
184.64 2959935
184.65 2956081
184.65 2931952
184.68 2929450
185.10 2923425
185.11 2922154
186.03 2921081
186.04 2917673
186.05 2916490
186.05 2913851
186.05 2908062
186.11 2893175
186.13 2891446
187.03 2890032
187.03 2887932
187.08 2885031
187.08 2879726
187.08 2874368
187.08 2872858
187.09 2862253
187.10 2855582
187.10 2852202
187.11 2851706
187.11 2847345
187.12 2845611
187.12 2845277
187.54 2840896
187.55 2822164
187.56 2820245
187.57 2817515
188.00 2815233
188.00 2814290
188.01 2813405
188.02 2812749
188.03 2806831
188.06 2806805
188.07 2777271
188.07 2776900
188.08 2770083
188.19 2769853
188.23 2761550
188.24 2759772
188.24 2740331
188.24 2739819
188.83 2711529
189.37 2701308
189.39 2700619
189.40 2698199
189.40 2693012
189.52 2688097
189.64 2687073
189.65 2685825
189.65 2675754
189.65 2672072
189.65 2672045
189.66 2647012
189.67 2644921
189.69 2636937
189.69 2633844
189.86 2623946
189.87 2621571
189.87 2613408
189.89 2611035
189.91 2608369
189.91 2599098
190.28 2597127
190.31 2589313
190.39 2584452
190.42 2530922
190.42 2529946
190.43 2528044
190.73 2521541
190.75 2519359
190.78 2513130
190.79 2512557
190.79 2512473
190.80 2510891
190.80 2508752
190.80 2507144
190.81 2493324
190.81 2491995
191.30 2489707
191.30 2488910
191.31 2479711
191.33 2472042
191.35 2471412
191.35 2471404
191.35 2462203
191.36 2461634
191.38 2431324
191.40 2427191
191.41 2424273
191.42 2423146
192.65 2421303
192.67 2419401
192.67 2417892
192.68 2416662
192.68 2416585
192.72 2401813
192.72 2381132
193.91 2347978
193.93 2340022
193.95 2335830
193.96 2329924
194.08 2325700
194.28 2321870
194.28 2311553
194.29 2301945
194.30 2301230
194.30 2299490
194.31 2299360
194.50 2290318
194.86 2289775
194.86 2255684
195.50 2246909
195.54 2225327
195.54 2221233
195.55 2219936
195.55 2218641
195.56 2214716
195.56 2204416
195.57 2200098
198.76 2188815
199.20 2188499
199.25 2184725
199.26 2181298
199.30 2179030
199.32 2171528
199.36 2133647
199.39 2132843
199.41 2131898
201.97 2130201
201.99 2126498
202.00 2124437
202.00 2122570
202.03 2115125
202.03 2107594
202.07 2088375
202.10 2083045
202.11 2068205
202.13 2058241
202.13 2056929
202.15 2052048
202.17 2043567
202.21 2042910
202.23 2041790
202.24 2035041
202.32 2020914
202.32 2020080
202.34 2018968
202.35 2013104
204.50 2009182
204.50 1992994
204.50 1992248
204.54 1980707
204.56 1970813
205.82 1969964
243.01 1969892
243.03 1966397
243.04 1964836
243.04 1959268
243.05 1956177
243.06 1955752
243.15 1953391
243.16 1950526
243.16 1949554
243.31 1937551
243.31 1937485
243.31 1929603
243.35 1925949
243.35 1923197
243.36 1914119
243.37 1909263
243.40 1907501
243.41 1905163
243.43 1888885
243.45 1887041
243.62 1885900
243.73 1880767
243.74 1879221
243.76 1878644
243.79 1877344
243.82 1876956
243.82 1870597
243.85 1864040
243.86 1863455
243.87 1861847
243.87 1861728
243.87 1861498
243.88 1859420
243.94 1859076
243.95 1853873
244.01 1847678
244.01 1846206
244.01 1845602
244.01 1844647
244.05 1841673
244.06 1837454
244.09 1836677
244.11 1831090
244.12 1828781
244.13 1828443
244.15 1824713
244.16 1822651
244.21 1817282
244.23 1813803
244.29 1812146
244.30 1808376
244.31 1793062
244.34 1790697
244.36 1780353
244.38 1766745
244.39 1766459
244.39 1764062
244.39 1757165
244.54 1749834
244.55 1749781
244.57 1749008
244.60 1748816
244.60 1748561
244.82 1745467
244.83 1743853
244.84 1743549
244.86 1735927
244.86 1729681
244.87 1729171
244.90 1727691
244.90 1700186
244.91 1699172
244.92 1698619
244.92 1697742
244.95 1694544
244.95 1692283
244.98 1691552
244.99 1688686
245.09 1681860
245.10 1668963
245.10 1666004
245.11 1666002
245.12 1665505
245.15 1664922
245.16 1663174
245.28 1662428
245.35 1657971
245.36 1657570
245.50 1657002
245.51 1650879
245.51 1650417
245.52 1645982
245.54 1643836
245.55 1643816
245.57 1643457
245.72 1637734
245.75 1636864
245.75 1634921
245.81 1634397
245.82 1630445
245.83 1626844
245.85 1625612
245.86 1622559
245.97 1618779
246.02 1618201
246.04 1616238
246.05 1615103
246.07 1613302
246.08 1609204
246.09 1607720
246.12 1607161
246.13 1604555
246.13 1602558
246.20 1602322
246.23 1601817
246.33 1598422
246.37 1597923
246.38 1587822
246.40 1587545
246.41 1587343
246.45 1586432
246.49 1586062
246.53 1583814
246.54 1580081
246.54 1578704
246.56 1578136
246.57 1577446
246.58 1577417
246.62 1577306
246.62 1574404
246.63 1571111
246.66 1570287
246.67 1569488
246.67 1568597
246.68 1568570
246.72 1566102
246.93 1548683
246.96 1548318
247.23 1543211
247.24 1539101
247.25 1534784
247.26 1502830
247.28 1502439
247.29 1490806
247.29 1488778
247.30 1486715
247.39 1486141
247.42 1480788
247.43 1479801
247.45 1479073
247.50 1476616
247.51 1475653
247.51 1474040
247.52 1472533
247.55 1471430
247.55 1469487
248.12 1466804
248.13 1464549
248.16 1463926
248.32 1454956
248.32 1452991
248.33 1449231
248.99 1448118
249.04 1448010
249.11 1443418
249.12 1443282
249.12 1438943
249.13 1438433
249.16 1437141
249.16 1436093
249.17 1435647
249.53 1424892
249.55 1424885
249.55 1424827
249.58 1416890
250.12 1416839
250.14 1411103
250.23 1408376
250.59 1407383
250.61 1406503
250.69 1405535
250.78 1402069
250.79 1401183
252.28 1400383
252.28 1393176
252.37 1392528
252.38 1392186
252.42 1391902
252.45 1389281
253.48 1387889
253.51 1386364
253.55 1375230
253.57 1374991
253.59 1374584
253.59 1371899
253.62 1370751
253.62 1370692
253.63 1366656
253.76 1366315
253.80 1366024
254.26 1355094
381.22 1352789
381.26 1350455
381.26 1347758
381.31 1346278
381.37 1344298
381.41 1342952
381.46 1342013
381.48 1340697
381.50 1340350
381.53 1337804
381.55 1335181
381.57 1332286
381.57 1330973
381.60 1328266
381.60 1327757
381.63 1325802
381.66 1322847
381.67 1322000
381.67 1321859
381.68 1321377
381.69 1321261
381.71 1319333
381.74 1310345
381.74 1304418
381.77 1300350
381.78 1299025
381.84 1295266
381.84 1290539
381.86 1290533
381.87 1289472
381.88 1289113
381.91 1287749
381.92 1287730
381.95 1286059
381.97 1285755
382.00 1285717
382.08 1285208
382.10 1284543
382.13 1279935
382.24 1274308
382.29 1274091
382.36 1273325
382.38 1270081
382.41 1270057
382.44 1267319
382.45 1259219
382.47 1257179
382.50 1234292
382.63 1232425
382.66 1231967
382.68 1230636
382.74 1226911
382.75 1226905
382.79 1223419
382.81 1222805
382.86 1221115
382.90 1217736
382.91 1217013
383.17 1216671
383.17 1215133
383.19 1213148
383.21 1213099
383.25 1212537
383.26 1208274
383.34 1208165
383.47 1205463
383.48 1202711
383.54 1202409
383.64 1200857
383.66 1198436
383.67 1196997
383.71 1189019
383.85 1188696
383.88 1188053
383.88 1188035
384.12 1186368
384.16 1185256
384.27 1184376
384.28 1183419
384.30 1182963
384.48 1179170
384.53 1179082
384.59 1178517
384.63 1178381
384.73 1177412
384.74 1176550
384.74 1169703
384.76 1169238
384.82 1166319
384.84 1152816
384.84 1150673
384.85 1147414
384.86 1134439
384.92 1132888
384.92 1132732
385.00 1131849
385.02 1131446
385.11 1128345
385.11 1127783
385.13 1127719
385.14 1124677
385.27 1123036
385.33 1122686
385.51 1122672
385.51 1120903
385.56 1116487
385.67 1115990
385.67 1114164
385.71 1109293
385.76 1109176
385.86 1108934
386.11 1108399
386.15 1107572
386.23 1105704
386.26 1104235
386.28 1104002
386.29 1102519
386.30 1101637
386.35 1101038
386.39 1100912
386.51 1100742
386.54 1100505
386.56 1097569
386.59 1093990
386.64 1093197
386.67 1092602
386.78 1092474
386.78 1091625
386.80 1087978
386.85 1087076
386.87 1087005
386.92 1084523
387.08 1083107
387.17 1081887
387.48 1081023
387.56 1077784
387.56 1077353
387.61 1076644
387.64 1076606
387.73 1075919
387.80 1075054
387.83 1072850
387.90 1071698
388.26 1071209
388.29 1070453
388.34 1070356
388.63 1067076
388.79 1065823
388.83 1064166
388.92 1058961
389.09 1055895
389.31 1055842
389.32 1055359
389.34 1051086
389.39 1050168
389.40 1049391
389.49 1049183
389.54 1041137
389.73 1038217
389.78 1037568
389.83 1037074
390.04 1035394
390.14 1025843
390.40 1020230
390.44 1019893
390.73 1019668
390.97 1018965
391.04 1018726
391.28 1015949
391.28 1009939
391.50 1008833
391.51 1000980
391.57 1000072
391.87 998981
392.09 998970
392.26 998831
392.40 997839
392.44 997666
392.47 995953
392.51 990907
392.65 989679
392.73 989371
392.76 988209
392.93 988007
393.09 980319
393.11 979848
393.12 979680
393.28 979126
393.35 977009
393.40 976642
393.57 976224
393.63 973944
393.64 973595
393.86 973184
393.93 972229
393.97 971564
394.03 971492
394.13 971052
394.20 969958
394.39 967227
394.47 965872
394.52 962344
394.57 961997
394.67 960402
394.71 959026
394.90 954821
394.95 953908
394.99 952770
395.38 949677
396.30 949511
396.31 949208
396.32 948419
396.38 947312
396.43 945820
396.48 943405
396.52 941749
396.54 941266
396.58 939344
396.71 938651
396.87 935886
397.06 935331
397.07 931985
397.15 931266
397.20 930571
397.30 930451
397.32 930226
397.35 925196
397.41 925108
397.42 924726
397.44 923974
397.51 923943
397.65 923859
397.95 923831
398.08 923631
398.18 918642
398.19 918339
398.47 917393
398.61 914954
398.91 914777
399.03 912126
399.11 912114
399.16 908606
399.22 905739
399.35 898987
399.86 897937
400.28 896651
400.37 895943
400.71 895931
401.03 895855
401.27 894734
401.35 894252
401.43 890010
401.49 889976
401.82 889937
401.94 889724
402.01 889348
402.11 888979
402.46 884601
402.62 880876
402.67 880789
402.82 880609
403.06 879910
403.10 878712
403.49 878146
403.50 877365
403.57 876122
403.81 876094
404.21 872533
404.32 871951
404.46 870613
404.47 868658
404.53 868300
404.57 867307
405.18 865602
405.36 865511
405.37 865204
405.64 864551
405.71 864493
405.91 858203
406.02 857933
406.49 857454
406.62 857078
406.91 855469
407.18 854522
407.65 853909
407.70 853548
407.94 851833
408.18 851780
408.20 850829
408.46 849530
409.05 848902
409.20 848305
409.26 844709
409.27 844667
409.40 844318
409.40 844317
409.43 844314
409.45 843700
409.77 843674
409.79 842991
410.27 841726
410.31 841517
410.55 841236
410.65 836665
410.70 836206
410.77 835874
410.85 835694
410.94 833735
410.99 831955
411.09 831591
411.26 830432
411.48 823633
411.48 820415
411.65 820364
411.78 820052
412.27 819573
412.37 813355
412.45 813180
412.49 811291
412.97 806127
413.11 804542
414.20 803835
415.47 803167
415.61 801803
415.67 801453
415.84 800762
416.45 800390
416.47 794397
417.39 792634
417.57 791754
418.03 791004
418.33 791001
418.53 790185
418.71 787922
419.76 786254
420.11 785646
420.15 784677
420.17 777293
420.49 775293
420.89 772907
423.28 771862
423.37 771825
424.04 771661
424.35 764785
424.57 764329
424.98 763475
425.94 761334
426.01 760038
426.10 759738
426.51 758970
426.63 758932
426.80 757380
427.62 756885
427.81 756323
428.14 756047
428.45 755847
428.56 755079
428.88 750788
429.01 750330
429.36 744341
429.39 741614
429.55 736829
429.63 736806
430.58 735725
430.87 735683
431.17 734395
431.33 734385
432.07 733474
433.17 733225
433.53 732627
434.23 732507
434.39 729300
435.30 728998
435.59 728978
436.18 728928
437.14 728607
437.63 727518
438.46 727241
439.90 724148
440.07 723884
440.34 723577
440.38 723494
440.92 722892
441.01 721139
442.85 720916
444.09 719886
446.58 719812
446.72 719808
447.25 712900
447.35 712622
448.38 710677
449.10 710441
449.78 710022
451.99 709515
451.99 709300
453.62 709252
454.31 705377
454.57 704853
455.10 703414
456.07 702716
456.60 702321
458.96 701998
458.98 701716
459.28 701693
466.38 701381
466.75 700983
467.87 700917
469.58 700384
469.64 700230
470.60 700027
471.28 699972
472.14 699555
472.60 693438
473.72 693359
484.02 692628
486.43 692186
486.65 692110
486.80 692038
487.53 691117
487.80 690500
489.27 690300
490.52 690112
494.77 689769
495.57 689437
496.40 689199
498.17 686953
499.78 684653
500.89 684605
502.21 684271
510.39 684262
511.54 683659
512.38 683277
512.80 683041
514.02 681578
514.02 680974
516.33 680716
516.57 680344
518.88 680111
519.18 679685
520.18 679536
540.06 679442
540.73 678847
541.20 678647
542.81 678576
544.52 678182
545.59 677684