0.00 7176917
0.01 7171170
0.04 7158335
0.04 7150679
0.04 7148189
0.04 7147807
0.04 7135531
0.05 7122373
0.05 7120069
0.05 7116417
0.25 7105617
0.25 7093666
0.25 7089119
0.27 7062805
0.27 7057295
0.28 7038101
0.30 6906512
0.30 6896130
0.31 6888827
0.31 6874525
0.31 6874454
0.31 6869024
0.31 6850124
0.85 6840476
4.34 6839210
4.34 6833779
4.34 6833127
5.14 6801995
5.14 6800898
5.14 6800360
5.14 6745319
5.15 6717260
5.15 6687032
5.17 6681352
5.17 6679629
5.17 6671174
5.17 6659485
5.17 6653144
5.17 6639113
5.20 6627216
5.20 6623497
5.21 6576085
5.22 6542830
5.51 6542138
5.51 6521017
5.53 6455648
5.53 6453483
5.54 6363186
5.54 6362914
5.54 6333769
5.54 6316818
5.55 6294914
170.40 6287137
170.41 6272409
170.41 6259787
170.41 6251584
170.42 6200747
170.43 6192380
170.45 6191859
170.45 6189647
170.46 6189191
170.46 6188968
170.46 6153425
170.46 6150006
170.46 6146012
170.48 6141248
170.48 6126494
170.48 6126489
170.49 6107561
170.49 6085777
170.51 6045327
170.51 6044427
170.57 5996690
170.61 5993818
170.61 5993604
170.61 5977784
170.62 5974153
170.62 5963397
170.62 5917025
170.62 5912285
170.63 5910113
170.63 5906158
170.63 5868679
170.64 5863605
170.64 5857758
170.65 5826346
170.65 5823534
171.96 5816010
171.96 5789348
171.96 5787611
171.97 5761092
171.97 5758327
171.98 5755639
171.99 5752609
172.00 5728990
172.00 5728871
172.00 5713127
172.00 5652615
172.04 5642287
172.04 5641771
172.05 5624465
172.05 5615313
172.05 5613114
172.30 5581294
172.30 5580987
172.40 5551782
172.40 5550142
172.41 5545048
172.41 5514059
172.41 5493923
172.42 5471617
172.42 5466949
172.43 5448795
172.47 5443833
172.48 5438834
172.48 5415448
172.48 5411556
172.49 5390893
172.49 5375937
172.53 5369841
172.53 5358787
172.54 5352634
172.54 5349705
172.60 5347456
172.63 5289581
172.63 5287967
172.63 5281469
172.63 5273612
172.63 5271918
172.63 5233510
172.64 5233433
172.64 5229215
172.65 5201751
172.65 5187606
172.68 5171467
172.69 5167869
172.69 5163776
172.69 5159816
172.90 5123240
172.90 5120627
172.90 5114739
172.96 5104586
172.97 5100711
173.00 5027165
173.00 5024378
173.00 5014856
173.00 5011772
173.00 5004619
173.01 4982302
173.03 4982142
173.04 4978610
173.05 4951052
173.06 4923240
173.06 4908757
173.06 4905910
173.08 4903981
173.12 4881902
173.14 4870999
173.15 4870011
173.15 4824869
173.15 4824635
173.16 4820499
173.16 4791792
173.17 4790350
173.17 4786431
173.17 4782968
173.17 4777618
173.17 4775872
173.18 4768169
173.18 4751659
173.18 4747716
173.18 4742786
173.20 4718831
173.20 4718334
173.28 4717756
173.28 4717366
173.29 4716990
173.36 4715931
173.36 4714762
173.36 4700736
173.36 4695818
173.37 4695675
173.50 4652973
173.55 4650862
173.55 4648790
173.56 4638807
173.56 4623366
173.56 4622515
179.68 4610562
179.69 4609164
179.69 4608053
179.79 4598595
179.80 4584596
179.80 4561324
179.80 4517601
179.83 4506645
179.83 4506280
179.83 4503898
179.84 4501419
179.84 4501102
179.85 4500660
179.85 4500496
179.87 4499920
179.87 4494047
179.91 4462181
179.94 4441302
179.97 4405412
179.99 4349557
180.00 4348760
180.00 4318796
180.00 4316766
180.00 4315439
180.01 4313567
180.03 4302897
180.04 4247485
180.04 4245557
180.06 4245190
180.18 4242194
180.19 4238050
180.20 4237475
180.20 4227054
180.59 4222178
180.60 4218835
180.60 4194249
180.60 4192944
180.60 4192211
180.61 4178997
180.62 4169519
180.62 4162551
180.63 4154199
180.64 4149221
180.65 4147554
180.66 4129252
180.66 4128033
180.67 4123163
180.71 4112739
180.74 4111662
180.74 4108069
180.74 4105125
180.74 4085182
180.76 4076121
184.02 4074494
184.18 4074181
184.18 4065712
184.18 4007962
184.19 4004340
184.23 4001254
184.23 4000484
184.23 3997526
184.23 3996978
184.24 3983504
184.24 3982937
184.25 3981537
184.25 3980779
237.21 3980232
237.21 3963013
237.22 3955158
237.23 3951414
237.23 3948401
237.24 3934472
237.25 3917744
237.25 3916221
237.26 3893329
237.27 3885994
237.27 3883916
237.28 3842078
237.28 3828325
237.28 3825221
237.31 3822450
237.31 3822410
237.32 3809658
237.32 3803458
237.32 3800143
237.34 3795203
237.35 3793429
237.35 3792797
237.35 3782889
237.37 3782732
237.37 3767288
237.38 3760521
237.38 3759053
237.39 3755456
237.39 3750214
237.39 3748760
237.40 3748042
237.40 3740675
237.44 3739457
237.44 3739050
237.45 3736745
237.49 3736653
237.49 3734328
237.49 3733084
237.49 3714145
237.50 3708917
237.51 3674145
237.51 3661353
237.51 3660897
237.51 3640121
237.52 3637823
237.53 3626651
237.53 3623907
237.53 3615842
237.54 3614608
237.54 3610130
237.55 3610091
237.56 3581235
237.56 3574509
237.57 3571454
237.58 3569836
237.61 3563422
237.62 3562933
237.63 3545842
237.63 3545838
237.64 3523914
237.65 3522596
237.66 3510117
237.71 3508831
237.72 3505104
237.73 3500110
237.74 3499239
237.75 3484023
237.75 3483645
237.82 3469633
237.82 3467392
237.84 3446299
237.84 3440293
237.84 3409368
237.85 3380380
237.85 3379029
237.86 3374385
237.88 3369613
237.88 3367316
237.88 3363581
237.90 3362780
237.90 3361543
237.91 3359954
237.92 3359263
237.93 3353539
237.93 3351506
237.94 3347222
237.95 3344981
237.96 3344477
237.97 3340504
237.97 3326075
237.98 3321065
238.01 3317407
238.05 3315537
238.06 3315478
238.06 3313223
238.06 3313127
238.07 3310764
238.07 3296008
238.11 3283201
238.11 3279678
238.12 3277260
238.13 3276692
238.15 3272188
238.16 3270494
238.18 3255773
238.18 3246860
238.18 3241765
238.20 3241352
238.23 3241010
238.23 3218701
238.24 3213737
238.25 3211631
238.26 3210717
238.26 3209634
238.27 3208967
238.27 3192217
238.27 3190452
238.29 3188470
238.29 3187211
238.29 3187061
238.30 3185415
238.30 3180347
238.32 3151751
238.32 3151625
238.32 3146311
238.32 3145314
238.37 3136646
238.38 3133008
238.38 3129552
238.39 3128378
238.40 3128070
238.40 3125401
238.41 3122688
238.43 3119302
238.43 3117215
238.52 3070125
238.52 3069252
238.55 3066114
238.55 3063424
238.58 3062169
238.59 3061832
238.59 3060457
238.63 3059610
238.63 3052326
238.67 3049673
238.67 3048852
238.68 3043026
238.69 3039123
238.72 3031196
238.74 3030812
238.75 3027423
238.94 3018904
238.94 3004388
238.95 3002818
238.95 2998721
238.96 2995782
238.96 2992731
238.97 2987811
238.97 2973009
239.03 2935242
239.06 2935032
239.07 2931101
239.08 2921586
239.09 2918029
239.10 2916371
239.10 2915875
239.11 2915474
239.12 2915396
239.17 2915048
239.18 2914169
239.18 2913345
239.27 2906652
239.39 2903150
239.40 2902602
239.41 2894773
239.44 2893293
239.47 2892916
239.48 2888917
239.52 2877603
239.52 2870703
239.53 2863905
239.56 2863766
239.56 2861639
239.57 2861155
239.58 2855911
239.60 2855724
239.61 2853065
239.63 2850151
239.87 2845584
239.89 2845364
239.89 2845145
239.92 2838618
239.92 2821898
239.92 2820995
240.03 2802833
240.04 2798612
240.09 2773943
240.21 2769353
240.23 2769308
240.27 2769253
240.27 2756773
240.29 2750361
240.30 2747980
240.31 2742333
240.32 2741813
240.33 2741333
240.33 2738400
240.33 2695839
240.33 2692313
240.56 2686848
240.68 2679032
240.68 2674560
240.69 2669101
240.69 2667640
240.69 2664919
240.71 2663584
240.72 2647210
240.72 2644388
240.72 2637039
240.73 2637033
240.77 2636592
240.77 2636360
240.78 2627730
240.78 2616587
240.78 2609001
240.86 2606369
240.86 2604869
240.92 2604169
240.93 2600884
240.94 2596258
240.97 2588905
240.98 2586724
240.98 2585450
241.01 2583554
241.02 2582038
241.02 2580391
241.02 2576447
241.03 2561153
241.05 2560715
241.05 2513459
241.07 2510922
241.08 2504972
241.10 2499278
241.12 2498773
241.12 2495787
241.13 2490003
241.14 2472973
241.17 2472218
241.18 2471604
241.18 2467527
241.20 2466504
241.26 2463353
241.27 2462600
241.28 2461892
241.30 2455794
241.32 2454970
241.34 2454092
241.34 2453061
241.34 2451108
241.36 2450254
241.44 2450196
241.44 2450080
241.45 2444640
241.46 2443853
241.47 2437191
241.48 2432730
241.48 2430385
241.48 2428079
241.49 2426059
241.50 2419503
241.51 2419490
241.52 2416003
241.53 2395765
241.54 2392393
241.61 2385017
241.61 2384353
241.63 2382261
241.64 2366805
241.65 2366175
241.68 2366159
241.76 2363440
241.77 2363385
241.82 2349421
241.84 2347917
241.85 2347014
242.47 2335573
242.47 2334310
242.47 2332444
242.49 2317585
242.49 2317515
242.51 2317267
242.51 2314596
242.56 2305628
242.57 2305416
242.59 2303446
242.61 2300040
242.74 2264652
242.74 2264144
242.76 2261437
242.76 2252009
242.84 2244711
242.85 2241736
242.89 2241698
242.93 2225498
242.94 2222565
242.94 2218881
242.94 2215602
242.95 2214889
242.96 2211630
242.96 2206787
242.99 2193356
242.99 2192567
243.00 2192186
243.02 2192111
243.03 2190314
243.03 2187592
243.06 2185173
243.09 2183898
243.13 2181675
243.17 2178656
243.17 2176194
243.18 2175385
243.23 2175251
243.24 2174275
243.24 2169452
243.25 2167393
243.25 2164796
243.27 2157807
243.29 2157597
243.30 2150762
243.36 2148376
243.36 2146385
243.37 2142123
243.40 2140979
243.42 2139733
243.51 2133151
243.52 2132154
243.53 2130576
243.54 2126013
243.54 2119671
243.56 2119669
243.56 2119414
243.56 2118597
243.58 2115097
243.58 2113078
243.73 2110449
243.74 2109950
243.75 2109610
243.76 2108084
243.78 2100797
243.84 2097689
243.84 2095782
243.85 2095777
243.86 2095213
244.06 2094259
244.37 2093769
244.43 2093505
244.46 2092424
244.51 2092102
244.52 2090524
244.58 2089577
244.60 2062305
244.61 2059622
244.64 2056280
244.65 2055077
244.67 2050880
244.77 2041672
244.78 2037807
244.81 2037460
244.81 2029661
244.82 2028739
244.83 2027055
244.83 2024871
244.89 2024580
244.89 2022944
244.91 2022279
244.92 2020947
244.93 2019246
244.94 2018408
244.95 2017471
244.96 2016896
244.96 2016746
245.02 1998667
245.03 1997773
245.05 1997684
245.05 1997607
245.08 1990958
245.10 1990281
245.13 1961543
245.19 1960994
245.29 1949208
245.36 1946095
245.39 1919524
245.43 1918548
245.45 1914625
245.50 1910858
245.52 1906981
245.54 1882474
245.57 1882444
245.58 1876114
245.60 1874790
245.70 1871718
245.70 1864829
245.70 1863472
245.74 1858863
245.77 1856270
245.87 1856036
245.87 1855626
245.92 1849506
245.92 1845287
245.97 1841862
246.15 1839542
246.17 1839043
246.17 1829170
246.22 1828591
246.25 1826279
246.26 1825431
246.58 1822685
246.59 1818469
246.67 1758028
246.80 1757901
246.80 1756180
246.87 1751574
246.96 1732138
246.99 1732093
247.00 1731003
247.03 1716362
247.03 1716312
247.06 1714031
247.12 1711005
247.14 1710887
247.15 1710800
247.24 1710034
247.77 1696450
247.77 1695489
247.79 1685383
247.88 1682002
247.89 1680239
247.90 1680091
248.04 1669584
248.14 1667224
248.35 1664914
248.37 1664640
248.38 1659417
248.43 1658446
248.43 1652936
248.44 1652896
248.44 1651238
248.46 1648755
248.47 1645492
248.48 1643483
248.49 1642869
248.50 1637518
248.51 1635076
248.51 1632362
248.55 1630928
248.57 1626398
249.32 1626182
249.36 1623457
249.37 1622516
249.37 1621309
249.38 1619378
249.39 1614440
249.42 1610971
249.43 1608397
249.43 1604852
249.66 1597674
249.67 1594085
249.69 1593831
251.46 1583139
251.46 1582129
251.47 1581835
251.54 1578793
251.56 1577688
251.56 1575525
251.62 1564120
252.06 1560289
252.07 1550353
252.17 1549831
252.18 1548743
252.18 1542642
252.35 1541394
252.35 1541152
252.35 1539371
252.36 1539205
252.39 1531486
252.39 1527667
252.55 1526716
252.57 1524683
252.62 1523171
252.65 1521414
252.67 1521094
252.68 1520139
252.88 1518579
253.22 1518350
253.22 1515234
253.32 1513859
253.71 1505430
253.71 1499280
253.73 1483060
253.74 1480601
253.77 1479798
253.80 1475944
253.80 1460687
255.11 1460218
255.25 1455718
255.28 1453554
255.31 1449422
255.31 1449201
255.32 1448982
255.71 1444594
255.78 1441803
255.82 1440185
255.83 1440084
255.85 1437913
255.90 1436569
255.90 1433994
255.96 1430084
255.96 1426046
255.96 1419514
255.97 1419181
255.97 1418891
257.63 1418079
257.65 1417888
257.70 1417545
258.02 1409949
258.09 1407610
258.10 1406406
258.15 1404188
258.16 1404174
258.51 1400733
258.56 1399547
258.67 1399476
258.67 1393106
258.82 1392588
259.01 1387733
259.01 1383452
259.04 1382436
259.15 1380541
259.17 1378320
260.49 1373210
260.50 1372978
260.53 1362173
260.56 1361093
260.58 1360590
260.59 1357626
260.65 1357397
260.66 1356934
260.69 1356376
260.74 1356224
260.98 1355498
260.99 1354533
261.01 1354350
261.06 1352974
261.08 1348930
261.11 1346070
261.33 1345498
261.37 1344893
261.41 1341985
262.57 1338228
262.59 1338133
262.64 1336666
262.69 1335748
262.70 1335604
262.90 1334815
262.90 1333908
262.93 1330110
262.96 1327198
263.68 1324966
263.69 1324784
263.69 1324120
263.70 1322233
263.70 1321464
263.72 1320532
263.72 1320168
263.76 1319050
263.90 1317992
263.92 1316597
264.12 1314197
264.13 1310187
264.14 1309533
264.17 1307889
264.19 1302768
264.23 1301140
264.25 1300207
266.38 1298708
266.42 1298684
267.01 1294451
267.02 1292531
267.03 1290117
267.03 1288816
267.30 1288579
267.90 1283232
267.90 1283116
267.93 1281596
267.94 1278171
267.95 1277525
267.96 1277057
271.95 1271107
271.97 1267482
272.00 1266962
272.02 1266488
272.05 1266111
272.86 1263260
272.89 1262568
272.92 1258663
272.93 1258538
273.04 1255702
273.08 1253180
273.09 1250472
274.52 1247817
274.57 1246961
274.59 1243857
274.85 1239565
274.89 1239470
274.90 1237959
274.92 1237137
275.47 1235347
275.48 1233565
275.55 1233051
280.57 1230634
280.59 1230223
280.60 1229809
280.90 1228942
280.93 1227650
280.99 1227286
281.04 1226867
281.04 1225965
281.05 1222952
281.32 1222465
281.55 1222155
281.56 1221560
281.57 1221307
281.58 1220577
281.61 1210206
281.65 1209861
281.65 1209791
281.68 1209395
281.69 1208600
281.70 1197595
281.70 1196866
281.71 1195653
283.03 1195313
283.05 1191862
283.06 1191447
283.07 1190300
283.22 1189157
283.23 1188621
283.23 1186556
283.24 1183892
283.30 1183605
283.37 1181893
283.37 1181268
283.38 1178493
283.39 1172448
283.41 1171148
283.41 1170295
283.43 1167915
283.43 1167814
283.44 1165918
283.45 1165686
283.59 1134665
285.67 1133593
285.68 1133515
285.70 1114580
285.71 1114289
286.10 1113518
286.14 1110919
286.15 1109457
286.17 1108969
286.20 1107968
286.23 1105188
286.50 1101916
286.51 1100185
286.51 1100083
286.53 1084496
286.54 1083855
286.59 1083525
286.63 1083477
286.63 1080000
286.63 1077933
286.67 1077537
286.67 1077368
286.70 1076682
286.70 1074572
287.86 1073952
287.86 1072374
287.89 1068248
287.91 1065713
289.42 1064683
295.64 1064385
295.70 1062787
345.83 1060126
345.86 1058709
345.87 1058545
345.89 1058146
346.03 1053105
348.24 1048376
348.28 1045852
348.28 1045557
348.67 1043312
348.79 1042837
349.16 1042583
350.87 1042121
350.88 1042072
350.92 1041239
350.94 1041025
351.06 1040973
351.10 1040754
351.10 1039311
351.12 1039192
351.23 1039158
351.30 1038564
351.32 1036959
351.32 1034615
351.37 1034241
351.41 1032759
351.65 1031674
351.65 1030630
351.72 1028063
351.74 1027709
351.77 1027695
351.80 1027468
351.84 1023286
351.84 1021531
351.94 1020607
351.97 1019569
352.13 1018866
352.19 1018397
352.19 1017500
352.19 1017048
352.21 1016991
352.57 1014866
352.58 1014222
352.60 1012941
353.78 1012274
353.80 1009687
353.80 1009244
353.87 1008102
353.91 1007518
355.37 1007028
355.38 1006424
355.45 1004494
355.45 1003246
355.49 1002192
355.61 1001661
355.62 1001579
360.30 1000316
360.34 1000000
360.47 999908
360.48 997888
360.58 997358
360.73 997114
360.83 995513
360.91 992045
360.95 991861
361.16 990347
361.29 990287
361.32 987535
362.31 985167
362.32 984250
362.45 983171
362.48 983050
362.56 983045
362.58 982209
362.66 981164
362.69 981078
362.70 980582
362.75 976718
362.86 974893
363.06 973315
363.07 973205
363.07 971341
365.42 971166
365.44 969700
365.58 964993
365.74 964247
365.85 963282
365.86 963019
365.87 959333
365.87 957219
365.89 956771
365.90 953759
365.90 953699
366.00 953278
366.11 949154
366.13 944745
366.13 942266
366.16 940424
366.19 939503
366.21 937577
366.26 935822
383.50 934799
383.54 934500
383.56 934111
384.19 933248
384.20 933223
384.23 933187
384.37 932637
384.39 930684
384.42 930624
384.55 928661
385.83 927718
385.87 926643
385.91 926430
385.97 925801
386.01 923038
386.01 922668
386.08 921722
386.84 917602
387.30 914936
389.54 912091
389.54 912085
389.61 909076
389.82 907003
389.90 906968
389.98 906940
390.05 906774
390.23 905844
394.27 901672
394.28 899901
394.42 899669
394.57 899190
394.59 898336
394.60 896188
394.63 895980
394.63 894907
394.65 894149
394.65 892934
394.77 891946
395.13 891517
395.19 891128
395.26 890761
395.26 890567
395.32 889182
395.34 887509
395.36 887242
409.94 868069
409.95 866480
410.03 866265
410.13 865819
410.25 863179
411.47 861787
411.62 861558
411.68 861499
411.99 861498
416.89 855412
416.91 854664
416.94 852085
416.94 851746
416.94 847796
417.00 847756
417.37 847270
417.59 847222
417.61 846407
417.92 846005
418.11 845760
421.68 845601
421.70 845337
421.82 844949
422.13 841316
422.20 840714
422.45 838566
422.46 837520
422.60 836791
422.80 836273
423.26 836056
423.37 833362
423.37 833137
424.33 832979
523.49 832787
523.58 832062
523.61 831716
523.63 830816
523.63 829676
523.64 828598
523.69 826740
523.75 826466
523.85 825686
523.99 825369
524.03 824982
524.18 824615
524.30 823072
524.41 820608
524.52 820040
524.63 819599
524.90 819411
524.90 819348
524.92 819167
525.14 819134
525.19 816731
525.31 815954
525.42 815291
525.46 814896
525.56 812973
526.17 812927
526.32 812486
526.33 810960
526.35 810325
526.44 809525
526.57 809385
526.62 809329
526.68 808228
527.03 808186
527.25 808108
527.45 805518
527.46 804904
527.52 804096
527.89 803178
527.98 798933
528.07 797715
528.37 797452
528.57 796526
528.71 796522
528.77 793801
528.82 792677
529.05 792676
529.23 792208
529.41 787298
529.62 787040
529.65 786799
529.70 786066
529.71 785904
529.79 785812
530.03 785807
530.13 785273
530.26 784907
530.59 784122
530.71 783887
530.97 783770
531.09 783423
531.18 782683
531.37 781830
531.65 781180
531.66 781022
531.69 780498
533.00 779011
533.07 778305
533.56 776165
533.86 775977
533.86 775437
533.95 774307
534.47 772188
534.63 770369
534.67 769346
534.73 766560
534.78 764107
534.95 761998
534.97 761922
535.09 761265
535.14 760486
536.03 759906
536.07 759253
536.12 759188
536.25 759053
536.67 758593
536.69 758429
536.97 758428
537.12 758351
537.30 758195
537.66 756928
537.67 756766
537.80 755517
537.90 755509
537.99 754580
538.08 754462
539.04 753901
539.14 753079
539.62 753057
539.63 752978
539.79 752340
539.80 752239
539.85 751654
539.87 750605
539.90 750297
540.17 746739
540.38 745912
540.57 744999
540.67 744348
541.39 744098
541.44 743864
541.58 743483
541.91 743292
542.43 740364
542.53 739246
542.58 739082
542.73 738210
542.73 737823
542.76 736888
542.78 736648
543.04 736265
543.13 736261
543.20 736078
543.41 736002
544.81 735835
545.17 734460
545.62 732873
545.62 732378
546.20 732241
548.96 732226
549.06 732064
549.26 731637
550.20 731315
550.39 730889
551.09 730471
551.22 730231
553.09 728345
553.29 727854
553.66 727713
553.99 726942
554.54 726508
555.09 726486
555.57 725458
557.37 723932
557.78 723155
558.09 722961
559.41 722099
559.74 721931
559.85 721906
560.31 721623
560.51 721336
561.56 720998
561.78 720587
563.22 720197
563.53 719730
564.47 719011
564.69 718907
567.09 718726
567.27 718573
567.47 717848
567.50 717695
567.90 717394
567.92 717358
568.07 717316
568.26 717180
569.84 717128
570.68 716835
574.59 714681
574.92 713147
574.97 713132
575.95 712780
576.43 712759
577.27 712702
578.04 712545
579.24 710764
579.32 710718
581.20 710332
581.55 708825
584.59 708756
584.80 708708
584.80 707627
584.83 707353
585.30 704203
586.40 704067
589.22 703619
589.53 703319
589.69 702896
590.28 701883
590.61 701606
591.19 701120
591.65 700696
593.99 700491
594.52 700261
595.95 699617
596.22 699455
596.43 698676
599.85 697803
600.12 697485