0.00 7041290
0.00 7036251
0.01 7007350
0.01 6992068
0.01 6961278
0.01 6834459
0.01 6824180
0.02 6785941
0.02 6784887
0.02 6781030
0.02 6777410
0.02 6755559
0.02 6736562
0.03 6730051
0.03 6720795
0.03 6716755
0.03 6713494
0.04 6629002
0.04 6628992
0.04 6621721
0.19 6619463
0.19 6609719
0.20 6596220
0.20 6588194
7.34 6581427
7.35 6574447
7.37 6572282
7.37 6570873
7.37 6558830
13.04 6546458
13.05 6542167
13.05 6534578
13.05 6509924
13.15 6503472
13.16 6490339
13.16 6474581
13.16 6466399
13.16 6463490
13.17 6450117
13.18 6449090
13.18 6404352
13.18 6395570
97.43 6355336
146.84 6347657
146.84 6283878
146.85 6264042
146.85 6257853
146.85 6248835
146.86 6226586
146.86 6226297
146.87 6171621
146.87 6107954
146.87 6104834
146.87 6099179
146.91 6095667
146.91 6088341
146.91 6083817
146.92 6080642
146.92 6074521
146.92 6070358
146.92 6048288
146.92 6042687
146.99 6040074
146.99 6016472
146.99 6013105
147.02 6004327
147.02 6001636
147.06 5991576
147.06 5990444
147.06 5977899
147.06 5973920
147.06 5972517
147.07 5969940
147.07 5962112
147.08 5942949
147.08 5933365
147.09 5894537
147.10 5886996
177.11 5868455
177.11 5858241
177.12 5772416
177.12 5748644
177.12 5730994
177.13 5730199
177.13 5729755
177.14 5728192
177.14 5725026
177.15 5693941
177.15 5691558
177.15 5651542
177.15 5639319
177.15 5625862
177.16 5619272
177.16 5614736
177.16 5612569
177.17 5589816
177.17 5570013
177.17 5564936
177.17 5540068
177.17 5536967
177.17 5457412
177.17 5457173
177.21 5452026
177.22 5436066
177.22 5436015
177.22 5423239
177.23 5386234
177.23 5345123
177.23 5332389
177.23 5332165
177.23 5295643
177.24 5274624
177.24 5259072
177.24 5256377
177.24 5248642
177.25 5225219
177.25 5221398
177.25 5221030
177.26 5220285
177.27 5215958
177.27 5094876
177.27 5078499
177.28 5075017
177.28 5073094
177.28 5070263
177.34 5064389
177.35 5050701
177.35 5041139
177.35 5023184
177.36 5015727
177.40 4989616
177.40 4983370
177.40 4982065
177.50 4913176
177.51 4906443
177.52 4896192
177.58 4856437
177.58 4853376
177.58 4830060
177.60 4828374
177.60 4736174
177.61 4730337
177.67 4704447
177.68 4683822
177.68 4679402
177.71 4656161
177.71 4637835
177.71 4636693
177.71 4633174
177.73 4602888
177.74 4602333
177.74 4601492
177.74 4589441
177.75 4549035
177.76 4548223
177.76 4538047
177.76 4534954
177.77 4512038
177.83 4508277
177.83 4505500
177.83 4499734
177.83 4498461
177.84 4418260
177.85 4390418
177.98 4389746
177.99 4389623
178.00 4359770
178.01 4354156
178.01 4353517
178.01 4337859
178.02 4334912
178.02 4334833
178.03 4334401
178.04 4331475
178.07 4323432
178.07 4320123
178.07 4288878
178.08 4280449
178.09 4276017
178.10 4275858
178.11 4270076
178.11 4249519
178.12 4242832
178.12 4221657
178.13 4212283
178.17 4204514
178.17 4202430
178.17 4196317
178.19 4178393
178.20 4174730
178.20 4171475
178.20 4167972
178.26 4167778
178.26 4162220
178.27 4161005
178.27 4160547
178.33 4160544
178.33 4159283
178.34 4159175
178.34 4152627
178.34 4144224
178.34 4143407
178.35 4139890
178.42 4138399
178.44 4130362
178.45 4127865
178.45 4111763
178.45 4111530
178.45 4096980
178.46 4074305
178.49 4062711
178.88 4061924
178.90 4045654
178.91 4037146
178.91 4031884
178.91 4028573
178.92 4020858
178.96 4018450
178.96 4017427
178.97 4015346
178.97 3991424
178.97 3987675
178.98 3972681
178.98 3968101
178.98 3967984
178.99 3967547
179.00 3959205
179.01 3948051
179.03 3940390
179.03 3915908
179.03 3915188
179.04 3908607
179.05 3858343
179.07 3855917
179.07 3854715
179.08 3847293
179.09 3823431
179.11 3822793
179.12 3821895
179.12 3821776
179.12 3819269
179.13 3787455
179.24 3783670
179.24 3781710
179.36 3744934
179.37 3744729
179.38 3741793
179.38 3710682
179.38 3708139
179.42 3706682
179.42 3685218
179.43 3684780
179.43 3681964
179.43 3677252
179.48 3673728
179.48 3672224
179.49 3670683
179.50 3656907
179.53 3637781
179.76 3588326
179.82 3564133
179.83 3562029
179.83 3559007
179.83 3536958
179.89 3526439
179.91 3510214
179.91 3507974
179.93 3476107
179.93 3475825
179.94 3467787
179.94 3467221
180.00 3460752
180.00 3449637
180.01 3448787
180.02 3444535
180.07 3440150
180.10 3425023
180.11 3418997
180.11 3407478
180.11 3404272
180.11 3403855
180.12 3403820
180.12 3395263
180.17 3387801
180.18 3386840
180.27 3377308
180.28 3373564
180.28 3370734
180.29 3369345
180.29 3355807
180.30 3355246
180.30 3352449
180.31 3346104
180.32 3338261
180.32 3337665
180.32 3336534
180.33 3336262
180.33 3336090
180.35 3274340
180.35 3253679
180.60 3240768
180.61 3239641
180.61 3238986
180.63 3232238
180.86 3230199
181.28 3221116
181.28 3219389
181.33 3212680
181.37 3211048
181.37 3205485
181.40 3204712
181.40 3191838
181.55 3187388
181.55 3187146
181.56 3180470
181.56 3175033
181.60 3171820
181.60 3164269
181.61 3162940
182.49 3161597
182.53 3155090
182.67 3149835
182.67 3143854
182.74 3139523
182.74 3124955
182.76 3122841
182.76 3120719
182.77 3099180
182.78 3093798
182.78 3077373
182.78 3074692
182.80 3074442
182.85 3068009
182.85 3056863
182.85 3056484
182.86 3051845
182.90 3049490
182.91 3040048
182.92 3039362
182.93 3036987
182.93 3036653
183.07 3033710
183.41 3032434
183.42 3032354
183.42 3029279
183.47 3028978
184.18 3025731
184.18 3025173
184.19 3021705
184.20 3021043
184.20 3019845
184.20 3011986
184.21 2959852
184.22 2952921
184.28 2911637
184.29 2908927
184.29 2907126
184.33 2877592
184.34 2877137
184.37 2872593
184.40 2872552
184.40 2863579
184.41 2863295
185.98 2854948
185.99 2840123
186.32 2833900
186.33 2822558
186.35 2820468
186.35 2819024
186.38 2814617
186.38 2795649
186.39 2784276
186.43 2764696
186.45 2754802
186.47 2754365
186.50 2750670
186.50 2746365
186.50 2731224
186.59 2727008
186.60 2724402
186.62 2718990
186.64 2717909
186.64 2717084
186.64 2716738
186.64 2715402
186.64 2714922
186.68 2710903
186.68 2704854
186.69 2704158
186.69 2703829
186.69 2703428
186.70 2700442
186.71 2698816
186.79 2689720
186.81 2680258
186.82 2679374
186.82 2676551
186.83 2669041
186.83 2654136
186.83 2650362
186.84 2649777
186.88 2645925
186.91 2632106
186.91 2616555
186.92 2616389
187.09 2613093
187.10 2611722
187.10 2611701
187.16 2611182
187.17 2609155
187.18 2609028
187.19 2608327
187.19 2607481
187.20 2602981
187.21 2592415
187.21 2592039
187.21 2584491
187.24 2568449
187.24 2566250
187.24 2558613
187.24 2544926
187.25 2535566
187.25 2531532
187.26 2528985
187.27 2524341
187.27 2522903
187.28 2520598
187.31 2492762
187.33 2473069
187.33 2472423
187.33 2472379
187.42 2471406
187.43 2471174
187.44 2467307
187.45 2461214
187.59 2451210
187.88 2450277
187.88 2447766
187.88 2446215
187.90 2445993
189.04 2441730
189.06 2438784
189.06 2436786
189.12 2435929
189.13 2427397
189.14 2425202
189.69 2424094
189.69 2418310
189.70 2417258
189.70 2415771
189.72 2412358
189.73 2407475
189.75 2406090
189.76 2402925
189.77 2402463
189.78 2395759
189.79 2388159
189.79 2375458
189.90 2373928
189.90 2372900
189.90 2372251
189.92 2371164
189.93 2363791
189.93 2360505
189.93 2357863
189.94 2340486
189.95 2339310
189.97 2338633
189.97 2327167
189.98 2324684
189.98 2323797
189.99 2320977
189.99 2310403
190.01 2309781
190.03 2308746
190.22 2307231
190.23 2306750
190.23 2303818
190.24 2302014
191.10 2298298
191.13 2289631
191.58 2288457
191.59 2284555
191.60 2279323
191.60 2277306
191.61 2276753
191.61 2274286
191.62 2272101
191.62 2270151
191.71 2267943
191.72 2267475
191.73 2263327
191.76 2263020
192.54 2249642
192.54 2246371
192.54 2244090
192.54 2242210
192.55 2241434
192.56 2237031
192.56 2222229
192.57 2210750
192.57 2194323
193.27 2194268
193.27 2191627
194.99 2188565
195.00 2184158
195.02 2183501
195.18 2174793
195.29 2173393
195.29 2167901
195.30 2163145
195.30 2159258
195.31 2158830
195.33 2137204
195.33 2131292
195.33 2127650
195.35 2126646
195.35 2108689
195.36 2101692
195.36 2096274
195.37 2095497
195.59 2092402
195.60 2087940
195.61 2086175
195.63 2085922
195.64 2081551
195.95 2078246
195.97 2073682
196.09 2071948
196.09 2063287
196.11 2063268
196.13 2058446
196.13 2058102
196.14 2056061
196.14 2052139
196.53 2037097
196.53 2032831
196.53 2032594
196.54 2029606
196.56 2028925
196.58 2024073
196.61 2021849
196.62 2019250
196.64 1998823
196.67 1998648
196.68 1978841
196.76 1976990
196.78 1974208
197.14 1969853
197.15 1967187
197.16 1962919
197.16 1962798
197.17 1962212
197.19 1961042
197.31 1960392
197.31 1958517
197.31 1954752
197.33 1940387
197.34 1937222
197.34 1933500
197.34 1933297
197.35 1931983
197.37 1930038
197.40 1929754
197.65 1927070
197.66 1925528
197.67 1923725
197.68 1919520
197.68 1919434
197.68 1912844
197.69 1911945
197.87 1905038
239.32 1894899
239.44 1892635
239.45 1892584
239.46 1891850
239.46 1891627
239.48 1890297
239.51 1879975
239.52 1879833
239.55 1877282
239.55 1876076
239.56 1873942
239.57 1871834
239.58 1861115
239.60 1859559
239.61 1858102
239.61 1858101
239.65 1857394
239.67 1856154
239.68 1854461
239.71 1852858
239.73 1849572
239.77 1848404
239.79 1838394
239.81 1831326
239.81 1831124
239.83 1829530
239.83 1828705
239.84 1828480
361.81 1826119
361.82 1821066
361.82 1817282
361.84 1813345
361.84 1793620
361.85 1787622
361.85 1787162
361.91 1776798
362.00 1776587
362.07 1772755
362.08 1772064
362.08 1771926
362.12 1765593
362.17 1763104
362.25 1759316
362.26 1725465
362.31 1721591
362.31 1720219
362.32 1717295
362.34 1715856
362.35 1713864
362.35 1713613
362.37 1702360
362.40 1697533
362.41 1685840
362.42 1685646
362.44 1682975
362.47 1682774
362.50 1681628
362.52 1676401
362.53 1676159
362.55 1668779
362.57 1668400
362.59 1660956
362.60 1652609
362.61 1651774
362.66 1651396
362.67 1647701
362.68 1646335
362.71 1639934
362.71 1639171
362.78 1638738
362.79 1637840
362.80 1636902
362.80 1625956
362.82 1624220
362.82 1623940
362.82 1618354
362.85 1594947
362.87 1593410
362.88 1590452
362.95 1588320
362.99 1585164
363.02 1584076
363.04 1581247
363.05 1578865
363.07 1572824
363.25 1570144
363.36 1569310
363.41 1569203
363.43 1566542
363.47 1566095
363.50 1565317
363.55 1558609
363.69 1556600
363.73 1555683
363.80 1555242
363.84 1555054
363.89 1554365
363.95 1554300
363.96 1554263
364.11 1549588
364.12 1549555
364.13 1548689
364.13 1545564
364.22 1544689
364.26 1544488
364.29 1542235
364.30 1528228
364.35 1527124
364.35 1523721
364.41 1515592
364.47 1515396
364.68 1514622
364.76 1513267
364.91 1512569
364.92 1512356
364.93 1512295
365.68 1508326
365.69 1508231
365.70 1505414
365.72 1493121
365.83 1489753
366.00 1489407
366.01 1488784
366.05 1484042
366.07 1483662
366.09 1480998
366.20 1480846
366.32 1479334
366.35 1477232
366.52 1476695
366.52 1474623
366.57 1474501
366.58 1473540
366.59 1467103
366.65 1466672
367.01 1464503
367.13 1464232
367.26 1455204
367.27 1448794
367.31 1445295
367.34 1434241
367.41 1422519
367.42 1422505
367.57 1419485
367.75 1416537
367.76 1415768
367.79 1412730
367.79 1409237
367.80 1408130
367.83 1407856
367.88 1407704
368.16 1406316
368.21 1402590
368.31 1402400
368.31 1400345
368.32 1398805
368.36 1398441
368.41 1397675
368.54 1395243
368.60 1394937
368.61 1394212
368.63 1385167
368.76 1384824
368.88 1379782
368.88 1378683
368.93 1376609
368.98 1374530
369.06 1372252
369.08 1372065
369.41 1370857
369.41 1365819
369.48 1364718
369.52 1362801
369.52 1362789
369.64 1362650
369.70 1360294
369.71 1359842
369.72 1358179
369.74 1354564
370.31 1352657
370.40 1351007
370.48 1350133
370.59 1349084
370.64 1348927
370.78 1348719
370.86 1348416
370.89 1348022
370.90 1347139
370.95 1346677
371.00 1346565
371.10 1345710
371.14 1343098
371.15 1342868
371.17 1342287
371.25 1341746
371.25 1340463
371.27 1338450
371.30 1338316
371.41 1330480
371.53 1329724
371.57 1328866
371.59 1325259
371.66 1325148
371.69 1323449
371.71 1322515
371.78 1322409
371.79 1299756
371.96 1298584
372.09 1297501
372.10 1297293
372.13 1297016
372.17 1285534
372.24 1280156
372.25 1279315
372.35 1279133
372.40 1278140
372.64 1277620
372.70 1276813
372.72 1276685
372.77 1274507
372.82 1271362
373.10 1269844
373.16 1267696
373.34 1266477
373.43 1266165
373.50 1266067
373.70 1265283
373.71 1264127
373.73 1260224
373.75 1231955
373.75 1229853
373.84 1229331
373.85 1226971
373.88 1226070
373.98 1224429
374.22 1219188
374.31 1217858
374.37 1217830
374.39 1217816
374.82 1215684
374.93 1212959
375.28 1204393
375.76 1202052
375.94 1200048
376.13 1197717
376.18 1197190
376.67 1194058
376.68 1192429
376.72 1192358
427.10 1191578
427.13 1190954
427.22 1185458
427.30 1185339
427.45 1182583
427.51 1182342
427.74 1180026
427.74 1179362
427.76 1177338
427.77 1176811
427.78 1174663
427.90 1171777
428.08 1171540
428.14 1171398
428.16 1171053
428.21 1170869
428.22 1170823
428.27 1169696
428.36 1169390
428.36 1169328
428.42 1168846
428.47 1168651
428.56 1167253
428.57 1166029
428.61 1164724
428.65 1163091
428.77 1162772
428.77 1162579
428.80 1162165
428.82 1162155
428.83 1161702
428.84 1158950
428.91 1158645
429.06 1157942
429.07 1157503
429.26 1156770
429.51 1155044
429.57 1154621
429.67 1154165
429.70 1153926
429.71 1152537
429.77 1144929
429.95 1140133
429.98 1139639
430.01 1138935
430.37 1138054
430.50 1137333
430.52 1135534
430.56 1135487
430.61 1133361
430.63 1130874
430.79 1127773
431.21 1121432
431.25 1108797
431.70 1108547
431.73 1107382
432.44 1107086
432.48 1107047
432.52 1105396
432.60 1102884
432.64 1100445
432.69 1100376
433.13 1099665
433.19 1099287
433.40 1098364
433.43 1097791
433.86 1097725
433.95 1061277
434.10 1060714
434.25 1060440
434.28 1058833
434.28 1057584
434.31 1057489
434.48 1053394
434.49 1052707
434.57 1052676
434.62 1050122
434.99 1046633
435.70 1039638
435.80 1024791
436.08 1014053
436.13 1013848
436.61 1013794
436.68 1013238
436.71 1011775
436.76 1011352
436.92 1011183
436.95 1009862
436.97 1009303
436.98 999105
437.13 998916
437.17 995616
437.18 992620
437.26 990046
437.40 989383
437.42 988315
437.60 987722
437.78 986173
437.79 984036
437.85 981151
438.22 979462
438.24 979156
438.27 979031
438.30 965576
438.45 964123
438.64 963517
438.80 962857
439.08 959950
439.11 959351
439.13 959320
439.22 959024
439.25 958107
439.40 957743
439.69 956528
439.98 956466
439.99 955240
440.00 954457
440.02 952810
440.27 952587
440.33 952515
440.33 951367
440.34 950911
440.40 950078
440.60 948983
440.98 948960
441.29 948718
441.64 947208
441.69 947160
441.86 946989
441.89 938035
442.05 936186
442.08 935496
442.10 934559
442.28 933767
442.31 933560
442.32 931640
442.72 930997
442.74 930199
443.09 929022
443.12 926428
443.14 925092
443.14 923853
443.38 923576
443.51 923350
443.66 922365
443.68 922238
443.69 922237
443.97 919789
443.98 919401
444.19 915769
445.46 915520
445.75 915406
446.07 914166
446.19 914135
446.20 913434
446.30 912572
446.43 911375
446.58 911274
446.95 910259
446.99 910133
447.38 909931
447.42 909626
447.43 909068
447.49 908991
447.65 906212
447.79 904784
447.95 904578
449.52 903685
449.83 902857
449.97 900799
450.05 899912
450.09 899852
450.25 899568
450.31 899541
450.50 898741
450.68 898344
450.70 895893
450.74 895691
451.04 893950
451.10 875350
451.43 869235
451.44 850016
451.59 849631
451.72 848778
451.82 847689
453.56 847318
453.60 846898
453.60 843688
453.72 843246
454.10 843041
454.17 842502
455.70 836867
455.73 834575
455.94 834209
456.01 833805
456.04 833596
456.13 830560
456.13 830403
456.21 826846
456.23 826680
456.48 826485
457.26 825871
457.38 825399
457.46 823666
457.64 823353
457.79 823247
458.04 821287
458.14 820552
458.33 820523
458.89 819864
458.90 818371
459.28 816940
461.20 815930
461.32 815631
461.44 814751
461.67 812842
461.76 812814
462.08 812133
462.11 812074
462.12 811334
462.50 809402
462.55 808519
462.98 807928
464.18 806849
464.54 805948
464.56 804646
464.76 804368
465.57 803945
466.25 803524
466.47 802785
467.09 802221
467.52 802128
467.65 800896
468.27 798795
471.26 796537
471.50 796343
471.53 795606
471.67 794012
471.68 793906
472.26 793148
472.40 792198
472.77 790145
473.13 789633
473.32 786584
473.52 786284
473.79 786137
473.85 784624
482.14 780010
483.00 779716
483.31 778667
483.69 778416
485.22 778368
485.25 777719
485.54 777157
485.95 777050
486.03 776890
486.68 776658
486.68 776224
486.95 774683
486.99 774397
489.25 773111
489.69 773061
489.83 773006
490.05 770940
490.27 770590
490.37 770099
490.53 769886
491.09 758154
491.17 757752
491.33 757389
491.59 757115
491.98 752909
492.34 752522
493.88 751247
494.02 751149
494.30 750671
495.04 749847
495.35 747699
498.07 746946
498.17 746705
498.18 745956
500.21 745949
500.29 745261
500.36 743950
500.60 743394
500.65 743284
500.77 742408
503.03 742306
503.60 742159
503.79 741912
504.34 741782
504.52 740575
504.74 740438
504.81 740320
505.08 739691
505.09 739690
505.19 739411
505.35 738887
506.54 738170
506.88 738058
508.36 737533
509.49 737493
517.20 736384
517.32 736361
517.60 735584
517.72 734611
518.15 733834
518.97 733780
519.44 733578
520.03 732505
520.03 732241
520.29 731733
520.42 731361
536.54 729877
536.83 729789
536.98 729516
537.23 729427
537.76 729342
537.88 728656
538.91 728362
539.03 728030
539.11 727944