0.00 7140191
0.01 7117747
0.28 7095675
0.28 7091210
0.29 7055537
0.38 7047259
0.38 7035627
0.39 7028193
0.42 7027558
0.42 7022806
0.42 6993844
0.43 6918560
0.45 6915385
0.47 6898360
0.47 6885377
0.47 6882425
0.48 6880445
0.48 6877831
0.48 6857585
0.48 6853788
0.49 6786024
0.49 6768140
0.49 6764215
0.49 6756491
0.49 6755962
0.49 6754765
0.50 6731523
1.78 6676207
1.79 6672062
1.79 6666503
3.95 6620700
4.18 6611073
4.18 6600943
4.19 6598005
4.19 6547725
4.19 6477304
4.20 6475719
34.26 6450172
34.29 6445323
34.29 6428907
57.61 6426088
57.62 6421228
57.62 6420032
57.65 6378572
57.65 6369900
57.65 6364915
57.66 6360217
455.68 6354073
455.69 6345561
455.69 6343331
455.69 6339831
455.69 6324083
455.69 6323759
455.70 6323685
455.70 6323421
455.70 6321924
455.70 6321832
455.70 6319837
455.71 6314386
455.71 6313803
455.71 6313801
455.71 6233891
455.71 6222261
455.72 6219002
455.72 6212368
455.72 6204255
455.73 6195259
455.73 6194569
455.73 6171215
455.74 6170873
455.74 6166071
455.74 6152175
455.75 6151454
455.75 6142661
455.75 6123733
455.76 6106008
455.77 6076558
455.77 6076531
455.78 5986200
455.78 5985699
455.78 5979478
455.79 5944346
455.79 5921620
455.79 5915632
455.80 5912569
455.81 5872321
455.81 5866515
455.82 5836698
455.82 5828299
455.82 5815040
455.82 5808471
455.82 5806695
455.83 5804442
455.83 5770210
455.83 5769365
455.83 5767797
455.84 5680703
455.84 5678728
455.85 5676277
455.86 5673186
455.86 5667511
455.87 5643501
455.87 5617641
455.88 5600818
455.88 5550182
455.89 5545738
455.89 5545716
455.89 5536601
455.90 5517328
455.90 5516364
455.90 5512915
455.90 5507453
455.91 5473292
455.92 5471081
455.92 5465886
455.92 5458258
455.93 5458036
455.94 5432415
455.94 5426230
455.94 5420131
455.94 5411218
455.95 5409876
455.96 5397387
455.96 5390322
455.97 5386539
455.97 5380856
455.97 5371674
455.98 5367414
455.99 5351947
456.00 5350534
456.00 5349476
456.00 5343535
456.00 5315542
456.01 5312850
456.02 5290919
456.03 5289509
456.03 5286045
456.03 5273781
456.03 5272596
456.04 5271475
456.04 5253747
456.05 5250656
456.05 5246571
456.05 5235576
456.06 5233020
456.06 5230098
456.07 5228760
456.07 5225866
456.07 5225429
456.10 5223064
456.11 5214515
456.12 5205742
456.12 5201980
456.12 5167728
456.13 5158940
456.13 5157999
456.13 5153945
456.14 5150687
456.14 5149584
456.15 5145496
456.15 5145440
456.15 5126659
456.16 5125740
456.16 5123839
456.17 5121580
456.17 5119860
456.17 5096028
456.17 5078216
456.18 5077675
456.18 5069888
456.19 5047646
456.19 5025763
456.19 5007431
456.20 5006264
456.20 5000939
456.20 4999757
456.20 4927945
456.23 4927888
456.23 4917676
456.23 4841835
456.24 4836856
456.24 4832535
456.24 4794094
456.24 4762238
456.26 4761485
456.27 4759872
456.44 4748155
456.45 4731953
456.45 4718500
456.45 4717178
456.45 4717093
456.45 4712091
456.46 4679560
456.47 4677559
456.48 4677077
456.49 4675542
456.49 4674291
456.49 4657066
456.50 4656833
456.50 4649688
456.50 4644996
456.51 4642246
456.52 4641153
456.53 4621580
456.53 4619985
456.53 4619250
456.54 4597781
456.54 4596756
456.55 4593949
456.55 4592692
456.56 4591641
456.56 4587062
456.56 4577294
456.57 4572235
456.58 4571567
456.59 4570434
456.59 4569879
456.60 4567790
456.61 4555281
456.61 4553738
456.62 4551495
456.62 4521349
456.62 4518207
456.63 4514183
456.63 4495198
456.64 4495172
456.64 4494210
456.65 4476914
456.65 4466272
456.65 4446470
456.66 4446182
456.66 4445466
456.67 4439045
456.68 4437930
456.68 4437003
456.68 4422937
456.69 4416588
456.71 4416527
456.72 4412355
456.73 4403351
456.74 4342822
456.74 4330785
456.74 4329964
456.74 4329014
456.75 4278568
456.77 4269787
456.77 4269546
456.77 4241959
456.77 4241752
456.78 4239618
456.79 4228478
456.79 4129477
456.80 4047124
456.80 4035351
456.82 3982201
456.82 3980065
456.82 3978918
456.83 3970516
456.83 3956513
456.84 3955704
456.85 3952944
456.86 3952642
456.86 3945031
456.88 3941782
456.91 3935156
456.91 3929549
456.92 3903087
456.95 3891011
456.95 3883914
456.95 3879752
456.96 3871948
456.96 3867351
456.97 3867323
456.97 3852095
456.98 3850943
456.98 3845914
456.98 3843508
456.99 3841420
456.99 3837233
457.00 3834788
457.01 3832359
457.02 3825123
457.02 3818379
457.04 3816388
457.05 3789919
457.06 3781461
457.06 3781315
457.07 3771826
457.07 3759351
457.07 3752376
457.08 3751157
457.08 3747729
457.09 3743574
457.09 3718813
457.11 3712029
457.12 3697401
457.12 3696349
457.13 3687409
457.14 3681530
457.14 3664528
457.18 3664070
457.19 3661942
457.19 3661897
457.20 3657014
457.20 3651315
457.22 3650980
457.22 3605005
457.22 3600840
457.22 3575297
457.23 3573855
457.24 3567758
457.24 3567511
457.24 3560606
457.25 3558849
457.25 3557667
457.26 3556681
457.26 3556017
457.28 3555467
457.29 3553761
457.29 3526305
457.30 3505553
457.30 3500913
457.31 3411206
457.31 3394744
457.31 3382976
457.34 3377124
457.38 3376423
457.40 3367949
457.40 3355230
457.40 3348462
457.41 3335346
457.41 3329418
457.42 3328138
457.43 3326047
457.43 3303973
457.43 3299417
457.43 3297133
457.44 3295801
457.46 3290132
457.46 3289608
457.47 3289317
457.47 3288966
457.48 3286710
457.51 3274246
457.51 3272017
457.53 3271842
457.53 3266820
457.55 3265676
457.55 3265061
457.56 3207521
457.56 3204892
457.57 3204879
457.58 3191577
457.60 3190313
457.60 3146543
457.61 3144758
457.62 3140948
457.63 3137666
457.65 3137659
457.67 3137541
457.68 3132768
457.69 3109557
457.70 3109503
457.72 3102456
457.73 3091635
457.75 3087202
457.75 3086083
457.77 3078365
457.79 3075839
457.79 3072167
457.80 3057726
457.80 3055827
457.83 3055226
457.84 3053090
457.87 3048385
457.92 3045298
457.93 3043857
457.95 3043469
457.97 3011367
457.97 3010028
457.99 3008577
458.01 2977018
458.01 2975232
458.02 2968441
458.03 2960853
458.03 2959646
458.04 2954482
458.04 2953660
458.05 2953509
458.06 2949771
458.06 2944744
458.07 2942654
458.08 2942332
458.08 2935497
458.09 2931064
458.10 2924394
458.10 2922439
458.11 2919789
458.12 2919508
458.14 2918084
458.15 2917210
458.16 2915594
458.16 2915361
458.16 2911586
458.17 2911422
458.18 2910165
458.18 2904078
458.21 2903499
458.22 2873152
458.22 2871602
458.24 2871398
458.26 2819067
458.27 2802493
458.28 2797757
458.28 2780220
458.29 2779394
458.30 2776465
458.31 2775632
458.32 2767828
458.33 2760714
458.34 2757876
458.35 2746912
458.35 2746681
458.35 2746293
458.39 2737650
458.40 2736520
458.43 2734670
458.46 2732521
458.49 2726102
458.58 2725882
458.61 2725370
458.64 2724883
458.68 2720007
458.68 2717295
458.70 2703779
458.72 2703423
458.72 2701621
458.72 2701520
458.73 2698572
458.74 2687954
458.80 2687551
458.81 2686459
458.82 2679729
458.84 2604776
458.87 2604400
458.90 2588194
458.93 2584154
458.96 2584151
458.96 2584146
459.00 2579801
459.03 2578858
459.04 2578718
459.04 2549752
459.05 2546181
459.12 2537069
459.13 2535629
459.14 2534360
459.15 2531839
459.15 2528795
459.16 2522370
459.16 2488560
459.20 2478721
459.21 2478135
459.30 2403740
459.31 2376577
459.33 2376562
459.34 2375248
459.36 2373830
459.36 2370176
459.40 2367177
459.40 2279777
459.41 2279147
459.42 2278304
459.50 2278149
459.53 2276400
459.53 2274629
459.58 2267996
459.59 2264859
459.62 2261977
459.63 2260560
459.64 2251466
459.66 2246700
459.68 2237322
459.70 2236533
459.78 2217778
459.78 2217428
459.80 2211882
459.83 2210988
459.83 2210933
459.84 2194367
459.89 2193240
459.90 2190531
459.93 2189647
459.93 2153414
459.94 2153408
459.95 2152767
459.97 2152097
459.99 2149008
460.05 2134062
460.07 2133838
460.07 2128777
460.09 2128643
460.12 2127264
460.13 2124297
460.14 2124087
460.14 2123197
460.18 2122215
460.18 2119732
460.21 2117446
460.23 2115575
460.26 2098043
460.30 2095673
460.32 2095409
460.33 2091504
460.36 2084029
460.39 2081016
460.43 2080419
460.44 2079242
460.47 2076862
460.48 2065814
460.51 2064996
460.53 2023821
460.59 2017697
460.60 2006375
460.61 2005946
460.63 1998338
460.65 1998269
460.66 1997606
460.69 1994950
460.71 1991862
460.77 1985214
460.79 1982685
460.80 1978326
460.80 1977828
460.83 1977745
460.85 1974372
460.85 1974148
460.86 1971308
460.86 1958307
460.87 1956655
460.89 1953605
460.90 1908379
460.91 1896790
460.92 1896163
460.95 1894274
460.97 1893764
461.01 1892977
461.01 1891835
461.03 1887405
461.17 1881612
461.17 1879522
461.19 1878961
461.31 1877650
461.33 1877095
461.38 1873353
461.38 1873114
461.45 1872091
461.53 1868510
461.55 1868154
461.58 1867046
461.60 1850276
461.60 1850151
461.62 1849374
461.63 1845002
461.64 1843756
461.66 1839485
461.67 1838015
461.72 1837628
461.73 1835668
461.74 1831383
461.79 1831323
461.83 1830101
461.89 1823452
461.90 1823050
461.93 1822033
461.94 1817525
461.94 1817373
461.96 1815575
461.96 1812496
461.99 1799364
462.05 1792577
462.08 1790152
462.09 1787905
462.15 1787154
462.15 1786962
462.19 1784791
462.19 1784372
462.22 1745516
462.24 1740476
462.27 1740352
462.33 1738657
462.36 1737263
462.40 1736974
462.44 1736123
462.45 1731574
462.48 1731063
462.49 1731025
462.54 1723384
462.57 1723071
462.59 1719653
462.66 1719361
462.72 1714912
462.72 1713872
462.97 1713863
463.00 1707054
463.01 1701797
463.02 1695455
463.03 1687501
463.04 1685319
463.07 1676401
463.09 1670253
463.13 1670231
463.34 1670061
463.35 1669558
463.36 1668942
463.37 1667623
463.39 1665335
463.45 1664817
463.49 1662234
463.50 1658437
463.50 1655325
463.51 1655019
463.53 1654340
463.53 1652770
463.54 1649915
463.62 1646438
463.80 1645578
464.01 1641377
464.08 1633165
464.10 1632812
464.12 1631742
464.16 1625128
464.28 1623917
464.30 1623584
464.33 1623477
464.38 1616078
464.40 1615274
464.83 1614889
464.86 1588653
465.00 1588007
465.04 1587756
465.36 1586060
465.43 1585893
465.48 1584445
465.54 1584110
465.56 1573948
465.61 1573569
465.69 1568752
465.70 1568673
465.74 1567121
465.74 1566827
508.92 1566824
509.08 1566510
509.10 1565933
509.25 1564265
509.26 1558620
509.34 1557685
509.35 1556332
509.40 1554099
509.50 1553715
509.59 1547814
509.71 1546589
509.72 1539931
509.89 1537752
509.89 1536639
509.96 1534766
510.02 1533425
510.06 1531755
510.10 1528744
510.16 1527699
510.19 1524761
510.20 1524170
510.21 1523761
510.26 1521621
510.26 1521421
510.27 1520563
510.28 1518668
510.53 1517882
510.74 1517425
510.78 1516692
510.79 1507148
510.79 1505520
510.93 1504584
510.97 1504580
511.02 1503048
511.03 1502953
511.04 1502935
511.11 1502670
511.13 1501243
511.15 1490429
511.27 1484018
511.27 1477342
511.41 1451073
511.44 1450240
511.50 1448436
511.63 1419789
511.65 1419533
511.66 1419001
511.74 1417913
511.75 1417094
511.75 1416766
511.76 1416682
511.85 1340934
511.89 1328591
511.91 1328477
511.93 1327612
512.11 1327270
512.12 1325613
512.13 1324548
512.18 1324492
512.27 1323835
512.35 1323055
512.36 1322563
512.45 1321833
512.48 1318611
512.55 1317874
512.57 1315842
512.63 1315682
512.82 1312096
512.83 1300331
512.93 1299544
513.25 1297336
513.39 1296310
513.52 1292899
513.56 1292633
513.76 1291903
513.95 1290667
514.02 1290455
514.03 1289239
514.08 1289016
514.10 1288486
514.17 1288163
514.17 1288004
514.21 1284737
514.38 1284322
514.50 1260809
514.57 1260807
514.59 1260283
514.68 1260255
514.70 1255629
515.05 1253811
515.09 1253772
515.33 1251623
515.33 1251617
515.37 1250284
515.38 1250205
515.78 1243276
516.05 1242305
516.06 1237929
516.23 1236042
516.35 1233806
516.70 1231757
516.71 1231379
516.88 1231304
517.04 1231185
517.14 1230184
517.19 1230141
517.43 1229723
517.46 1229242
517.57 1229162
517.78 1225966
517.81 1222184
517.84 1222109
518.07 1222100
518.12 1221875
518.13 1221495
518.15 1212261
518.18 1209060
518.27 1208183
518.46 1205631
518.47 1185385
518.53 1180421
518.74 1178966
518.90 1176836
519.01 1176547
519.02 1176405
519.58 1173466
519.87 1172553
520.15 1172373
520.15 1171074
520.20 1170275
520.25 1170045
520.45 1169888
520.51 1169604
520.65 1168725
520.78 1168384
520.92 1167802
521.01 1166743
521.07 1164990
521.18 1163441
521.21 1160792
521.26 1160342
521.64 1157384
521.66 1157202
521.87 1156758
521.93 1156332
521.94 1154851
522.20 1154615
522.27 1154567
522.34 1152571
522.42 1146578
522.49 1146150
522.52 1145645
522.85 1097416
522.96 1097081
523.04 1093929
523.21 1093726
523.53 1093231
524.23 1082412
524.34 1082057
524.45 1081912
524.61 1080825
524.67 1080211
524.70 1079692
524.91 1078668
525.05 1078254
525.29 1078181
525.42 1077967
525.50 1077249
526.09 1056017
526.16 1053964
526.36 1051561
526.57 1049042
526.83 1048710
526.83 1005355
527.17 1004315
527.24 1003961
527.27 1003949
527.28 1002695
527.33 999570
527.35 999002
527.46 998807
527.53 997201
527.61 993774
527.77 993472
527.82 992598
527.96 992080
527.97 989046
528.09 988720
528.22 987530
528.26 987458
528.66 985917
528.78 985520
528.82 984770
529.06 984401
529.21 982703
529.44 981966
529.45 981793
529.73 980129
529.94 979691
529.99 979515
530.09 979423
530.11 978723
530.69 977988
531.14 977580
531.55 977324
531.63 977228
531.77 976812
532.21 976284
532.31 976080
532.52 975202
532.53 975151
532.78 974861
532.94 974561
533.14 973747
533.31 973319
534.29 970090
534.83 968511
534.83 967288
535.53 967231
535.56 967081
535.76 966884
535.82 966881
535.93 966475
536.05 966421
536.07 964994
536.25 964832
536.36 964219
536.56 964148
536.88 964112
537.14 962860
537.14 962070
537.16 955669
537.35 955212
537.66 954944
537.67 954315
538.24 954160
539.33 954027
539.42 947099
539.47 929391
539.59 929317
539.66 927452
539.84 914834
540.18 913703
540.33 913206
540.63 913049
540.71 912179
540.75 911457
540.87 911407
541.11 911055
541.36 911034
541.44 909751
541.89 909401
542.22 898159
542.66 898028
542.79 897630
543.04 897221
543.20 890174
543.38 883713
544.09 883528
544.43 882171
544.64 879619
544.90 879267
545.07 879174
545.13 879125
545.13 879000
545.54 877677
546.43 877439
546.48 876868
547.11 875797
547.12 869258
547.16 869074
547.50 868615
547.60 867532
547.68 867259
547.80 866091
548.08 865998
548.13 865150
548.67 864904
548.79 864576
548.89 864437
549.13 859773
549.23 859347
549.56 858852
550.22 856232
550.22 854362
550.50 853750
550.69 852367
550.92 852250
551.58 851289
551.61 848495
551.85 847704
551.94 846494
552.27 845817
552.59 841924
553.54 841258
553.65 841149
553.74 840785
553.88 840058
553.92 839899
554.19 839466
554.39 838567
554.68 838408
554.77 837850
554.88 834380
554.94 824023
555.57 823659
555.92 823377
555.92 823139
556.38 822900
556.50 822627
556.65 821932
556.68 821818
557.38 821641
557.46 819896
558.13 816075
558.24 816015
558.46 815426
558.54 815266
558.73 811096
559.05 811002
559.10 809769
559.24 809570
559.42 809508
559.80 808393
560.82 807888
561.02 807636
561.85 806926
561.95 806848
561.98 805612
562.01 805410
562.08 804650
562.95 804384
563.12 797511
563.30 796908
563.78 795313
563.84 795203
563.90 794271
564.27 792811
564.70 791213
565.81 789881
566.41 785823
566.71 785775
567.16 785190
567.18 784729
567.62 781897
571.20 780249
571.22 779086
571.29 778657
572.07 777705
572.13 777555
572.22 776212
572.39 774777
572.53 774704
573.12 774551
573.48 774452
574.52 774338
574.87 774281
575.05 773771
575.44 773702
577.74 772957
578.45 772552
578.96 771910
579.10 770867
579.78 770343
583.83 769587
583.95 768665
585.30 768433
586.75 768230
588.30 767449
588.59 767215
588.82 767039
589.06 766892
589.98 765760
590.22 765575
590.92 765477
591.40 762832
592.15 762434
592.53 761977
593.85 760833
594.64 760472
594.80 760462
595.38 759813
596.13 758433
596.48 757804
598.37 746627
599.80 741242