0.01 6968182
0.01 6964735
0.01 6945323
0.02 6943126
0.03 6934814
0.03 6923437
0.03 6923354
0.03 6920774
0.03 6904604
0.03 6901452
0.03 6898821
0.04 6888229
0.05 6838922
0.05 6837868
0.05 6836936
0.05 6830429
0.06 6793895
0.06 6770134
0.06 6762342
4.27 6759684
4.27 6740236
4.27 6739783
4.27 6736501
4.28 6727410
4.28 6672449
4.28 6634843
4.28 6584216
4.28 6559091
4.28 6558579
4.28 6558301
4.28 6542298
4.29 6511484
4.29 6494684
4.29 6489524
4.29 6485609
4.30 6483046
4.31 6472787
24.33 6471271
24.33 6461228
24.34 6273051
24.34 6244396
155.75 6242378
155.75 6239941
155.75 6236159
155.77 6226815
155.77 6226034
155.77 6225702
155.77 6206233
155.78 6203422
155.78 6186565
155.78 6177319
155.79 6089846
155.79 6064147
179.32 6060377
179.33 6053471
179.33 6035101
179.33 6034758
179.33 6023951
179.34 6000860
179.34 5974671
179.34 5972902
179.34 5927607
179.36 5884405
179.36 5884291
179.36 5883227
179.36 5881175
179.37 5842926
179.38 5831224
179.42 5827333
179.42 5825996
182.58 5824938
184.31 5820285
184.31 5818334
184.32 5805715
184.32 5805701
184.32 5804622
184.32 5802097
184.33 5796934
184.33 5742691
184.33 5741556
184.34 5740569
184.34 5691558
187.59 5671683
187.59 5669428
187.60 5642368
187.60 5638673
187.86 5614809
187.86 5599959
187.87 5562857
187.87 5559588
187.87 5525174
351.55 5516344
351.55 5516084
351.57 5515928
351.57 5515639
351.58 5491841
351.58 5487087
351.58 5479449
351.59 5474696
351.59 5466173
351.60 5442577
351.62 5428067
351.62 5425563
351.63 5425299
351.64 5421006
351.65 5415886
351.65 5415824
351.65 5397917
351.65 5396417
351.65 5395569
351.66 5375397
351.66 5295746
351.66 5274336
351.66 5271040
351.66 5259416
351.67 5256526
351.67 5152933
351.68 5149988
351.68 5138075
351.69 5117176
351.69 5026834
351.70 5024525
351.70 5009160
351.71 4960060
351.71 4958992
351.72 4947072
351.72 4942448
351.73 4938145
351.74 4932155
351.75 4929923
351.75 4925193
351.75 4924974
351.76 4924949
351.76 4910843
351.77 4909613
351.77 4907032
351.77 4899285
351.77 4864255
351.78 4860108
351.79 4842163
351.79 4840682
351.79 4840223
351.80 4839856
351.80 4818626
351.81 4817078
351.82 4792785
351.84 4787608
351.84 4783548
351.84 4772992
351.85 4702764
351.85 4700650
351.85 4690925
351.85 4688464
351.86 4688130
351.86 4682903
351.87 4672327
351.88 4668904
351.88 4668389
351.89 4666110
351.89 4643863
351.89 4602075
351.90 4597645
351.90 4597080
351.91 4596462
351.92 4595993
351.93 4592046
351.94 4590215
351.95 4586031
351.95 4580066
351.95 4528707
351.95 4522258
351.95 4520159
351.96 4516561
351.97 4502703
351.98 4484877
351.98 4478811
351.98 4473722
351.99 4471878
351.99 4468178
351.99 4465070
352.00 4459910
352.01 4457600
352.01 4457543
352.02 4453692
352.02 4445059
352.03 4444352
352.03 4444190
352.04 4440246
352.04 4440000
352.05 4439016
352.05 4435193
352.05 4407440
352.06 4396531
352.07 4388575
352.07 4386961
352.08 4385814
352.08 4384551
352.08 4381478
352.11 4375127
352.12 4373673
352.12 4371365
352.12 4369946
352.13 4347013
352.14 4326804
352.14 4325333
352.15 4318729
352.16 4317633
352.17 4311830
352.18 4298717
352.20 4295570
352.20 4291658
352.22 4247900
352.22 4235060
352.23 4212461
352.23 4200363
352.23 4199509
352.23 4198542
352.23 4190061
352.24 4186975
352.24 4186899
352.25 4182250
352.26 4181963
352.26 4166087
352.27 4165598
352.28 4156811
352.29 4130538
352.30 4127852
352.30 4119005
352.32 4114788
352.32 4114615
352.34 4098776
352.34 4086330
352.35 4068423
352.36 4064239
352.36 4064152
352.36 4064109
352.36 4060482
352.39 4055670
352.42 4050587
352.44 4049864
352.45 4042560
352.46 4014776
352.46 4009531
352.48 4009225
352.48 4006108
352.48 3959150
352.52 3955825
352.54 3954876
352.55 3946491
352.56 3944477
352.58 3937419
352.58 3931531
352.58 3925486
352.60 3923795
352.61 3922401
352.61 3898998
352.68 3895045
352.68 3891333
352.69 3879331
352.71 3879280
352.71 3854369
352.71 3850409
352.72 3849472
352.73 3848633
352.73 3848330
352.75 3845888
352.76 3841484
352.81 3839643
352.81 3838783
352.81 3831012
352.82 3822457
352.83 3807052
352.83 3794286
352.84 3779974
352.85 3776892
352.87 3770233
352.87 3769277
352.87 3761986
352.88 3759252
352.89 3758022
352.89 3757182
352.90 3748907
352.91 3746686
352.92 3742349
352.93 3741088
352.94 3713489
352.94 3709034
352.96 3705355
352.96 3698227
353.00 3696642
353.00 3693413
353.02 3660618
353.02 3657213
353.06 3657055
353.08 3646049
353.09 3640314
353.09 3629568
353.11 3626681
353.11 3617761
353.13 3603934
353.15 3603889
353.15 3601844
353.17 3597138
353.18 3594022
353.18 3585744
353.19 3575937
353.21 3574000
353.23 3569308
353.24 3566783
353.26 3518063
353.26 3507219
353.28 3504037
353.29 3501935
353.29 3501676
353.31 3487115
353.32 3480562
353.32 3478976
353.33 3455390
353.34 3452884
353.37 3449162
353.42 3424892
353.42 3421398
353.44 3421395
353.44 3418970
353.47 3406218
353.54 3404136
353.55 3403234
353.55 3399707
353.56 3397958
353.56 3397544
353.57 3345892
353.58 3343520
353.58 3342419
353.58 3341309
353.60 3337431
353.64 3335685
353.64 3335575
353.65 3335452
353.65 3269269
353.66 3267406
353.68 3263931
353.69 3261630
353.73 3260353
353.78 3259916
353.78 3259250
353.78 3257241
353.81 3255372
353.81 3254225
353.82 3204283
353.83 3201562
353.86 3199831
353.87 3196167
353.90 3183882
353.90 3168486
353.91 3167159
353.92 3147061
353.97 3146895
354.00 3143670
354.00 3106882
354.00 3105002
354.01 3104908
354.02 3103435
354.04 3101970
354.07 3085552
354.08 3082186
354.16 3078783
354.16 3062912
354.16 3059915
354.17 3058686
354.17 3045541
354.23 3041406
354.25 3040664
354.26 2985572
354.26 2977786
354.27 2975372
354.27 2975271
354.29 2972613
354.34 2904942
354.40 2904226
354.41 2903393
354.42 2885600
354.42 2882980
354.43 2880786
354.43 2866880
354.45 2862113
354.46 2861645
354.46 2861022
354.48 2856050
354.49 2854834
354.50 2854439
354.53 2854016
354.55 2853314
354.55 2848785
354.55 2846232
354.58 2830432
354.58 2822473
354.64 2803552
354.65 2799669
354.65 2793409
354.65 2736642
354.67 2735272
354.68 2722496
354.70 2718350
354.71 2712924
354.72 2705706
354.76 2700540
354.81 2699905
354.82 2699470
354.83 2688825
354.84 2688521
354.87 2685427
354.88 2681368
354.90 2674606
354.91 2669580
354.91 2668863
354.93 2661634
354.94 2658514
354.95 2656766
354.95 2655806
354.96 2655531
354.97 2655138
354.98 2637067
355.02 2632829
355.02 2632179
355.03 2631625
355.04 2629472
355.06 2616463
355.12 2608222
355.14 2605913
355.16 2598397
355.17 2566230
355.21 2565053
355.22 2561713
355.22 2545159
355.22 2543752
355.27 2539248
355.28 2495703
355.33 2485835
355.33 2480835
355.33 2480809
355.35 2467988
355.37 2467454
355.47 2465859
355.48 2463399
355.55 2461267
355.57 2461115
355.58 2460967
355.61 2445839
355.61 2445348
355.65 2439208
355.70 2438484
355.72 2422224
355.72 2420572
355.75 2414056
355.81 2411960
355.85 2411005
355.85 2409715
355.85 2402855
355.86 2402755
355.88 2401805
355.91 2400761
355.93 2381258
356.04 2379162
356.05 2373375
356.08 2373301
356.09 2370147
356.25 2369046
356.25 2366918
356.35 2364365
356.35 2359631
356.35 2359489
356.39 2355263
356.39 2348400
356.40 2344120
356.47 2342870
356.50 2341539
356.52 2340947
356.58 2340942
356.59 2340890
356.60 2337155
356.62 2336055
356.62 2332469
356.92 2329355
356.92 2329326
356.93 2326029
356.94 2325876
357.01 2315091
357.02 2310631
357.05 2310626
357.05 2310600
357.06 2309580
357.08 2307147
357.11 2305065
357.27 2301732
357.35 2300961
357.40 2299497
357.41 2291400
357.66 2289594
357.66 2286435
357.67 2286152
357.67 2285649
357.73 2283895
357.77 2283859
357.80 2250478
357.82 2249747
357.82 2249714
357.83 2248255
357.83 2242573
357.83 2241954
357.85 2240904
357.86 2238506
357.87 2229149
357.88 2226488
357.91 2226292
357.91 2226258
357.92 2212653
357.95 2212423
357.95 2212255
357.96 2210702
357.96 2204636
358.00 2199248
358.07 2199145
358.07 2198642
358.08 2195395
358.23 2193369
358.25 2192782
358.36 2174981
358.37 2171972
358.37 2171916
358.39 2170770
358.39 2169605
358.52 2166927
358.52 2162528
358.55 2159311
358.64 2149587
358.64 2148971
358.65 2148679
358.66 2142087
358.76 2140454
358.76 2140390
358.78 2125147
358.79 2124953
358.90 2122763
358.92 2122760
359.00 2122102
359.01 2121305
359.07 2118305
359.08 2118020
359.11 2107348
359.13 2104209
359.16 2102876
359.17 2101826
359.18 2101366
359.20 2101330
359.22 2100390
359.55 2095219
359.62 2090859
359.63 2086517
359.64 2064163
359.68 2063610
359.70 2059269
359.73 2057141
359.86 2056346
359.89 2055433
359.89 2054794
360.15 2053924
360.20 2051130
360.22 2050431
360.22 2049576
360.25 2043077
360.34 2042395
360.42 2033802
360.50 2028112
360.52 2027657
360.84 2027563
360.87 2027486
360.87 1964386
360.90 1959604
360.95 1958807
360.96 1956936
360.97 1953016
361.01 1952227
361.11 1946023
361.41 1930576
361.53 1928510
361.59 1925932
361.64 1925244
361.66 1923817
361.68 1918818
361.71 1914567
361.71 1909782
361.71 1905165
361.83 1897535
361.85 1880450
361.95 1879032
361.97 1873593
362.02 1870221
362.03 1834885
362.03 1834112
362.05 1833200
362.07 1831752
362.16 1824414
362.22 1823511
362.56 1822196
362.62 1822171
362.67 1821607
362.71 1813907
362.78 1813486
362.79 1813464
362.84 1813395
363.10 1780634
363.13 1780520
363.19 1747151
363.19 1745123
363.24 1744900
363.34 1740258
363.41 1740045
363.86 1739691
363.91 1739177
364.40 1738563
364.45 1737945
364.47 1734987
364.50 1733686
364.53 1730337
364.54 1729644
364.55 1724112
364.67 1723106
364.75 1675119
365.16 1630784
365.17 1630290
365.21 1630189
365.25 1628882
365.27 1627502
365.27 1627258
365.31 1624225
365.34 1622701
365.38 1622643
365.41 1620954
365.42 1616910
365.44 1615811
365.49 1615136
365.49 1611601
365.52 1611194
365.56 1610799
365.56 1610797
365.97 1604517
365.98 1603158
365.98 1597307
366.10 1596899
366.12 1590457
366.12 1589799
366.14 1588935
366.14 1584756
366.16 1583392
366.48 1581182
367.99 1580968
367.99 1579848
368.04 1579305
368.11 1573224
368.14 1571402
368.31 1571140
368.39 1566731
368.50 1564946
368.63 1560485
368.78 1557761
368.81 1557024
368.98 1548944
369.09 1545369
369.11 1543040
369.13 1539052
369.13 1537928
370.19 1522156
370.34 1519515
370.37 1515381
370.44 1513806
370.48 1512510
370.52 1512040
370.54 1506498
371.41 1487653
371.53 1486935
371.66 1481605
371.71 1479679
371.77 1478833
371.82 1471215
371.97 1470341
372.01 1469428
372.07 1460125
372.07 1458955
372.08 1458415
372.11 1458202
372.17 1458163
372.19 1455894
373.18 1426580
373.21 1424980
373.26 1424669
373.28 1420621
373.48 1417032
373.53 1414077
373.77 1408590
373.79 1406981
373.81 1404754
373.81 1401746
374.44 1396079
374.49 1395982
374.55 1395572
374.56 1394915
374.59 1390876
374.64 1388840
374.71 1385909
374.93 1382598
374.99 1382328
375.03 1382154
375.20 1380299
375.23 1379634
375.26 1379449
375.33 1378445
375.34 1378277
375.38 1377373
375.84 1376923
376.05 1374844
376.06 1373366
376.06 1372322
376.31 1370598
376.31 1369589
376.32 1369198
376.33 1362452
376.34 1361546
376.44 1360601
376.51 1358585
376.59 1358211
376.70 1357670
376.83 1355719
376.98 1353035
377.02 1352165
377.82 1351304
377.85 1350850
377.94 1348092
378.02 1341974
378.04 1341938
378.25 1341886
378.41 1340871
378.96 1329415
378.99 1327711
379.16 1327104
379.17 1322357
379.29 1322240
379.49 1318985
379.60 1318563
379.78 1317327
379.83 1315223
379.85 1314163
379.87 1312777
379.88 1310839
379.90 1309057
379.91 1291636
379.94 1288860
379.95 1288401
379.97 1287100
380.00 1285401
380.02 1283400
380.05 1276081
380.06 1276013
380.14 1275747
380.28 1274607
380.41 1268135
380.43 1254705
380.45 1254584
380.51 1253896
380.62 1248544
381.99 1241787
382.24 1241663
382.27 1241524
382.29 1238687
382.38 1232468
382.48 1232443
383.05 1231448
383.08 1230489
383.10 1230311
383.15 1230273
383.24 1229128
383.26 1223238
383.28 1223108
383.29 1216171
383.39 1214953
384.34 1214946
384.40 1211806
384.44 1211291
385.00 1210409
385.03 1200704
385.06 1200480
385.08 1200248
385.10 1199255
385.10 1198544
385.13 1197829
385.17 1197286
385.27 1197026
385.32 1193325
385.39 1193026
385.41 1192907
385.43 1192832
385.50 1192424
385.56 1190716
385.57 1190658
385.58 1190530
385.60 1188940
385.65 1188664
385.71 1188097
386.11 1174512
386.17 1168549
386.27 1167782
386.98 1164497
387.03 1164477
387.05 1163907
387.09 1163691
387.13 1159974
387.17 1159631
388.32 1159100
388.33 1155118
388.35 1154638
388.37 1154510
388.86 1139178
388.89 1139030
389.12 1138495
389.15 1136320
389.17 1136015
389.18 1135925
389.21 1131969
389.27 1131410
389.28 1130280
389.59 1127034
389.59 1124470
389.73 1123779
389.75 1121344
389.77 1118448
389.78 1118077
389.81 1099553
389.82 1099240
390.03 1098619
390.05 1098524
393.67 1095335
393.75 1093575
393.75 1090716
393.78 1090340
395.11 1075344
395.21 1074223
395.22 1072076
395.24 1072061
395.28 1071603
395.31 1068041
396.79 1067417
396.97 1063912
397.03 1060301
397.04 1058951
397.04 1058323
397.09 1058085
397.43 1058062
397.49 1055801
397.61 1055206
397.65 1055176
397.77 1053823
399.03 1049536
399.19 1047957
399.29 1047372
399.40 1047042
399.40 1046730
399.53 1046518
400.06 1045853
400.09 1045188
400.10 1045167
400.13 1041836
400.65 1041397
400.92 1040616
400.99 1040262
401.05 1039045
401.09 1037489
401.14 1036361
401.35 1035974
401.37 1034622
401.37 1034269
401.41 1034194
401.42 1033882
401.45 1033830
402.44 1033643
403.34 1031312
403.39 1029376
404.58 1028731
404.59 1027163
404.92 1026782
405.07 1026157
412.69 1025536
412.70 1023093
412.71 1020824
412.75 1020039
413.17 1019966
413.30 1019339
413.32 1016958
413.33 1016301
413.34 1015929
413.70 1014555
413.70 1014118
413.77 1010756
413.86 1010093
413.90 1009089
413.95 1007925
414.00 1003809
414.03 1002854
414.05 1001555
414.39 999752
414.49 999616
414.59 999504
414.61 998863
414.65 998140
415.84 995757
415.84 995181
420.47 988286
420.60 986966
420.67 986454
420.67 985830
420.80 985240
420.95 984477
420.97 983178
421.21 982063
421.24 981438
421.25 981145
421.33 981050
421.49 976166
421.49 976160
421.55 975774
421.68 975750
421.68 974359
421.71 973866
422.53 971619
422.64 971432
423.34 970984
423.87 968940
423.93 968082
424.19 967712
424.26 966079
424.26 963623
424.30 962971
424.31 962854
424.43 961728
424.48 961016
424.79 959879
424.79 959790
424.88 959587
426.01 959297
426.04 956601
428.30 954697
428.30 954324
429.60 948726
429.83 947412
429.83 946703
429.84 946619
430.00 946218
430.27 943832
430.28 943601
431.65 943202
431.88 943194
432.01 940713
432.07 938286
432.17 938189
432.23 938034
432.31 937792
432.32 937005
432.43 934402
434.16 933313
434.28 932898
434.42 931316
434.79 931190
436.86 930648
436.93 927265
437.51 926298
437.53 925388
437.62 924468
437.63 924079
437.70 921524
437.74 921501
437.89 920748
438.12 919940
438.14 919414
438.19 918943
438.26 918147
438.60 918049
438.73 916279
438.85 914857
438.90 914358
439.66 914226
439.69 913297
440.30 911655
440.33 911076
440.41 907530
441.14 903746
441.35 903126
441.37 902600
441.45 901632
442.59 901038
442.78 899845
442.83 899403
443.02 898475
443.12 897132
443.20 894616
443.64 894245
443.65 891805
444.17 891353
447.31 890353
447.35 890330
448.42 890224
448.66 889317
448.69 888412
448.83 887967
449.61 887639
456.66 887071
456.67 886917
456.89 886876
456.95 886748
457.86 885788
457.88 885582
457.89 883373
457.98 882263
458.00 878804
458.03 878138
458.06 877661
458.18 877423
461.37 877263
461.43 874802
461.46 874593
461.54 873473
461.59 871829
462.05 868990
462.22 868788
466.13 868621
467.30 867962
467.31 867775
467.32 867282
467.71 866847
469.13 864445
469.21 863882
477.09 862082
477.15 861840
477.84 861789
477.85 861103
478.39 859931
478.45 857140
494.37 856470
496.33 856168
496.56 855803
496.59 855038
496.81 851218
496.84 849875
496.84 848801
497.17 847854
498.81 845930
499.21 838898
499.42 835375
499.63 833094
499.72 832550
501.54 831250
507.81 830799
507.84 830631
507.98 829559
508.05 829120
508.44 827033
509.02 827020
509.03 826512
509.06 826342
514.78 824866
514.81 824027
514.88 823889
515.03 821463
515.10 819998
515.37 819686
515.65 818323
515.65 817663
515.66 816981
515.71 816385
515.92 816056
515.93 815898
520.42 815777
520.49 814998
520.58 811974
520.65 809957
521.62 808916
521.71 808664
521.88 807812
521.89 807788
521.93 807084
521.97 806666
522.03 806488
522.26 806291
522.48 803282
522.53 801513
523.17 799048
523.26 797619
523.33 796961
523.60 796167
523.66 795151
523.83 791740
523.84 791670
523.96 789250