0.00 7183067
0.00 7105489
0.01 7095817
0.02 7091786
0.02 7085917
0.03 7084073
0.09 7079409
0.09 7062192
0.10 7028918
0.11 7002385
0.12 6986436
0.12 6982163
0.12 6951241
0.13 6921520
0.13 6911922
0.13 6911805
0.14 6911395
0.14 6909491
0.15 6907935
0.15 6903894
0.15 6889489
0.15 6884744
0.16 6828571
0.16 6820847
0.16 6818031
0.16 6814600
0.17 6814529
0.17 6785129
0.17 6782382
0.17 6780183
0.18 6778152
0.18 6774305
0.18 6772573
0.54 6770977
0.55 6732297
0.73 6701241
0.73 6687300
0.74 6669054
0.74 6668792
0.74 6655259
0.75 6652445
0.75 6645465
0.75 6627167
0.76 6625135
0.78 6620969
0.78 6619506
0.82 6591325
0.82 6569655
0.83 6564981
18.83 6562949
18.83 6556537
19.60 6549495
19.60 6545710
21.88 6534578
21.88 6531269
21.88 6530416
21.89 6525735
21.89 6483223
56.12 6424187
56.12 6421405
56.13 6419837
115.46 6415327
115.47 6414968
115.47 6399568
115.47 6398470
115.47 6387031
135.55 6372553
137.60 6370812
140.58 6333411
140.58 6316044
140.61 6308972
162.47 6306307
162.47 6200415
162.47 6182502
162.47 6156224
162.50 6153542
162.51 6152310
162.52 6142931
162.52 6139981
162.52 6139818
162.53 6132463
162.54 6129975
162.54 6116622
162.54 6110527
162.55 6106231
163.38 6104174
163.44 6062042
163.44 6059895
163.45 6050766
163.46 6029209
163.51 6025187
163.52 6019881
163.52 6018685
163.52 5994281
163.52 5990131
163.52 5989538
163.52 5986553
163.52 5967744
163.53 5966261
163.53 5962720
163.53 5961717
163.53 5961448
163.53 5861292
163.54 5851975
163.54 5851032
163.57 5843337
163.58 5808550
163.61 5799787
163.61 5796025
163.61 5783013
163.61 5775631
163.61 5767865
163.62 5760400
163.62 5758991
163.62 5712299
163.62 5706474
163.62 5702459
163.67 5700878
163.67 5697582
163.67 5695786
163.68 5690732
163.68 5690018
163.70 5684968
163.77 5673921
163.78 5672816
163.78 5669317
163.78 5666301
163.81 5663992
163.81 5625439
163.81 5596077
163.82 5575829
163.82 5574302
163.82 5550894
163.82 5547519
163.82 5547443
163.84 5545682
163.84 5545474
164.74 5538210
164.75 5513852
164.75 5490251
164.76 5466085
164.76 5456187
164.77 5447626
164.86 5440810
164.86 5428201
164.86 5420092
164.92 5408877
164.93 5375788
164.93 5374525
164.99 5353434
164.99 5347961
165.00 5347557
165.00 5312553
165.01 5312348
165.59 5312107
166.02 5305494
166.02 5273979
166.02 5271556
166.03 5215419
166.03 5213054
166.04 5212801
166.05 5204558
166.06 5177137
166.06 5170883
166.06 5135839
166.07 5128697
166.07 5068845
166.09 5055465
166.09 5050793
166.09 5050548
166.09 5035945
166.09 5014597
166.10 5011084
166.10 5005279
166.18 4999950
166.18 4982916
166.18 4955562
166.19 4953833
166.30 4951270
166.31 4947697
174.75 4947288
174.76 4937324
174.77 4927961
174.77 4901873
174.77 4888376
174.79 4881891
174.80 4832093
174.81 4818007
174.81 4817924
174.82 4817435
174.82 4814635
174.82 4803188
174.82 4789869
174.83 4781788
174.83 4779624
174.84 4772554
174.84 4768830
174.84 4767552
174.85 4761647
174.85 4758854
174.85 4751633
174.85 4750686
174.96 4748501
174.96 4729010
174.98 4726368
174.98 4724506
174.98 4722690
174.98 4696864
174.99 4659526
175.05 4651530
175.05 4651521
175.05 4638998
175.05 4629218
175.16 4627893
175.17 4625570
175.19 4622203
175.19 4618393
175.19 4615674
175.20 4604617
175.21 4597990
175.21 4575167
175.24 4568608
175.25 4568429
175.26 4564109
175.26 4557832
175.28 4553005
181.01 4546779
181.02 4543572
181.02 4533901
181.10 4530221
181.10 4512378
181.11 4459686
181.11 4454760
181.13 4397631
181.15 4397497
181.15 4393245
181.16 4386587
181.16 4385377
181.16 4383188
181.20 4382197
181.22 4372419
181.22 4369749
181.24 4366540
181.28 4351562
181.28 4343730
181.29 4334015
181.29 4333542
181.30 4330516
181.30 4330122
181.31 4315591
181.32 4306368
181.32 4303485
181.39 4268371
181.42 4262510
181.49 4242629
181.50 4230342
181.50 4228137
181.51 4218938
181.52 4216584
181.53 4199205
181.54 4181841
181.54 4177382
181.55 4177085
181.55 4170989
181.56 4153653
181.62 4146826
181.62 4084505
181.65 4083229
181.71 4083168
181.71 4082671
181.78 4068450
181.78 4068388
181.78 4067122
181.81 4065080
182.06 4056292
182.06 4054167
182.06 4047186
182.06 4046398
182.07 4033999
182.11 4030786
182.11 4016818
182.23 4016263
182.24 4015910
182.24 4015627
182.25 4014812
182.25 4014426
182.26 3995588
182.26 3993484
182.26 3974335
182.26 3972452
182.27 3957863
182.28 3955750
182.28 3955741
182.28 3938280
182.29 3926055
182.29 3905576
182.30 3897232
182.31 3896935
182.35 3866816
182.36 3827371
182.37 3821450
182.40 3821216
182.40 3795805
182.41 3769038
182.42 3768580
182.43 3766113
182.43 3763821
182.78 3762167
182.79 3757481
182.80 3755931
182.80 3749799
182.80 3748062
182.91 3723967
182.91 3703844
182.92 3696851
182.95 3683624
182.96 3678121
182.96 3676209
183.00 3665430
183.00 3664968
183.02 3656626
183.03 3648884
183.03 3636341
183.05 3628719
183.06 3625688
183.08 3619367
183.11 3618860
183.11 3614510
183.14 3607935
183.14 3606385
183.36 3601158
183.37 3597626
183.38 3594389
183.38 3593128
183.38 3590229
183.42 3586775
183.42 3571465
183.44 3567123
183.44 3566435
183.45 3560009
183.47 3556951
183.48 3544644
183.49 3539579
183.50 3532456
183.51 3525634
183.54 3494750
183.54 3493247
183.54 3487948
183.55 3487563
183.55 3481091
183.56 3456624
183.92 3432002
183.92 3429846
183.93 3428461
183.93 3410198
183.93 3397619
183.93 3397507
183.93 3396989
183.95 3376780
183.95 3363453
183.99 3278863
184.07 3212648
184.08 3212620
184.08 3212573
184.10 3211184
184.10 3209722
184.11 3125649
184.64 3122746
184.65 3115473
184.66 3092363
184.84 3087038
184.84 3074939
184.85 3073122
184.85 3069034
184.93 3066097
184.93 3065932
184.93 3059625
184.95 3050011
184.95 3045064
184.97 3044780
184.97 3014489
184.98 3005130
184.99 3000711
184.99 2999412
185.08 2976793
185.08 2974500
185.09 2974065
185.10 2966543
185.10 2956237
185.10 2945754
185.15 2937225
185.17 2922437
185.18 2920253
185.19 2919271
185.19 2917888
185.19 2912703
185.19 2911071
185.22 2900479
185.22 2898962
185.23 2898776
185.23 2890043
185.26 2881466
185.26 2873575
185.31 2870855
185.32 2860059
185.32 2857613
185.34 2843804
185.34 2843351
185.35 2842381
185.35 2840961
185.36 2836442
185.37 2836248
185.38 2816399
185.38 2816062
185.38 2814433
185.39 2813803
185.39 2810945
185.39 2807701
185.42 2791233
185.42 2790363
185.48 2785681
185.48 2783075
185.49 2781097
185.49 2779584
185.53 2775944
185.54 2748112
185.54 2701591
185.71 2695301
185.71 2691838
185.72 2683765
188.50 2683527
188.51 2682083
188.52 2678329
188.53 2672139
188.53 2670534
188.53 2665718
188.54 2647478
188.55 2642355
188.55 2641947
188.56 2633028
188.57 2627401
189.35 2617125
189.35 2605003
189.35 2598101
189.36 2589333
189.36 2578322
189.41 2577557
189.42 2568976
190.30 2567194
190.30 2566259
190.31 2562762
190.31 2562635
190.33 2553919
190.33 2545543
190.34 2545101
190.34 2539884
190.36 2525020
190.37 2520679
190.37 2520180
190.38 2510058
190.45 2509953
190.46 2504959
190.47 2504335
190.47 2499268
190.86 2483074
190.91 2479012
190.93 2459302
190.94 2459033
190.94 2446523
190.94 2439806
190.94 2435864
190.95 2432104
190.95 2424745
190.95 2422576
190.96 2420599
191.12 2419899
191.12 2417686
191.63 2417611
191.63 2413687
191.63 2412673
191.64 2408090
191.84 2400550
191.88 2399888
191.89 2399782
191.94 2394129
192.02 2365026
192.02 2361159
192.02 2360854
194.10 2360344
194.11 2325132
197.47 2323495
197.49 2319124
197.55 2317255
197.55 2313847
197.55 2311561
197.56 2310748
198.14 2306523
198.15 2306422
198.15 2303986
198.15 2300669
198.15 2297774
198.16 2297336
198.16 2297289
198.16 2286553
198.16 2282398
198.17 2243463
198.17 2236436
198.18 2235981
198.19 2234886
198.19 2227250
198.21 2227065
198.22 2223648
215.94 2195411
215.95 2194059
215.97 2192910
215.98 2191182
215.98 2190826
215.99 2190679
216.01 2184726
216.02 2184599
216.03 2183606
216.03 2183333
216.03 2179310
216.06 2175316
216.10 2174088
216.10 2167835
216.13 2163002
216.14 2159025
216.15 2156231
216.15 2106645
216.16 2104961
216.20 2101562
216.22 2100358
216.23 2097411
216.24 2097269
216.25 2095961
216.26 2091959
216.27 2090724
216.28 2089363
216.29 2085448
216.30 2082150
216.31 2080374
216.34 2080163
216.35 2078949
216.35 2078043
216.36 2077078
216.38 2076239
216.38 2075654
216.39 2073859
216.40 2072903
216.41 2072411
216.41 2071585
216.45 2069496
216.47 2058034
216.48 2056556
216.50 2051423
216.51 2050314
216.52 2047940
216.53 2047359
216.54 2046718
216.54 2046476
216.54 2046029
216.56 2037349
216.58 2020626
216.59 2015205
216.59 2014063
216.60 2013341
216.63 2006366
216.64 2000998
216.64 2000714
216.65 1998380
216.66 1986831
216.66 1976600
216.66 1973695
216.66 1972492
216.68 1967588
216.69 1966764
216.69 1966021
216.73 1964432
216.82 1958749
216.84 1958526
216.86 1957816
217.02 1955903
217.06 1950880
217.07 1948212
217.07 1941977
217.09 1939259
217.10 1938300
217.12 1936836
217.15 1936754
217.16 1935765
217.22 1935642
217.25 1935302
217.29 1933817
217.32 1924375
217.34 1924320
217.35 1916381
217.36 1904190
217.37 1902216
217.38 1899646
217.40 1899515
217.41 1885173
217.41 1884471
217.42 1881626
217.42 1881490
217.42 1880861
217.43 1879854
217.43 1874053
217.44 1870803
217.47 1868281
217.48 1868099
217.49 1867532
217.50 1865493
217.57 1859357
217.58 1854329
217.61 1853291
217.62 1847370
217.62 1846435
217.65 1845005
217.80 1841071
217.81 1839708
217.84 1832378
217.87 1832214
217.87 1831037
217.93 1827342
217.93 1826709
217.97 1823063
217.98 1818001
218.00 1817899
218.00 1817605
218.05 1817549
218.05 1817350
218.06 1817122
218.09 1813198
218.10 1787376
218.11 1786595
218.14 1783743
218.16 1777983
218.21 1755148
218.23 1751711
218.25 1748752
218.26 1746157
218.32 1742019
218.33 1727646
218.35 1720966
218.42 1714338
218.48 1714150
218.52 1712724
218.53 1712177
218.61 1711143
218.62 1707921
218.66 1696978
218.72 1674157
218.74 1673124
218.74 1665794
218.89 1664417
218.91 1654617
218.91 1631153
218.92 1617127
219.09 1610749
219.15 1609048
219.20 1607855
219.27 1606458
219.33 1600839
219.59 1600621
219.60 1596993
219.61 1589698
219.62 1577253
219.65 1576003
219.65 1573705
219.67 1573027
219.81 1572591
219.81 1572337
219.82 1547526
219.97 1547442
219.98 1543992
220.00 1537200
220.07 1534140
220.08 1531577
220.09 1530968
220.14 1527653
220.15 1525239
220.45 1519582
220.51 1516248
220.53 1512246
220.54 1495003
220.55 1494835
220.56 1493387
220.56 1493167
220.58 1483019
220.62 1482414
220.97 1471920
220.97 1468803
220.99 1457376
221.13 1453213
221.14 1452548
221.21 1446577
221.23 1446199
221.28 1446179
221.29 1444912
221.31 1442601
221.32 1442376
221.33 1439566
221.34 1438943
221.44 1437912
221.45 1432269
221.48 1426548
221.53 1425921
221.55 1425862
221.57 1423948
221.58 1406078
221.59 1405460
221.66 1403702
221.75 1400801
221.80 1396635
221.82 1395642
221.87 1394483
221.91 1392650
221.92 1392438
221.94 1390558
221.99 1389562
222.04 1389538
222.07 1389213
222.19 1388943
222.24 1384419
222.26 1383392
222.26 1382259
222.51 1378570
222.61 1374487
222.61 1373483
222.66 1371712
222.69 1369367
222.72 1367475
222.73 1365629
222.92 1362128
222.92 1360321
222.96 1358439
223.26 1354709
223.32 1354656
223.35 1353430
223.36 1351228
223.39 1350385
223.44 1350067
223.46 1349861
224.41 1340714
224.50 1340622
224.67 1336653
224.71 1335763
224.73 1334779
224.80 1333064
224.85 1331723
224.94 1331721
225.53 1321467
225.54 1319610
225.58 1319490
226.06 1318913
226.18 1316006
226.19 1315332
226.22 1312433
226.23 1310294
226.26 1305311
226.51 1303521
226.54 1302367
226.55 1300894
226.55 1300524
226.68 1298159
226.69 1297069
226.71 1296078
226.72 1295271
226.78 1293355
226.83 1292888
226.96 1291380
227.05 1290850
227.07 1290006
227.08 1289323
227.27 1286028
227.28 1280982
227.55 1280845
227.56 1279388
227.58 1277722
227.60 1274400
227.65 1269170
227.66 1268363
227.73 1252323
227.75 1245320
227.77 1245002
227.80 1241787
227.82 1238572
227.85 1233597
227.87 1232124
227.90 1230345
227.93 1230297
228.06 1225055
228.22 1222885
228.49 1222096
228.59 1220963
228.64 1220834
228.72 1220624
228.72 1220282
228.81 1220038
229.01 1216471
229.04 1216460
229.35 1214612
229.37 1209428
229.64 1208934
229.67 1206622
229.68 1206349
229.69 1206245
229.73 1203250
229.74 1201555
229.98 1201211
230.00 1199713
230.04 1199709
230.06 1199680
231.37 1196934
231.44 1195176
232.15 1191012
232.15 1188390
232.20 1188079
232.24 1186615
232.28 1183888
232.34 1181334
232.43 1179356
232.48 1176482
232.49 1174910
232.52 1173360
232.53 1172780
232.55 1172043
232.57 1171267
232.76 1169110
233.44 1159719
233.71 1157522
233.72 1154404
233.80 1154285
233.81 1152227
233.83 1151172
233.86 1150248
233.95 1148611
234.04 1147526
234.04 1145380
234.31 1143690
234.33 1139487
234.55 1138311
234.58 1138185
234.64 1138136
234.69 1136849
234.71 1135048
234.73 1134641
234.76 1132791
234.81 1132625
234.92 1122141
234.92 1119440
234.96 1117211
234.96 1116908
235.40 1116209
235.45 1110556
236.33 1107477
236.35 1105131
236.81 1102013
236.83 1099513
309.38 1094769
309.39 1094365
309.40 1094228
309.40 1093932
309.44 1091768
309.48 1089839
309.55 1089257
309.57 1087606
309.62 1086900
309.75 1085779
309.75 1085348
309.93 1085343
310.03 1083869
310.05 1083114
310.06 1082675
310.07 1079805
310.19 1079621
310.28 1078771
310.29 1078374
310.39 1077940
310.40 1077893
310.40 1077088
310.41 1076536
310.66 1076530
310.83 1073735
311.01 1070557
311.22 1070046
311.24 1069508
311.24 1068404
311.30 1068123
311.35 1067631
311.37 1067187
311.40 1065742
311.51 1065415
311.62 1059688
311.84 1053610
311.86 1053339
312.08 1047079
312.09 1045030
312.10 1044953
312.22 1044922
312.24 1044802
312.27 1043858
312.35 1041561
312.47 1039069
312.59 1037805
312.63 1032681
312.64 1032007
312.74 1031610
312.77 1029553
312.78 1028665
312.96 1027934
312.99 1027247
313.26 1026941
313.30 1025354
313.46 1024696
313.49 1022317
313.51 1022270
313.58 1018691
313.66 1017285
313.73 1015599
313.90 1015270
313.94 1013762
313.97 1012448
313.98 1012273
314.13 1010726
314.17 1010544
314.27 1010373
314.34 1000534
314.48 1000011
314.66 998478
314.68 998177
321.56 996726
321.62 996494
321.63 993588
321.66 992313
321.76 991906
321.90 990908
322.00 989588
322.00 988184
322.10 987381
322.10 986354
322.27 984288
322.33 984156
322.49 979541
322.69 974356
322.81 973064
322.90 973029
323.03 972000
323.04 970523
323.19 969209
323.20 968677
323.33 968330
323.86 967250
323.93 951453
324.01 950987
324.07 945211
324.10 942333
324.41 941594
324.45 941057
324.58 940999
324.63 939264
324.74 939202
324.88 937065
324.88 936228
324.96 936086
325.04 935033
325.11 933430
325.36 931998
325.42 928733
325.48 928398
325.54 928204
325.58 918877
325.70 916465
325.77 916000
326.08 915361
326.16 915038
326.66 914175
326.75 914039
326.75 905552
327.07 904045
327.18 902463
327.30 901863
327.43 899089
327.52 896754
327.52 896695
328.34 895263
328.84 893832
329.02 892867
329.07 891867
329.64 891745
329.67 891599
330.16 891182
330.16 891143
330.26 890931
330.30 890670
330.37 889078
330.50 887618
330.60 887491
331.11 885925
331.13 884971
331.18 884748
331.20 884435
331.91 884341
331.96 883761
332.57 883724
332.57 883270
333.34 882414
333.70 881160
333.90 880867
334.02 880648
334.02 878258
334.17 876109
334.21 875389
334.33 873351
334.36 873347
334.44 871320
335.39 870885
335.47 861641
335.52 860241
335.71 859549
338.43 852740
338.61 847197
338.85 846821
338.96 845279
339.00 844768
339.29 844505
339.58 841080
339.93 840991
339.95 840120
339.96 840092
340.00 839524
340.02 839522
340.03 839222
340.07 838396
340.24 837504
340.39 834797
341.06 834194
341.19 832471
341.26 832045
341.43 826785
341.54 825511
341.57 825256
341.63 818755
342.10 818319
342.53 817819
342.70 808501
342.90 807194
343.01 806686
343.32 806409
343.40 804926
344.00 804681
344.13 803047
344.40 802825
344.41 802566
344.47 801852
344.49 801494
344.68 800957
344.76 800809
344.85 799366
344.85 798616
344.92 798424
345.09 797689
345.38 795874
345.47 795053
345.77 795038
346.41 793547
346.56 792931
347.40 792703
348.34 792072
348.45 791435
348.52 790696
348.63 790488
348.73 790121
348.94 787407
349.60 787406
350.38 785754
350.88 785749
351.47 784195
351.67 783234
351.77 782768
351.99 775926
358.78 771518
359.57 771229
360.63 769851
361.30 769803
361.84 769191
362.08 768971
362.18 766795
362.33 766493
363.33 764819
363.41 764259
363.74 764063
364.47 763953
364.68 763847
365.47 763757
365.56 762986
365.81 762562
365.90 762462
365.92 761981
366.01 759961
366.54 759279
366.87 755595
367.05 755251
367.20 755043
367.34 754525
367.57 752060
367.59 751984
367.83 751795
368.74 750264
368.98 748084
369.72 747461
370.05 747088
370.09 746195
370.28 744934
370.97 743590
371.26 743548
371.31 743377
371.63 742940
371.74 742714
375.79 742198
376.07 742050
376.20 741685
376.31 741461
376.51 741113
376.65 740680
376.85 740344
377.05 740178
378.72 736362
378.85 734885
378.86 734661
379.20 734460
379.20 733848
379.25 733028
379.48 732662
379.68 732540
379.69 732001
381.02 730997
381.92 730818
382.97 730648
383.09 730408
383.70 730341
383.95 729821
384.03 728536
390.05 728521
390.30 728518
390.36 727685
391.40 726584
391.77 725162
442.37 724747
443.40 724708
443.49 723502
443.55 723104
443.62 722725
443.83 721110
474.57 720803
474.67 720507
475.36 718934
530.21 718576
530.29 718263
530.31 718079
530.80 717563
530.92 717311
536.50 716073
536.51 715646
537.28 714976
564.24 713931
584.23 713582
584.25 713150
584.31 712880
587.43 712842
587.43 712425
587.66 712240
587.77 712011
592.34 711237
592.54 710579