0.01 6896766
0.08 6879159
0.08 6876750
0.08 6841268
0.08 6830481
0.10 6826439
0.10 6821276
0.10 6815916
0.11 6814329
0.11 6807947
0.39 6805720
0.39 6801135
0.40 6781949
0.40 6771648
0.40 6755562
0.40 6752457
0.44 6687942
0.45 6677271
1.25 6628733
1.25 6627859
1.26 6616938
1.26 6611653
1.26 6597517
1.30 6578003
1.30 6542790
1.30 6541819
10.48 6518768
10.48 6516607
10.48 6511480
10.48 6510123
23.49 6509224
32.99 6495042
97.49 6485934
112.23 6476810
112.23 6471985
120.23 6460690
120.24 6454039
133.50 6426496
133.50 6407554
133.50 6405455
133.59 6403664
150.08 6395077
153.36 6389101
153.41 6353226
153.41 6349069
153.42 6348431
153.42 6280305
153.42 6263310
175.07 6211059
175.08 6177293
175.08 6152317
175.08 6145012
175.09 6132062
175.09 6126216
175.10 6121983
175.10 6121461
175.13 6009267
175.14 5996840
175.15 5974178
175.15 5965270
175.21 5965113
175.21 5948498
175.82 5943506
175.82 5922862
175.87 5919007
175.87 5917948
175.87 5909830
175.88 5899742
175.88 5847301
175.88 5821235
175.93 5811728
175.93 5808108
175.93 5803041
175.94 5788856
175.94 5783886
175.94 5769157
175.95 5761067
175.95 5730758
175.95 5718638
176.07 5716520
176.08 5707647
176.08 5696339
176.09 5695651
176.78 5629485
176.78 5613975
176.78 5578621
176.79 5577896
176.79 5574678
176.79 5573084
176.80 5572667
176.80 5568963
176.84 5528676
176.85 5504071
176.85 5502831
176.85 5486749
176.85 5481580
176.85 5476575
176.86 5463982
176.86 5407008
176.87 5394242
176.89 5387004
176.89 5372549
176.89 5371309
176.90 5323941
176.91 5305323
178.45 5298360
178.48 5295867
178.48 5292746
178.48 5290040
178.52 5284772
178.53 5283517
178.54 5280841
178.54 5273874
178.57 5262376
178.59 5261538
179.38 5246795
179.38 5228355
179.39 5226848
180.74 5203289
180.75 5201557
180.76 5191276
180.76 5190357
180.76 5170703
181.57 5164721
181.57 5163661
181.58 5161496
181.61 5157871
181.65 5128263
181.65 5123877
181.65 5101031
181.65 5089741
181.72 5086284
181.72 5082308
181.75 5075694
181.75 5067214
181.77 5065579
181.77 5059708
181.77 5052722
181.90 5021868
181.91 5018729
181.92 5016036
181.92 5014452
181.93 5012915
183.75 5001194
183.75 4957590
183.76 4941635
183.77 4940193
183.77 4934494
183.77 4916376
183.77 4912781
183.77 4905870
183.78 4880073
183.78 4875011
184.72 4849767
184.72 4846128
184.73 4835196
184.74 4833631
184.74 4832238
184.76 4821660
184.77 4794957
185.04 4782935
185.04 4781850
185.05 4777926
185.06 4770439
185.07 4766758
185.09 4744835
185.10 4742980
185.10 4649553
185.11 4647274
185.11 4603531
185.12 4599320
185.25 4596859
185.38 4584262
185.39 4579892
185.39 4577305
185.44 4573734
185.44 4573589
185.44 4573578
185.47 4564279
185.47 4561810
185.48 4528137
194.64 4513091
194.66 4510204
194.69 4509843
194.70 4506739
194.70 4504918
194.70 4494357
194.70 4489676
194.72 4482882
194.73 4481968
194.74 4479585
194.75 4449080
194.75 4436195
194.76 4432089
194.76 4398546
194.77 4378890
194.77 4375752
194.77 4374256
194.77 4363736
194.79 4342278
195.49 4330454
195.49 4321671
195.50 4321203
195.50 4308653
195.50 4291083
195.51 4290966
195.51 4290566
195.51 4287935
195.51 4281473
195.57 4280071
195.59 4258883
195.59 4251440
195.59 4245626
195.60 4231841
195.60 4231731
195.63 4153121
195.63 4152014
195.63 4141879
195.64 4137551
196.00 4127938
196.17 4120079
196.17 4101285
196.17 4101123
196.17 4097331
196.38 4079904
196.38 4079782
196.40 4066014
196.40 4056209
196.40 4050830
196.45 4027907
196.45 4027309
196.45 4020277
196.45 4012900
196.47 3985489
196.47 3984927
196.47 3957941
196.47 3949811
196.48 3944851
196.49 3919914
196.50 3913988
196.51 3901032
196.51 3898406
196.52 3894614
196.52 3889228
196.53 3885114
196.53 3882643
196.53 3878591
196.54 3878161
196.54 3875793
196.56 3866238
196.56 3842604
196.56 3832505
196.56 3827320
196.57 3827092
196.57 3825552
196.57 3823032
196.57 3810807
201.32 3807301
201.33 3796834
201.33 3791511
201.34 3785535
201.35 3779056
201.35 3778932
201.36 3700954
201.36 3665250
201.37 3660934
201.37 3660201
201.37 3660002
201.38 3658706
201.38 3649855
201.53 3646372
201.54 3638776
201.54 3624942
201.55 3622274
201.55 3594413
201.56 3576528
201.57 3574646
201.57 3574441
201.57 3574431
201.57 3569305
201.63 3564864
201.63 3564786
201.79 3537754
201.80 3533904
201.80 3528109
201.91 3527202
201.92 3508531
201.95 3500078
201.95 3491225
201.96 3483071
201.96 3479850
201.97 3469787
201.97 3447792
202.15 3441867
202.18 3430577
202.18 3427879
202.18 3423004
202.18 3419442
202.20 3419198
202.21 3417160
202.21 3415697
202.22 3406441
202.22 3405163
202.30 3402675
202.30 3401191
202.42 3398820
202.43 3394921
202.43 3377300
202.43 3374790
202.44 3373969
202.45 3366251
202.46 3365664
202.50 3358761
202.57 3351935
202.60 3343144
202.62 3336394
202.62 3335338
202.63 3310088
202.91 3308553
202.92 3305508
202.95 3303281
202.97 3301979
202.97 3297366
202.99 3295517
202.99 3288723
203.00 3286359
203.00 3286118
203.01 3285708
203.01 3282460
203.02 3280543
203.02 3277743
203.03 3272529
203.03 3267511
203.05 3259734
203.05 3250167
203.06 3249207
203.19 3243421
203.21 3243351
203.27 3240138
203.29 3239973
203.37 3164028
203.38 3156745
203.39 3100305
203.40 3097083
203.40 3081060
204.34 3079721
204.34 3069460
204.63 3066458
204.64 3062783
204.64 3048930
204.66 3044764
204.67 3011403
204.68 3009316
204.68 2998082
204.68 2978507
204.69 2976523
204.70 2973166
204.71 2972149
204.71 2970035
204.71 2963676
204.72 2962504
204.72 2955973
204.73 2955284
204.78 2930705
205.12 2927442
205.12 2924748
205.12 2923641
205.13 2922413
205.13 2920804
205.13 2920191
205.27 2916664
205.29 2906076
205.29 2905476
205.30 2901544
205.31 2892936
205.34 2871048
205.34 2858727
205.35 2853532
205.79 2852989
205.79 2836864
205.79 2836123
205.81 2832967
205.81 2832288
205.81 2832251
205.81 2816867
205.82 2816204
205.83 2815363
205.83 2808931
205.88 2808320
205.88 2799857
205.91 2797467
206.31 2787313
206.31 2786384
206.31 2779741
206.38 2770748
206.39 2768398
206.43 2715644
206.43 2712136
206.44 2712104
206.45 2692365
206.47 2692290
206.48 2686989
206.48 2686811
206.49 2685383
206.49 2680427
207.22 2662591
207.23 2658542
207.23 2631075
207.46 2626879
207.50 2623580
207.50 2622896
208.43 2616567
208.43 2586259
208.43 2585931
208.44 2580962
208.81 2580698
208.81 2578408
208.81 2574284
208.83 2564588
208.83 2559008
208.84 2554935
208.84 2553104
208.84 2547496
208.85 2547485
208.86 2522993
209.13 2516697
209.13 2516040
209.13 2515816
209.13 2513936
209.13 2493584
248.90 2491884
248.91 2490077
248.92 2470528
248.92 2469304
248.93 2465258
248.94 2464942
248.94 2462743
248.95 2442043
248.99 2441414
248.99 2433648
249.02 2428890
249.03 2427411
249.03 2426883
249.03 2411876
249.03 2399117
249.04 2391776
249.05 2391503
249.05 2380006
249.06 2379839
249.07 2370221
249.08 2356913
249.08 2350472
249.08 2347541
249.10 2344850
249.11 2343279
249.11 2342830
249.15 2339012
249.16 2338464
249.16 2338132
249.17 2336259
249.18 2336249
249.18 2336147
249.18 2313277
249.19 2300349
249.19 2299845
249.21 2298970
249.23 2290050
249.24 2259602
249.25 2255146
249.25 2253906
249.28 2252132
249.28 2248820
249.29 2247352
249.29 2229344
249.31 2223755
249.33 2222825
249.34 2219110
249.35 2216864
249.36 2210847
249.36 2208877
249.37 2204827
249.38 2200008
249.39 2192999
249.41 2191784
249.44 2189638
249.47 2188335
249.49 2185575
249.49 2184268
249.50 2177668
249.53 2173002
249.53 2170159
249.54 2168207
249.57 2167375
249.61 2163307
249.62 2138007
249.63 2135781
249.64 2135754
249.65 2132167
249.68 2130899
249.69 2127680
249.70 2121468
249.71 2120433
249.74 2113990
249.75 2113008
249.78 2111898
249.79 2110820
249.80 2109711
249.84 2107961
249.84 2098758
249.85 2089950
249.89 2081285
249.91 2080489
249.91 2072488
249.92 2070695
249.92 2067396
249.93 2066744
249.93 2062392
249.96 2061107
249.96 2061035
249.96 2059424
249.97 2053955
249.98 2044358
249.98 2042749
249.99 2042630
250.01 2041998
250.02 2034227
250.05 2024161
250.10 2023338
250.12 2020880
250.13 2018719
250.14 2012050
250.14 2009953
250.14 2008489
250.15 2007855
250.16 2006946
250.18 1999416
250.18 1995700
250.19 1990386
250.19 1989330
250.23 1982383
250.27 1981921
250.27 1973947
250.28 1973411
250.29 1970159
250.35 1969846
250.37 1960184
250.42 1952184
250.43 1950685
250.50 1943232
250.56 1940844
250.60 1938503
250.60 1938446
250.61 1937203
250.63 1936353
250.69 1935136
250.72 1933610
250.73 1933013
250.75 1932133
250.75 1929616
250.79 1910871
250.88 1910420
250.89 1910169
250.92 1909503
250.92 1908746
250.94 1907992
250.94 1905628
250.95 1904402
250.99 1904292
251.02 1904039
251.02 1902758
251.03 1898141
251.03 1897884
251.05 1896048
251.06 1895542
251.07 1894272
251.10 1893266
251.11 1887727
251.11 1887592
251.11 1881723
251.15 1878542
251.15 1876021
251.18 1875535
251.23 1873486
251.23 1859265
251.30 1853287
251.30 1849721
251.32 1840869
251.33 1838226
251.35 1838205
251.36 1834116
251.37 1829579
251.40 1827665
251.40 1827150
251.41 1823866
251.44 1822662
251.47 1821749
251.53 1820917
251.58 1819062
251.60 1819018
251.68 1818655
251.71 1815103
251.74 1814705
251.77 1813096
251.82 1807313
251.83 1804523
251.91 1802096
251.92 1797518
251.92 1796708
251.93 1792089
251.98 1790472
252.04 1790265
252.07 1788491
252.08 1779919
252.12 1779789
252.19 1779234
252.20 1778008
252.21 1777731
252.22 1776011
252.25 1775047
252.27 1772642
252.29 1771966
252.31 1770451
252.31 1759612
252.36 1759124
252.44 1754525
252.49 1754208
252.49 1751550
252.59 1748761
252.60 1745303
252.60 1744154
252.64 1744023
252.64 1743056
252.65 1740539
252.67 1737867
252.81 1737455
252.82 1736326
252.85 1730581
252.87 1730075
252.92 1730019
252.95 1726472
252.97 1724215
252.99 1724170
252.99 1723814
253.03 1722648
253.04 1721560
253.06 1721529
253.07 1719171
253.08 1716502
253.12 1716466
253.17 1704648
253.22 1704089
253.26 1702849
253.28 1702808
253.39 1701915
253.43 1701618
253.44 1700466
253.47 1700358
253.49 1699831
253.55 1699671
253.58 1698284
253.59 1698255
253.61 1697143
253.62 1694290
253.67 1692960
253.69 1685090
253.72 1684683
253.74 1679192
253.76 1675333
253.79 1673367
253.84 1671669
253.85 1662157
253.87 1661928
253.88 1649697
253.94 1646723
253.95 1644877
253.97 1644174
254.01 1643764
254.03 1641613
254.10 1640709
254.10 1639998
254.12 1633479
254.13 1633330
254.15 1632994
254.20 1632079
254.22 1631868
254.27 1631488
254.27 1625734
254.29 1625307
254.32 1624760
254.33 1623147
254.33 1618431
254.40 1616405
254.46 1613063
254.48 1612815
254.49 1612627
254.55 1610158
254.59 1609728
254.66 1609682
254.68 1609544
254.69 1606639
254.75 1606010
254.76 1597755
254.79 1596696
254.84 1596544
254.97 1596063
255.01 1585042
255.15 1581940
255.16 1581460
255.16 1579541
255.26 1578923
255.28 1576858
255.28 1575675
255.29 1574457
255.30 1568751
255.32 1568317
255.34 1567427
255.45 1567345
255.46 1565750
255.52 1565424
255.65 1561271
255.65 1556939
255.67 1555863
255.67 1555181
255.72 1554987
255.76 1553040
255.81 1552243
255.95 1549277
255.96 1547205
256.01 1546012
256.10 1545292
256.19 1543240
256.24 1541836
256.28 1541422
256.35 1536576
256.36 1536313
256.36 1536253
256.40 1536060
256.41 1532074
256.57 1531981
256.60 1531546
256.62 1530649
256.75 1528699
256.81 1524426
256.82 1523298
256.87 1522398
257.04 1522244
257.06 1520410
257.08 1517114
257.18 1515765
257.29 1512912
257.31 1512063
257.37 1502578
257.38 1502110
257.38 1498658
257.42 1494507
257.43 1494483
257.52 1490870
257.53 1490520
257.56 1490512
257.62 1488505
257.74 1485940
257.74 1485216
257.79 1484981
257.90 1483700
258.02 1483028
258.07 1482005
258.08 1481250
258.09 1476093
258.13 1475374
258.15 1468177
258.30 1466955
258.30 1466186
258.31 1464410
258.35 1464281
258.40 1464103
258.42 1461250
258.43 1459996
258.46 1456121
258.52 1454598
258.58 1453084
258.64 1452315
258.69 1450223
258.83 1448293
258.86 1446894
258.87 1445188
259.02 1444777
259.45 1444143
259.46 1443103
259.50 1442399
259.55 1440859
259.83 1439042
259.86 1439021
259.90 1437707
259.96 1436809
259.97 1436464
260.15 1436458
260.27 1436438
260.31 1436228
260.40 1435460
260.44 1423809
260.53 1423624
260.58 1421362
260.61 1420665
260.64 1420304
260.77 1419596
260.80 1418927
260.80 1416535
260.82 1416500
260.89 1415313
260.92 1414823
260.95 1414295
260.96 1410923
260.98 1409957
261.16 1409354
261.16 1408180
261.24 1407235
261.25 1407096
261.38 1403792
261.40 1402998
261.43 1402194
261.50 1402090
261.59 1401962
261.69 1401689
261.75 1401240
261.76 1400145
261.90 1400079
261.96 1399322
261.97 1398971
261.98 1398611
262.09 1397983
262.16 1397712
262.21 1390331
262.24 1388526
262.34 1388512
262.38 1388511
262.42 1388395
262.73 1387761
262.78 1387441
262.83 1380403
262.92 1377768
262.99 1377588
262.99 1376762
263.02 1373504
263.34 1372564
263.37 1371090
263.37 1370046
263.44 1369604
263.54 1369263
263.55 1369111
263.62 1367061
263.63 1365995
263.64 1362321
263.71 1348099
263.73 1337459
263.77 1335794
263.77 1335034
263.89 1334567
263.99 1330089
263.99 1329250
264.08 1328441
264.26 1324792
264.29 1324003
264.30 1323818
264.40 1323141
264.41 1322954
264.46 1322901
264.55 1322041
265.01 1321657
265.31 1316071
265.32 1315532
265.33 1305554
265.34 1304693
265.54 1301886
265.56 1297459
265.64 1296447
265.68 1283106
265.71 1282543
265.79 1281884
265.80 1279466
265.81 1275387
265.88 1275031
265.97 1274320
266.00 1272478
266.01 1272082
266.03 1270470
266.08 1269100
266.13 1268456
266.16 1268350
266.26 1265510
266.32 1263906
266.95 1258948
267.23 1257689
267.28 1256190
267.31 1256056
267.36 1250275
267.42 1249979
267.50 1249964
267.54 1242500
267.61 1241613
267.69 1240714
267.86 1240712
267.89 1239387
268.01 1235357
268.03 1235326
268.12 1229806
268.14 1229209
268.18 1228943
268.27 1228532
268.40 1228337
268.51 1228095
268.58 1227729
268.92 1216402
269.15 1216364
269.62 1213984
269.95 1212025
270.07 1211217
270.17 1209734
270.33 1209140
270.47 1208327
270.48 1203528
270.50 1202228
270.69 1201144
270.71 1200640
271.05 1200483
271.15 1194353
271.15 1170398
271.29 1166379
271.34 1165882
271.36 1161196
271.36 1160851
271.39 1158593
271.89 1157246
271.95 1151200
271.99 1148158
272.04 1145091
272.06 1135937
272.13 1135525
272.15 1134463
272.64 1134459
272.66 1134102
272.70 1132540
272.84 1132244
272.95 1131181
273.05 1129519
273.11 1129494
273.48 1127779
273.55 1127695
273.57 1126868
273.60 1126055
273.61 1125661
273.70 1119614
273.77 1118043
273.96 1116492
274.67 1113186
274.89 1097071
274.91 1096298
274.98 1091852
274.99 1091584
275.01 1090886
275.12 1089492
275.33 1088067
275.55 1087235
275.57 1086517
275.87 1085379
275.96 1085340
276.03 1084452
276.35 1084260
276.44 1076289
276.46 1075956
276.57 1075834
276.60 1074799
276.70 1073730
276.73 1072903
276.81 1072893
277.22 1030711
277.30 1030193
277.48 1025764
277.53 1025179
277.99 1023483
278.00 1023481
278.24 1022564
278.29 1020478
279.12 1017095
279.20 1008227
279.80 1007605
279.86 1005190
279.87 1005067
279.95 1004102
280.00 1002535
280.20 1002289
280.21 1002010
280.25 1001461
280.27 1001017
280.33 1000802
280.34 1000630
280.48 999368
280.60 999301
281.12 998620
283.34 995991
283.72 995976
283.73 995553
283.80 995517
283.97 994759
284.49 950989
284.50 950340
284.77 949825
285.29 948783
285.55 944890
285.61 944772
285.68 943729
285.81 940621
285.84 938305
285.92 932848
285.98 932171
286.04 932139
286.09 930363
286.43 929338
286.63 929120
286.67 928371
286.89 924623
286.99 924603
287.01 923379
287.16 923045
287.26 918507
287.28 917665
287.65 917123
287.96 916471
288.15 915325
288.23 915007
288.23 914336
288.28 907218
288.49 906738
288.98 903250
289.19 903249
289.42 901649
289.60 900220
291.27 899284
291.36 898392
291.41 897576
291.80 897269
291.93 896489
291.97 896478
293.40 878229
293.44 877542
294.07 877180
294.16 874327
294.20 874266
294.46 873493
294.96 872058
295.33 870916
296.83 869136
297.22 862297
297.30 862122
297.37 861537
297.94 855418
297.96 854242
298.65 850459
299.29 847035
299.46 845341
299.59 838242
299.75 836402
299.99 836380
300.21 836217
300.22 834923
301.00 834359
303.08 824494
303.11 823330
303.48 823035
303.73 822972
303.74 822869
303.94 822352
303.98 822066
303.98 821995
306.32 821016
316.13 820860
316.15 819896
316.21 817810
316.30 816762
316.44 816522
316.71 814017
321.44 811605
322.02 810524
322.41 810129
322.46 809484
322.49 808903
322.53 807630
322.58 806481
326.60 806437
326.68 802976
326.81 801787
327.06 801421
327.36 801322
327.45 801307
327.83 800427
327.93 799927
328.16 798886
329.28 797731
329.30 797623
329.34 797075
329.42 793598
329.46 793469
330.12 793304
331.02 791327
331.12 790058
331.21 789091
331.96 786425
332.19 785437
332.21 785144
332.31 785133
332.54 784317
332.65 784267
332.85 780353
333.06 779863
333.08 779842
335.57 779575
336.54 778964
336.70 778250
336.78 777319
342.33 776964
345.76 776512
345.96 776188
346.29 776063
346.31 775225
347.15 769905
347.82 768867
348.21 768484
349.13 767953
349.15 766910
349.30 766729
349.30 765340
350.04 764600
350.73 764570
350.74 762550
350.81 762093
351.41 761487
358.77 761480
358.86 761438
360.53 761237
360.90 760671
360.90 759657
366.02 759526