0.00 10588664
0.00 10584863
0.00 10572732
0.00 10517618
0.01 10494153
0.01 10413313
0.01 10277501
0.02 10161437
0.02 10151415
0.02 10123340
0.02 10120724
0.03 9983018
0.05 9982779
0.05 9981102
0.06 9886956
0.06 9683786
0.41 9654440
0.41 9653334
0.42 9594827
0.42 9550879
0.43 9475086
0.43 9420794
0.43 9417546
1.33 9363809
1.33 9312611
1.33 9225282
1.33 9180408
1.33 9179003
1.78 9035235
1.78 9029349
1.78 8902522
8.28 8828324
8.28 8817553
31.82 8799615
35.73 8695387
35.73 8670911
36.59 8529366
71.29 8505975
75.74 8497329
75.74 8366015
75.74 8320732
75.74 8248761
75.74 8233388
75.74 8149005
75.75 8122610
82.40 8010115
82.40 7862367
82.40 7851785
82.40 7809722
82.41 7751933
82.41 7700236
82.42 7692783
82.44 7608701
82.44 7582423
82.44 7542276
82.45 7532723
82.45 7528005
82.45 7364967
82.45 7364778
82.46 7336802
82.46 7336637
82.46 7332823
82.46 7310378
82.46 7309567
82.48 7121155
82.48 7115198
82.48 7114032
82.48 7088795
82.49 7087600
82.49 7066720
82.57 7007139
82.57 6982606
82.57 6933754
82.57 6888662
82.58 6880450
82.58 6850807
82.58 6709018
82.58 6696993
82.58 6676374
82.58 6558510
110.76 6378774
110.76 6361253
110.76 6327344
110.77 6211223
110.78 6188030
110.82 6120280
110.82 6114312
110.83 6103421
110.83 6098849
110.83 6070487
110.83 6067632
110.83 6052424
110.84 6028474
110.84 5997983
110.84 5987737
110.84 5986467
110.85 5986039
110.85 5985513
110.85 5962409
110.85 5953396
110.86 5937417
110.86 5852465
110.86 5852154
110.86 5851927
110.87 5656342
110.87 5649532
110.88 5639241
110.89 5614924
110.89 5588770
110.90 5588598
110.90 5586074
110.91 5512455
110.91 5512371
110.91 5505734
110.92 5477325
110.96 5454086
110.96 5451318
110.96 5429531
110.97 5383316
110.98 5318394
110.98 5299432
110.99 5298376
110.99 5296431
111.00 5258439
111.06 5149192
111.06 5130219
111.06 5127966
111.06 5123148
111.07 5120355
111.07 5097169
111.08 5090585
111.08 5089600
111.08 5086791
111.08 5086632
111.09 5058513
111.10 5057366
111.11 5056283
111.11 5045428
111.11 5042541
111.12 5031282
111.13 5020785
111.14 5016232
111.14 5012239
111.15 4964891
111.15 4957037
111.15 4953107
111.15 4944342
111.16 4921077
111.20 4852960
111.21 4851615
111.21 4850267
111.22 4847467
111.22 4841303
111.22 4837384
111.22 4833854
111.28 4684196
111.28 4665330
111.31 4510310
111.31 4509794
111.31 4423344
111.32 4422367
111.32 4380935
111.32 4371235
111.32 4367840
111.33 4358834
111.33 4328206
111.33 4321205
111.35 4251971
111.35 4230205
111.35 4226671
111.35 4218075
111.36 4182727
111.36 4133984
111.36 4097338
111.36 4079139
111.37 4066262
111.38 4064777
111.38 3983077
111.38 3971375
111.39 3956298
111.39 3890167
111.40 3887089
111.40 3873586
111.40 3826863
111.45 3818866
111.46 3812958
111.46 3789311
111.46 3782116
111.47 3772547
111.51 3771230
111.55 3762420
111.55 3752498
111.56 3724651
111.62 3712090
111.62 3711501
111.62 3702919
111.63 3698276
111.65 3687648
111.65 3659810
111.66 3657614
111.67 3600959
111.67 3527928
111.68 3526613
111.68 3525769
111.68 3518595
111.68 3516397
111.68 3513114
111.69 3499455
111.69 3497611
111.69 3488459
111.69 3418386
111.70 3347325
111.70 3336706
111.81 3305412
111.83 3303140
111.83 3301089
111.87 3241285
111.93 3238211
111.93 3234938
111.93 3222263
111.95 3205016
111.96 3204614
111.98 3200782
112.04 3199313
112.04 3129056
112.05 3128783
112.05 3118106
112.08 3110579
112.09 3109558
112.15 3093125
112.16 3086076
112.23 3055939
112.23 3052629
112.23 3049493
112.24 3041365
112.25 2971692
112.25 2965392
112.27 2958220
112.32 2954303
112.32 2895708
112.33 2887441
112.33 2879892
112.34 2877774
112.34 2876895
112.41 2855854
112.45 2852685
112.51 2847129
112.52 2841521
112.52 2841366
112.55 2825808
112.89 2815877
112.89 2814425
112.90 2808849
113.09 2794608
113.14 2759980
113.14 2745963
113.27 2681543
113.28 2673839
113.28 2669833
113.56 2660236
113.57 2632788
113.58 2626667
113.58 2624002
113.63 2620891
113.64 2618915
113.64 2603913
113.64 2593573
113.65 2562427
113.65 2551549
113.66 2545414
113.66 2544153
113.67 2523223
113.67 2423195
113.70 2421702
113.71 2421628
113.75 2416198
113.78 2395780
115.88 2361342
115.89 2359001
115.89 2351327
115.90 2350981
115.90 2350862
115.91 2303503
116.02 2298794
116.03 2296817
116.03 2263028
118.56 2242238
118.56 2235894
119.02 2209721
119.03 2197622
119.03 2195661
119.56 2193913
119.57 2185506
119.57 2180485
119.62 2168835
119.63 2125822
119.63 2121450
119.63 2118625
119.77 2111053
119.78 2110255
119.78 2105213
119.91 2094347
119.91 2093639
119.92 2074473
119.99 2059492
120.00 2046133
120.01 2044822
120.03 2003446
120.03 1982820
120.04 1981734
224.65 1936575
224.65 1930805
224.65 1910240
224.66 1892582
224.69 1890626
224.72 1872111
224.73 1861027
224.75 1858607
224.75 1844020
224.79 1838719
224.79 1828698
224.82 1828216
224.86 1828074
224.87 1824660
224.94 1798138
224.94 1796333
224.95 1796250
224.95 1786097
224.96 1785775
224.98 1759007
224.98 1740395
225.00 1736048
225.00 1735765
225.01 1731732
225.01 1722679
225.03 1707162
225.04 1705860
225.05 1699786
225.07 1659207
225.10 1658220
225.10 1654005
225.11 1652361
225.14 1639659
225.15 1623396
225.16 1618506
225.24 1613921
225.24 1613286
225.29 1611194
225.31 1611141
225.33 1611073
225.34 1608016
225.35 1606426
225.40 1604158
225.55 1604124
225.55 1603979
225.56 1602071
225.60 1598156
225.61 1597868
225.62 1596766
225.69 1596421
225.70 1596264
225.73 1595783
225.74 1594680
225.86 1589001
225.89 1587301
225.90 1585977
225.94 1585426
225.96 1579048
225.97 1578813
226.08 1563275
226.10 1560321
226.12 1555420
226.12 1524618
226.36 1521379
226.43 1506304
226.47 1502242
226.49 1501920
226.54 1501143
226.92 1497300
227.04 1496435
227.10 1494097
227.10 1492272
227.21 1473551
227.24 1473469
227.26 1471645
227.28 1471607
227.29 1471538
227.62 1444680
227.62 1444390
227.67 1444255
227.87 1435428
227.95 1430917
227.96 1429752
228.03 1424468
228.12 1418507
228.14 1406183
228.18 1402197
228.20 1399779
228.22 1398834
228.32 1397758
228.48 1397727
228.54 1395047
228.58 1394837
228.63 1393951
228.68 1370979
228.76 1356057
228.79 1344107
228.81 1344042
228.93 1342345
228.99 1339869
229.06 1339233
229.16 1329965
229.19 1324067
229.22 1323618
229.45 1322324
229.45 1320615
229.46 1318649
229.47 1318110
229.49 1315306
229.52 1310943
229.76 1310466
229.90 1306920
229.95 1306777
230.11 1306382
230.11 1304896
230.12 1291089
230.13 1291018
230.15 1287612
230.34 1286580
230.46 1286489
231.09 1286107
231.20 1286103
231.43 1282405
231.76 1262748
232.05 1256515
232.70 1256106
232.97 1255905
233.40 1250810
233.57 1250603
233.62 1250538
233.65 1233672
234.11 1221710
234.73 1203209
235.84 1202680
236.06 1202284
236.93 1202142
238.24 1200110
241.67 1199204
243.39 1199139
244.57 1198934
244.73 1198889
248.96 1198063
254.85 1197922
260.64 1197820
261.86 1197414
263.23 1197207
265.96 1197193
270.69 1178364
270.71 1177479
271.97 1177430