0.00 9918499
0.05 9789428
0.05 9696986
0.05 9608836
0.05 9602752
0.07 9578078
0.07 9540149
0.07 9443385
0.07 9420006
0.07 9415222
0.07 9411980
0.07 9319631
0.08 9123310
0.39 9104003
0.40 9076176
0.40 9021208
0.40 8984082
0.40 8830122
0.40 8761808
0.40 8753791
0.41 8685954
1.53 8658178
10.25 8633720
10.25 8627627
10.25 8621354
10.25 8555611
10.26 8519084
10.26 8489640
10.26 8471780
64.93 8394091
64.94 8368877
64.94 8365848
64.94 8308526
64.94 8203886
64.94 8164330
64.94 8138735
89.84 8128097
89.84 8127971
89.85 8058243
89.85 8003460
89.85 7950432
89.85 7946876
89.85 7944971
89.85 7885927
89.85 7868490
89.85 7866652
89.85 7720351
89.86 7661584
89.86 7555571
89.90 7455707
89.90 7454349
89.92 7422915
89.92 7421308
89.92 7419697
89.92 7361047
90.05 7316311
90.06 7219447
90.06 7171819
90.06 7167385
90.07 7138347
90.07 7104241
90.07 6948529
90.10 6939247
90.10 6930722
90.10 6922058
90.10 6909309
90.11 6880646
90.11 6879573
90.11 6876319
90.11 6874931
90.11 6870787
90.12 6869895
90.13 6744962
90.14 6724649
90.17 6647018
90.17 6641904
90.18 6630690
90.18 6610665
90.21 6570495
90.22 6551892
90.26 6539393
90.26 6467095
90.26 6358286
90.26 6326840
90.33 6299020
90.33 6279956
90.33 6238030
90.34 6234109
90.34 6193599
102.55 6191379
102.56 6171503
102.56 6162405
102.57 6041478
102.57 6020279
102.58 6000244
102.59 5953243
102.60 5947371
102.60 5826304
102.61 5785939
102.61 5764180
102.61 5754947
102.62 5691117
102.62 5655846
102.62 5630126
102.62 5620813
102.63 5531795
102.63 5531336
102.63 5522976
102.63 5355040
102.67 5353748
102.70 5340595
102.71 5294921
102.71 5286982
102.71 5282655
102.72 5253227
102.72 5248638
102.73 5223146
102.73 5177012
102.73 5145368
102.73 5135567
102.73 5135432
102.73 5106460
102.73 5105059
102.73 5101714
102.76 4993365
102.77 4897189
102.77 4882962
102.77 4814853
102.77 4811905
102.79 4783108
102.80 4751935
102.80 4734469
102.80 4653136
102.80 4616676
102.81 4605053
102.81 4601596
102.81 4586185
102.82 4584612
102.83 4570725
102.83 4565913
102.83 4531112
102.85 4527126
102.85 4511468
102.87 4504481
102.87 4503038
102.87 4501322
102.88 4466620
102.88 4441789
102.88 4400271
102.92 4378429
102.92 4374242
102.93 4361044
102.94 4351391
102.95 4346303
102.95 4342613
102.96 4301958
102.97 4297965
102.97 4291836
102.97 4279996
102.97 4279248
102.97 4278659
102.98 4260324
102.98 4236878
102.98 4223817
102.99 4210144
102.99 4174506
103.01 4152111
103.01 4066824
103.01 4035376
103.04 4033653
103.04 4026009
103.06 4004127
103.06 4000297
103.07 4000194
103.07 3999991
103.10 3967300
103.10 3956196
103.10 3944897
103.10 3885654
103.11 3851579
103.11 3845928
103.11 3845467
103.60 3839665
103.60 3807334
103.61 3800926
103.62 3772299
103.62 3766874
103.63 3765118
103.63 3759178
103.65 3745051
103.65 3743899
103.66 3691979
103.66 3646419
103.73 3604139
103.73 3602869
103.76 3547762
103.77 3511023
103.77 3510672
103.77 3503418
103.81 3494590
103.82 3487371
103.82 3483250
103.86 3478936
103.91 3471692
103.92 3449640
103.95 3427984
104.38 3383452
104.40 3366150
104.40 3365798
104.40 3359290
104.41 3357861
104.61 3323873
104.62 3315994
104.63 3305478
104.63 3260485
104.63 3234141
104.64 3230273
104.76 3229936
104.76 3202192
104.76 3186411
104.77 3139293
104.77 3131053
105.18 3115413
105.18 3114152
105.61 3089043
105.64 3081891
106.48 3073675
106.49 3073037
106.49 3072868
106.50 3060528
106.50 3059143
106.52 3048849
106.52 3011116
106.53 3008370
106.65 2981660
106.71 2980556
106.71 2978998
106.72 2904408
107.73 2865104
108.14 2854395
108.14 2846107
108.14 2790201
111.85 2775275
111.85 2756804
111.85 2713671
111.86 2710415
111.89 2653452
111.89 2642616
111.90 2641633
111.91 2603121
111.92 2597754
111.92 2595233
111.92 2593434
111.94 2593033
111.94 2572543
111.94 2562808
111.99 2552333
113.20 2543617
113.20 2540015
113.22 2539985
125.18 2539852
125.19 2539671
126.72 2509926
126.73 2500733
126.76 2478564
126.76 2475644
126.98 2451933
127.00 2441265
127.00 2440019
127.01 2438511
127.05 2430763
127.05 2429718
127.05 2419710
127.05 2419043
127.05 2415614
127.05 2406588
127.06 2404901
127.06 2404786
127.09 2403640
143.59 2398870
143.60 2397618
143.61 2391359
143.62 2386929
143.62 2386077
143.64 2376809
143.65 2376007
143.66 2368831
143.67 2368594
143.70 2335667
143.72 2326707
143.74 2324818
143.74 2286688
143.78 2278800
143.78 2273305
143.79 2271237
143.87 2269889
143.92 2264090
143.93 2261381
144.03 2243967
144.05 2243786
144.13 2232369
144.14 2231065
144.14 2219040
144.14 2217263
144.15 2211981
144.25 2209633
144.26 2176507
144.28 2168357
144.71 2108339
144.72 2094395
144.73 2092743
144.87 2091074
144.87 2090423
144.87 2024362
144.95 2017994
144.96 2007176
144.97 1999768
144.97 1996288
145.01 1988466
145.02 1988032
145.06 1980084
145.07 1980055
145.09 1972870
145.10 1972816
146.96 1960665
150.53 1956434
150.57 1948508
150.58 1944226
150.62 1940357
150.62 1933466
150.66 1928287
150.68 1927249
151.13 1909389
151.15 1909280
151.16 1865882
151.18 1864946
151.18 1856228
151.22 1855042
151.35 1852115
151.36 1848987
151.37 1848864
151.38 1832631
151.40 1828019
151.42 1827092
151.48 1815344
151.49 1815104
151.50 1814468
151.62 1804379
151.64 1792170
151.79 1791422
151.80 1789292
151.97 1787141
151.99 1786380
152.02 1785762
152.02 1782915
152.02 1781170
152.03 1775659
152.08 1773118
152.12 1766624
152.20 1766405
152.35 1765328
152.38 1758827
152.42 1746440
152.45 1744504
152.46 1743841
152.46 1743711
152.48 1734182
152.52 1710017
152.62 1707787
152.65 1705435
154.28 1697109
154.30 1696414
154.32 1664103
154.33 1663419
154.33 1660233
154.34 1658409
154.53 1646857
154.74 1640496
154.74 1640107
154.86 1639408
154.87 1634816
154.89 1628349
154.89 1624110
154.91 1615220
154.94 1613821
154.95 1608567
154.96 1605889
154.96 1605683
155.12 1601364
155.13 1599030
155.13 1591930
155.19 1569550
157.05 1567227
157.06 1566788
157.10 1566155
157.19 1556516
158.61 1548530
158.66 1546637
158.66 1546571
158.76 1538544
158.81 1520955
158.88 1519960
161.73 1517030
161.73 1513796
161.75 1504897
161.76 1504751
161.79 1504709
161.85 1502614
162.31 1500145
162.36 1498964
162.36 1497829
163.01 1497689
163.05 1492923
163.06 1490003
163.12 1487188
163.17 1487182
163.24 1482016
163.63 1480408
163.64 1474541
163.67 1470859
163.75 1467596
163.79 1463303
163.79 1462326
163.80 1461600
163.80 1459980
164.33 1458722
164.33 1452578
164.34 1450983
164.41 1449404
165.51 1442669
166.18 1434910
166.18 1434709
166.75 1431004
166.75 1427624
166.79 1425189
166.80 1425027
167.24 1423056
167.29 1422941
168.24 1421776
168.28 1421667
169.09 1420206
169.09 1418959
169.22 1417768
169.22 1414210
169.22 1412754
169.25 1412332
169.26 1411162
169.27 1410270
169.48 1399937
169.54 1396355
169.57 1395530
173.59 1390647
173.78 1387769
173.80 1387648
173.94 1376312
173.94 1374490
175.18 1369056
175.21 1365280
175.40 1362114
175.48 1361376
176.06 1356533
176.07 1355643
176.11 1351311
176.13 1340073
176.17 1338368
176.53 1337949
176.54 1334421
296.31 1330596
296.32 1329172
296.40 1329044
296.41 1328921
296.47 1326098
296.48 1325827
296.58 1317948
296.67 1317511
296.68 1317215
296.70 1312859
297.03 1312081
297.08 1312043
297.20 1311381
297.28 1310745
297.31 1309281
297.32 1306065
297.37 1305179
297.38 1296066
297.60 1292800
297.73 1291231
297.98 1287551
298.05 1287441
298.14 1286766
298.14 1274465
298.50 1274301
298.53 1271202
298.64 1256897
298.83 1256829
298.96 1255795
299.03 1255202
299.06 1252871
299.21 1248938
299.22 1248516
299.64 1247689
299.66 1247542
299.68 1247520
299.84 1244681
300.06 1243159
300.51 1243011
300.51 1241177
302.70 1240259
302.71 1239470
303.10 1239310
303.26 1237950
304.50 1237612
304.54 1236775
369.63 1234349
370.86 1233909
370.91 1233274
371.12 1233179
371.22 1232709
372.04 1232595
372.78 1232565
372.88 1232411
372.90 1232329
372.92 1230848
373.00 1230731
373.52 1230614
373.85 1230348
373.86 1229196
374.17 1224915
374.25 1224663
374.26 1220770
375.87 1219363
375.91 1217462
376.63 1217218
376.66 1217147
376.85 1216965
376.94 1216471
377.23 1216446
378.90 1215398
379.10 1214104
379.34 1213659
379.66 1213543
379.71 1211811
380.37 1210740
380.80 1210314
382.15 1209463
383.31 1208886
384.46 1207943
385.25 1205651
385.36 1205015
385.48 1194176
386.06 1193607
386.34 1192541
387.69 1192316
387.76 1191840
389.00 1191505
389.04 1191376
394.75 1191006
395.47 1190694
395.56 1190361
395.61 1189792
398.85 1189410
571.39 1189400