0.00 9594740
0.02 9549698
0.02 9545625
0.03 9543935
0.03 9419885
0.06 9296067
0.06 9229024
0.06 9125843
0.06 9119819
0.07 9095979
0.07 9093069
0.07 9088076
0.76 9025524
0.76 8955348
0.76 8955059
3.86 8820258
3.86 8815555
4.17 8651473
61.86 8597575
61.86 8564644
61.86 8553981
61.87 8431792
61.87 8335488
61.87 8321751
61.87 8207907
61.87 8165409
61.87 8102245
61.87 8053871
61.96 8048920
68.48 7906037
68.48 7839072
68.48 7792576
68.48 7670014
68.48 7654475
68.49 7588748
68.50 7586819
71.10 7470265
71.10 7462314
71.10 7255064
71.10 7239357
71.11 7195615
71.11 7182694
75.76 7163193
75.76 7051458
75.76 6984153
75.76 6951252
75.77 6872162
75.77 6864906
75.77 6654501
75.79 6596017
75.79 6453017
75.79 6388897
75.79 6363245
77.54 6295471
77.54 6218482
77.54 6195057
77.54 6186947
77.54 6185762
77.55 6114651
77.55 6043638
77.55 6037653
78.08 6006357
78.08 6001096
78.08 5971184
78.09 5962815
78.09 5957909
78.18 5944646
78.18 5883309
78.18 5879108
78.18 5804567
78.46 5752907
78.47 5735159
78.47 5724554
78.47 5684122
78.47 5667592
78.47 5630513
78.52 5581399
78.53 5530956
78.53 5530622
78.53 5446828
78.55 5341129
78.56 5295196
78.60 5269081
78.78 5188837
92.00 5182299
92.00 5144683
92.01 5105919
92.01 5070857
92.02 5035797
92.03 5023800
92.03 5022850
92.04 4969860
92.04 4968771
92.04 4896659
92.05 4867201
92.05 4853337
92.06 4743697
92.06 4690105
92.07 4680195
92.09 4677929
92.11 4614187
92.12 4606682
92.17 4579276
92.17 4510491
92.17 4506024
92.18 4497370
92.19 4486104
92.20 4448082
92.20 4429812
92.20 4400242
92.21 4391921
92.22 4381839
92.24 4374520
92.25 4337927
92.26 4328242
92.27 4324844
92.27 4284005
92.27 4276460
92.28 4270896
92.28 4205394
92.29 4203367
92.30 4189159
92.30 4170447
92.31 4114190
92.32 4109820
92.33 4096538
92.35 4091901
92.35 4088226
92.36 4082843
92.36 4079285
92.36 4074926
92.38 4050840
92.39 4047110
92.39 4026090
92.40 3999198
92.40 3998803
92.40 3963850
123.30 3938179
123.30 3937777
123.31 3889915
123.32 3871987
123.32 3857729
123.34 3835302
123.34 3827626
123.34 3772936
123.35 3751518
123.36 3749770
123.36 3709230
123.39 3670622
123.41 3667164
123.41 3667093
123.43 3666979
123.43 3658584
123.43 3638729
123.44 3534592
123.44 3534283
123.46 3513574
123.46 3506371
123.48 3485704
123.48 3435630
123.48 3432277
123.49 3430048
123.49 3421744
123.49 3363840
123.50 3312792
123.51 3297313
123.51 3253299
123.51 3249960
123.52 3245534
123.52 3244603
123.53 3230821
123.55 3211941
123.55 3205011
123.55 3196947
123.55 3194595
123.57 3175562
123.60 3145878
123.62 3140209
123.63 3139117
123.64 3137576
123.64 3136798
123.65 3136253
123.65 3130596
123.65 3126901
123.70 3083697
123.71 3026179
123.73 3021782
123.73 3020212
123.74 3013228
123.74 3010683
123.75 3004795
123.78 3004763
123.78 3002695
123.79 2992791
123.80 2987180
123.80 2971826
123.82 2958070
123.83 2957168
123.83 2956555
123.84 2897163
123.86 2896220
123.87 2895010
123.89 2891159
123.92 2878467
123.92 2856620
123.98 2778779
123.98 2775899
123.99 2774844
123.99 2774154
124.00 2736529
124.02 2688977
124.06 2603492
124.07 2600658
124.07 2588154
124.08 2570326
124.08 2564293
124.09 2562099
124.10 2559874
124.10 2558865
124.14 2556446
124.14 2551236
124.16 2524769
124.16 2524122
124.19 2499085
124.20 2498313
124.20 2498309
124.24 2494954
124.25 2487322
124.31 2487306
124.33 2487080
124.33 2482467
124.34 2477872
124.39 2477757
124.39 2471164
124.41 2470247
124.41 2369155
124.42 2369143
124.44 2368295
124.46 2368156
124.48 2352300
124.48 2349477
124.54 2334478
124.60 2330996
124.60 2329179
124.63 2315316
124.64 2312579
124.64 2301708
124.64 2279429
124.65 2266236
124.66 2258817
124.73 2252118
124.75 2250776
124.76 2246043
124.79 2237082
124.88 2222800
124.89 2222019
124.89 2221747
124.90 2221572
124.92 2220901
124.93 2186432
124.94 2178456
124.94 2150278
124.95 2137301
124.95 2137146
124.99 2133446
125.00 2131398
125.02 2130946
125.03 2127976
125.05 2126352
125.07 2109680
125.19 2109277
125.20 2103699
125.24 2099329
125.24 2092071
125.25 2082936
125.26 2044703
125.27 2019927
125.28 2018242
125.28 2009366
125.29 2008793
125.29 1996488
125.35 1996027
125.40 1991221
125.48 1985710
125.49 1982026
125.49 1981654
125.52 1981401
125.55 1978611
125.74 1962857
125.77 1962226
125.77 1961009
125.78 1960238
125.79 1946075
125.80 1927018
125.80 1919878
125.87 1918930
125.87 1912666
125.91 1912316
125.99 1910518
126.01 1904459
126.03 1904062
126.04 1894075
126.06 1893770
126.08 1886489
126.08 1884457
126.09 1860275
126.12 1853509
126.16 1853135
126.17 1847030
126.31 1841752
126.39 1838295
126.40 1836819
126.42 1832700
126.42 1814243
126.49 1814004
126.59 1807411
126.60 1795856
126.66 1773920
126.66 1770892
126.68 1770593
126.73 1764226
126.75 1750055
126.76 1749394
126.77 1744995
126.78 1744402
126.78 1741043
126.80 1739697
126.81 1733716
126.82 1733587
126.89 1730601
126.98 1728631
127.00 1727775
127.02 1727635
127.04 1721189
127.08 1720207
127.10 1713368
127.12 1709775
127.12 1706705
127.13 1703281
127.15 1703139
127.16 1699550
127.17 1698864
127.18 1690369
127.18 1688225
127.19 1640889
127.21 1621949
127.94 1621800
127.95 1616260
127.96 1615717
127.97 1612771
127.99 1612309
128.50 1604044
128.67 1592518
128.68 1587029
128.76 1576623
128.77 1575271
128.81 1574272
128.81 1562116
128.81 1560971
130.18 1542300
130.19 1542278
130.37 1532060
130.37 1526580
130.43 1521635
130.43 1520421
130.44 1515969
130.47 1506930
130.54 1500289
130.56 1500137
130.62 1495665
130.62 1489209
130.63 1489189
130.65 1485151
130.65 1480087
131.00 1478823
131.10 1471327
131.36 1471072
131.36 1470790
131.49 1470630
131.51 1469170
131.58 1468331
131.58 1467116
131.59 1466513
131.59 1465678
131.60 1465579
131.60 1458433
131.61 1456509
131.61 1455260
131.62 1452872
131.63 1452710
131.66 1448666
131.66 1440645
131.68 1439473
131.78 1435120
131.79 1432054
131.82 1424792
131.87 1424663
131.96 1413627
131.97 1413414
132.37 1412142
132.39 1411724
132.43 1409055
132.43 1400250
132.57 1394835
132.61 1393799
132.67 1392435
132.92 1385057
132.93 1383919
132.97 1383425
132.98 1380512
135.42 1379830
136.71 1373138
136.77 1367437
136.78 1365109
136.80 1358230
136.95 1352157
136.96 1349917
137.00 1348039
137.07 1346634
137.15 1341876
138.08 1338519
139.77 1338395
139.77 1332935
139.79 1331846
230.91 1330135
230.93 1329883
230.93 1326249
230.97 1325299
230.98 1321296
231.04 1320575
231.05 1320169
231.18 1314866
231.19 1313870
231.25 1313562
231.29 1313031
231.32 1312654
231.34 1312064
231.35 1311412
231.39 1304361
231.41 1303822
231.44 1303638
231.45 1301986
231.50 1300985
231.52 1299019
231.53 1298929
231.54 1294131
231.89 1293773
231.93 1290861
231.98 1290643
232.04 1288297
232.40 1283829
232.44 1283189
232.62 1281449
232.87 1279944
232.96 1276999
233.41 1276313
233.42 1274823
233.49 1272046
233.66 1270454
233.86 1268771
233.87 1266718
233.96 1265848
234.15 1265514
234.16 1252710
234.39 1250444
234.52 1244573
235.27 1242172
235.50 1241286
235.76 1241038
236.25 1240192
236.26 1239594
237.30 1239302
238.21 1238746
238.24 1238528
238.71 1237873
239.85 1232656
240.04 1232566
240.32 1232429
240.65 1231563
240.74 1231010
240.84 1230974
241.33 1230882
241.52 1229665
241.59 1229586
244.63 1226734
244.84 1226700
244.87 1226380
245.32 1226166
246.63 1225477
246.88 1225270
247.16 1224844
247.25 1224626
247.25 1224295
247.31 1223557
247.75 1223514
247.79 1222360
247.81 1221808
260.01 1221691
260.08 1220698
261.19 1220625
262.29 1220610
301.60 1220534
303.07 1220308
303.10 1219895
303.30 1219573