0.00 10767187
0.00 10726768
0.00 10637787
0.06 10509982
0.06 10406225
0.06 10405330
0.06 10277618
0.07 10276948
0.07 10031045
0.07 9976728
0.08 9775394
0.08 9736947
0.08 9735700
0.08 9704701
0.08 9679882
0.08 9673997
0.11 9613774
0.15 9582835
0.15 9582577
0.20 9505532
0.58 9464917
0.59 9373815
0.59 9306465
0.59 9255366
0.61 9220149
0.66 9116993
0.67 8936085
1.66 8791757
9.65 8763602
9.65 8706078
9.66 8567671
9.66 8565426
12.79 8540029
35.36 8352108
47.52 8350078
47.52 8346848
47.52 8327156
49.63 8141794
49.63 8112062
49.63 8015437
49.64 8012139
49.64 7944865
49.64 7914680
76.62 7870278
76.62 7868805
76.62 7839397
76.62 7741386
76.62 7644041
76.63 7585984
76.63 7473040
76.63 7415178
76.64 7401966
76.64 7389669
76.64 7379295
76.64 7361245
76.64 7354628
76.64 7348652
76.65 7332742
76.65 7323890
76.70 7274922
76.70 7274769
76.70 7199149
76.70 7140521
76.71 6993145
76.71 6984710
76.71 6983542
76.71 6983348
76.85 6763099
76.85 6757653
77.08 6756905
77.09 6701484
77.10 6682853
77.10 6654981
77.10 6647687
77.11 6620009
77.11 6555917
77.14 6531344
77.14 6499454
77.14 6480765
77.14 6402193
77.15 6364786
77.15 6363457
77.15 6352878
77.15 6324672
77.15 6297661
77.17 6272173
77.17 6238358
77.17 6206799
77.17 6206131
77.18 6192909
77.18 6181531
77.20 6177819
77.20 6007819
77.21 6002320
77.22 5988883
77.22 5962948
77.89 5894398
77.91 5881629
77.91 5740187
77.91 5729447
77.91 5712003
77.91 5710326
77.91 5710244
78.15 5677182
78.15 5668452
78.16 5602780
78.16 5598812
78.66 5560662
78.66 5560508
79.43 5498534
79.44 5495134
79.44 5474287
79.44 5472342
79.45 5457335
79.46 5432474
79.46 5420335
79.46 5403350
79.46 5387724
80.68 5360773
80.70 5315507
80.70 5288041
80.70 5286129
80.70 5058388
80.71 4992911
80.71 4979659
80.72 4969581
80.73 4939330
80.73 4936429
80.74 4930061
80.81 4885086
83.26 4785025
83.26 4778620
83.27 4778363
83.27 4776368
83.30 4735816
83.37 4669491
83.37 4653449
83.38 4645748
83.38 4619810
83.94 4611142
83.94 4606293
83.94 4595692
83.94 4580959
83.94 4580306
83.94 4579450
83.95 4578871
83.95 4578359
83.95 4555735
83.95 4541913
83.97 4447192
83.97 4436961
95.77 4433574
95.77 4430110
95.77 4415734
95.77 4407623
95.78 4401046
95.78 4359920
95.78 4346972
95.79 4304495
95.80 4298902
95.80 4236483
95.81 4147904
95.81 4142972
95.81 4065941
95.84 4042253
95.84 4011421
95.85 3981280
95.87 3978919
95.87 3943141
95.87 3888398
95.90 3886112
95.90 3883437
95.90 3829261
95.90 3822348
95.92 3816588
95.92 3816461
95.93 3815606
95.93 3703753
95.93 3702204
95.94 3694558
95.94 3693450
95.95 3664365
95.95 3595315
95.95 3587047
95.95 3586901
95.96 3577963
95.99 3524918
95.99 3491935
96.00 3490193
96.00 3488455
96.01 3448329
96.02 3408400
96.02 3399572
96.03 3397931
96.04 3322492
96.12 3314649
96.13 3251143
96.13 3216939
96.14 3216298
96.15 3215204
96.20 3212098
96.21 3195302
96.22 3176420
96.24 3169711
96.24 3169591
96.26 3167304
96.27 3119497
96.27 3104835
96.33 3100739
96.33 3087679
96.34 3077803
96.34 3071444
96.39 3062101
96.40 3062092
96.42 3042785
96.42 3042567
96.46 2985732
96.49 2982252
96.50 2981422
96.50 2981350
96.52 2980942
96.53 2968305
96.55 2911253
96.56 2901858
96.57 2884169
96.58 2870717
96.59 2864883
96.59 2859529
96.60 2857640
96.62 2844258
96.75 2837957
96.76 2832305
96.76 2830426
96.77 2817900
96.80 2817406
96.81 2815524
96.85 2798722
96.87 2794228
96.93 2766934
96.93 2765131
96.93 2764522
96.96 2753510
96.99 2743753
96.99 2719949
97.00 2706170
97.00 2702647
97.00 2702638
97.02 2695452
97.03 2694690
97.06 2691341
97.06 2690417
97.07 2688561
97.09 2688061
97.10 2674430
97.10 2650494
97.11 2647628
97.11 2646127
97.15 2641280
97.19 2592332
97.20 2568942
97.20 2568232
97.26 2567957
97.26 2516475
97.26 2514821
97.29 2510050
97.36 2507527
97.83 2501680
97.84 2500863
97.85 2497708
97.93 2493665
97.93 2490725
97.95 2489862
97.96 2483660
97.99 2468598
98.19 2463544
98.22 2463313
98.27 2460278
98.28 2454604
98.28 2449313
98.29 2435528
98.30 2434731
98.41 2429494
98.46 2425129
98.46 2422449
98.50 2418253
98.51 2416542
98.52 2368495
98.55 2358990
98.56 2348956
98.57 2341386
98.59 2336451
98.66 2332387
98.70 2321047
98.71 2300541
98.73 2293901
98.76 2291528
99.04 2189092
99.04 2180163
99.05 2161119
99.08 2157392
99.10 2156805
99.12 2144213
99.13 2143084
99.13 2138198
99.14 2136714
99.16 2135767
99.16 2135755
99.17 2130986
99.17 2115553
99.19 2100419
99.21 2099237
99.25 2095386
99.26 2094768
99.27 2074245
99.29 2071571
99.29 2071010
99.31 2065044
99.33 2064423
99.85 2063196
99.91 2061334
99.91 2053390
99.94 2038823
99.94 2028927
99.95 1995416
99.98 1989950
100.12 1984867
100.20 1983033
100.23 1978438
100.24 1953204
100.51 1944879
100.52 1941430
100.53 1935227
100.55 1935051
100.58 1934629
100.58 1933170
100.74 1925668
100.75 1920442
100.88 1912202
100.89 1909807
100.94 1900517
100.95 1896246
100.95 1894293
100.97 1889704
100.97 1889457
101.16 1881477
101.16 1881251
101.17 1880790
101.60 1878763
101.60 1877891
101.61 1875515
101.61 1853732
101.62 1850949
101.62 1850757
101.63 1845096
101.64 1839359
101.65 1838132
101.65 1836266
101.65 1823234
101.66 1821223
101.84 1742109
101.86 1738620
101.86 1723291
102.49 1720992
108.37 1717631
108.48 1716429
108.51 1710312
108.54 1708597
108.60 1707979
108.65 1704226
108.79 1703906
108.82 1703902
108.82 1697875
108.83 1697496
108.86 1691396
108.86 1688960
108.87 1683263
108.93 1680390
108.94 1676217
109.15 1672902
109.18 1672410
109.18 1672280
109.21 1670240
109.23 1668788
109.23 1668104
109.24 1667519
109.25 1665691
109.26 1662395
109.26 1646475
109.31 1646150
109.34 1643665
109.36 1642298
109.39 1640995
109.41 1640980
109.43 1638333
109.51 1637650
109.57 1636683
109.58 1630393
109.58 1629245
109.62 1622407
109.62 1621527
109.81 1617443
109.87 1613700
109.92 1611270
110.06 1606447
110.07 1604560
110.30 1591177
110.31 1576864
110.35 1574817
110.37 1570888
110.39 1569069
110.42 1568557
110.44 1563305
110.90 1555486
110.90 1552835
110.90 1550842
110.91 1550198
110.97 1542517
111.00 1541692
111.00 1537524
111.01 1537500
111.02 1532406
111.03 1530570
111.06 1521419
111.06 1521182
111.47 1515414
111.51 1512469
111.59 1511763
111.61 1508295
111.62 1507872
111.67 1480293
112.07 1479039
112.07 1478701
112.16 1472858
112.17 1472048
112.21 1471766
112.22 1470917
112.27 1466224
112.29 1464872
112.31 1464717
112.34 1464631
112.41 1464275
142.42 1457992
142.45 1457589
142.46 1457236
142.48 1457181
142.49 1446549
142.53 1442851
142.65 1439569
142.66 1438262
142.74 1437677
143.31 1434836
143.35 1431238
143.41 1430756
143.42 1429319
143.42 1425825
143.46 1425768
143.47 1425038
143.48 1421610
143.70 1419135
143.73 1418273
143.73 1418174
143.78 1414924
144.05 1414378
144.08 1408737
144.29 1406297
144.34 1398680
144.35 1398512
144.43 1392374
144.44 1391357
144.48 1391119
144.49 1390703
144.49 1388031
144.50 1387222
144.51 1387080
144.69 1383987
144.71 1383918
144.75 1382813
144.77 1381672
144.90 1381357
144.90 1379682
145.03 1378099
145.97 1374592
146.00 1374293
146.02 1374249
146.06 1362187
146.09 1361805
146.09 1359886
146.11 1357066
146.33 1355423
146.35 1354979
146.39 1354476
146.39 1352153
146.48 1352039
146.52 1351712
146.52 1350928
147.84 1350545
148.10 1349169
148.16 1344881
148.18 1342353
148.21 1341421
148.25 1341346
148.28 1340312
148.38 1335300
148.47 1331192
148.51 1326015
148.74 1324077
148.76 1321736
149.95 1319411
149.95 1317536
151.16 1313868
151.72 1305086
152.18 1303998
155.14 1303716
155.15 1303408
155.25 1303261
155.34 1303154
155.36 1302330
155.43 1301855
155.49 1300791
155.51 1295848
155.54 1295366
157.58 1294706
157.61 1294551
275.81 1294372
275.84 1290831
276.14 1290078
278.16 1289432
278.27 1289293
278.38 1288956
278.59 1288816
278.60 1287356
278.82 1286172
278.85 1285573
278.92 1285368
279.14 1285032
279.36 1284503
279.37 1282851
279.72 1281053
279.77 1280755
279.91 1280745
279.92 1280737
280.15 1279765
280.16 1278756
280.23 1278318
280.54 1277676
281.62 1277542
281.62 1275738
282.80 1275366
283.00 1275068
283.02 1273840
283.85 1273395
283.87 1272690
284.11 1271967
284.29 1271344
284.44 1271161
284.45 1271158
284.53 1270664
285.21 1268522
285.24 1268471
285.51 1267531
285.86 1266908
285.90 1265374
285.96 1264957
285.97 1264777
286.00 1264348
286.33 1263975
286.70 1263488
286.78 1262460
288.32 1262283
288.79 1262067
288.96 1261887
289.27 1259410
289.65 1257245
289.72 1257209
289.84 1256062
290.08 1256035
290.15 1254817
290.22 1254607
290.26 1254311
290.27 1253532
290.74 1253195