0.00 10612907
0.00 10612515
0.00 10531834
0.01 10452548
0.01 10395531
0.01 10386730
0.01 10383080
0.03 10372152
0.04 10309276
0.04 10251128
0.04 10184358
0.04 10167007
0.04 10156062
0.04 10064816
0.04 10063248
0.05 9913467
0.05 9913313
0.05 9906308
0.05 9853637
0.05 9633399
0.65 9626697
0.65 9509737
0.65 9509618
0.65 9305884
0.66 9256953
2.15 9256899
2.15 9252198
2.15 9233279
2.60 9230031
2.60 9194508
6.55 9158381
6.55 9030583
6.57 8923905
6.57 8922975
6.57 8900760
16.97 8895312
21.25 8877205
21.38 8815551
27.60 8742166
43.46 8718748
44.99 8684957
44.99 8546508
44.99 8467766
51.10 8382294
51.10 8379233
51.10 8225289
75.82 8177364
75.82 8144083
75.82 8053001
75.82 7929214
75.86 7898684
75.86 7896022
75.86 7883301
75.87 7833504
75.87 7808249
75.87 7777602
75.89 7741028
75.89 7738664
75.89 7737837
75.89 7672280
75.89 7670091
75.90 7660625
75.90 7660521
75.90 7660433
75.90 7645124
75.90 7592348
75.90 7366125
75.99 7321997
75.99 7320916
75.99 7267558
75.99 7257451
75.99 7243791
75.99 7229341
75.99 7228532
76.00 7220836
76.00 6997718
76.00 6932614
76.00 6926987
76.01 6919609
76.01 6914837
76.01 6893607
76.01 6820089
76.01 6754574
76.02 6649938
76.05 6595254
76.05 6592734
76.07 6573480
76.07 6561013
76.08 6523873
76.08 6523437
76.08 6474978
76.08 6462649
76.08 6459872
76.08 6378467
76.09 6351811
76.09 6281378
76.09 6280849
76.10 6254932
76.10 6254357
76.11 6198669
76.11 6172506
76.11 6163089
76.11 6033429
76.11 6027887
76.12 5995933
76.12 5993440
76.15 5912749
76.15 5912289
76.15 5765524
76.15 5673488
76.15 5667439
76.15 5624301
76.15 5621481
76.16 5520138
76.16 5500556
76.16 5431116
76.16 5430392
76.16 5425318
76.17 5359323
76.17 5352349
76.18 5272412
76.18 5243484
76.18 5212782
76.18 5209520
76.18 5208506
76.29 5174521
76.32 5164263
76.33 5143497
76.34 5122419
76.34 5121470
76.36 5098869
76.36 5044147
76.37 5000094
77.43 4951301
77.43 4941687
77.43 4912835
77.53 4899655
77.54 4883283
77.57 4872550
77.64 4821323
77.66 4790622
77.67 4789509
77.73 4774231
77.74 4769578
77.74 4768587
77.74 4660036
77.78 4657053
77.78 4640886
77.79 4611783
77.79 4610090
77.79 4599930
77.79 4596577
77.79 4574014
77.79 4561144
77.80 4559323
77.82 4505721
77.83 4468851
77.83 4455439
77.83 4451971
77.84 4424976
77.84 4419542
77.86 4411040
79.62 4366639
79.62 4354421
79.66 4349461
79.66 4316419
79.68 4263445
80.08 4261750
80.09 4258681
80.09 4256505
80.10 4235534
91.70 4210976
91.71 4189317
91.71 4185143
91.72 4119299
91.72 4113475
91.73 4112295
91.74 4005552
91.74 4004674
91.74 4003464
91.75 3971634
91.76 3936848
91.76 3883418
91.77 3883143
91.77 3778076
91.78 3755796
91.79 3746590
91.79 3734642
91.79 3702904
91.80 3644606
91.84 3639232
91.85 3636782
91.86 3636333
91.88 3616660
91.89 3597644
91.89 3591977
91.90 3554115
91.90 3534206
91.91 3530742
91.91 3528574
91.92 3528270
91.92 3510819
91.92 3510164
91.93 3505481
91.93 3470587
91.93 3468895
91.94 3468041
91.94 3465232
91.94 3442469
91.95 3409801
91.95 3399482
91.95 3398598
91.96 3392812
91.96 3380443
91.96 3377093
91.97 3377018
91.99 3351744
91.99 3349309
91.99 3344757
92.00 3330976
92.02 3328635
92.02 3319824
92.03 3314130
92.03 3304892
92.04 3304331
92.04 3284739
92.05 3282262
92.05 3278078
92.06 3276987
92.06 3273488
92.06 3266087
92.07 3239081
92.08 3237215
92.09 3195569
92.11 3189022
92.22 3184943
92.23 3179115
92.23 3176255
92.24 3157671
92.26 3143775
92.26 3108921
92.27 3097871
92.27 3097267
92.28 3061923
92.29 3059304
92.29 3050725
92.30 3043032
92.30 3036178
92.33 3026452
92.33 3025278
92.34 3023577
92.34 2976025
92.42 2966228
92.43 2959761
92.44 2958989
92.44 2956541
92.46 2954116
92.49 2936152
92.50 2926811
92.52 2858931
92.54 2847616
92.54 2846291
92.54 2845766
92.55 2786048
92.74 2769999
92.74 2766821
92.75 2756462
92.76 2755828
92.77 2752646
92.77 2722533
92.81 2712825
92.81 2701067
92.84 2675511
92.86 2665312
92.88 2662194
92.88 2661393
92.89 2653059
92.89 2647207
92.91 2638473
92.92 2609004
92.98 2608929
92.98 2608519
92.99 2591670
92.99 2590895
93.03 2582971
93.11 2571358
93.11 2569074
93.13 2561352
93.13 2555587
93.37 2539907
93.39 2532999
93.42 2502182
93.43 2495989
93.44 2448775
93.45 2448553
93.48 2440697
93.49 2431719
93.53 2418273
93.53 2368577
93.55 2338992
93.55 2322873
93.56 2322423
93.57 2295533
93.57 2281515
93.58 2274400
93.58 2264612
93.59 2223073
93.66 2218821
93.66 2213654
93.70 2188988
93.70 2187453
93.70 2185882
93.70 2179917
93.77 2163007
93.77 2160985
93.78 2148511
93.83 2142109
93.85 2136931
93.86 2120755
93.95 2116340
93.95 2114235
93.97 2114129
93.97 2113999
93.98 2110855
93.99 2107970
94.66 2099071
94.70 2084134
94.82 2082105
94.83 2077481
94.84 2076799
94.84 2063862
94.89 2058500
94.91 2049366
94.91 2047916
94.92 2045352
95.49 2044296
95.49 2044033
95.50 2039098
95.54 2034856
95.76 1997663
95.76 1991274
95.78 1986159
95.79 1981196
95.81 1971841
95.81 1971699
95.83 1952364
95.86 1949356
95.89 1947259
95.89 1947148
95.89 1939260
96.18 1933820
96.25 1925378
96.26 1923710
96.26 1922346
96.32 1922128
192.71 1920307
192.75 1917943
192.76 1917796
192.76 1915599
192.76 1904946
192.89 1902481
192.90 1902366
192.92 1898612
192.92 1883146
192.94 1858181
192.96 1849920
193.03 1836619
193.07 1831955
193.17 1825077
193.53 1821754
193.54 1819535
193.56 1815599
193.56 1812413
193.58 1808618
193.59 1807046
193.60 1805862
193.61 1805418
193.66 1804938
193.67 1798994
193.67 1798237
193.72 1785242
193.90 1773025
193.91 1772575
193.91 1762926
193.93 1762305
193.93 1762287
193.98 1753416
194.18 1752470
194.22 1751128
194.23 1735395
194.28 1721455
194.34 1716339
194.35 1715906
194.36 1714640
194.38 1713161
194.44 1697830
194.44 1685997
194.45 1685767
194.46 1685447
194.46 1672403
194.47 1671585
194.47 1658483
194.52 1658077
194.54 1656808
194.75 1637163
194.75 1636297
194.77 1634678
195.06 1630102
195.13 1626485
195.16 1621806
195.24 1621111
195.27 1618722
195.28 1611291
195.28 1610671
195.45 1604855
195.52 1600824
195.56 1599628
195.59 1597511
195.62 1590813
195.66 1586436
195.67 1586299
195.77 1585240
195.82 1584463
195.85 1582306
195.94 1573892
195.95 1563448
195.96 1562020
196.69 1561670
196.70 1560338
196.89 1556389
196.93 1555095
196.94 1555022
197.06 1554371
197.18 1553904
197.20 1553457
197.21 1549682
197.25 1545548
197.25 1543460
197.39 1531665
197.91 1517374
198.60 1514760
198.63 1512967
199.00 1510258
199.01 1509066
199.02 1507068
199.03 1506605
199.03 1505369
199.05 1504820
199.09 1503336
199.10 1497498
199.30 1496439
199.32 1495783
199.32 1494298
199.50 1491699
199.51 1491062
199.58 1489454
199.73 1488179
199.87 1485202
199.88 1483241
199.94 1482871
199.96 1482868
200.11 1482300
200.13 1482037
200.17 1480464
200.61 1477649
200.62 1473689
200.67 1445520
200.68 1432622
200.71 1430599
200.72 1426209
200.92 1425810
203.21 1417496
203.26 1417133
203.31 1416100
203.34 1414804
203.34 1408978
203.36 1408910
203.36 1408831
203.42 1350615
203.44 1348359
203.48 1348358
203.50 1348307
203.55 1348011
203.58 1347780
203.60 1347179
203.61 1343397
203.62 1341324
203.71 1336800
203.83 1335366
203.84 1334988
204.77 1319979
204.89 1310749
204.94 1309939
204.96 1308889
204.96 1307227
204.98 1302560
329.78 1299666
329.85 1299402
329.96 1298123
330.00 1296724
330.26 1296698
330.31 1296220
330.32 1294829
330.49 1285322
330.51 1279871
330.63 1279773
330.65 1279219
330.84 1277959
331.02 1277097
331.08 1276761
331.09 1276343
331.12 1275305
331.16 1274075
331.17 1273677
331.21 1273550
331.32 1273011
331.52 1264461
331.56 1264064
331.59 1259648
331.59 1259057
331.60 1257876
331.77 1257150
331.79 1248353
332.06 1248238
332.69 1247871
332.70 1246246
333.18 1245238
333.36 1243748
333.43 1243204
334.50 1242380
334.54 1240837
334.65 1240727
335.09 1239404
335.34 1238150
335.39 1237495
335.45 1236615
335.80 1236455
335.88 1234746
335.94 1231217
335.98 1230527
336.38 1230268
336.44 1229926
336.53 1229592
336.59 1227978
336.62 1227814
336.72 1226490
358.17 1226024
358.31 1225935
358.32 1224927
358.32 1224722
359.73 1224275
362.90 1224074
368.99 1224018
368.99 1223972
369.16 1222960
369.48 1222743
369.53 1222127
369.57 1218865
424.17 1218247
434.19 1217934
434.48 1217298
437.22 1216916
465.67 1208447
465.87 1207562
465.92 1206384