0.00 10138098
0.00 10019455
0.01 9937841
0.01 9655675
0.02 9640057
0.03 9513716
0.03 9417377
0.03 9407048
0.03 9402958
0.03 9220410
0.04 9220336
0.04 9216949
0.38 9210439
2.92 9102390
2.96 8896675
7.13 8750842
7.13 8677247
7.13 8622027
10.70 8600612
10.70 8591834
77.68 8551035
77.68 8550621
77.68 8531718
77.68 8523106
77.68 8478617
77.68 8477050
77.68 8407655
78.52 8374780
78.58 8357175
78.58 8356875
78.58 8353743
78.58 8189196
78.58 8175950
78.61 8156780
78.61 8027443
78.62 7964513
78.65 7922675
136.86 7919657
136.86 7897771
136.87 7648001
136.87 7646054
136.87 7598381
136.87 7541268
136.87 7445887
136.88 7442041
136.88 7434954
136.88 7371349
136.88 7366069
136.89 7342663
136.89 7231327
136.89 7207386
136.89 7190737
136.90 7189775
136.90 7179547
136.90 7135068
136.90 7132769
136.90 7131870
136.90 7128075
136.90 7125346
136.90 7093771
136.91 7093506
136.91 7073962
136.91 6975595
136.92 6966762
136.92 6901851
136.92 6887962
136.93 6865078
136.93 6864526
136.94 6838983
136.94 6835637
136.94 6762818
136.95 6716387
136.96 6694060
136.96 6692355
136.96 6677079
136.96 6666996
136.97 6624472
136.97 6597514
136.97 6581376
136.98 6560061
136.99 6556252
136.99 6404017
136.99 6401202
136.99 6380277
137.00 6380269
137.00 6379786
137.00 6359220
137.00 6220396
137.00 6216515
137.01 6207148
137.02 6116856
137.03 6109212
137.03 6106528
137.05 6081162
137.05 5968725
137.05 5968249
137.05 5952630
137.06 5940599
137.06 5904233
137.06 5900849
137.06 5897491
137.06 5855444
137.07 5854895
137.08 5846076
137.08 5757563
137.08 5723051
137.09 5651143
137.09 5575153
137.10 5569090
137.10 5523032
137.10 5503709
137.11 5498143
137.11 5485191
137.12 5484979
137.12 5480274
137.12 5475905
137.12 5274968
137.12 5256984
137.12 5197592
137.13 5145322
137.13 5143740
137.13 5140900
137.14 5129846
137.14 5104255
137.15 5029828
137.15 4906690
137.17 4866516
137.17 4824656
137.17 4818241
137.18 4814734
137.19 4755393
137.20 4755064
137.20 4754867
137.20 4742825
137.21 4689728
137.22 4689274
137.23 4679826
137.23 4679664
137.23 4636257
137.24 4625134
137.24 4622676
137.24 4617319
137.25 4607794
137.25 4606215
137.26 4601326
137.26 4598521
137.26 4579132
137.26 4579100
137.27 4556688
137.28 4526088
137.29 4508817
137.31 4486755
137.32 4450487
137.33 4437157
137.33 4310589
137.33 4300790
137.34 4298330
137.34 4268153
137.35 4266686
137.39 4260562
137.39 4218805
137.39 4212640
137.40 4212067
137.40 4137733
140.56 4137606
140.60 4097501
140.61 4090341
140.62 4065288
140.62 3996677
140.62 3918197
140.63 3913081
140.64 3911799
140.65 3906255
140.66 3825754
140.66 3824218
140.66 3824150
140.66 3763484
140.68 3761684
140.68 3756374
140.69 3756020
140.69 3752061
140.70 3692891
140.73 3686313
140.73 3648591
140.74 3638217
140.76 3634683
140.76 3630186
140.77 3621869
140.81 3530585
140.81 3527206
140.81 3510298
140.82 3507493
140.82 3486945
140.85 3477049
140.85 3469880
140.85 3469760
140.85 3395884
140.87 3376596
140.87 3374811
140.89 3350224
140.89 3327361
140.90 3319615
140.90 3314452
140.91 3310565
140.94 3294252
140.95 3292668
140.95 3288678
140.96 3274829
140.96 3271917
140.97 3270533
140.98 3243715
141.00 3235303
141.00 3228975
141.02 3189054
141.02 3182502
141.04 3141789
141.09 3137059
141.09 3112813
141.13 3068944
141.13 3044482
141.14 3044428
141.15 3035416
141.15 3032066
141.17 3005225
141.27 2999265
141.30 2991555
141.32 2955283
141.36 2955281
141.38 2953960
141.38 2951946
141.40 2944475
141.40 2936295
141.41 2934973
141.41 2931360
141.42 2916453
141.43 2912000
141.64 2872263
141.65 2871906
141.65 2855653
141.67 2796866
141.73 2780699
141.74 2730586
141.74 2727577
141.74 2723245
141.75 2717229
141.75 2712000
141.77 2700748
141.78 2679627
141.79 2678849
141.80 2673518
141.81 2661273
141.85 2660853
141.85 2591445
141.91 2590421
141.92 2530939
141.93 2530695
141.94 2530371
142.00 2528266
142.03 2508977
142.06 2462573
142.07 2460716
142.08 2455870
142.08 2435962
142.12 2424443
142.14 2424193
142.16 2421711
142.17 2420690
142.18 2419549
142.20 2410961
142.20 2406026
142.21 2405769
142.21 2401565
142.21 2391000
142.41 2388127
142.48 2387800
142.48 2386841
142.49 2385096
142.50 2380405
142.53 2377017
142.54 2366175
142.56 2359457
199.94 2357431
199.98 2349575
200.00 2337249
200.00 2280226
200.02 2279694
200.02 2275792
200.02 2270830
200.05 2270244
200.08 2249696
200.09 2242042
200.10 2241868
200.19 2237398
200.26 2196587
200.31 2165941
200.32 2162091
200.32 2160236
200.33 2158402
200.38 2157889
200.39 2156282
200.39 2100357
200.40 2025092
200.42 2021072
200.44 2017898
200.46 2017423
200.49 2014354
200.51 2006010
200.54 2004645
200.56 1989525
200.58 1984524
200.58 1969691
200.59 1956300
200.60 1955881
200.63 1940703
200.73 1931374
200.74 1929825
200.75 1927323
200.76 1925743
200.88 1918971
200.89 1915721
200.92 1911001
201.09 1910381
201.10 1904633
201.12 1903385
201.43 1885147
201.49 1882580
201.82 1882465
201.85 1881111
201.85 1879410
201.86 1838371
201.86 1826897
201.96 1821179
202.10 1820394
202.15 1802496
202.15 1801145
202.16 1801107
202.20 1796362
202.21 1777641
202.23 1770392
202.27 1700119
202.61 1626973
202.65 1625065
202.65 1595110
202.73 1516684
202.76 1492243
203.08 1489638
203.10 1489303
203.17 1471441
203.39 1469369
203.41 1468387
203.47 1463010
203.67 1462225
203.79 1453991
203.89 1448580
203.93 1448228
203.97 1447567
204.03 1441763
204.04 1441264
204.05 1440825
204.06 1440686
204.10 1438733
204.15 1436280
204.25 1435297
204.32 1434878
204.36 1419762
204.38 1418732
204.60 1415363
204.64 1415259
204.65 1409714
204.67 1404430
204.71 1401845
204.76 1400201
204.76 1398980
204.78 1398656
204.86 1398202
204.88 1398151
206.10 1398112
206.19 1394004
206.22 1389562
206.24 1383753
206.28 1382910
206.34 1381105
206.41 1380548
206.42 1380537
206.47 1380284
206.52 1378630
206.84 1377633
206.90 1376465
206.99 1373008
207.14 1364981
207.16 1361803
207.21 1357401
207.29 1351521
207.31 1351346
208.10 1350113
208.15 1342879
208.22 1341816
208.55 1307263
208.61 1307014
208.65 1305085
208.68 1304341
208.69 1304226
208.71 1302382
208.75 1301559
208.75 1300671
208.77 1300043
208.77 1299697
209.34 1297765
210.65 1296852
210.68 1296523
210.83 1296503
210.83 1293627
210.85 1293104
210.86 1292535
210.88 1292244
210.97 1291585
210.99 1291172
211.02 1290323
211.03 1288466
211.05 1288292
211.23 1285056
211.35 1283161
211.38 1282353
211.47 1277594
213.07 1277402
215.42 1277373
217.23 1274474
217.94 1273797
217.99 1269010
218.18 1267289
567.83 1265162
568.01 1257922
568.13 1257577
568.47 1257376
568.53 1256527
568.57 1256311
568.61 1256263
568.73 1255090
568.82 1249533
568.91 1246921
568.98 1246369
569.00 1245314
569.57 1244219
570.14 1243413
570.26 1228337
570.60 1228324
570.67 1228313
570.70 1227677
570.91 1226501
571.13 1224282
571.17 1222358
571.18 1221962
571.25 1220668
571.32 1217972
571.60 1217906
571.86 1217027
571.95 1216936
572.17 1216371
572.29 1215681
572.78 1213185
572.83 1213107
573.50 1212223
573.61 1211670
574.85 1211416
576.41 1210710
576.52 1209530
576.63 1209379
578.20 1208794
578.63 1208783
579.11 1207837
579.44 1206659
579.91 1206454
580.08 1202299
580.78 1202137
581.04 1201731
581.67 1201524