0.00 10542895
0.00 10535636
0.01 10326077
0.01 10236637
0.01 10228440
0.01 10169436
0.01 10166120
0.01 10139826
0.01 10096870
0.01 9980930
0.01 9974014
0.01 9916798
0.02 9882034
0.02 9816569
0.02 9803189
0.02 9777818
0.07 9756056
0.07 9727525
0.07 9676860
0.10 9579536
0.10 9576534
0.10 9576218
0.10 9334182
0.10 9253243
0.10 9252130
0.10 9193335
0.11 9150589
0.11 9102983
0.58 9048854
3.22 9025313
3.26 9016485
3.26 8960964
3.26 8957597
3.26 8912731
7.68 8818642
7.68 8763232
7.68 8616351
7.68 8596366
7.69 8550755
12.17 8384921
19.30 8247502
69.28 8225909
69.28 8206015
69.28 7954539
69.29 7742625
69.29 7460943
153.97 7347449
153.97 7278641
153.97 7264526
153.97 7083077
153.98 7067184
153.98 7057921
153.98 6986278
153.98 6985834
153.98 6911372
153.99 6885812
153.99 6633348
153.99 6631807
153.99 6631056
154.00 6552207
154.01 6544499
154.01 6409344
154.01 6363799
154.01 6360056
154.01 6354285
154.02 6312701
154.02 6311068
154.02 6289180
154.02 6254852
154.02 6225268
154.02 6215528
154.03 6190447
154.03 6187459
154.03 6173327
154.04 6155412
154.04 6073449
154.04 6019814
154.04 5969069
154.05 5936863
154.05 5928575
154.05 5829028
154.06 5814826
154.06 5770294
154.06 5741602
154.07 5720971
154.07 5711711
154.07 5710958
154.07 5701668
154.08 5695838
154.08 5681541
154.09 5681110
154.09 5625738
154.09 5619578
154.09 5618590
154.10 5589334
154.10 5536730
154.10 5523831
154.11 5505802
154.11 5473934
154.12 5434523
154.12 5412599
154.12 5405403
154.12 5398297
154.13 5389012
154.13 5365763
154.13 5319312
154.13 5311741
154.13 5264737
154.14 5262181
154.14 5258902
154.14 5218872
154.16 5218302
154.16 5153366
154.18 5152056
154.20 5132774
154.20 5132555
154.20 5076513
154.21 5075214
154.21 5056439
154.22 5051392
154.23 5037239
154.23 5017724
154.23 5015055
154.23 4988671
154.24 4934143
154.24 4924105
154.25 4903517
154.25 4901968
154.26 4897622
154.26 4885884
154.27 4821781
154.27 4791008
154.28 4779667
154.28 4776140
154.29 4746455
154.31 4713117
154.32 4712308
154.33 4700167
154.33 4686491
154.34 4683372
154.34 4619636
154.34 4606642
154.34 4548116
154.34 4386895
154.35 4335343
154.36 4331444
154.36 4330964
154.38 4330811
154.38 4330461
154.38 4329370
154.38 4319442
154.38 4210717
154.38 4210334
154.39 4209697
154.39 4207911
154.40 4199973
154.40 4198894
154.41 4194777
154.41 4194243
154.42 4185868
154.43 4152084
154.43 4145135
154.46 4141227
154.48 4112831
154.48 4103083
154.48 4053623
154.48 4032720
154.49 4024496
154.49 4023046
154.50 4019821
154.51 3964420
154.52 3920652
154.53 3896287
154.54 3882880
154.55 3871871
154.56 3855968
154.56 3839465
154.57 3838848
154.57 3834975
154.58 3827127
154.59 3773977
154.61 3767422
154.61 3732655
154.64 3728713
154.64 3721567
154.64 3675298
154.64 3671019
154.65 3546722
154.66 3424800
154.66 3379766
154.66 3378500
154.70 3378147
154.70 3266226
154.71 3265310
154.71 3238136
154.71 3227394
154.74 3226068
154.75 3220664
154.77 3199581
154.77 3185599
154.80 3145921
154.81 3145819
154.81 3140675
154.83 3117069
154.84 3111997
154.85 3110573
154.86 3108344
154.87 3093289
154.87 3063998
154.89 3062315
154.89 3061727
154.90 2978367
154.90 2960117
154.90 2956973
154.92 2954695
154.93 2938288
154.93 2937384
154.97 2925879
154.99 2876215
155.02 2853306
155.05 2847815
155.06 2790574
155.07 2776501
155.07 2775118
155.15 2772395
155.15 2769813
155.17 2765523
155.18 2765516
155.19 2761006
155.20 2760922
155.20 2727428
155.27 2719411
155.29 2700910
155.31 2690022
155.31 2676050
155.37 2638439
155.37 2631610
155.47 2623561
155.48 2613590
155.49 2612360
155.50 2599947
155.50 2599944
155.53 2571478
155.53 2559589
155.54 2548946
155.55 2488626
155.55 2481462
155.59 2432732
155.61 2429573
155.62 2424547
155.63 2423072
155.63 2417862
155.64 2414708
155.64 2413375
155.66 2401214
155.66 2399163
155.68 2396663
155.69 2395945
155.80 2370015
155.87 2363491
155.87 2362949
155.88 2361867
155.91 2360638
156.00 2359054
156.16 2353248
156.17 2350565
156.19 2335403
156.19 2332385
156.24 2315041
156.31 2278883
156.32 2271575
156.32 2271430
156.41 2240735
156.42 2226710
156.42 2222540
156.43 2222447
156.44 2217182
156.59 2216152
156.59 2213992
156.60 2208827
156.60 2204056
156.60 2194917
156.62 2112417
156.63 2111345
156.64 2110415
156.65 2109433
156.65 2102495
156.71 2098783
156.87 2089921
156.91 2063149
156.93 2057099
156.96 2051637
156.96 2051597
156.97 2050929
156.98 2047376
156.99 2043165
156.99 2041595
157.00 2040026
157.01 2038655
157.01 2036301
157.07 2034990
157.08 2028897
157.08 2026654
157.08 2025853
157.09 2020744
157.10 2019934
157.10 2019793
157.11 2016202
157.16 2002430
157.17 2002268
157.18 1989132
157.21 1969003
157.26 1964212
157.27 1958899
157.35 1958878
157.36 1955992
157.37 1953954
157.41 1945821
157.43 1939147
157.46 1938584
157.46 1933131
157.47 1929981
157.53 1913096
157.57 1911884
157.59 1905804
157.59 1903061
157.65 1901242
157.66 1900496
157.66 1877192
157.68 1875517
157.70 1842405
157.76 1821216
157.78 1820495
157.82 1819851
157.83 1818989
157.86 1811354
157.86 1804141
159.97 1800882
160.06 1796726
160.07 1787078
160.08 1786352
160.09 1772866
160.11 1770440
160.72 1759386
160.77 1754367
160.77 1753668
161.11 1742685
161.31 1741705
161.36 1739789
161.45 1697647
161.57 1671971
161.61 1667806
161.62 1667635
161.64 1666364
161.65 1664987
161.69 1661528
161.70 1652972
161.75 1651401
161.76 1645462
161.80 1645194
161.84 1603792
162.09 1599533
162.10 1597435
162.14 1591850
162.15 1587541
162.21 1587044
162.29 1586459
162.30 1586177
162.35 1579689
162.36 1579576
162.39 1577419
354.82 1571610
354.84 1569613
354.94 1562879
354.95 1562629
354.99 1552180
355.01 1548764
355.04 1548275
355.05 1543838
355.08 1540992
355.22 1536005
355.29 1532753
355.33 1532495
355.33 1530629
355.48 1525012
355.68 1519948
355.68 1519336
355.78 1519094
355.81 1517461
355.86 1514703
355.87 1510841
355.88 1509719
355.89 1508237
355.94 1506546
355.99 1506131
356.01 1492567
356.22 1490802
356.24 1489907
356.41 1488810
356.45 1486493
356.55 1480935
356.81 1475966
356.81 1446771
356.87 1445436
356.87 1444864
356.96 1440059
357.00 1438880
357.09 1429114
357.12 1406755
357.19 1406167
357.26 1405705
357.34 1405250
357.54 1405225
357.57 1404703
357.74 1403099
357.79 1391805
357.92 1391592
358.02 1391112
358.04 1391108
358.07 1390459
358.09 1390355
358.09 1380719
358.51 1379785
358.58 1379312
358.89 1377784
358.94 1373914
358.99 1355338
359.20 1350574
359.60 1350022
359.68 1348433
361.52 1348040
361.64 1341611
362.03 1341546
363.14 1338652
363.39 1338245
364.75 1337287
364.77 1333692
366.55 1333662
367.54 1333576
367.82 1332896
367.94 1332789
367.95 1331760
369.96 1327601
370.28 1326067
370.49 1325462
370.97 1325090
371.62 1325055
371.97 1325004
372.04 1324750
372.13 1317839
372.17 1314773
372.80 1314378
374.43 1298305
374.60 1295793
375.22 1295742
378.40 1294393
378.41 1294204
378.54 1293656
379.64 1264311
380.20 1264308
380.37 1261584
380.67 1261426
380.77 1261375
381.27 1261160
381.59 1260863
383.24 1260833
383.68 1259653
384.61 1259563
387.86 1259407
388.17 1257875
390.68 1257277
391.60 1257147
393.91 1257096
401.36 1256910
401.85 1256656
403.06 1256318
403.84 1256105