0.00 11254323
0.00 11028646
0.00 10968514
0.00 10950369
0.00 10925822
0.01 10915572
0.01 10915198
0.01 10847344
0.01 10799496
0.01 10732664
0.01 10727106
0.01 10662389
0.01 10544900
0.01 10515189
0.01 10415543
0.01 10355356
0.03 10324137
0.06 10258095
0.10 10248760
0.10 10241647
0.14 10224747
0.14 10190150
62.38 10112657
62.39 10070661
62.39 10051505
62.39 10048809
62.39 10030611
62.39 9824798
62.39 9749961
62.39 9720765
62.39 9674760
62.49 9672610
62.49 9529456
62.49 9470132
62.49 9362662
62.49 9337480
62.50 9295377
62.50 9194621
62.50 9193550
62.51 9182556
62.51 9027155
62.51 9025612
62.51 8869574
62.51 8798321
62.52 8773464
62.76 8772027
62.77 8534113
62.77 8529601
62.77 8423054
62.77 8321622
62.77 8316128
63.51 8304987
63.73 8273548
64.14 8243083
64.14 8181831
101.91 8072075
101.91 7928419
101.91 7749772
101.92 7744801
101.92 7679355
101.92 7671363
101.92 7491063
101.92 7485884
101.92 7327518
101.93 7205500
101.93 7113595
101.94 7066721
101.94 6979165
101.94 6911566
101.94 6885437
101.94 6715937
101.96 6606787
101.96 6532604
101.96 6532388
101.96 6514235
101.96 6503134
101.97 6490309
101.97 6468896
101.97 6448283
101.98 6446035
101.98 6437011
101.99 6419624
101.99 6417246
101.99 6249262
102.00 6240386
102.00 6108553
102.00 6046231
102.00 5982440
102.00 5975951
102.00 5975125
102.01 5958529
102.01 5853370
102.01 5852104
102.02 5797914
102.02 5692186
102.03 5672881
102.03 5652476
102.04 5611951
102.04 5610733
102.04 5567201
102.05 5532344
102.05 5523027
102.05 5419547
102.05 5388069
102.06 5365766
102.06 5259716
102.07 5256344
102.07 5253147
102.07 5249926
102.07 5242253
102.08 5216816
102.08 5204516
102.08 5203516
102.09 5104444
102.10 5076928
102.10 5074233
102.12 4977755
102.12 4946907
102.12 4900948
102.12 4878939
102.12 4878890
102.13 4835184
102.13 4738160
102.14 4737061
102.14 4723870
102.14 4633071
102.15 4628617
102.15 4618434
102.16 4565335
102.16 4539091
102.17 4538741
102.18 4526120
102.18 4515278
102.19 4512874
102.19 4482167
102.20 4456512
102.21 4444769
102.21 4295909
102.21 4281638
102.21 4272795
102.22 4197796
102.23 4192626
102.23 4188711
102.23 4186463
102.23 4185208
102.24 4182822
102.24 4155613
102.25 4146485
102.26 4135679
102.26 4133326
102.26 4130178
102.27 4055028
102.27 4052917
102.27 3999626
102.27 3995115
102.28 3967535
102.29 3962183
102.29 3961717
102.29 3960015
102.30 3956282
102.30 3917934
102.30 3877691
102.31 3867042
102.32 3850789
102.32 3803645
102.34 3783784
102.35 3775140
102.36 3716834
102.37 3715457
102.38 3709269
102.38 3707856
102.38 3706165
102.42 3704531
102.43 3697819
102.49 3681168
102.49 3680203
102.51 3652106
102.51 3640278
102.51 3631872
102.51 3629561
102.52 3621539
102.52 3605886
102.53 3594203
102.54 3593573
102.55 3518870
102.56 3499390
102.59 3467997
102.59 3467966
102.59 3467825
102.63 3462769
102.66 3447989
102.66 3447369
102.67 3426986
102.67 3426734
102.67 3380944
102.68 3380411
102.68 3370238
102.69 3306539
102.70 3305418
102.70 3262377
102.71 3250969
102.73 3213283
102.74 3176005
102.74 3174030
102.74 3162884
102.75 3158797
102.76 3147178
102.77 3145832
102.77 3145736
102.88 3132220
102.90 3131871
102.90 3128057
102.91 3125058
102.91 3124563
102.91 3124393
102.91 3120093
102.92 3119820
102.92 3106725
102.92 3105225
102.93 3090074
102.94 3089429
102.98 3011394
103.02 2998771
103.02 2997138
103.02 2988623
103.06 2960153
103.06 2957494
103.07 2952111
103.08 2945263
103.08 2938760
103.08 2923107
103.08 2888742
103.09 2872789
103.11 2828826
103.11 2817305
103.13 2816764
103.13 2813987
103.14 2813850
103.15 2810855
103.16 2805608
103.19 2776659
103.20 2771133
103.20 2755729
103.21 2753719
103.21 2753675
103.22 2708971
103.23 2704794
103.23 2672363
103.24 2671092
103.24 2670802
103.25 2660987
103.25 2660885
103.29 2637165
103.30 2615122
103.47 2614531
103.48 2503848
103.48 2502477
103.51 2467690
103.52 2461808
103.56 2461175
103.64 2439084
103.64 2437749
103.66 2394354
103.72 2387868
103.74 2382787
103.77 2381642
103.78 2368571
103.79 2360142
103.80 2355101
103.82 2349699
103.87 2307658
103.87 2286588
103.88 2286393
103.89 2280868
103.90 2278855
103.93 2264556
103.93 2264359
103.95 2262595
103.97 2250698
103.98 2224006
103.99 2219862
103.99 2218251
104.00 2216862
104.01 2216187
104.01 2202031
104.15 2167895
104.15 2161434
104.18 2142500
104.19 2138467
104.20 2129587
104.22 2129411
104.23 2128970
104.37 2090100
104.38 2016802
104.38 2013868
104.40 1993114
104.41 1979970
104.42 1978459
104.43 1963240
104.44 1961412
104.45 1960912
104.47 1950768
104.56 1946730
104.87 1939451
104.88 1930875
104.88 1924759
104.90 1923905
104.92 1923671
104.92 1923437
104.96 1918319
104.98 1917534
104.99 1915531
105.12 1884015
105.13 1884002
105.17 1882806
105.17 1879911
105.21 1878284
105.22 1878066
105.24 1870598
105.26 1870492
105.29 1869023
105.30 1868778
105.30 1865162
105.34 1828486
105.34 1820888
105.36 1819072
105.38 1802998
105.38 1802536
106.15 1800019
106.19 1796282
106.19 1786517
106.20 1781306
106.22 1756195
106.25 1753181
106.27 1749247
106.27 1741174
106.29 1732956
106.31 1727806
106.89 1726742
107.45 1722979
107.49 1712973
107.54 1712779
107.55 1695040
107.67 1689729
107.82 1686991
107.82 1682453
108.09 1681567
108.13 1677633
108.13 1670476
108.33 1663210
108.34 1659220
108.35 1659213
108.35 1658160
108.37 1658074
108.42 1652925
108.70 1642617
108.85 1634249
108.87 1631717
108.88 1630843
108.88 1628314
109.00 1623688
109.02 1615417
109.03 1612604
109.03 1611449
109.22 1602354
109.22 1598489
109.23 1576122
109.24 1572767
109.36 1554926
109.36 1550801
109.36 1550763
109.39 1547697
109.41 1545593
109.43 1541425
109.44 1540670
109.46 1534927
109.47 1525800
109.50 1522169
109.51 1521732
109.65 1512326
109.65 1511878
109.67 1510369
109.67 1494611
109.68 1494172
109.72 1492188
109.72 1491014
109.73 1482232
109.74 1475248
109.81 1469983
109.84 1468626
109.92 1468468
109.92 1467283
110.30 1461771
110.39 1457941
110.60 1456004
110.61 1448755
110.63 1447248
110.64 1446834
110.68 1443113
110.69 1439914
110.70 1439079
110.71 1438855
111.08 1431535
111.09 1431355
111.09 1422117
111.10 1412596
111.23 1409622
111.31 1409364
111.32 1406345
111.32 1400185
111.79 1398494
112.11 1394140
113.20 1378490
113.41 1378310
113.46 1373409
113.49 1372692
113.49 1368996
113.54 1365999
113.54 1365793
113.56 1363049
113.58 1362356
113.79 1362109
113.81 1360654
113.82 1344530
114.25 1342350
114.28 1340685
114.28 1340168
114.29 1337444
114.46 1336386
114.57 1336330
114.58 1335937
114.65 1335515
114.68 1334723
115.50 1323614
115.53 1321157
115.56 1315336
115.68 1314418
115.75 1307454
115.75 1306292
115.76 1305116
115.80 1305100
115.81 1305032
156.35 1304641
156.38 1303857
156.39 1299838
156.44 1299122
156.76 1297095
156.77 1296975
156.87 1296091
156.92 1295399
156.94 1295260
157.00 1294690
157.46 1292847
157.46 1288769
157.48 1286765
157.56 1281179
157.57 1278352
157.58 1270849
157.59 1270310
157.63 1265296
157.66 1265086
158.74 1263313
158.80 1262139
158.82 1262107
158.86 1261864
163.41 1255360
163.43 1255096
163.48 1253759
163.51 1253713
163.53 1253694
163.54 1251930
163.55 1251773
163.59 1251309
163.66 1248670
163.67 1248272
163.73 1247917
163.76 1247661
163.78 1243076
163.80 1242743
164.63 1241881
164.63 1240495
164.74 1238520
164.76 1237403
164.81 1236446
164.98 1236390
326.70 1228620
326.80 1221627
326.82 1221623
326.85 1221397
326.86 1217177
326.96 1216357
327.11 1214984
327.14 1212862
327.22 1212188
327.22 1209607
327.25 1208971
327.35 1206470
327.55 1205407
327.90 1204878
328.25 1204380
328.94 1204052
328.94 1204010
329.85 1203897
329.86 1203735
329.94 1203595
329.98 1203541
330.02 1203526
330.05 1201005
330.66 1200825
331.67 1200484
331.72 1199075
331.78 1198593
331.97 1198118
332.04 1197428
332.26 1197218
333.68 1197199
333.79 1197059
337.20 1196787
337.60 1196430
337.76 1196034
338.49 1195607
338.86 1195465
354.01 1195295
354.32 1194730
354.78 1194327