0.00 9985687
0.03 9823304
0.04 9756959
0.04 9730227
0.04 9719093
0.04 9657224
0.26 9651618
0.36 9551062
0.36 9547667
0.36 9541519
0.36 9524237
0.36 9496378
0.36 9493116
0.36 9454570
0.36 9451705
0.36 9407940
0.48 9361025
0.65 9359666
0.65 9357488
0.65 9324673
0.65 9324522
1.82 9306560
1.83 9276399
3.22 9233254
3.76 9169221
3.76 9108672
3.76 9090210
3.76 9089473
4.93 9058244
4.94 9015908
5.66 9002933
5.66 8912971
5.66 8744261
5.66 8668547
5.66 8630140
5.66 8585461
5.67 8528500
37.49 8507904
37.49 8463566
67.44 8311800
67.44 8214222
67.44 7976235
67.44 7904349
67.44 7683728
68.10 7588608
68.10 7587979
68.10 7568721
68.10 7563478
68.10 7562447
68.11 7499154
68.11 7471794
68.11 7471752
68.11 7456090
68.11 7449501
68.11 7342046
68.13 7303374
68.14 7289377
68.18 7231677
68.19 7225710
68.19 7066797
68.21 7064673
68.22 7064631
68.22 7064136
68.22 6981624
69.51 6980949
69.51 6879293
69.51 6870416
69.51 6863219
69.78 6858875
73.28 6753495
73.28 6697426
73.28 6697305
73.28 6696292
73.28 6681576
73.29 6631959
73.29 6631036
73.29 6554449
73.30 6554438
73.30 6540417
73.32 6534502
73.32 6423064
73.32 6273530
73.32 6255103
73.35 6152735
73.35 6111703
73.36 6090828
73.36 6088020
73.36 6085562
73.37 6080052
73.38 6064512
73.38 6056620
73.38 5967790
73.39 5904851
73.88 5864144
73.90 5862685
73.90 5839933
84.00 5778196
84.00 5727340
84.00 5727049
84.00 5680497
84.03 5620618
84.03 5619092
84.04 5610071
84.05 5599924
84.05 5588060
84.05 5585557
84.05 5582565
84.05 5574379
84.05 5562988
84.06 5560459
84.07 5549027
84.07 5455041
84.08 5375063
84.08 5362657
84.09 5361428
84.09 5355679
84.09 5353368
84.10 5292225
84.10 5290260
84.10 5285993
84.11 5242438
84.11 5224474
84.11 5186641
84.11 5181742
84.12 5174181
84.13 5161199
84.13 5160055
84.14 5146718
84.14 5131151
84.14 5130308
84.14 5130026
84.15 5046313
84.16 5043005
84.16 5015635
84.16 5000291
84.16 4798884
84.16 4792789
84.17 4791787
84.17 4781834
84.19 4717169
84.19 4690503
84.20 4636415
84.20 4625751
84.20 4608270
84.21 4538843
84.21 4532614
84.22 4512265
84.23 4503839
84.24 4389478
84.24 4389097
84.24 4350888
84.25 4294876
84.25 4293661
84.26 4293588
84.27 4292577
84.27 4241524
84.27 4227275
84.28 4196238
84.28 4194220
84.28 4191553
84.30 4115997
84.31 4112568
84.31 4108564
84.32 4107929
84.32 4006184
84.32 3954444
84.32 3886687
84.32 3886052
84.33 3811861
84.33 3768623
84.33 3764616
84.34 3759553
84.34 3757897
84.34 3752935
84.34 3737979
84.35 3735023
84.35 3734271
84.36 3724063
84.36 3722172
84.36 3720369
84.37 3634147
84.37 3607094
84.37 3503669
84.43 3452287
84.43 3450637
84.44 3450607
84.44 3341517
84.45 3341225
94.76 3268941
94.76 3268330
94.77 3221856
94.78 3211461
94.79 3210402
94.80 3209146
94.84 3194554
94.84 3193490
94.84 3188562
94.84 3147270
94.85 3140961
94.85 3140405
94.86 3138749
94.88 3137724
94.88 3134370
94.93 3116987
94.97 3113882
94.98 3112571
94.98 3108542
95.01 3102864
95.01 3025991
95.02 3023333
95.02 3012346
95.02 3011518
95.03 2972742
95.04 2972156
95.04 2970789
95.04 2961521
95.08 2950243
95.10 2946826
95.11 2925526
95.18 2901965
95.19 2892969
95.20 2854253
95.26 2846745
95.32 2777600
95.33 2777563
95.34 2743945
95.34 2743188
95.34 2738434
95.34 2736845
95.36 2733353
95.40 2647264
95.42 2644106
95.43 2635258
95.45 2599222
95.47 2565620
95.47 2565512
95.47 2564792
95.48 2562487
95.54 2561401
95.57 2558938
95.57 2558876
95.58 2552667
95.59 2550605
95.60 2547334
95.61 2526440
95.61 2526434
95.63 2508324
95.63 2463771
95.64 2455698
95.64 2442810
95.65 2429671
95.70 2428393
95.70 2425408
95.71 2421622
95.73 2413141
95.74 2412770
95.75 2410892
95.75 2398437
95.81 2397054
95.81 2396328
95.82 2385789
95.85 2301887
95.86 2300402
95.86 2300026
95.86 2298104
95.87 2293693
95.90 2292648
95.98 2291026
95.99 2286291
95.99 2264947
96.56 2250656
96.66 2243205
96.69 2242630
96.71 2238379
96.72 2226218
96.74 2225634
96.74 2224727
96.75 2205197
96.79 2200536
96.80 2193678
97.17 2172823
97.18 2165148
97.19 2163898
97.60 2145945
97.61 2144854
97.62 2136589
97.62 2135935
97.63 2135230
97.65 2128056
97.65 2126549
97.70 2077821
97.71 2026671
97.71 2020500
97.73 2020464
97.73 2019353
97.74 2009912
97.75 2002736
97.77 1999641
97.77 1999366
97.79 1998877
97.82 1985124
97.82 1964010
97.84 1943122
97.85 1937039
97.88 1879365
97.88 1871922
97.89 1871578
97.89 1870893
97.91 1869118
97.94 1868791
97.94 1846977
97.96 1817375
97.96 1817121
97.98 1816588
98.01 1813006
98.26 1806599
98.34 1801230
98.35 1799472
98.36 1798813
98.41 1785365
98.43 1782431
98.46 1778958
98.72 1778714
99.35 1777156
99.35 1773769
99.35 1773383
99.37 1770750
99.37 1751087
99.38 1749898
99.40 1749480
99.45 1748572
99.46 1736610
99.58 1721126
99.62 1716103
99.63 1715839
99.65 1712165
99.72 1706715
99.76 1704650
99.76 1697581
100.49 1695869
100.51 1689125
100.52 1675895
100.53 1675687
100.54 1670069
100.61 1666222
100.61 1665737
100.64 1665033
100.68 1664559
100.96 1663174
241.35 1661811
241.36 1659551
241.37 1655734
241.69 1654536
241.75 1653675
241.77 1651315
241.78 1646997
241.80 1643504
241.85 1620635
241.88 1616049
241.92 1615606
242.00 1615025
242.11 1610525
242.11 1593629
242.17 1585673
242.18 1580608
242.20 1579093
242.21 1578716
242.23 1578379
242.24 1573962
242.26 1573767
242.29 1571941
242.30 1571311
242.44 1569857
242.56 1569474
242.58 1560414
242.67 1558773
242.68 1558136
242.70 1553769
242.74 1552744
242.79 1552456
242.80 1547527
242.88 1545729
242.92 1545674
242.95 1538605
243.05 1534219
243.19 1530247
243.35 1509168
243.36 1508639
243.42 1505922
243.52 1503698
243.58 1502039
243.62 1501370
243.69 1489421
243.69 1488613
243.70 1482219
244.22 1479456
244.28 1478830
244.29 1478285
244.31 1478143
244.37 1473991
244.37 1471153
244.55 1469540
244.73 1467342
244.89 1464139
245.28 1456334
245.86 1438659
245.93 1437436
246.46 1437227
246.59 1436978
246.61 1436507
246.61 1433828
246.77 1418407
246.79 1415663
246.81 1413657
246.84 1413462
246.88 1412536
246.94 1407346
247.40 1405961
247.43 1405670
247.62 1404667
247.66 1393250
247.68 1393182
247.68 1391383
247.78 1378604
247.80 1374739
247.88 1373894
247.90 1370597
248.07 1370274
248.50 1367868
248.54 1361972
248.59 1354105
248.60 1353585
248.62 1352912
249.26 1352515
249.79 1329973
249.84 1328112
249.84 1327877
249.98 1327064
250.10 1325859
250.11 1325420
250.20 1322469
250.23 1311885
250.28 1311463
251.81 1309945
251.82 1305175
251.98 1302654
252.33 1302093
252.49 1299658
252.53 1299321
252.71 1294831
252.90 1293141
257.25 1289259
257.25 1287983
257.36 1285078
257.68 1284257
257.70 1283658
269.23 1283095
269.31 1282602
269.37 1282484
269.43 1281398
269.63 1280841
269.96 1279230
272.36 1278070
272.43 1277619
274.37 1277255
274.43 1276190
307.44 1276088
307.51 1274208