0.00 10022915
0.00 10022744
0.00 9918047
0.00 9853937
0.01 9756710
0.01 9749003
0.10 9746027
0.10 9701383
0.10 9509468
0.11 9468980
0.32 9448207
0.32 9298880
0.33 9295471
0.33 9266271
0.34 9086615
0.34 9051038
0.34 8951664
0.34 8901184
1.21 8873385
1.21 8864275
1.21 8835115
1.22 8814016
2.81 8725686
2.81 8714065
2.81 8653517
2.81 8609031
8.90 8559919
8.90 8525679
11.41 8522306
13.72 8335412
13.72 8307927
13.73 8268173
13.73 8114618
75.29 8028852
75.48 7988844
75.48 7978346
75.48 7969977
75.48 7967043
75.55 7966359
75.71 7917149
75.71 7878189
75.71 7875952
75.71 7858957
95.80 7851497
95.81 7788140
95.81 7780977
95.81 7730488
95.81 7719676
95.81 7651789
95.81 7525376
95.81 7413478
95.81 7411363
95.82 7295596
95.82 7290011
95.84 7282959
95.84 7282850
95.84 7276762
95.85 7250099
95.85 7206283
95.85 7109112
95.85 7108813
95.86 7007237
95.86 7003277
95.86 7000807
95.87 6985253
95.87 6976863
95.87 6969847
95.87 6919142
95.87 6795150
95.88 6792757
95.88 6792487
95.88 6707847
95.89 6631173
95.89 6445229
95.89 6436247
95.89 6349428
95.90 6276831
95.90 6239069
95.90 6238542
95.90 6236075
95.90 6235963
95.91 6221243
95.91 6121565
95.91 6070762
95.91 6065604
95.91 5968777
95.92 5905336
95.93 5775729
95.94 5774169
95.94 5740991
95.94 5738466
95.95 5734433
95.95 5679814
95.95 5656388
95.96 5653815
95.97 5613706
95.97 5597935
95.97 5585521
95.97 5577306
95.98 5542311
95.99 5538530
95.99 5508025
95.99 5473602
95.99 5447800
95.99 5447398
96.00 5436519
96.00 5382840
96.01 5358051
96.01 5351866
96.01 5282214
96.01 5263758
96.02 5225941
96.02 5214822
96.02 5203054
96.03 5139679
96.04 5132254
96.04 5129839
96.04 5127714
96.04 4935829
96.04 4929676
96.04 4910940
96.05 4900787
96.05 4861430
96.05 4768366
96.05 4767678
96.06 4746100
96.07 4670904
96.07 4663429
96.08 4618992
96.09 4603808
96.09 4509493
96.11 4451841
96.11 4441376
96.12 4432787
96.13 4392246
96.13 4345205
96.13 4344152
96.13 4304616
96.15 4292298
96.15 4291476
96.15 4281874
96.15 4281233
96.16 4275098
96.16 4263002
96.16 4229268
96.16 4209367
96.16 4175604
96.16 4175350
96.17 4160602
96.18 4159725
96.19 4151735
96.19 4149960
96.20 4149679
96.20 4133660
96.20 4133200
96.20 4105312
96.21 4096994
96.21 4091667
96.22 4067751
96.23 4065241
96.24 4049891
96.24 4018308
96.24 3948609
96.24 3947588
96.25 3925879
96.25 3898865
96.26 3889770
96.26 3861900
96.28 3842888
96.31 3739985
96.31 3714526
96.33 3707487
96.33 3698383
96.34 3690569
96.34 3609095
96.36 3603193
96.36 3600589
96.37 3599404
96.38 3597916
96.38 3592441
96.39 3591234
96.41 3583813
96.41 3577315
96.41 3568277
96.42 3555292
96.42 3542936
96.44 3542596
96.44 3538960
96.46 3482194
96.55 3465044
96.60 3447482
96.61 3446034
96.61 3395361
96.62 3329932
96.62 3317665
96.63 3317103
96.63 3315063
96.64 3305718
96.65 3259337
96.66 3259000
96.67 3255838
96.67 3249987
96.67 3245312
96.67 3235300
96.68 3200084
96.68 3182432
96.70 3181815
96.73 3157857
96.74 3153564
96.75 3149873
96.76 3141812
96.79 3070216
96.80 3069819
96.81 3047975
96.81 3043914
96.81 3001226
96.83 2992221
96.83 2991270
96.84 2983448
96.84 2981211
96.85 2971571
96.85 2957977
96.86 2953587
97.29 2946305
97.31 2943764
97.32 2941384
97.32 2931438
97.32 2921859
97.33 2921783
97.33 2917741
97.36 2908743
97.37 2892233
97.37 2882444
97.40 2881663
97.42 2867641
97.52 2862018
97.53 2861632
97.53 2714950
97.54 2712297
97.55 2698065
97.72 2696270
97.72 2695913
97.75 2695865
97.76 2662521
97.77 2632023
97.79 2631623
97.96 2626753
97.96 2614554
97.97 2593901
98.40 2576371
98.41 2557015
98.44 2554930
98.45 2547543
98.45 2527391
98.46 2527175
98.52 2513582
98.53 2513081
98.55 2502143
98.56 2491865
98.56 2491127
98.58 2490601
98.60 2453900
98.60 2452416
98.61 2440727
98.62 2434174
98.63 2431897
98.63 2427496
98.64 2391969
98.65 2388931
98.67 2383994
98.94 2382118
98.96 2382098
98.96 2381726
98.97 2366160
98.98 2365891
98.98 2364586
99.06 2347857
99.08 2316203
99.09 2315707
99.14 2313730
99.18 2307614
99.26 2299956
99.28 2275184
99.34 2247733
99.35 2237839
99.36 2224423
99.37 2186722
99.38 2181480
99.38 2181059
99.51 2180738
99.55 2163930
99.56 2158086
99.64 2157508
99.65 2156586
99.65 2155982
99.66 2149035
99.67 2146818
99.70 2140225
99.71 2130111
101.02 2115706
101.03 2115357
101.07 2104663
101.13 2077824
101.15 2030512
101.25 2028325
101.25 2028248
101.36 2027177
101.37 2026212
101.38 2026086
101.38 2022784
101.38 2012713
101.38 2012576
101.39 2010595
101.99 1990058
101.99 1987851
104.94 1986920
104.95 1951875
104.95 1951508
104.98 1951132
104.98 1950034
105.03 1948444
105.03 1943640
105.05 1942486
105.58 1941954
105.59 1933356
105.60 1924722
105.74 1916476
105.75 1915622
105.78 1906404
105.78 1904128
105.85 1900822
105.87 1898616
106.06 1895732
106.06 1889698
106.07 1888438
106.09 1836552
106.16 1834435
106.16 1832334
106.18 1825906
106.18 1824923
107.14 1819023
107.14 1800447
107.15 1795003
107.16 1794601
107.17 1793849
107.17 1793014
107.18 1790236
107.18 1762162
107.18 1757584
107.19 1753436
107.31 1752183
107.33 1751915
107.33 1747814
107.36 1739426
107.37 1733203
107.43 1728211
107.46 1722729
107.55 1718279
107.55 1715332
107.57 1706412
107.80 1689906
107.81 1681284
108.15 1681169
108.15 1680998
108.17 1671856
108.19 1654603
108.20 1652627
108.20 1650987
108.24 1649328
108.26 1645530
108.26 1641744
108.26 1629959
108.26 1628639
108.29 1627078
135.75 1623451
135.77 1621558
136.54 1619263
136.57 1608147
136.57 1607966
136.63 1607467
136.65 1606070
136.66 1604737
136.67 1604518
136.68 1604039
136.68 1602928
136.75 1596658
136.78 1594494
136.81 1578642
136.83 1574684
137.33 1571743
137.33 1555207
137.38 1554214
137.43 1543947
137.44 1543307
137.53 1542472
137.54 1514853
137.57 1514411
137.58 1512766
137.80 1511735
137.80 1485213
138.06 1483487
138.12 1482696
138.15 1477095
138.17 1474448
138.17 1468662
139.01 1457736
139.03 1455771
139.03 1455715
139.04 1454995
139.08 1453174
139.18 1451173
139.22 1449858
139.22 1446580
139.24 1444906
139.25 1440099
139.29 1439248
139.29 1436166
139.31 1428247
139.31 1419260
139.36 1417802
139.36 1413291
139.38 1409219
140.36 1403117
140.38 1403055
140.47 1402767
140.47 1383513
140.48 1372923
140.81 1369329
140.83 1359435
140.83 1358010
140.84 1351821
154.29 1350907
154.30 1350840
210.59 1347531
210.65 1347295
210.66 1346085
210.67 1346030
210.80 1345589
210.91 1339351
210.91 1339069
210.94 1338263
211.04 1335152
211.06 1333393
211.27 1332072
211.35 1328666
212.17 1326939
212.18 1325395
212.35 1321443
213.72 1318419
213.74 1312022
213.79 1310655
213.81 1310191
213.86 1309390
213.87 1308205
213.92 1304644
214.02 1304324
214.02 1302597
214.03 1301920
214.06 1301442
214.23 1301248
214.35 1300973
214.47 1300260
214.58 1297422
214.59 1296846
214.96 1295713
214.98 1295114
214.98 1291987
215.07 1290664
215.10 1290499
215.74 1289483
215.82 1287785
215.84 1287715
215.90 1287403
216.12 1286065
216.19 1285376
216.21 1280041
218.34 1272069
218.41 1269221
218.46 1268759
218.61 1266375
218.61 1266117
218.63 1265334
218.65 1261255
218.73 1252527
218.82 1251743
219.03 1248736
219.19 1248231
219.29 1247797
219.30 1247174
353.55 1246802
353.63 1246729
353.90 1242120
354.16 1241273
354.72 1233476
354.74 1220462
354.82 1215005
354.92 1214726
355.03 1214216
355.29 1213946
355.43 1211748
355.48 1209756
355.54 1207741
355.59 1206557
356.02 1206138
356.10 1205645
356.11 1205325
356.18 1204732
356.29 1203972
356.33 1203420
356.52 1202784
356.86 1201859
357.28 1201575
357.37 1200004
357.63 1194247
357.69 1193129
358.20 1192359
358.24 1191500
358.42 1191306
358.47 1190128
358.87 1189699
359.08 1189291
359.13 1189191
359.23 1189049
359.30 1188395
363.37 1188363
363.42 1187995
448.39 1186262
454.33 1185964
454.81 1185761
455.36 1185514
465.28 1183504
465.87 1183367
465.90 1182814
466.05 1182387
466.09 1181160
466.18 1179506