0.00 2521682
0.00 2479477
0.00 2478593
0.01 2458912
0.01 2354884
0.10 2354428
0.10 2348159
0.10 2342203
0.10 2311831
0.11 2287616
0.11 2287490
0.11 2287335
0.11 2272109
0.12 2233824
0.14 2216351
0.18 2215896
0.18 2171363
0.18 2157178
0.18 2103250
0.19 2085055
0.20 2079932
0.26 2074283
0.26 2068202
0.26 1999821
0.27 1998393
0.28 1948636
0.33 1948184
0.33 1910482
0.34 1896505
0.34 1866640
0.35 1864000
0.36 1849308
0.41 1826281
0.41 1825759
0.42 1793005
0.43 1779649
0.43 1775036
0.44 1757644
0.49 1744364
0.49 1725431
0.49 1676947
0.52 1663254
0.57 1656026
0.57 1640356
0.58 1611805
0.58 1610639
0.59 1594274
0.60 1593595
0.66 1585009
0.66 1569481
0.66 1542146
0.67 1533527
0.69 1528901
0.73 1515591
0.74 1506749
0.74 1499559
0.75 1483240
0.75 1475247
0.78 1470738
0.80 1468902
0.81 1464456
0.81 1453646
0.81 1445504
0.82 1435704
0.85 1417453
0.89 1409142
0.90 1404067
0.90 1379389
0.91 1368685
0.93 1364031
0.93 1359290
0.96 1351192
0.97 1350360
0.97 1333348
1.00 1320829
1.05 1320610
1.05 1311899
1.05 1295226
1.05 1294887
1.09 1288616
1.12 1282765
1.13 1279221
1.14 1257125
1.17 1251155
1.21 1239207
1.21 1197733
1.29 1197252
1.29 1193327
1.29 1173442
1.30 1171478
1.30 1150101
1.37 1141142
1.37 1132364
1.43 1123846
1.44 1117665
1.46 1107561
1.49 1106232
1.52 1084353
1.61 1083112
1.62 1073162
1.69 1069357
1.70 1068714
1.71 1059641
1.73 1048105
1.77 1045044
1.78 1040007
1.80 1030368
1.86 1027274
1.88 1004215
1.93 1000881
1.95 998117
1.99 990694
2.00 989990
2.03 988494
2.08 985160
2.16 980881
2.19 980585
2.23 977352
2.24 973073
2.31 972609
2.32 972522
2.34 966975
2.41 963032
2.53 962986
2.54 959327
2.58 959018
2.61 958776
2.69 958312
2.76 958266
2.78 958003
2.79 956774
2.83 954210
2.84 915692
2.91 914463
2.99 914417
6.36 909873
6.38 908481
6.39 904862
6.53 903906
6.60 897669
6.62 895448
6.79 895267