0.00 2814659
0.00 2783895
0.00 2773972
0.00 2746260
0.01 2745591
0.02 2660303
0.06 2607689
0.10 2593117
0.10 2563945
0.10 2533111
0.10 2530359
0.11 2494245
0.15 2473364
0.17 2435474
0.18 2405044
0.18 2334105
0.18 2322828
0.18 2301149
0.20 2299979
0.26 2289369
0.26 2272769
0.26 2234608
0.27 2185235
0.28 2183314
0.30 2152643
0.36 2134181
0.36 2121090
0.36 2100590
0.36 2077530
0.37 2077218
0.39 2073584
0.40 2051274
0.44 2039997
0.45 2014303
0.45 1987225
0.46 1983496
0.46 1967404
0.49 1938628
0.51 1932074
0.54 1931656
0.55 1911916
0.55 1901514
0.55 1865349
0.56 1859481
0.61 1830705
0.63 1827717
0.63 1791209
0.65 1773060
0.68 1766789
0.71 1759931
0.71 1740670
0.71 1724513
0.71 1717861
0.72 1692107
0.80 1678481
0.80 1674697
0.81 1671171
0.81 1657187
0.82 1652159
0.82 1635855
0.90 1617795
0.90 1580218
0.91 1564625
0.99 1522295
1.06 1518228
1.08 1515829
1.08 1490052
1.09 1485837
1.09 1463837
1.11 1452857
1.17 1451867
1.18 1415509
1.18 1402753
1.26 1395212
1.26 1387249
1.27 1382414
1.27 1356274
1.30 1355264
1.36 1322873
1.37 1321017
1.39 1319075
1.41 1312682
1.47 1305579
1.47 1292012
1.47 1273186
1.48 1269243
1.50 1263642
1.57 1220203
1.67 1220201
1.68 1208149
1.68 1200021
1.68 1198765
1.71 1189971
1.77 1185546
1.78 1178860
1.79 1164876
1.80 1156846
1.87 1153001
1.88 1136176
1.89 1126614
1.96 1111415
1.96 1097441
2.06 1081516
2.08 1068642
2.17 1062417
2.19 1050658
2.20 1047204
2.24 1034860
2.26 1032682
2.26 1031279
2.33 1010676
2.42 1008183
2.42 996127
2.51 995823
2.55 995441
2.55 992282
2.57 987902
2.60 987402
2.61 986443
2.65 985644
2.66 982229
2.71 981755
2.71 975949
2.74 963253
2.80 961831
2.84 958233
2.90 953481
2.92 951953
2.99 947201
3.11 941822
3.20 941348
3.23 938777
3.37 937355
3.40 936519
3.45 934757
3.55 932471
6.71 931049
6.79 930768
8.02 924545
8.17 923123
8.21 919787
8.32 917587
8.56 916165
8.69 915614
8.69 914899
8.86 914348
8.95 914067
9.00 913877
9.11 913667
9.20 913658
9.29 909601
9.43 909320