0.00 6919650
0.01 6909997
0.01 6904562
0.02 6877700
0.18 6860928
0.40 6792003
0.96 6767614
2.74 6758517
2.74 6742220
2.76 6741677
2.76 6739739
2.80 6733733
2.80 6716443
2.90 6676070
3.31 6621898
4.85 6618470
5.19 6614310
5.19 6610451
5.19 6605473
5.19 6599537
5.19 6596472
5.21 6593060
5.21 6523599
5.83 6494616
7.34 6476555
7.69 6464125
7.69 6458954
7.69 6451943
7.70 6351235
8.95 6350030
9.69 6345110
10.29 6342330
10.29 6339800
10.31 6331503
10.31 6246453
10.45 6203578
12.90 6199702
12.90 6162652
12.94 6136469
13.05 6108353
13.11 6107434
13.42 6082346
15.53 6080691
15.53 6075447
15.54 6072005
15.54 6041803
15.59 6039599
15.60 6014734
15.67 5999041
15.99 5985568
16.32 5965991
16.37 5962285
17.15 5961507
18.09 5951743
18.10 5923754
18.10 5868918
18.30 5864278
18.73 5853423
20.67 5844413
20.67 5824026
20.70 5822612
20.70 5817873
20.71 5808478
20.74 5708109
23.21 5678866
23.24 5678139
23.25 5616387
23.93 5593396
25.66 5588080
25.67 5586559
25.67 5580211
25.68 5577640
25.70 5575304
25.73 5571822
25.77 5561231
25.78 5540147
25.92 5521484
26.61 5501587
27.15 5501381
27.45 5496723
28.10 5488813
28.10 5485010
28.11 5469502
28.18 5393924
28.94 5372863
30.58 5344308
30.59 5318643
30.59 5306400
30.70 5289241
31.66 5281141
31.97 5273884
33.06 5268844
33.06 5263711
33.06 5254715
33.07 5245389
33.09 5230117
33.14 5213783
33.50 5211063
34.24 5200648
35.56 5189185
35.57 5186232
35.59 5163876
35.62 5148943
35.85 5148148
36.14 5127535
37.05 5117632
38.30 5111320
38.37 5067941
38.65 5043533
38.85 5040290
38.96 5018466
41.17 5015917
41.18 5013592
41.18 4995749
41.18 4989498
41.24 4983109
41.40 4966204
41.50 4963873
41.54 4943979
42.26 4930404
43.94 4912389
43.94 4907984
44.04 4880444
44.45 4852698
44.57 4845225
44.99 4833800
46.80 4833787
46.80 4833529
46.80 4822485
46.82 4819949
46.82 4817707
46.82 4796525
46.84 4788597
46.87 4788234
47.15 4765961
47.50 4763345
48.12 4749706
48.80 4748621
49.64 4746456
49.64 4745976
49.64 4735236
49.65 4727336
49.68 4702700
49.71 4696587
50.58 4663092
51.07 4659007
52.10 4628532
52.11 4627731
52.26 4614088
52.83 4608592
53.43 4584535
54.47 4511422
54.82 4509245
56.79 4502919
56.80 4497836
56.82 4497280
56.82 4493621
56.83 4454638
56.87 4439183
57.45 4436008
58.62 4423325
59.13 4421567
59.14 4420337
59.14 4419771
59.15 4398921
59.15 4388480
59.18 4382856
59.26 4363424
60.60 4358446
61.48 4357201
61.49 4344212
61.52 4339513
61.52 4320153
61.60 4305589
61.76 4282523
62.06 4275670
63.81 4243739
63.81 4209485
66.18 4206555
66.19 4204677
66.20 4201217
66.20 4200882
66.20 4197201
66.23 4195031
66.24 4184510
66.25 4158785
66.92 4153705
66.96 4147817
67.75 4143920
68.52 4141701
68.55 4120053
68.56 4088598
69.69 4085815
70.32 4056172
71.41 4053300
71.41 4051348
71.42 4049587
71.43 4033093
71.54 4011311
71.65 3996053
71.88 3989890
73.91 3980650
74.20 3964134
74.22 3960765
74.24 3957787
74.27 3956104
74.31 3955220
74.32 3935973
74.44 3931055
74.96 3921370
75.00 3907873
76.70 3888981
76.77 3856158
79.07 3852503
79.17 3844687
79.43 3833234
79.44 3823033
79.45 3809850
79.45 3808604
80.21 3801317
80.44 3774294
82.16 3759497
82.20 3740183
82.34 3736545
82.48 3735035
82.59 3726191
83.95 3719701
84.91 3711264
84.92 3695220
84.93 3680927
85.11 3675957
85.79 3673990
86.81 3671817
87.65 3664176
87.65 3650936
87.68 3635689
87.79 3632719
87.92 3630105
88.24 3626478
88.34 3608274
90.41 3581579
90.43 3564323
90.68 3563031
90.90 3555768
93.11 3543681
93.13 3514199
93.50 3513652
93.67 3510035
94.45 3509039
95.22 3499152
95.95 3498579
95.97 3494536
95.97 3491947
96.03 3470676
96.15 3468310
96.21 3459730
96.82 3452296
98.94 3442771
98.94 3439992
98.95 3413213
99.14 3412632
99.69 3408903
99.82 3407925
100.17 3402142
101.64 3383378
101.71 3381774
101.72 3378983
101.72 3362476
101.75 3346010
104.14 3343575
104.15 3324815
104.16 3309734
104.33 3306822
104.89 3303290
106.61 3303163
106.62 3295047
106.64 3277722
106.72 3277164
106.81 3258914
107.04 3253423
108.77 3252599
108.96 3252119
109.09 3250760
109.10 3249548
109.10 3247405
109.11 3238862
109.19 3237808
109.19 3220932
109.35 3218927
109.91 3217544
110.12 3209184
110.43 3202524
110.94 3198579
111.48 3198559
111.49 3198149
111.50 3185534
111.58 3168448
111.64 3148559
114.10 3135407
114.15 3130068
114.16 3112678
115.87 3110866
116.69 3102920
116.87 3096248
116.89 3094471
116.90 3080516
116.94 3077258
117.00 3076533
117.02 3063108
117.06 3062971
118.42 3062235
119.08 3054973
119.36 3045318
119.67 3035138
119.69 3034413
119.71 3029733
119.75 3028897
119.78 3017310
119.89 3016184
119.94 3010865
120.08 3005062
122.42 2996709
122.43 2987867
122.47 2979048
122.48 2972356
122.83 2968807
124.28 2968030
125.25 2964428
125.25 2956473
125.25 2955805
125.26 2949224
125.29 2946548
125.32 2943349
125.45 2937312
125.52 2937206
125.54 2932723
125.66 2927572
126.82 2920083
128.14 2919155
128.14 2889188
128.27 2887881
128.91 2883314
129.25 2880270
129.88 2879247
131.18 2877766
131.18 2867690
131.19 2852146
131.62 2832677
134.41 2827570
134.43 2824295
134.51 2823145
134.53 2817790
134.53 2814539
134.56 2809348
134.61 2808711
134.72 2807139
134.88 2798710
135.05 2795419
135.21 2794481
137.56 2793918
137.57 2791940
137.59 2787064
137.67 2776602
137.69 2769431
137.78 2759309
138.10 2758184
138.87 2757260
139.83 2755018
140.52 2753648
140.55 2748374
140.55 2742332
140.57 2733031
140.68 2722816
141.07 2717419
141.16 2714611
143.03 2702416
143.07 2691735
143.22 2674153
145.94 2666748
145.96 2663088
146.01 2656712
146.09 2642301
146.17 2638791
149.00 2635379
149.25 2634475
149.25 2634272
149.26 2633828
149.27 2628815
149.27 2614082
149.30 2608446
149.70 2605863
149.91 2605565
150.99 2595582
152.04 2593143
152.05 2591192
152.05 2583840
152.09 2576304
152.17 2564820
152.27 2558371
154.76 2558338
154.76 2551210
154.77 2541752
154.82 2534628
154.94 2533763
155.78 2531356
155.89 2524703
156.94 2524580
157.39 2520729
157.40 2512838
157.59 2495915
158.67 2493776
160.07 2490084
160.09 2486517
160.18 2476037
160.30 2474833
160.36 2473038
160.83 2458725
162.73 2446994
162.75 2440655
162.81 2438410
162.96 2420781
165.02 2406335
165.73 2406169
165.73 2404922
165.73 2404835
165.74 2404813
165.76 2399076
165.84 2387714
165.88 2384881
166.08 2377203
166.37 2372778
166.39 2364065
168.56 2360291
168.57 2358497
168.58 2340848
168.79 2326121
171.52 2323981
171.53 2321860
171.54 2320247
171.70 2305566
171.98 2302471
172.29 2301582
173.51 2290217
174.75 2289212
174.76 2259674
174.82 2257907
175.69 2253049
177.18 2245185
177.59 2239067
177.61 2238550
177.65 2238278
177.71 2220646
178.47 2219723
178.54 2206892
180.41 2199930
180.45 2198145
180.52 2192877
180.59 2188846
181.16 2185811
181.18 2184674
181.52 2181642
181.72 2181243
182.93 2180123
183.07 2177891
183.07 2172803
183.14 2164230
183.22 2148301
185.75 2148236
185.78 2147748
185.79 2142639
185.80 2136112
185.86 2130860
186.29 2119580
188.35 2118127
188.37 2117181
188.37 2112618
188.41 2103076
188.47 2072492
191.02 2072441
191.03 2067447
191.08 2058721
191.13 2043329
193.72 2029584
194.00 2025265
194.39 2021913
195.18 2013475
196.57 2012482
196.57 2010550
196.58 2005524
196.62 1999704
196.90 1976245
199.51 1972202
199.56 1971785
199.57 1962635
199.77 1961037
200.83 1958804
200.84 1956217
200.94 1947813
202.30 1943728
202.35 1937279
202.51 1930495
202.74 1928518
203.28 1924291
203.61 1919707
205.13 1906640
205.28 1901524
206.23 1899679
206.61 1898639
207.46 1897423
207.48 1877647
207.70 1875414
209.97 1875237
209.97 1871947
209.98 1868833
210.03 1866993
210.07 1857512
210.91 1853371
212.40 1851911
212.42 1832379
214.80 1824013
214.83 1823637
214.85 1821061
215.03 1816307
215.28 1813298
215.37 1807518
217.25 1806694
217.26 1806225
217.28 1803296
217.32 1800995
217.35 1797722
217.58 1796707
217.72 1795175
218.20 1794816
218.26 1793049
218.57 1793041
219.29 1792410
219.49 1792305
219.66 1790718
219.67 1785524
219.69 1784826
219.79 1776625
220.37 1773224
222.02 1767195
222.16 1766433
222.47 1762057
222.68 1761760
222.72 1750722
224.40 1749135
224.40 1743941
224.44 1743452
224.45 1741388
224.49 1734437
226.27 1731907
226.74 1725878
226.75 1716063
227.91 1712806
229.82 1708987
229.87 1705536
229.88 1703472
229.93 1696521
230.34 1695365
232.60 1694157
232.62 1692938
232.62 1692329
232.67 1685614
232.81 1677626
235.62 1677113
235.63 1676345
235.67 1672270
235.70 1667100
236.51 1665688
236.87 1661828
237.11 1658285
238.08 1657802
238.13 1648534
238.33 1647945
238.84 1646835
239.31 1643419
241.38 1642886
241.41 1640250
241.51 1637951
241.51 1637264
241.80 1636423
241.81 1635751
241.84 1632879
242.03 1631124
243.25 1623534
244.01 1618444
244.35 1618422
244.39 1618379
244.41 1618088
244.42 1617025
244.44 1616663
244.46 1613372
244.49 1611800
244.80 1602864
246.84 1589562
248.44 1582979
249.41 1581418
249.47 1580082
249.48 1580060
249.51 1579309
249.52 1577907
249.53 1550434
251.83 1545665
251.83 1538877
252.36 1538139
253.29 1535678
253.70 1534149
254.18 1525956
254.46 1524863
254.86 1521296
256.51 1510227
256.80 1509358
257.07 1509001
257.76 1508267
258.04 1507384
258.14 1506946
258.96 1501122
259.12 1500286
259.18 1498774
259.47 1496827
259.96 1495127
260.37 1492059
261.51 1480990
261.64 1480126
262.11 1479764
263.17 1478147
263.94 1477999
264.09 1466008
265.28 1458229
266.64 1447160
267.26 1445934
268.29 1444317
269.25 1438665
269.60 1434000
270.00 1418082
272.18 1407013
273.79 1405650
275.45 1405536
275.47 1403364
275.47 1402915
275.50 1400413
275.62 1399787
275.87 1397889
276.39 1396134
276.47 1395329
277.06 1394010
278.79 1385553
280.14 1385254
280.34 1384169
280.79 1383221
281.64 1381845
281.64 1379146
281.73 1374764
282.06 1373399
284.83 1370949
284.88 1368967
285.21 1364346
285.77 1362901
287.04 1362756
287.57 1361380
287.57 1358681
287.66 1354299
289.31 1352673
290.63 1350223
290.78 1345059
291.00 1343620
292.52 1341779
293.40 1341545
293.41 1340473
293.41 1337663
293.56 1335724
293.63 1335349
294.28 1334794
294.37 1332013
296.08 1331577
296.12 1331279
296.14 1329256
296.15 1327078
296.19 1326956
296.39 1325686
297.38 1325075
297.61 1325028
297.85 1323033
298.64 1322277
298.77 1322043
298.79 1318130
298.95 1316222
299.02 1315847
299.72 1315292
300.44 1310535
300.63 1308924
301.54 1308488
301.61 1307891
301.62 1307754
301.69 1300977
302.57 1299241
304.21 1296487
304.30 1290561
306.86 1290472
306.87 1287486
307.18 1285400
307.39 1285376
307.40 1284070
307.86 1282036
309.59 1279282
309.68 1273356
312.41 1269989
312.50 1269695
312.56 1268771
312.98 1267645
313.44 1264382
314.22 1262234
315.28 1260364
315.31 1260131
315.34 1253478
317.88 1252718
318.02 1250156
318.04 1250081
318.04 1248481
318.15 1247634
318.59 1247149
319.05 1246079
319.35 1245590
321.06 1242397
321.06 1241701
321.55 1241070
321.75 1238972
322.98 1237734
323.73 1236086
323.79 1235893
323.81 1235414
323.83 1235174
323.83 1234748
323.89 1233876
324.29 1233670
324.71 1232928
325.01 1229447
326.64 1228699
326.66 1227463
326.69 1225954
327.19 1224363
327.38 1222829
329.61 1222054
329.65 1220988
329.74 1219959
329.75 1219694
329.84 1219034
329.99 1218909
330.50 1218819
330.56 1217207
332.48 1212190
332.55 1210777
333.11 1209260
333.28 1205304
335.56 1203574
335.69 1198962
336.07 1198476
337.15 1195263
338.36 1190246
338.42 1188833
339.09 1187316
339.95 1184486
341.66 1182756
341.87 1182394
341.88 1182189
342.02 1178197
342.29 1177658
342.54 1177025
344.80 1173466
345.31 1170041
347.97 1169460
348.05 1164997
349.27 1164710
349.98 1160988
350.88 1157429
351.69 1154554
353.68 1152293
353.69 1151670
353.71 1150630
354.48 1149907
354.53 1149395
355.30 1147726
356.56 1145235
356.76 1144063
356.93 1143294
357.13 1142225
358.45 1141858
359.40 1137193
360.71 1136451
362.22 1135479
362.36 1134246
362.37 1133228
362.43 1132466
363.48 1129867
363.79 1125317
365.29 1122439
365.47 1122412
365.50 1122282
365.57 1119247
365.99 1118522
366.61 1117786
368.22 1115685
368.44 1115420
368.60 1114062
369.97 1112513
370.40 1110229
371.08 1108727
371.10 1105523
373.17 1104810
373.36 1103434
373.86 1101333
373.89 1100654
373.97 1098106
374.52 1097622
376.66 1096814
376.66 1092916
377.68 1091119
379.67 1089018
380.06 1087395
381.36 1087109
382.34 1086301
382.35 1082403
384.44 1081767
385.18 1081647
385.29 1079447
385.37 1079252
385.54 1076961
388.14 1075136
388.24 1074630
388.48 1073938
388.99 1071773
390.90 1071273
391.00 1069618
391.33 1069569
391.34 1068371
392.11 1066800
393.47 1065159
393.53 1063525
393.65 1060801
396.14 1060353
396.15 1056732
396.43 1054221
399.15 1054132
399.23 1051951
399.51 1051529
399.67 1051509
399.75 1050894
399.91 1050728
399.93 1050709
400.43 1048893
401.84 1048888
401.86 1048190
401.87 1045297
403.19 1044460
403.56 1044249
403.66 1044197
403.67 1043055
404.75 1040487
404.88 1040450
405.38 1039459
405.82 1039152
406.22 1038623
406.62 1037983
407.32 1035686
407.42 1034877
407.78 1034621
407.96 1034446
408.79 1030431
408.81 1019158
409.89 1018458
409.95 1018331
410.11 1016171
410.35 1015234
411.11 1013301
412.94 1012217
413.12 1011476
413.48 1011067
413.67 1010624
414.17 1009874
415.58 1009170
416.12 1008664
416.32 1007771
417.67 1007624
417.78 1006968
417.83 1006381
418.24 1003847
418.26 1003672
419.97 1003511
420.41 1000725
421.25 998518
421.64 998491
421.69 997033
423.27 996088
424.11 994628
424.29 992762
424.53 992164
424.78 990757
426.76 988550
427.14 988523
427.18 987065
429.56 986992
429.73 985532
429.91 983666
430.21 983068
431.75 982330
432.57 982090
432.60 981704
432.61 981323
432.64 981299
432.80 980339
433.06 978638
433.33 978156
435.63 976999
435.78 975693
435.99 974232
437.10 973954
437.36 973121
438.17 972552
438.20 972495
438.21 972114
438.24 972090
438.35 968083
439.78 967343
441.67 966186
441.79 965199
441.82 964880
442.05 963419
443.79 962794
444.61 962628
444.63 961763
444.74 961573
445.31 958926
446.62 958755
447.53 958733
447.59 957325
447.79 955790
448.29 955677
450.02 954861
450.07 954501
450.15 950936
450.18 950194
452.64 948894
452.71 948844
452.99 948818
453.28 947488
453.67 946832
455.26 944382
456.63 943310
456.85 943295
458.18 940190
459.13 939108
460.84 936658
462.21 935586
463.81 932481
464.90 931153
466.46 928703
468.80 927660
469.39 924633
471.24 924485
471.84 918370
474.64 918142
474.66 917633
474.76 916061
474.92 915855
476.37 915500
477.38 914500
477.42 914340
477.83 913955
478.14 913864
478.25 913820
478.42 911759
479.54 908428
480.21 905965
480.24 904885
480.54 904787
480.98 903832
482.76 900914
484.75 900484
486.13 898021
486.50 896843
487.12 896188
488.83 895276
488.92 894675
489.41 894045
489.63 893628
489.80 892447
491.78 891034
492.18 890936
492.62 890824
493.24 890503
493.62 890432
494.29 889768
494.70 888856
494.80 888255
495.28 887625
495.55 887208
497.69 885795
498.10 885697
498.52 885585
499.01 885264
499.38 885193
500.31 884765
500.50 883111
500.71 882443
503.14 881708
503.31 881005
503.38 879016
505.30 878981
506.21 878201
506.94 877301
507.40 877298
508.93 876595
509.00 874606
511.77 873989
512.03 873879
512.21 873754
512.25 873557
512.28 871963
512.79 871551
513.63 870682
514.69 870394
514.78 869919
514.82 869594
514.83 869001
517.06 866990
518.06 865879
518.11 865106
518.74 864540
518.90 863935
520.52 863477
520.71 861154
522.95 860938
523.58 860021
524.36 859696
524.70 856712
526.57 856528
526.91 856472
526.91 853071
529.40 852227
529.70 850191
532.02 849745
532.14 849246
532.25 847437
532.30 846865
535.07 845705
535.08 845697
536.54 845589
536.90 844015
537.84 843831
537.91 841707
540.72 840743
540.87 840547
541.72 839474
543.65 839112
543.86 838704
545.03 838508
545.31 837565
546.13 837070
546.70 837021
546.70 836981
547.05 835390
547.86 834607
549.93 834109
550.02 833349
550.90 828862
552.69 828813
552.70 828773
552.71 828714
552.99 827429
553.42 825049
555.51 824551
556.44 824211
556.68 822635
557.12 821769
558.31 821680
558.74 821657
559.10 821416
559.14 821014
559.60 820330
559.71 820242
560.14 819355
560.96 818857
561.87 818460
562.68 818080
563.11 817446
564.21 817436
564.23 817392
564.34 817334
564.67 814478
566.73 813980
567.73 813583
568.55 813203
568.86 811585
569.72 810425
570.88 809838
573.43 809742
573.70 808943
574.51 808563
575.23 808557
575.60 808230
576.48 807877
576.56 807823
577.16 807781
577.17 806949
578.78 805691
579.41 805153
580.35 801222
582.16 800869
582.23 800815
582.71 800773
582.81 800282
583.49 799984
584.19 798726
584.86 798188
587.34 797938
588.07 797835
588.16 797781
588.22 796802
590.38 795544
591.84 795527
593.03 795277
593.74 795174
593.81 795120
594.31 794728
594.49 794587
595.78 794420
596.08 794244
596.25 793877
597.17 793346
597.33 792396
598.53 791355
598.80 791195
600.00 791138
600.51 789946