0.00 7498851
0.01 7493499
0.01 7446933
0.09 7444334
0.11 7404116
0.30 7390090
0.35 7354751
0.90 7346124
1.91 7346049
2.97 7337595
2.97 7326886
2.98 7302415
3.04 7301646
3.15 7290243
3.19 7236798
3.58 7219876
4.21 7200721
6.07 7147430
6.11 7131994
6.12 7124224
6.20 7112884
6.23 7066441
7.21 7066296
8.10 7052298
8.73 7050307
8.73 7041019
8.74 6958805
8.90 6954457
9.02 6905565
9.45 6904503
11.27 6901814
11.28 6870156
11.33 6849726
11.42 6795843
11.81 6749150
13.81 6714699
13.82 6704657
13.86 6696709
13.88 6654654
13.89 6642298
13.89 6634705
14.02 6624367
14.91 6612091
15.63 6611541
16.65 6611518
16.65 6586776
16.68 6546715
16.75 6515553
16.77 6512753
16.96 6510375
17.76 6499690
18.01 6490774
19.52 6490515
19.52 6480922
19.53 6479437
19.53 6472848
19.54 6471854
19.56 6452257
19.59 6448738
19.63 6421536
19.91 6402705
19.99 6392665
21.47 6351614
22.24 6344229
22.24 6338526
22.24 6333937
22.25 6332251
22.26 6311918
22.28 6239999
23.82 6222535
24.98 6209767
25.12 6198145
25.13 6185347
25.14 6182978
25.15 6149792
25.16 6145194
25.24 6141793
25.26 6129080
25.30 6113281
26.28 6110461
28.13 6105030
28.14 6097465
28.15 6085286
28.16 6080507
28.17 6068916
28.27 6041451
28.49 6026482
29.27 6011108
29.51 5969863
31.05 5951051
31.06 5939591
31.08 5936988
31.08 5921397
31.09 5895123
31.13 5888986
31.82 5847518
33.60 5843561
33.61 5839469
33.61 5838156
33.61 5814707
33.62 5810668
33.63 5806262
33.71 5790196
33.72 5787406
33.80 5775671
33.91 5774181
34.16 5772868
34.48 5746055
35.94 5741822
35.94 5709054
35.98 5689660
36.16 5671446
36.19 5654519
36.37 5645610
37.03 5644448
37.61 5644068
38.01 5632762
38.31 5631637
38.31 5630400
38.31 5618147
38.32 5615154
38.34 5608656
38.35 5566371
38.62 5563566
38.88 5562270
38.99 5521147
40.70 5509525
40.70 5439835
40.98 5412879
43.07 5370130
43.12 5338369
43.62 5315044
43.74 5282843
45.55 5273913
45.55 5255841
45.56 5249097
45.59 5248847
45.60 5206915
46.11 5199370
46.51 5197345
47.96 5192287
48.04 5174321
48.05 5170536
48.07 5158650
48.13 5123021
48.67 5114212
49.93 5111018
50.28 5104172
50.45 5100526
50.46 5096183
50.46 5095741
50.46 5003881
52.83 4996435
52.83 4947085
52.84 4946190
52.87 4922569
53.81 4916237
55.16 4872316
55.27 4867796
55.40 4858609
55.44 4849519
55.70 4841628
56.91 4791454
57.50 4789754
57.50 4761236
57.55 4741244
57.60 4732085
57.85 4720569
58.50 4710699
58.97 4710185
59.86 4689570
59.89 4669244
59.91 4668133
59.93 4667040
59.94 4663867
59.98 4657275
60.02 4646858
60.43 4638603
61.00 4630162
61.68 4629667
62.22 4623177
62.22 4621990
62.23 4616943
62.23 4590125
62.31 4577010
62.41 4550900
62.64 4531549
64.57 4523937
64.57 4500325
64.58 4472628
65.24 4470472
65.28 4468417
65.49 4464204
66.93 4462928
66.93 4461961
66.93 4458700
66.94 4454881
66.94 4436684
66.95 4425169
67.01 4391227
67.03 4378563
69.27 4359368
69.32 4355515
69.33 4348081
69.35 4339555
69.36 4325526
69.44 4322660
69.56 4318588
69.88 4315979
70.24 4311532
70.54 4299823
71.60 4299716
71.61 4281040
71.62 4256954
71.65 4253914
71.69 4250334
71.75 4236691
71.77 4218327
73.96 4162765
73.98 4147442
75.18 4147335
76.28 4134029
76.29 4133942
76.30 4123697
76.33 4113853
76.44 4110799
76.46 4110026
76.50 4109081
76.53 4101721
76.59 4090697
77.44 4086815
77.67 4086075
78.75 4082082
78.77 4064838
78.82 4022224
81.67 3983706
81.74 3966641
82.65 3940555
84.54 3939587
84.54 3924777
84.55 3904171
84.55 3896975
84.62 3892712
84.94 3890345
85.18 3889439
86.88 3881358
86.89 3842176
86.98 3837908
87.03 3835725
87.82 3825936
88.30 3820429
89.26 3817407
89.27 3812988
89.27 3810062
89.29 3797609
89.29 3791828
89.31 3787886
89.38 3776216
89.83 3765652
90.00 3756646
91.60 3755234
91.60 3753601
91.61 3742512
91.62 3735929
91.62 3724638
91.62 3707858
92.32 3704521
93.96 3703791
93.97 3700599
93.98 3692630
94.00 3667057
94.16 3662958
94.31 3657686
94.51 3650053
96.31 3639324
96.33 3632312
96.35 3625650
96.38 3625179
96.46 3612956
96.46 3607281
96.57 3598178
96.88 3587784
97.28 3584101
98.64 3575244
98.64 3575181
98.66 3545999
99.10 3543589
99.66 3542801
99.99 3542237
100.24 3540233
100.62 3534375
100.97 3522961
100.97 3522171
100.97 3521839
101.00 3506405
101.14 3503019
101.31 3497775
101.79 3494279
102.13 3494200
102.64 3493876
102.91 3492751
103.05 3480264
103.31 3459824
103.31 3449887
103.38 3448390
103.46 3441672
103.51 3436252
103.85 3432568
104.12 3430042
105.64 3394310
105.82 3375265
106.34 3374820
107.98 3373911
107.98 3373860
107.99 3366753
107.99 3363198
107.99 3353570
108.01 3332814
108.05 3328820
108.17 3327552
108.50 3327124
108.94 3325974
110.30 3310594
110.30 3308730
110.30 3295153
110.32 3292558
110.33 3291247
110.50 3288078
110.52 3275764
112.62 3258356
112.63 3255821
112.64 3239410
113.39 3234172
113.76 3230579
114.95 3229662
114.96 3224378
114.96 3221168
114.99 3216796
115.01 3210784
115.06 3209759
115.22 3190067
115.61 3186567
116.27 3182528
117.25 3179451
117.26 3179445
117.26 3174196
117.27 3169676
117.28 3160681
117.41 3160231
117.42 3156575
117.48 3145126
117.65 3143472
118.42 3132924
119.57 3105232
119.61 3090641
120.80 3087893
121.04 3087542
121.51 3085228
121.55 3080667
121.90 3044678
121.98 3035136
122.04 3033610
123.49 3025391
123.83 3011103
124.28 3008834
124.28 2983062
124.39 2978172
124.44 2977502
124.51 2966610
126.60 2962279
126.60 2948232
126.66 2935611
126.70 2932914
126.72 2932473
126.99 2927554
127.24 2904764
128.93 2896061
128.97 2887661
128.98 2887196
129.01 2876137
129.09 2875240
129.12 2860589
130.63 2859805
130.90 2857017
131.25 2856827
131.26 2851741
131.26 2839116
131.26 2818035
131.38 2811635
133.62 2809833
133.63 2806819
133.63 2803264
133.73 2801503
133.73 2785793
133.73 2779953
133.80 2778403
133.82 2764676
135.97 2762600
135.97 2761440
135.97 2726159
136.28 2723568
138.29 2723557
138.29 2698316
138.37 2693650
138.46 2680769
138.81 2676305
139.10 2668292
140.61 2667581
140.62 2666830
140.63 2664359
140.64 2654905
140.65 2646038
140.67 2635784
140.70 2635411
140.71 2626286
141.24 2621029
142.93 2617959
142.93 2609435
142.94 2607528
142.95 2597925
143.08 2580609
143.31 2579023
143.53 2573333
145.28 2571422
145.29 2560980
145.34 2547316
145.66 2546587
145.91 2534570
147.49 2531327
147.63 2530635
147.63 2529970
147.63 2518590
147.66 2493000
147.76 2490907
149.97 2481533
150.08 2471381
150.08 2465065
150.23 2452310
152.31 2451897
152.32 2444196
152.33 2440407
152.41 2430812
152.45 2425625
152.47 2422393
153.21 2421253
153.28 2416510
154.67 2385152
155.34 2383929
155.47 2380491
156.71 2379695
156.83 2378122
156.98 2377114
156.98 2370956
157.02 2369567
157.11 2368717
157.41 2364860
157.51 2360881
157.54 2345024
158.88 2341604
159.31 2340350
159.34 2337550
159.34 2334074
159.36 2331891
159.36 2321426
159.51 2308105
159.92 2305928
161.64 2298971
161.65 2283033
161.80 2280086
163.51 2270820
163.97 2262495
163.97 2255766
164.15 2255658
164.42 2253642
164.75 2253451
164.91 2245353
165.24 2242427
166.31 2235470
166.32 2219532
166.46 2216585
167.67 2208385
168.65 2192558
168.77 2191475
168.85 2181076
169.10 2172229
169.50 2167706
170.97 2164239
170.98 2161497
171.09 2157841
171.15 2155936
171.18 2147266
171.47 2123103
173.30 2107276
173.76 2086947
175.35 2084776
175.68 2079308
175.69 2078676
175.72 2073767
175.79 2069939
175.89 2062965
175.90 2061565
175.95 2060351
176.32 2052768
178.03 2050326
178.04 2049072
178.06 2045610
178.09 2033397
178.33 2031939
178.50 2027805
179.15 2027516
179.38 2021604
180.42 2021389
180.42 2013074
180.45 2006432
180.62 2001121
180.66 1994661
181.15 1994114
182.74 1992860
182.75 1985457
182.97 1982498
182.98 1972303
184.14 1971762
184.79 1971015
185.23 1967331
185.23 1966603
185.26 1965758
185.28 1962318
185.33 1957451
185.56 1953550
185.77 1945823
187.62 1942725
187.64 1941257
187.64 1939220
187.70 1939067
187.74 1933771
187.81 1933223
187.96 1932802
188.17 1929526
189.54 1926160
189.98 1921748
190.00 1914439
190.37 1912108
190.48 1910428
190.67 1908179
191.45 1897624
192.30 1894794
192.33 1893058
192.35 1892270
192.36 1891779
192.39 1890868
192.41 1890094
192.43 1854977
194.66 1854471
194.66 1850565
194.70 1846057
194.70 1843172
194.91 1842744
194.96 1837322
195.38 1831176
196.98 1821329
197.20 1819921
197.25 1812430
197.31 1810484
199.17 1810304
199.30 1810019
199.30 1802880
199.32 1796952
199.39 1786680
201.62 1784169
201.64 1783123
201.64 1781409
201.70 1774524
201.92 1771150
203.62 1766885
203.95 1766545
203.95 1766264
203.97 1766041
203.98 1765652
204.00 1763833
204.06 1757081
204.11 1754998
204.12 1749684
206.08 1748139
206.33 1745481
206.34 1740958
206.48 1738792
206.62 1738559
206.65 1738442
206.67 1736572
207.11 1732980
208.62 1732609
208.63 1721430
209.65 1720851
209.69 1720279
209.95 1702213
210.97 1698705
210.97 1697291
210.99 1695181
211.01 1695145
211.04 1693592
211.11 1693045
211.44 1685727
213.32 1682968
213.43 1676103
214.07 1674957
214.08 1668458
214.38 1666443
215.68 1664477
215.69 1663252
215.72 1662921
215.73 1661552
215.86 1660908
215.95 1659646
215.98 1649180
217.02 1641480
218.01 1638721
218.02 1637418
218.05 1632953
218.20 1631241
218.71 1630710
219.39 1629993
220.12 1621905
220.34 1619381
220.39 1613999
220.61 1611821
221.19 1608720
222.68 1605380
222.69 1603275
222.71 1600193
222.74 1599416
223.03 1589753
224.48 1588190
225.05 1588125
225.06 1587449
225.09 1580284
225.30 1578106
226.40 1575461
227.36 1570181
227.40 1564860
227.62 1556173
229.72 1554236
229.79 1548312
230.02 1544428
230.54 1534496
232.04 1534069
232.05 1533825
232.08 1532067
232.08 1523895
232.50 1522954
234.38 1514619
235.54 1508999
236.42 1505685
236.73 1504492
236.73 1503441
236.76 1501990
236.92 1499332
237.09 1496993
237.19 1482874
239.08 1476050
239.15 1473566
239.58 1473367
239.85 1458899
241.42 1458224
241.43 1457998
241.44 1455556
241.61 1454730
241.77 1454039
241.79 1448129
242.72 1439640
243.79 1432816
243.85 1428024
246.19 1427252
246.19 1424287
246.28 1420086
246.41 1419507
247.18 1418720
248.56 1418659
248.57 1417001
248.62 1415557
248.67 1414432
248.85 1413348
248.94 1412538
248.99 1404850
250.92 1401701
250.94 1398775
251.01 1396912
251.14 1396333
251.94 1394486
252.26 1394449
252.97 1390444
253.23 1390383
253.23 1388725
253.28 1387281
253.33 1384465
253.61 1384262
253.78 1383977
253.80 1383642
254.37 1383392
254.47 1381837
254.84 1381438
254.87 1381123
255.67 1377933
255.72 1375376
255.94 1372656
256.31 1372516
257.47 1363649
257.88 1363648
257.91 1363248
257.91 1359996
257.93 1359515
258.03 1356565
259.09 1355747
259.51 1353113
259.68 1348040
260.28 1347702
260.29 1347002
260.30 1345240
260.42 1343025
260.53 1342834
260.61 1339573
260.98 1339433
261.25 1332881
262.55 1332880
262.55 1329267
262.57 1325207
262.84 1324162
263.93 1322040
264.94 1319823
264.98 1319240
265.04 1317921
265.13 1308197
267.23 1308196
267.23 1304583
267.25 1300523
268.42 1300295
268.84 1299045
269.57 1296162
269.70 1295915
269.89 1293634
270.01 1293351
270.32 1291356
271.57 1290839
271.87 1286254
272.26 1286065
272.40 1285133
273.19 1281196
273.68 1279796
274.21 1278114
274.24 1276804
274.35 1275849
274.35 1274008
274.49 1273762
274.96 1272130
275.76 1263262
276.56 1262000
276.60 1260472
276.76 1260194
276.95 1258866
277.15 1258566
277.15 1257330
277.24 1252477
278.88 1250807
278.91 1249485
278.98 1249028
279.07 1247739
279.24 1243458
281.21 1242570
281.22 1242535
281.22 1240362
281.26 1239819
281.43 1238019
281.47 1237752
282.25 1235033
282.26 1231688
283.55 1230805
283.64 1229740
283.65 1229270
283.67 1228630
283.77 1222371
284.62 1222004
285.89 1221032
285.90 1217085
286.10 1215540
286.28 1209855
288.19 1208718
288.34 1208644
288.42 1205212
288.61 1202896
288.96 1202189
289.57 1201742
290.57 1201037
290.63 1200657
290.65 1200440
290.67 1198880
290.72 1197099
291.18 1196267
291.19 1193065
292.38 1192381
292.89 1192328
292.92 1191788
292.95 1189599
293.00 1186673
295.28 1183848
295.34 1182106
295.56 1178972
296.36 1178373
297.59 1172762
297.94 1169352
299.92 1168040
299.94 1167909
300.00 1166472
300.00 1164785
300.33 1164299
300.34 1164097
301.36 1161601
302.26 1159246
302.30 1159031
302.38 1156449
302.58 1156128
302.66 1154542
303.68 1151052
304.63 1149609
304.66 1148823
304.70 1146485
305.06 1145448
306.19 1144335
306.71 1142110
306.97 1139248
307.00 1139177
307.01 1136431
308.43 1133691
309.39 1133128
309.39 1133108
309.46 1128953
309.51 1127887
310.59 1127004
311.63 1125468
311.71 1125104
311.99 1124011
312.15 1123641
312.57 1123550
312.73 1123390
312.92 1113474
313.96 1112536
314.01 1109865
314.17 1109766
314.22 1107546
314.72 1107121
315.15 1103235
316.31 1101699
316.39 1101335
316.55 1094090
318.64 1093152
318.68 1090481
318.85 1090382
319.06 1090004
319.13 1089201
319.58 1089051
319.95 1089035
320.12 1088866
320.18 1088836
320.37 1088615
320.73 1087373
320.96 1085837
321.04 1085473
321.32 1084380
321.48 1084010
321.91 1083919
322.07 1083759
322.20 1081404
323.33 1075173
325.65 1070951
326.73 1068114
327.97 1067879
327.98 1067756
328.00 1066733
328.13 1066644
328.14 1061650
329.57 1061106
330.27 1060117
330.33 1058429
330.70 1057146
331.27 1057100
331.58 1054642
331.79 1050570
332.63 1050335
332.64 1050212
332.65 1049189
332.80 1044106
334.98 1043666
335.07 1042526
335.07 1042299
335.30 1042054
335.56 1038006
337.30 1036345
337.39 1035661
337.72 1032202
339.63 1032120
339.67 1031065
339.81 1030990
339.85 1029115
340.13 1027050
340.85 1026127
341.97 1024646
342.00 1024367
342.01 1023876
342.37 1022041
342.43 1021535
343.84 1021238
344.26 1019047
344.36 1017812
344.72 1014431
346.66 1013228
346.68 1012202
346.72 1012180
346.81 1010692
347.18 1009839
348.31 1004139
349.00 1001948
349.11 1000713
349.13 998444
351.41 996215
351.61 994536
352.14 993432
353.69 992920
353.89 991355
353.98 991074
354.33 989831
354.54 989793
354.66 988378
356.06 987461
356.19 985731
356.48 984325
356.98 984292
357.51 983213
358.41 983056
358.41 982481
358.66 976143
360.66 976041
360.72 975900
360.91 975742
361.02 973427
361.09 972830
361.13 972090
361.62 972057
362.50 970268
363.08 970111
363.08 969536
363.17 968216
363.19 966783
363.28 966360
363.78 965374
365.39 965272
365.41 963309
365.84 962061
365.97 961026
367.13 960844
367.76 955620
370.29 954051
371.01 953714
371.03 951534
372.42 950879
372.53 949383
372.76 948808
373.05 947933
374.20 946844
374.78 945500
374.90 943179
377.18 942496
377.37 941841
377.49 940345
377.67 940038
377.72 939770
378.02 938895
379.70 938100
379.71 937164
380.04 936288
380.13 934306
382.05 933608
382.05 932205
382.18 931472
382.66 930775
382.95 930676
384.02 929950
384.44 929274
384.47 928446
384.49 927303
386.08 926520
386.66 924798
386.71 924100
386.84 923152
387.24 922776
387.32 921267
388.09 921153
389.10 920477
389.12 919649
389.23 918980
389.71 918160
390.55 918079
391.16 916579
391.38 915189
391.53 914494
391.89 914253
392.22 913537
393.03 913042
393.16 912798
393.71 910978
393.73 910210
394.14 910198
395.81 909348
396.03 907958
396.12 906760
396.89 906306
397.71 905811
398.37 903991
398.74 903722
398.74 903259
398.80 903211
399.81 901219
400.70 900424
400.77 900302
400.78 898631
403.01 897429
403.14 897150
403.23 896854
403.38 896542
404.59 895818
405.42 895290
405.55 895021
405.59 893890
405.83 893247
406.87 892831
406.91 892430
407.43 891587
407.72 889845
407.75 889775
408.04 889498
408.56 888692
408.62 888424
409.39 887393
410.21 887194
410.29 886238
410.73 885674
411.21 884561
411.80 884478
412.37 883890
412.56 882701
413.07 882608
413.56 882119
413.67 881491
414.42 879736
414.88 879712
414.94 877333
415.77 873388
417.05 873285
417.08 872368
417.18 871476
417.20 870225
418.17 869723
419.54 869699
419.61 867320
420.29 866681
420.44 866192
421.73 862528
424.23 862504
424.30 860125
424.66 859340
426.53 856177
428.49 856109
428.68 854686
428.95 853706
430.81 853347
431.04 853115
431.18 851435
431.19 850184
433.53 849728
434.61 849263
434.77 847748
435.69 847458
435.73 846989
435.81 845836
436.44 844687
436.50 842582
438.20 841280
438.94 840774
439.63 839560
439.94 838477
440.39 837951
440.46 836611
440.74 836420
440.97 836135
442.62 835052
443.03 834936
443.97 834564
444.08 834050
445.11 832184
445.40 831993
446.52 831918
447.37 831835
447.45 831157
448.32 831112
448.65 830207
449.12 829070
449.79 827204
450.07 827013
450.20 826667
451.97 825679
453.09 825646
453.10 824429
453.36 822203
454.48 822064
454.55 821004
454.67 819437
456.64 818449
457.78 817199
459.15 817060
459.22 814937
460.65 814688
461.35 813262
461.96 812977
463.82 812838
463.88 810715
464.03 809096
466.02 807670
468.32 806899
468.56 805408
470.84 804438
471.51 804206
472.01 804045
473.00 803361
473.38 801988
474.30 801831
475.48 801653
475.48 801492
475.49 800861
476.16 800629
477.66 799945
477.83 799682
478.04 798572
480.13 798394
480.13 798233
480.13 797602
481.54 797509
482.28 796825
482.43 796086
484.08 795649
484.47 795633
484.59 795294
485.08 795162
485.26 794397
486.02 793460
487.06 792430
488.44 791427
489.32 791088
489.63 790487
490.48 789941
491.81 789742
492.72 789578
492.75 788994
492.98 787557
493.98 787218
494.02 785039
496.04 783813
496.46 783500
496.74 782787
497.17 781539
498.67 781200
498.71 779021
501.15 778708
501.43 777995
502.15 777803
502.33 777593
502.82 776769
503.32 776430
504.02 775051
504.67 774843
505.79 774530
506.07 773817
506.79 773625
506.96 773415
507.70 773263
507.96 772924
508.24 772781
508.68 771545
510.83 770519
511.09 770213
512.72 769874
513.53 769352
513.88 769336
514.30 769074
515.51 768048
516.58 768007
517.37 767856
517.41 767517
518.20 766995
518.58 766979
520.20 765953
521.26 765912
522.08 765573
522.87 765051
523.15 764996
524.88 763970
526.76 763631
527.26 763136
528.48 762716
529.24 762102
529.29 761799
529.47 760400
531.43 760061
533.30 758500
533.96 757583
536.11 757244
536.12 756722
536.42 756656
538.13 756590
538.37 756525
539.48 755612
542.17 755446
542.19 755273
543.30 754989
543.82 753956
545.34 753446
545.40 753107
547.84 752768
548.09 751768