0.00 7114416
0.01 7106508
0.01 7061540
0.11 7049189
0.26 7044500
0.30 6994011
0.40 6987516
1.76 6984865
2.57 6977512
2.57 6972174
2.57 6936917
2.59 6906659
2.66 6888727
2.69 6881703
2.82 6880069
3.19 6841502
3.39 6818230
4.88 6798106
5.12 6769944
5.15 6748727
5.24 6687355
5.29 6685179
5.84 6676248
7.19 6667317
7.69 6641755
7.73 6638170
7.74 6533917
8.27 6530497
9.38 6509091
10.26 6506611
10.26 6435682
10.32 6405303
11.54 6375382
12.79 6356819
12.82 6304984
12.85 6291456
12.92 6255165
15.36 6254640
15.36 6252028
15.37 6246698
15.37 6199334
15.47 6179215
15.96 6170084
15.96 6169593
16.41 6165813
16.80 6109059
17.92 6078238
17.93 6027643
18.00 6010015
19.62 5991328
20.33 5974941
20.51 5971111
20.51 5967612
20.51 5962465
20.54 5950145
20.57 5941378
20.58 5933982
20.69 5895298
21.40 5893829
21.65 5890081
21.85 5871083
21.89 5870061
22.60 5864458
23.07 5829192
23.14 5824320
23.15 5794637
23.17 5766730
23.72 5701025
25.65 5696205
25.65 5627911
25.69 5621500
26.05 5621414
26.06 5596051
28.19 5575493
28.21 5557981
28.22 5546567
28.28 5508515
28.52 5504222
28.79 5502594
29.30 5495568
30.78 5480867
30.78 5472725
30.79 5464928
30.82 5443040
31.24 5400010
33.37 5351605
33.55 5342254
33.61 5341658
34.09 5331534
34.30 5330189
34.40 5318754
34.72 5313038
35.67 5308181
35.96 5304871
35.96 5299431
35.99 5267135
36.02 5240715
36.34 5225154
38.55 5224751
38.55 5220485
38.55 5182627
38.64 5167891
38.82 5158851
39.09 5156820
40.03 5141287
41.13 5138795
41.13 5128369
41.15 5123496
41.15 5114152
41.19 5108428
41.21 5070788
41.47 5045852
43.68 5045186
43.69 5032949
43.70 5021745
43.70 5017059
43.75 5011478
43.81 4999187
43.82 4995428
44.00 4993298
44.02 4986183
44.23 4978382
44.29 4974096
46.25 4971668
46.25 4957754
46.26 4927818
46.51 4922219
46.59 4913438
46.85 4889827
47.55 4886002
48.81 4883452
48.82 4832094
48.84 4829545
49.23 4821010
49.39 4811347
50.49 4770267
51.38 4768506
51.38 4766284
51.38 4752620
51.41 4741225
51.41 4716987
52.62 4715780
52.80 4713810
52.87 4708334
53.30 4700829
53.94 4699224
53.94 4699089
53.95 4696318
53.95 4666505
53.96 4654551
54.15 4631464
56.54 4627520
56.54 4616494
56.55 4600605
56.57 4583070
56.61 4581490
56.63 4544624
59.32 4543671
59.32 4535391
59.33 4527782
59.34 4522915
59.35 4508706
59.42 4505156
59.48 4488753
60.02 4486824
61.36 4481172
61.91 4466108
61.91 4463826
61.93 4459557
61.96 4450885
61.97 4445592
61.99 4428780
62.06 4420191
64.19 4413702
64.51 4410201
64.51 4399439
64.53 4395649
64.54 4374979
64.65 4370783
64.71 4370459
64.81 4366417
64.94 4364598
64.95 4363053
65.02 4354734
65.56 4340811
67.11 4299459
67.80 4293963
67.99 4290334
68.21 4255751
69.72 4239180
69.76 4215398
69.80 4207843
70.55 4203169
71.24 4200382
72.32 4165879
72.35 4158923
72.42 4158271
72.65 4145263
73.08 4129586
74.92 4127222
74.92 4125409
74.93 4117759
74.93 4102957
75.00 4086249
75.09 4082372
75.54 4079162
75.57 4045317
77.55 4043879
77.56 4029528
77.56 3983383
80.13 3978617
80.14 3972450
80.14 3959578
80.18 3952514
80.22 3941924
80.22 3924967
82.72 3917056
82.73 3909298
82.77 3899318
82.82 3887424
82.86 3873096
83.56 3872769
83.81 3863019
85.37 3839701
85.41 3809111
87.98 3806674
87.99 3798050
88.01 3796760
88.02 3794206
88.06 3792859
88.07 3782814
88.07 3780795
88.11 3772597
88.15 3763551
88.46 3762833
88.58 3755170
89.99 3753280
90.59 3747679
90.59 3743502
90.61 3734594
90.68 3734058
90.69 3733168
90.72 3731623
90.79 3725708
90.94 3722996
90.98 3709321
91.65 3702824
93.15 3700826
93.15 3684373
93.17 3679588
93.21 3662587
93.25 3661358
94.11 3657657
94.43 3655652
95.08 3650805
95.77 3646909
95.77 3635882
95.79 3617108
96.11 3616286
96.14 3615675
96.32 3608036
96.44 3602225
97.29 3601701
98.33 3593607
98.34 3564558
98.71 3558178
99.14 3554547
99.25 3553114
100.73 3547211
100.90 3545440
100.90 3520388
100.97 3509684
101.09 3507324
101.34 3504626
101.37 3503688
101.49 3503101
102.09 3496903
103.46 3491515
103.47 3490688
103.47 3489880
103.47 3485384
103.48 3479904
103.49 3472879
103.51 3471295
103.52 3469277
103.52 3458122
103.72 3452044
104.33 3446929
106.04 3430561
106.05 3410823
106.06 3408184
106.43 3401949
106.94 3396531
108.62 3391521
108.64 3385257
108.64 3383584
108.66 3371489
108.69 3370638
108.75 3351937
108.82 3351672
110.06 3345338
111.21 3342958
111.22 3326517
111.24 3318408
111.31 3308503
112.30 3295906
113.79 3291909
113.80 3283394
113.81 3276816
113.81 3271792
113.86 3270125
113.88 3255027
114.29 3250642
115.30 3248270
116.38 3237349
116.40 3219327
116.58 3214598
116.62 3203258
117.85 3201168
118.91 3196032
118.93 3193007
118.94 3174858
118.99 3156435
119.51 3154515
120.63 3154133
121.50 3152579
121.50 3151908
121.51 3148878
121.52 3126510
121.55 3126260
121.56 3122271
121.84 3120311
122.11 3109400
122.34 3108869
124.08 3107285
124.09 3100219
124.10 3079280
124.11 3070857
125.31 3070642
125.65 3047079
126.65 3046718
126.65 3044570
126.66 3043358
126.67 3027165
126.68 3010651
126.98 3005681
127.64 3003753
129.03 3003024
129.23 2997714
129.25 2972115
129.57 2958791
130.79 2955706
131.82 2949074
131.83 2946544
131.84 2945171
131.85 2940562
131.89 2923221
132.00 2921712
132.50 2919099
132.75 2912645
133.83 2910915
133.91 2908298
134.42 2907447
134.45 2906356
134.45 2904317
134.45 2895207
134.50 2888556
134.52 2883778
134.82 2878951
135.23 2874657
136.04 2874377
136.26 2874221
136.87 2863704
137.04 2843783
137.05 2824102
139.63 2823916
139.64 2823499
139.65 2821446
139.66 2820381
139.66 2819299
139.67 2816641
139.67 2814293
139.68 2806766
139.74 2805494
139.75 2793030
140.04 2792442
140.22 2786282
142.22 2758093
142.29 2756818
142.57 2749822
142.88 2749010
144.77 2748303
144.78 2740130
144.80 2739395
144.83 2724138
145.13 2721794
145.68 2716940
146.18 2715332
147.32 2712448
147.39 2709550
147.40 2685004
149.09 2684345
149.81 2680999
149.97 2680607
149.97 2679199
149.99 2671095
150.00 2659049
150.24 2654797
150.38 2649747
150.41 2649477
150.54 2647680
150.70 2643415
152.53 2640400
152.54 2639561
152.56 2631645
152.57 2630147
152.60 2607497
155.12 2606636
155.12 2606524
155.12 2606490
155.12 2594282
155.14 2579518
155.31 2578008
155.78 2575975
157.26 2573707
157.71 2571196
157.73 2562226
157.75 2557339
157.86 2550094
158.40 2545257
158.61 2537853
160.10 2536623
160.36 2536328
160.36 2527916
160.39 2522540
160.41 2522422
160.82 2496802
162.01 2495706
162.95 2476094
162.97 2465912
164.10 2458362
165.50 2432509
165.72 2432160
165.84 2426340
167.07 2418541
168.08 2418509
168.09 2415455
168.10 2412031
168.16 2403437
168.49 2399306
168.57 2397986
168.64 2393066
168.81 2392226
169.50 2384816
170.21 2384047
170.68 2380724
170.69 2374210
170.76 2373741
170.78 2351993
171.08 2346989
173.22 2346116
173.23 2345583
173.23 2340172
173.26 2340130
173.29 2338974
173.31 2334746
173.34 2321514
173.85 2315563
174.22 2310529
175.84 2302006
175.84 2301852
175.84 2290223
175.97 2288415
176.21 2282550
177.55 2281292
178.42 2280233
178.43 2278130
178.43 2271934
178.45 2269766
178.51 2268155
178.52 2263078
178.87 2260489
179.37 2252042
180.82 2251939
181.00 2248025
181.01 2241857
181.05 2231304
181.70 2228805
182.39 2226182
183.59 2225277
183.59 2221766
183.61 2215407
183.86 2212897
183.90 2208365
184.23 2207698
184.30 2197416
186.17 2193133
186.20 2189570
186.23 2187304
186.30 2186539
186.40 2186210
186.47 2182556
186.50 2178758
186.62 2172788
188.74 2169457
188.77 2167815
188.79 2165890
188.84 2165817
188.85 2164576
188.94 2163512
189.07 2153433
189.38 2147970
191.35 2147925
191.36 2146526
191.36 2134501
191.59 2133411
191.83 2130171
192.13 2128672
192.33 2128250
193.18 2127537
193.29 2126240
193.91 2119797
193.96 2119546
193.97 2113512
194.09 2108106
194.39 2105360
194.64 2104621
194.92 2102852
196.51 2093169
196.67 2090579
196.75 2082386
198.00 2079989
199.08 2073017
199.13 2053832
199.16 2007308
201.65 2006301
201.65 1990536
204.20 1988323
204.20 1987031
204.20 1986001
204.29 1976644
204.40 1974926
204.66 1964755
206.81 1960942
206.82 1960245
206.83 1956602
206.87 1955090
207.14 1950805
207.61 1948566
208.13 1947879
208.47 1947303
208.52 1944177
209.39 1935947
209.41 1934182
209.41 1911573
211.99 1908530
212.04 1905853
212.11 1903662
212.32 1902800
212.33 1901594
212.44 1898965
212.57 1893003
212.82 1892292
214.54 1891415
214.55 1887523
214.62 1886695
214.65 1885031
214.71 1881443
214.75 1876293
214.84 1874988
216.66 1862317
217.12 1859697
217.13 1858749
217.18 1848816
217.77 1837107
219.67 1831594
219.83 1831228
219.84 1830259
219.88 1829338
219.91 1827783
220.12 1825402
220.45 1825210
220.73 1816642
222.25 1815894
222.28 1814423
222.30 1808630
222.33 1800973
224.86 1796046
224.94 1795956
224.99 1793638
225.00 1789858
225.16 1788165
225.28 1786681
225.32 1786210
226.82 1783516
226.99 1777041
227.44 1776110
227.47 1772034
227.56 1771986
227.60 1764784
227.63 1763561
227.64 1760852
227.85 1759423
230.05 1758838
230.08 1755504
230.09 1752428
230.11 1747869
230.66 1746234
232.62 1746012
232.63 1743716
232.70 1742210
232.74 1741138
232.75 1735240
233.27 1732284
233.87 1728417
234.80 1720638
235.22 1716137
235.27 1711850
235.30 1710641
235.33 1702821
236.64 1689212
237.80 1686701
237.81 1685829
237.91 1683163
237.92 1679638
237.97 1677095
238.04 1675262
238.36 1671136
240.36 1670155
240.37 1668566
240.37 1668317
240.47 1660572
240.51 1659327
240.55 1656178
240.63 1655254
242.95 1654310
242.95 1649843
243.01 1645003
243.01 1644302
243.29 1634821
245.50 1622358
246.55 1622323
247.35 1620615
248.07 1619623
248.09 1616853
248.11 1615965
248.14 1613588
248.35 1610958
248.86 1610456
249.39 1605832
249.62 1604708
250.67 1585410
253.27 1574497
254.04 1574421
254.07 1574371
254.99 1571118
255.81 1568095
255.81 1567309
255.83 1565142
255.85 1564932
255.86 1556243
256.64 1554929
258.44 1553754
258.45 1552657
258.47 1546903
258.51 1545264
258.90 1542121
259.09 1541513
259.97 1541449
261.01 1541211
261.02 1537941
261.05 1535570
261.10 1528900
261.25 1527395
263.60 1526381
263.63 1525519
263.64 1525159
263.64 1524760
263.67 1524440
263.70 1519080
264.22 1518071
264.46 1514469
265.70 1513830
266.21 1512992
266.22 1512420
266.25 1510198
266.27 1505078
266.36 1500827
266.91 1500414
268.79 1498907
268.86 1493184
269.56 1492880
269.84 1492124
269.92 1491043
269.95 1488895
270.12 1487467
271.37 1486324
271.48 1485986
271.49 1484228
271.54 1476481
272.15 1473160
273.93 1470266
273.98 1470184
273.98 1469199
273.99 1464720
274.14 1463581
274.14 1462307
275.39 1462201
275.50 1461321
276.15 1458601
276.48 1451060
276.51 1450485
276.56 1448775
276.94 1446384
277.73 1442827
279.07 1438126
279.21 1437110
279.31 1433740
279.36 1433248
279.50 1431808
280.19 1427907
281.64 1426220
281.66 1425012
281.67 1424017
281.74 1421803
281.78 1419677
282.02 1418185
282.41 1416068
282.65 1414534
284.27 1407994
284.73 1406431
285.06 1405134
285.66 1401518
286.80 1399042
286.81 1398363
286.82 1395149
286.83 1391593
289.23 1390215
289.39 1388224
289.40 1380554
292.04 1379420
292.10 1378635
292.11 1377729
292.11 1375538
292.11 1372239
292.21 1370833
293.00 1368974
294.57 1367987
294.58 1363350
294.67 1361732
294.78 1356995
297.19 1351260
297.35 1348879
297.79 1348602
297.81 1346641
298.65 1345051
299.77 1342822
299.89 1335330
302.39 1334933
302.40 1332701
302.50 1331763
302.51 1322722
303.52 1321875
304.97 1320266
304.98 1319136
305.18 1318380
305.24 1317985
305.29 1314449
305.38 1310374
305.73 1310310
307.58 1306771
307.91 1305180
307.95 1305065
307.96 1303570
308.52 1301170
308.57 1296577
310.29 1294670
310.32 1287410
311.83 1286032
312.73 1285618
312.86 1283267
312.86 1281640
312.97 1274765
313.70 1274117
315.41 1273511
315.42 1271969
315.48 1271352
315.51 1269836
315.52 1268891
315.92 1263655
317.09 1261845
317.98 1259181
318.01 1259028
318.04 1257937
318.37 1255187
318.61 1250859
320.56 1250314
320.60 1246675
320.65 1242466
320.80 1240255
321.84 1240006
321.98 1239300
323.14 1238271
323.16 1237242
323.18 1237190
323.40 1236916
323.43 1234641
323.73 1234040
323.92 1231133
324.43 1230275
324.45 1228852
325.79 1227794
325.84 1222443
325.88 1221426
328.34 1220330
328.39 1218322
328.56 1217706
328.67 1217011
328.84 1215716
329.20 1215664
329.52 1215373
329.92 1214865
330.39 1214480
330.96 1213291
330.97 1211580
331.69 1207919
331.84 1204018
333.52 1203396
333.55 1203072
333.56 1202199
333.66 1201946
333.67 1200241
333.99 1190835
336.07 1184330
336.46 1182843
338.63 1181054
338.67 1180687
338.68 1179266
338.75 1179222
338.77 1178939
338.81 1171990
341.19 1169794
341.66 1168119
341.71 1167232
342.11 1165486
342.17 1164242
343.83 1163062
343.89 1162857
343.90 1162394
344.00 1157408
344.41 1157339
346.55 1157335
346.57 1157281
346.57 1153680
346.97 1149576
347.40 1149309
349.08 1146977
349.26 1146212
349.50 1145607
350.28 1144551
350.95 1139525
351.60 1139398
351.63 1138420
351.66 1137757
351.90 1137533
351.95 1137124
351.95 1137065
352.02 1136965
352.59 1135199
352.62 1134412
354.06 1131044
354.26 1128099
354.26 1127157
354.67 1126731
354.88 1126444
356.12 1125613
356.80 1122675
356.80 1121563
357.60 1119875
357.98 1119767
358.35 1118718
359.44 1118577
359.46 1116608
359.53 1114460
360.16 1112585
361.00 1112213
362.05 1107758
362.87 1107700
363.06 1106736
364.14 1106367
364.60 1102665
364.92 1101276
365.99 1099182
367.20 1099061
367.21 1095703
367.38 1094120
367.73 1094073
369.21 1093705
369.36 1092531
369.79 1091422
369.89 1090929
370.24 1089355
370.81 1088897
370.81 1087862
372.34 1086039
372.50 1080514
373.96 1075313
374.87 1073943
375.10 1072524
375.76 1072000
375.97 1071009
377.47 1070493
377.53 1064748
380.05 1062659
380.22 1062119
380.49 1061361
380.79 1058243
382.59 1055887
382.70 1051888
383.06 1049113
385.25 1042839
385.55 1041151
387.84 1041022
387.86 1039213
388.02 1039043
388.03 1038106
388.47 1036203
389.09 1035437
390.36 1034859
390.58 1034817
390.58 1033152
390.65 1033105
390.81 1033081
391.31 1024650
392.95 1024618
393.06 1023272
393.06 1022948
393.21 1021289
393.59 1016545
395.57 1014167
395.58 1013222
397.72 1013158
397.98 1013089
398.10 1010327
398.22 1008975
400.85 1008170
400.96 1006782
400.98 1006464
401.02 1006290
401.14 1005588
401.15 1004027
403.36 1003819
403.38 1001717
403.43 1001670
403.56 999752
405.90 997063
406.27 994191
406.62 993397
408.47 992477
408.51 991816
408.65 991081
409.18 990879
409.72 989335
409.85 988244
410.77 984078
411.27 978398
413.71 977976
413.72 975265
415.98 972358
416.55 972025
416.57 971685
416.60 968487
417.23 968440
417.83 967697
418.87 967550
418.89 967252
419.05 967007
419.12 965501
419.47 964932
419.66 961564
420.62 959994
421.36 958290
421.39 958232
421.73 957577
422.53 957487
422.76 955500
423.96 954785
424.13 953576
425.33 953475
425.58 950742
426.61 948489
427.18 945821
429.15 945305
429.19 944739
429.24 944716
429.45 944179
429.97 944158
429.98 942044
431.14 940344
431.74 938265
432.72 938129
434.37 938048
434.37 937787
434.42 937683
434.50 935340
435.57 934996
435.70 934352
436.89 932771
437.45 932262
438.46 930382
439.51 929120
439.57 927142
439.90 926467
442.05 925184
442.07 924495
442.32 923694
442.58 921232
442.87 921157
444.68 920874
444.74 920441
445.00 917142
447.30 917138
447.34 916532
447.67 916387
447.82 916108
448.07 915439
448.19 914207
449.91 913994
449.91 912776
450.74 910876
452.45 910636
452.50 908931
452.78 908809
453.39 907005
453.81 906958
454.91 906814
455.03 906468
455.07 905613
455.07 905447
455.15 905172
455.34 904587
455.72 904025
456.23 903874
457.62 903039
458.03 902808
458.17 901764
458.46 901573
460.28 901561
460.35 899867
460.50 898318
460.55 896338
462.92 894124
463.18 893727
463.20 893631
465.38 893478
465.51 893052
465.56 891242
466.10 889795
468.01 889634
468.06 889615
468.08 888583
468.89 886310
469.74 885982
470.44 885712
470.47 884755
470.50 884370
471.05 883248
471.26 882956
471.74 882075
473.07 882054
473.11 881927
473.16 877595
475.71 876727
475.76 876559
476.13 876367
476.72 875458
476.75 874737
478.25 869895
480.83 869751
480.95 868849
481.35 866917
481.93 866292
483.41 865091
483.44 864131
485.99 863736
485.99 863326
486.01 862924
486.08 862318
486.14 861368
488.46 860254
489.14 858794
491.02 857748
491.09 857227
491.67 855539
493.86 855413
494.02 854718
494.17 854394
494.40 849518
496.23 849060
496.66 848178
497.19 844872
498.73 842488
501.47 841667
501.55 841193
503.28 840507
503.94 839114
504.06 838428
505.28 838280
505.86 836636
506.43 834510
506.98 833902
507.94 833861
509.08 833614
509.70 831380
511.41 831096
511.75 830114
512.24 829783
513.23 829499
514.14 828228
514.18 827505
516.89 827357
516.95 826870
517.16 826279
517.17 824766
518.40 824265
519.29 824090
519.36 824005
519.46 822409
519.81 822225
520.41 821654
521.84 821588
521.94 820336
522.02 819841
522.22 819173
524.39 819049
524.46 818614
524.75 818539
525.89 817343
526.98 816489
527.29 816429
527.63 816100
528.36 816048
528.50 815735
529.84 815451
529.91 814128
530.35 813719
532.50 813553
532.60 812768
533.46 812720
533.84 812165
534.47 811553
534.93 810925
534.96 809946
535.47 808819
537.56 808301
537.56 807209
538.11 807139
538.20 807006
538.82 805348
540.32 804930
540.46 804778
541.13 804077
541.71 803992
542.79 803880
542.84 802437
545.40 802329
545.61 802123
545.80 800407
547.90 800170
547.97 799160
548.41 799112
548.60 798583
549.04 798140
550.68 795455
553.37 795126
554.65 795060
554.78 792429
555.82 792425
556.10 790069
558.34 789553
558.71 789551
558.89 788618
559.73 787347
561.13 785770
561.48 785402
563.80 785014
563.88 784392
564.10 782585
566.14 782346
566.25 782191
566.68 781477
568.93 780907
569.31 779867
570.59 779533
571.25 778955
571.86 778619
572.70 776825
573.76 776794
573.79 776751
574.07 776224
574.45 775130
577.03 774459
578.98 772849
581.72 772528
581.80 771063
582.18 770781
584.14 769175
585.03 769008
586.81 767696
587.45 766922
589.28 765651
590.42 761095
591.89 760014
593.24 759717
594.82 757725