0.00 7013954
0.00 6910786
0.28 6887263
1.89 6881596
2.45 6879725
2.45 6878335
2.46 6812442
2.46 6779596
2.91 6749516
3.31 6719454
4.82 6707113
4.82 6698599
4.84 6687685
4.88 6588200
7.33 6572049
7.33 6571954
7.34 6558612
7.36 6490070
7.49 6472293
8.12 6451153
8.30 6449890
9.19 6444434
9.74 6440390
9.74 6439097
9.74 6438416
9.75 6419154
9.77 6395450
9.79 6366137
9.91 6339283
10.30 6328797
10.43 6314012
11.65 6309509
12.12 6305274
12.12 6302007
12.12 6298468
12.13 6287221
12.16 6231212
12.46 6158973
13.21 6158357
14.52 6157163
14.52 6150010
14.53 6143460
14.55 6136763
14.56 6119200
14.59 6116454
14.60 6062979
14.76 6052333
15.73 6032243
16.97 6028992
16.97 6028420
16.97 6026045
16.97 6002564
17.05 5935004
17.38 5902279
19.37 5895298
19.38 5878230
19.40 5871569
19.43 5862469
19.44 5837232
19.74 5835536
20.15 5822463
20.20 5808934
20.73 5792206
21.24 5790779
21.78 5780401
21.79 5778328
21.81 5773663
21.85 5761328
21.86 5756769
21.86 5746836
21.90 5726441
21.97 5724767
22.03 5695966
22.93 5694242
23.02 5692408
23.32 5677270
24.23 5671674
24.23 5649068
24.27 5634328
24.29 5617926
24.31 5585784
26.70 5583442
26.70 5578775
26.71 5571331
26.71 5570789
26.74 5567217
26.77 5550426
26.79 5547878
26.80 5537718
26.84 5507946
27.09 5497318
27.13 5496564
27.49 5496068
28.40 5469674
29.10 5402271
29.12 5367570
31.51 5347927
31.52 5323021
31.54 5316267
31.57 5305427
31.85 5278350
32.44 5269321
33.96 5264073
33.96 5257180
33.98 5238836
34.05 5233032
34.10 5154167
36.40 5151249
36.40 5128306
36.46 5085032
38.85 5085031
38.86 5072645
38.87 5072325
38.87 5025111
38.97 5018240
39.06 4995812
41.28 4995616
41.28 4994014
41.28 4970526
41.29 4969436
41.29 4964016
41.37 4952182
41.37 4928752
41.58 4928108
41.81 4923530
42.25 4862085
43.69 4846276
43.70 4835305
43.73 4815209
43.83 4811956
44.32 4801693
45.46 4800504
45.51 4771174
46.08 4766620
46.08 4759457
46.08 4755770
46.10 4730531
46.13 4727377
46.34 4708523
46.52 4693561
47.21 4660380
48.50 4648891
48.50 4647960
48.51 4644758
48.52 4634489
48.55 4609156
48.88 4603360
49.44 4597970
49.85 4582767
50.91 4560331
50.91 4558266
50.93 4550311
51.02 4547039
51.08 4542189
51.32 4499425
52.40 4477273
53.34 4467251
53.35 4463644
53.37 4454835
53.37 4443546
53.51 4440996
53.63 4438104
53.74 4431861
53.88 4419821
54.07 4412845
55.33 4412499
55.77 4401017
55.78 4400880
55.79 4395723
55.80 4378669
55.86 4361814
55.87 4349848
56.56 4348280
57.07 4337759
58.23 4335850
58.24 4331863
58.25 4314425
58.34 4304853
58.44 4297949
58.76 4280571
59.25 4278322
60.62 4257401
60.65 4236205
60.66 4234379
60.75 4233632
61.14 4227915
61.59 4218482
61.87 4209363
62.98 4201019
62.98 4192539
63.00 4186411
63.01 4167189
63.35 4159112
63.53 4152936
63.73 4144352
65.38 4134423
65.38 4129914
65.39 4118928
65.40 4114265
65.41 4106656
65.69 4104998
65.78 4102156
65.89 4099372
65.90 4084779
65.99 4036788
67.77 4034132
67.77 4033529
67.77 4029394
67.81 4009483
67.96 4003969
68.17 3998964
68.37 3974378
70.19 3938508
70.25 3932146
70.31 3916926
70.40 3912964
72.54 3907993
72.54 3903235
72.54 3894851
72.60 3892300
72.63 3884469
72.69 3883702
72.74 3864008
73.73 3851558
74.91 3814188
74.93 3801924
76.10 3789586
77.27 3787891
77.27 3786524
77.27 3775132
77.30 3773777
77.32 3769168
77.35 3750796
77.47 3749495
77.62 3745088
77.66 3737487
78.98 3735211
79.64 3726018
79.65 3700784
79.72 3692306
80.14 3691003
80.48 3680123
80.53 3677759
82.06 3677603
82.11 3661332
82.14 3658638
82.14 3656390
82.17 3655622
82.18 3637533
82.27 3621176
82.89 3617544
84.53 3598474
84.59 3588282
84.59 3587912
84.60 3587773
84.61 3586522
84.64 3582785
84.69 3577441
84.71 3572853
85.02 3569252
85.42 3556917
86.92 3555524
86.92 3554197
86.92 3544631
86.93 3537631
86.94 3529384
86.96 3521432
87.35 3520061
87.47 3508691
88.42 3506437
88.57 3506028
88.61 3503555
89.33 3502685
89.33 3501698
89.34 3500642
89.34 3477279
89.37 3469725
89.50 3463452
89.71 3462106
90.34 3459724
91.72 3457475
91.82 3455029
91.82 3454755
91.82 3445189
91.84 3430273
91.86 3421990
92.07 3418201
92.42 3416026
93.20 3412697
93.50 3406586
94.24 3404729
94.25 3403673
94.25 3380310
94.30 3349958
96.67 3341842
96.68 3333197
96.69 3316248
96.92 3308640
97.42 3308134
97.42 3303356
99.18 3302643
99.18 3297873
99.18 3285817
99.19 3283474
99.22 3271198
99.49 3268492
99.64 3260010
99.78 3257143
101.18 3247143
101.62 3244141
101.62 3243134
101.63 3242483
101.65 3240586
101.66 3238766
101.70 3237231
101.70 3229281
101.71 3218277
101.74 3216739
101.83 3211785
102.17 3208541
102.19 3202960
102.75 3187872
104.01 3180889
104.02 3172190
104.02 3168607
104.05 3165613
104.12 3163743
104.12 3162491
104.24 3155537
104.28 3152439
105.34 3148075
105.71 3142826
105.73 3138238
106.41 3122894
106.42 3119476
106.49 3108498
106.50 3106563
106.66 3106383
106.68 3099936
107.09 3096926
107.10 3089913
108.78 3087951
108.79 3082929
108.80 3079957
108.81 3079700
108.84 3070748
108.86 3058089
109.00 3057578
109.10 3055837
111.03 3052882
111.14 3037538
111.15 3034120
111.17 3026111
111.25 3025623
111.31 3022285
111.53 3020011
111.72 3017445
113.53 3009055
113.53 2995813
113.74 2988151
113.75 2985063
114.64 2980630
114.65 2979804
115.84 2975712
115.85 2972667
115.92 2971215
115.93 2965986
115.94 2951418
115.95 2944186
116.30 2943820
116.43 2941460
116.79 2930562
118.26 2929066
118.36 2917957
118.36 2916180
118.37 2906431
118.40 2897847
118.85 2896731
119.23 2895399
119.85 2893399
120.83 2892929
120.84 2891946
120.84 2891300
120.85 2874402
120.86 2873704
120.86 2873702
121.01 2871955
121.07 2870075
121.15 2854591
121.54 2850489
123.17 2850384
123.18 2842412
123.18 2842393
123.23 2836076
123.29 2816413
124.03 2812531
124.42 2808658
125.58 2808157
125.59 2807660
125.61 2802802
125.61 2792550
125.67 2792074
125.67 2783444
125.84 2778404
126.02 2774542
127.03 2771098
127.98 2764489
128.00 2763528
128.01 2763470
128.02 2762182
128.04 2754909
128.04 2752639
128.10 2748873
128.20 2741327
128.34 2718388
130.37 2716116
130.39 2705366
130.42 2699211
130.45 2698991
130.62 2686862
131.16 2684752
132.78 2678143
132.85 2666293
132.90 2662527
133.00 2654001
133.36 2647897
134.00 2644934
135.17 2620754
135.22 2610507
135.96 2609619
137.65 2607996
137.66 2603010
137.68 2593602
137.71 2579473
138.55 2575038
139.23 2570738
139.50 2568298
140.05 2560769
140.07 2555276
140.12 2545765
140.26 2541672
140.93 2538152
141.99 2537073
142.45 2536148
142.47 2529759
142.50 2513956
142.55 2510508
142.91 2503812
143.36 2502492
144.83 2497250
144.87 2494563
144.97 2487348
144.97 2483495
145.12 2476318
145.24 2475721
145.44 2466631
145.91 2464851
147.31 2457384
147.34 2456559
147.34 2449396
147.39 2435517
147.66 2428122
149.67 2407181
149.73 2405823
149.86 2405400
150.24 2401084
150.59 2399864
151.04 2399492
151.63 2397401
151.90 2396772
152.08 2396748
152.08 2395088
152.10 2388800
152.11 2381402
152.17 2375252
152.41 2363955
154.47 2363370
154.48 2354822
154.51 2347636
154.52 2346171
155.02 2335949
156.60 2335151
156.84 2331279
156.84 2327219
157.07 2326686
157.07 2309865
157.22 2296343
157.86 2294516
159.23 2282011
159.29 2267307
160.43 2256005
161.65 2252777
161.65 2250796
161.70 2246455
161.91 2231389
162.01 2217197
164.02 2216305
164.02 2211183
164.08 2209044
164.12 2204659
164.39 2203286
164.44 2197239
164.49 2189988
164.80 2182074
166.40 2179587
166.41 2172417
166.43 2170620
166.65 2169301
166.79 2164053
167.15 2155884
168.02 2155864
168.78 2153529
168.79 2153366
168.80 2151016
168.81 2148864
168.82 2142423
169.08 2126318
171.25 2119009
171.29 2112464
171.33 2108976
171.44 2107760
171.64 2101408
171.66 2092819
173.74 2089391
173.75 2088046
173.77 2086657
173.78 2085819
173.79 2079378
174.05 2063273
176.13 2044026
176.72 2038431
177.50 2037910
178.54 2037326
178.55 2036669
178.56 2031653
178.60 2024469
178.77 2018286
179.82 2000470
181.06 1999979
181.07 1998802
181.07 1992821
181.11 1991804
181.27 1968759
183.55 1968179
183.56 1962450
183.58 1958566
183.60 1955318
183.91 1954326
184.18 1943545
185.43 1942301
186.02 1933987
186.16 1931590
186.32 1929057
186.45 1919923
186.72 1919148
186.86 1913075
188.48 1912693
188.49 1905811
188.50 1902882
188.51 1899634
188.77 1899319
188.80 1893810
189.37 1893092
190.82 1889914
190.87 1889413
190.87 1888348
190.89 1879646
190.92 1878069
191.14 1875966
191.36 1874445
191.43 1873405
191.65 1870164
192.16 1866327
192.67 1864945
193.24 1859553
193.24 1859172
193.26 1858304
193.27 1854752
193.27 1853434
193.29 1851504
193.53 1840631
193.84 1840015
195.61 1839584
195.63 1827145
195.96 1822627
197.06 1816000
197.99 1815923
198.00 1812292
198.05 1802753
198.46 1801089
198.72 1799052
200.39 1796908
200.40 1795486
200.42 1794714
200.44 1790425
200.47 1785101
200.64 1783516
200.75 1783399
200.86 1777771
200.94 1777369
202.84 1777292
202.86 1776004
202.90 1773909
202.91 1773019
202.93 1759922
202.93 1755382
205.28 1751134
205.29 1749182
205.32 1747819
205.33 1745103
205.71 1744518
206.82 1744459
206.92 1742695
207.17 1738198
207.72 1734822
207.75 1734125
207.75 1730739
207.78 1727150
207.82 1724627
208.50 1722368
208.98 1718498
209.67 1714906
210.09 1712642
210.12 1706998
210.25 1706493
210.43 1702431
210.44 1699527
212.48 1693956
212.50 1692068
212.69 1686310
213.25 1684903
213.82 1684083
214.79 1678086
214.87 1672231
214.90 1670178
215.03 1669673
215.18 1669330
215.21 1665611
215.56 1665593
215.65 1664280
216.51 1663902
217.02 1661471
217.34 1658935
217.34 1649125
217.42 1645856
219.75 1645704
219.77 1641851
219.77 1637948
219.81 1633808
220.36 1633203
220.50 1632050
222.23 1629514
222.24 1628702
222.26 1622373
222.80 1621565
222.89 1620404
224.61 1619894
224.64 1616674
224.68 1608356
225.18 1601579
226.98 1600455
227.00 1597268
227.03 1592386
227.17 1590314
227.69 1590129
227.75 1586265
229.31 1583809
229.34 1580257
229.42 1569136
231.78 1566021
231.81 1564170
231.89 1559724
232.58 1559691
232.59 1556250
232.84 1556224
233.86 1551689
234.16 1548137
234.18 1547395
234.20 1546114
234.39 1543704
234.61 1540307
236.67 1539841
236.68 1533155
236.70 1531683
237.28 1524993
238.14 1522531
238.22 1515993
239.09 1510510
239.26 1510479
239.30 1507154
240.06 1506875
240.48 1504864
241.56 1504398
241.59 1496240
242.35 1491978
242.95 1487088
243.92 1484384
243.95 1481918
243.96 1479509
243.98 1474391
245.62 1471644
246.32 1471622
246.33 1470712
246.36 1469514
246.37 1464065
246.52 1464057
246.55 1463277
247.16 1458758
248.72 1451107
248.87 1443222
251.28 1442268
251.31 1433980
251.39 1432977
252.87 1430525
253.64 1429383
253.72 1428597
253.72 1424723
253.80 1419887
255.17 1418762
255.83 1414210
256.12 1410288
256.25 1409899
256.35 1404643
257.56 1402010
258.50 1400881
258.51 1399147
258.55 1398679
258.56 1397358
258.57 1397283
258.58 1392514
258.85 1392097
259.97 1391389
260.98 1391256
261.02 1382886
261.28 1381125
263.45 1379909
263.50 1377144
263.53 1375275
263.57 1375181
263.72 1371968
263.98 1370619
265.89 1369034
265.90 1368947
266.05 1364348
266.10 1363558
266.12 1362583
266.22 1361617
267.23 1360727
268.30 1353045
268.40 1351231
269.35 1348637
270.74 1342131
271.13 1341200
271.46 1339372
273.05 1339239
273.17 1331254
273.65 1330082
273.99 1330043
275.54 1325976
275.89 1325928
275.92 1325035
276.08 1322361
276.61 1322302
277.48 1322217
277.50 1320812
277.94 1319783
277.95 1319779
277.95 1319563
277.99 1310442
278.82 1307670
280.37 1303603
280.74 1303555
280.77 1302662
280.81 1302404
280.93 1299988
281.48 1299929
282.36 1299844
282.84 1298403
282.89 1297739
282.89 1296468
282.90 1294887
283.05 1293987
283.17 1293163
283.19 1289266
283.37 1288876
285.28 1286363
285.30 1285257
285.67 1283500
285.72 1283203
285.84 1282081
285.98 1281291
287.68 1280233
287.68 1278309
287.84 1275434
288.21 1274267
288.50 1271467
288.52 1269762
290.04 1269659
290.05 1268540
290.06 1266583
290.10 1264995
290.11 1264619
290.13 1261138
290.96 1259984
292.46 1254316
292.88 1253167
293.33 1252813
293.47 1252100
293.63 1250891
293.96 1249791
294.84 1249086
294.87 1242313
294.92 1241167
295.11 1237094
297.19 1233404
297.27 1232690
297.42 1231072
297.72 1230545
297.76 1229210
299.05 1227327
299.57 1226027
299.62 1219849
299.67 1218703
300.22 1218387
302.00 1209293
302.90 1205475
304.40 1204211
304.40 1201727
304.68 1199275
304.72 1198962
305.37 1198732
305.68 1198358
306.45 1198322
306.78 1195099
306.84 1193148
307.21 1192313
307.49 1191751
307.78 1189698
309.24 1188434
309.25 1181814
309.38 1179869
311.67 1176646
311.73 1176286
311.74 1174695
312.40 1173298
312.70 1172752
313.09 1172566
314.14 1171302
314.22 1171151
314.24 1168813
314.34 1166395
314.46 1166053
314.85 1164917
316.02 1163868
316.57 1159448
316.62 1158694
316.82 1157388
317.65 1156751
318.79 1156622
319.01 1155501
319.08 1155363
319.08 1154237
319.09 1153965
319.23 1148042
321.54 1147006
321.71 1145742
321.74 1143324
321.79 1141562
323.68 1140796
323.99 1139931
324.03 1136459
324.41 1133625
326.41 1132616
326.44 1131762
326.60 1128571
326.83 1128125
326.92 1127955
327.24 1125741
328.85 1123098
328.89 1121404
329.89 1120374
330.13 1120365
330.43 1118999
331.28 1113748
331.76 1112012
331.95 1108629
333.89 1104713
334.31 1101470
336.87 1099896
337.13 1099682
337.14 1097847
337.56 1094483
340.45 1092791
340.48 1091112
340.97 1090501
341.26 1085620
343.17 1084428
343.20 1083927
343.25 1081898
343.37 1080744
343.83 1079909
344.96 1077903
345.99 1072545
348.52 1072053
348.67 1065575
351.28 1065301
351.38 1064861
351.38 1064485
351.44 1061622
352.60 1059977
353.87 1059206
353.98 1055911
354.01 1054410
354.67 1053431
356.39 1050695
356.39 1047957
357.23 1047446
358.92 1046718
358.93 1044867
359.04 1041879
361.10 1040893
361.30 1040582
361.32 1039593
361.33 1035419
362.25 1033306
363.79 1030727
363.92 1028876
364.37 1028555
365.67 1027930
366.22 1026630
366.24 1022456
368.63 1020865
368.66 1018023
369.09 1016633
371.14 1016267
371.15 1014527
371.52 1012681
372.46 1011935
372.58 1010152
373.55 1009764
373.70 1008648
373.70 1008575
373.77 1005559
374.77 1004340
376.04 1004271
376.09 1003779
376.21 1003134
376.32 1000391
376.37 999910
377.33 998544
378.49 998156
378.63 996351
379.10 994134
381.03 994065
381.08 993573
381.18 992928
381.34 989704
382.30 988883
383.37 988764
383.40 988621
383.41 988376
383.53 987489
383.64 984508
384.05 983719
385.18 982553
385.93 981754
386.25 979866
386.40 975813
388.38 975720
388.44 975640
388.53 975050
388.78 975032
388.79 974046
388.99 972126
389.22 971992
390.01 969820
390.97 969040
391.16 965121
392.91 964879
393.43 964786
393.49 962788
394.04 961192
395.87 959292
395.99 959068
396.17 956493
398.41 956400
398.47 954402
398.60 949885
400.88 947985
401.00 947761
401.32 947069
401.63 946514
401.86 946366
403.13 945629
403.42 945536
403.48 943538
404.23 943329
404.87 943080
405.83 941180
405.96 940956
406.27 940264
406.58 939709
406.80 939561
408.31 939468
408.38 937470
409.11 937261
410.71 935361
410.78 934445
411.15 933441
413.17 932652
413.18 932077
413.24 932072
413.29 931864
413.33 931280
414.16 931248
414.50 928278
415.03 927975
415.50 927308
415.67 925502
415.69 925187
416.41 923937
417.05 923691
418.16 921230
418.39 921060
419.17 920830
419.30 919250
420.56 917444
420.57 917212
420.70 917144
420.79 913784
423.03 912266
423.09 912207
423.13 911623
423.89 910561
424.38 910161
424.91 909794
425.37 909423
425.43 908484
425.44 907617
425.72 907429
425.87 907322
426.17 906052
427.93 905724
427.95 904475
428.00 903891
429.24 902429
429.77 902062
430.35 898216
431.96 897001
432.90 894914
432.93 887644
435.32 886951
435.35 883798
436.87 882609
437.90 881032
438.07 880364
438.59 880326
438.74 877358
440.24 876665
440.52 876655
440.57 875967
441.00 875364
441.42 873097
442.79 870578
443.25 867302
445.19 866868
445.19 866609
445.20 865911
445.25 863985
447.71 861466
448.35 860919
450.04 860485
450.05 860226
450.05 859528
451.38 858604
451.93 858077
452.58 857244
452.59 856398
452.62 855558
454.82 855554
455.03 855120
455.04 854861
455.04 854163
455.96 854133
456.36 853239
457.48 851958
457.53 851560
457.97 851177
458.70 850965
459.64 848790
459.99 848356
459.99 848097
460.00 847399
460.92 847369
461.98 846752
462.48 845471
462.53 845073
462.94 844690
463.64 844478
464.76 844026
464.95 843592
464.96 843333
464.97 842635
465.72 842579
466.59 842223
467.03 842157
467.53 839893
469.92 838384
470.31 837619
472.61 837129
473.25 835589
474.92 834080
475.33 833975
475.39 833570
477.63 833080
478.29 832952
478.47 831559
479.98 831281
480.02 830441
480.25 830233
481.26 830089
482.05 829558
482.59 827887
482.95 827221
484.97 826868
484.98 826848
485.25 826680
485.27 825895
485.78 825606
486.25 825375
486.28 821569
487.53 821560
487.63 821222
487.83 821183
487.90 821011
488.15 820451
488.43 815949
490.03 815711
490.25 815502
490.60 814623
490.91 812850
492.52 812770
492.57 812503
492.67 811730
493.09 811380
494.90 811179
495.04 806095
497.60 805407
497.80 803284
499.94 802736
500.25 802679
500.33 802313
500.34 802294
501.99 800771
502.23 798736
502.98 798077
504.84 797529
505.16 797076
507.16 795041
509.74 794493
510.13 794070
510.14 794051
512.12 792933
513.36 790432
514.66 789884
514.77 788787
517.15 788634
517.20 788143
517.23 788099
518.06 786841
519.44 786083
519.47 785525
522.03 785372
522.09 784881
522.12 784837
522.52 784467
523.35 784271
524.20 783831
524.47 783283
524.87 782773
525.76 782553
526.96 782400
527.01 781909
527.44 781495
528.26 781299
529.39 780751
529.78 780241
531.89 780088
531.94 779597
533.81 779295
534.33 778747
534.99 778469
535.99 778403
536.83 778250
536.88 777759
539.42 777387
539.49 777340
540.66 777141
540.88 776890
541.46 776823
541.95 776757
542.09 776200
542.12 774119
544.05 773219
544.57 773213
546.12 772978
546.82 772721
547.07 772358
547.20 772189
547.32 772038
547.58 771171
549.00 770271
551.76 770205
551.91 769648
552.20 769331
553.03 768995
554.09 768623
555.35 768595
555.38 768377
555.60 768126
556.68 768060
556.87 767506
557.12 767186
558.99 766814
560.23 766786
560.26 766568
560.55 766067
561.14 765833
561.77 765447
563.09 765025
563.93 764653
564.35 764605
565.87 764496