0.01 6893294
0.02 6847660
0.14 6778069
1.04 6726152
2.49 6725920
2.49 6597906
4.77 6592313
5.07 6578425
5.09 6567693
5.10 6508498
5.12 6498964
5.50 6495376
5.59 6453624
8.22 6452828
8.23 6443512
8.23 6440699
8.24 6432991
8.24 6430351
8.26 6425150
8.27 6375941
8.30 6359998
8.37 6359224
8.44 6311444
10.78 6308918
10.97 6308721
10.97 6294655
10.99 6289762
11.01 6283201
11.05 6212247
11.20 6199106
12.46 6184148
13.61 6179960
13.61 6152979
13.64 6150122
13.65 6140832
13.74 6110935
14.04 6104439
14.06 6074730
14.13 6060075
15.58 6050846
16.50 6009298
16.54 5989887
16.82 5943713
16.97 5927638
17.97 5927244
18.69 5893411
19.94 5877048
19.94 5863722
19.96 5852353
20.03 5845353
20.07 5814191
20.54 5808918
20.69 5807163
20.87 5796017
22.67 5748502
23.09 5744188
23.10 5739705
23.12 5737866
23.13 5734604
23.14 5729247
23.14 5728502
23.16 5695941
23.19 5692824
23.19 5644408
24.73 5626356
24.89 5608264
26.22 5605984
26.22 5590221
26.22 5563632
26.27 5555089
26.45 5495820
29.46 5450410
29.50 5449740
29.65 5370384
32.60 5370020
32.61 5348141
32.64 5274468
33.55 5246480
35.39 5228740
35.44 5211633
35.51 5193788
35.58 5179270
35.96 5158859
36.06 5153285
36.08 5150564
36.73 5142842
38.20 5119546
38.21 5101558
38.40 5091056
38.54 5078269
38.55 5074457
38.66 5047478
41.15 5041594
41.16 5031858
41.17 5028307
41.18 5023544
41.22 5020219
41.23 5018080
41.28 4983802
41.55 4959314
43.00 4951692
44.36 4951126
44.37 4923804
44.37 4908214
44.53 4902817
44.71 4895721
45.42 4889255
46.07 4881856
47.22 4866463
47.99 4861827
48.01 4851007
48.02 4842529
48.05 4838710
48.10 4820735
48.16 4820515
48.19 4802787
48.33 4783623
51.21 4751909
51.63 4751343
51.64 4724021
51.64 4708431
51.81 4703034
51.99 4695938
52.31 4691705
52.59 4689472
53.10 4675480
53.41 4665798
54.50 4665611
54.50 4662861
54.51 4659283
54.51 4641675
54.54 4634455
54.57 4622873
54.61 4615458
54.94 4605748
55.31 4595516
55.84 4589263
56.55 4578123
57.85 4574083
57.85 4561766
57.86 4557217
57.90 4515506
58.16 4496625
58.75 4495391
60.62 4485690
61.12 4461172
61.18 4457307
61.25 4448925
61.37 4430780
61.50 4425640
61.74 4425153
62.14 4422868
62.35 4409025
64.10 4404495
64.36 4400455
64.37 4384867
64.37 4384159
64.42 4381491
64.44 4368958
64.50 4361570
64.52 4356439
65.22 4341640
66.66 4336605
66.82 4334226
67.74 4334213
68.73 4309695
68.84 4305830
68.90 4303416
68.93 4297448
69.00 4297069
69.08 4279303
69.29 4274163
69.36 4266323
72.33 4250846
72.34 4242382
72.36 4234530
72.46 4220645
72.50 4214189
72.66 4212519
73.16 4206161
74.30 4201750
75.46 4197561
75.46 4189794
75.48 4169221
75.49 4166878
75.52 4134540
76.33 4130978
78.07 4129510
78.07 4129480
78.07 4122915
78.09 4104461
78.17 4083860
78.27 4070928
78.68 4066514
79.27 4054889
80.65 4049455
80.67 4040277
80.68 4031586
80.68 4024024
80.69 4020357
80.76 4010462
81.10 4009330
81.16 3998101
82.09 3991336
82.20 3966343
83.22 3963069
83.22 3958280
83.23 3951054
83.25 3948834
83.26 3942440
83.31 3919225
84.38 3910965
85.06 3903488
85.07 3892956
85.80 3888308
85.80 3883128
85.82 3874196
85.83 3870258
85.84 3856244
85.87 3840057
86.40 3838413
86.57 3835844
87.12 3817404
87.53 3816433
88.42 3790919
88.44 3782473
88.47 3757497
89.55 3754962
90.97 3745134
90.99 3736202
91.00 3732264
91.00 3731296
91.02 3710766
91.04 3710498
91.07 3702959
91.08 3702089
91.86 3699082
93.51 3693642
93.51 3693591
93.51 3673568
93.53 3667304
93.57 3647443
94.64 3637999
95.63 3637270
96.11 3604121
96.40 3585279
97.97 3580518
98.68 3559905
98.76 3558445
98.81 3530237
99.11 3525029
100.95 3522095
101.23 3514466
101.24 3506728
101.25 3495970
101.28 3493751
101.36 3487193
101.51 3485092
101.83 3459296
103.80 3442279
103.83 3441345
103.85 3438120
103.88 3437223
103.89 3435171
104.01 3427721
104.02 3421164
104.32 3413561
104.63 3410576
105.02 3400493
106.24 3398386
106.24 3385126
106.29 3367674
106.52 3342015
108.69 3325283
108.78 3315300
108.83 3301252
109.09 3294736
111.13 3294681
111.14 3290422
111.14 3285480
111.17 3282250
111.24 3277279
111.24 3275335
111.35 3261869
111.38 3259726
111.61 3257282
113.03 3249879
113.10 3249627
113.60 3248830
113.61 3245391
113.61 3224323
113.69 3219633
113.73 3219129
113.78 3217028
113.81 3216963
113.93 3206419
113.94 3197179
114.32 3195757
116.03 3191190
116.06 3152224
118.47 3150485
118.48 3133688
118.56 3115641
118.71 3112736
120.87 3111888
120.91 3108517
120.96 3091704
120.98 3087992
120.99 3071477
121.52 3071245
121.53 3068534
121.58 3068181
121.85 3062782
123.17 3028079
123.38 2995931
123.59 2984444
125.80 2976882
125.82 2975761
125.87 2957722
125.96 2952004
126.13 2950703
126.51 2943904
128.20 2943770
128.20 2911756
128.34 2903260
129.22 2895760
130.64 2894600
130.64 2885909
130.65 2884685
130.69 2882354
130.77 2881622
130.77 2878250
130.81 2873473
130.83 2867731
131.02 2865299
131.04 2862523
131.16 2861636
133.09 2859298
133.10 2853245
133.16 2850236
133.18 2846746
133.24 2844291
133.29 2844078
133.36 2831592
133.36 2819858
135.60 2818836
135.61 2810007
135.61 2804183
135.78 2793064
135.81 2791829
136.06 2785605
136.12 2775720
138.17 2774168
138.18 2772418
138.18 2768491
138.24 2738321
140.67 2738105
140.68 2716280
140.96 2715509
141.19 2711886
141.46 2711446
141.51 2685527
143.10 2678526
143.14 2676021
143.16 2672756
143.18 2667207
143.23 2665820
143.24 2662826
143.34 2649480
144.44 2649059
145.53 2642948
145.56 2637254
145.58 2632761
145.65 2610516
147.94 2603515
147.96 2590418
147.97 2581792
148.64 2578736
148.65 2578388
150.43 2572277
150.47 2561941
150.52 2546355
151.50 2545368
152.87 2541086
152.91 2536128
152.94 2529666
152.94 2519753
153.71 2514752
154.13 2512690
154.26 2509056
155.34 2506015
155.36 2501985
155.36 2500482
155.44 2499785
155.49 2498043
155.53 2476598
157.81 2476203
157.82 2473822
157.82 2468086
157.83 2458647
158.00 2454484
158.11 2454134
158.37 2450766
159.24 2438303
160.29 2431091
160.35 2427454
160.39 2419728
160.40 2417492
160.64 2408797
162.57 2407986
162.76 2400711
162.79 2398394
162.86 2387679
162.95 2382274
163.60 2377071
163.95 2376945
164.77 2376208
165.21 2375160
165.21 2359251
165.39 2353803
165.48 2345239
167.24 2345017
167.68 2338935
167.69 2336889
167.70 2333105
167.71 2332472
167.73 2328660
167.76 2311973
170.16 2300061
170.23 2295711
170.48 2295426
170.49 2291323
170.78 2286954
172.57 2283484
172.57 2282568
172.58 2276732
172.59 2275042
172.60 2270693
172.60 2269254
173.41 2265632
173.57 2255985
173.84 2254503
175.02 2252505
175.04 2244694
175.13 2236821
175.15 2235626
175.28 2235102
175.37 2234870
175.39 2222723
175.67 2221666
176.32 2199788
177.46 2198425
177.47 2198134
177.47 2184470
177.55 2180075
177.92 2175560
180.00 2172862
180.01 2153262
180.31 2110798
182.60 2104006
182.61 2100158
182.66 2098482
182.69 2091085
183.15 2087193
184.58 2085216
185.01 2082627
185.09 2073239
185.18 2072888
185.23 2070910
185.31 2060013
185.44 2050847
187.55 2049754
187.56 2034806
187.57 2026944
188.68 2019643
190.00 2018155
190.03 2017116
190.07 2014832
190.10 2004802
191.51 2003058
192.47 2001608
192.49 1999860
192.53 1991899
192.57 1968245
194.95 1967217
194.96 1962916
195.00 1958231
195.06 1954549
195.49 1953890
195.51 1953159
195.86 1951719
196.50 1951365
197.36 1949915
197.38 1949540
197.39 1945928
197.43 1940206
197.72 1939299
197.79 1936694
197.85 1928553
198.35 1925653
199.87 1920957
199.88 1920350
199.97 1916061
200.02 1914195
200.16 1893371
202.30 1891921
202.31 1888929
202.36 1882212
202.38 1882197
202.39 1881347
202.53 1881302
203.04 1875177
203.27 1872705
203.32 1869847
204.77 1865151
204.79 1864544
204.93 1858389
205.11 1854687
205.49 1854130
207.11 1845411
207.37 1844546
207.39 1840115
207.48 1832858
207.65 1832422
208.65 1820529
209.82 1817737
209.83 1814701
209.86 1813661
210.00 1811364
210.16 1805369
210.96 1804322
212.46 1796802
212.55 1792056
212.63 1784249
212.64 1783839
212.86 1781479
214.70 1775814
215.56 1773022
215.62 1770187
215.66 1769280
215.72 1769156
215.75 1766649
215.93 1760654
216.66 1760631
218.31 1755840
218.37 1755064
218.38 1752169
218.65 1750832
218.65 1750253
218.66 1747970
219.04 1740501
221.28 1731852
221.32 1730595
221.66 1725341
222.86 1716600
223.96 1712590
223.99 1710441
224.02 1707169
224.04 1705331
224.21 1699690
226.54 1698229
226.57 1688103
227.33 1683870
227.56 1682796
230.51 1676376
230.83 1674722
230.99 1674201
231.12 1673995
231.24 1671230
232.49 1667125
232.59 1655587
234.15 1655148
234.17 1644000
234.79 1639767
237.43 1633201
237.51 1625599
238.00 1625456
238.71 1624096
240.19 1621191
240.20 1613229
240.46 1613130
240.58 1610163
242.78 1604823
242.79 1595995
243.93 1591709
244.10 1590606
245.40 1581570
245.66 1579640
245.79 1579040
245.85 1574012
246.51 1572767
247.98 1571256
248.04 1564533
248.67 1562918
248.68 1562493
248.75 1561201
249.80 1560384
250.32 1560323
250.58 1557560
250.62 1556316
250.62 1555786
250.63 1553202
250.76 1551462
250.81 1549734
252.08 1549241
252.22 1548689
252.54 1546012
252.74 1542129
253.18 1537536
253.20 1532931
253.30 1532764
253.44 1532342
253.97 1530240
255.38 1530000
255.66 1528490
255.76 1520466
256.15 1520273
256.37 1520125
257.74 1518449
258.26 1516367
258.78 1514774
258.94 1511833
259.32 1506596
259.46 1504501
259.59 1502046
259.82 1502034
261.13 1500855
262.47 1499326
263.09 1499320
263.12 1498410
263.12 1495521
263.21 1494534
263.36 1493932
263.41 1492293
263.70 1490515
263.75 1489864
264.01 1489462
264.32 1484946
267.02 1476969
267.15 1471983
268.69 1471230
270.33 1467425
270.40 1466056
270.52 1464197
270.83 1461768
271.15 1461366
274.57 1460325
274.58 1457425
274.71 1449006
276.01 1437762
278.24 1436208
278.24 1434599
278.45 1432588
278.55 1430729
278.61 1430504
278.81 1427599
279.31 1426692
279.50 1426464
281.95 1426311
281.96 1425659
281.98 1422535
282.26 1421672
282.53 1416624
282.59 1415310
284.81 1413756
284.86 1412357
284.99 1410693
285.02 1400999
288.42 1400201
288.42 1397460
288.43 1393124
289.44 1392109
289.60 1379370
291.58 1377816
291.62 1376417
291.77 1374753
291.85 1371729
292.01 1370713
292.28 1370584
292.68 1367010
295.07 1366212
295.08 1363471
295.10 1359135
296.03 1355928
298.23 1354374
298.26 1352975
298.41 1348287
298.46 1347887
298.56 1347271
298.77 1347142
299.61 1345765
300.96 1344245
301.50 1343447
301.52 1342048
301.52 1336370
304.55 1336305
304.56 1334816
304.58 1328984
304.87 1327713
305.06 1327584
305.61 1327559
305.73 1326207
307.49 1325409
307.50 1324010
307.53 1323968
307.65 1319716
308.18 1318461
310.58 1317811
310.62 1315697
310.75 1315522
310.75 1312999
310.80 1310068
311.50 1308217
314.08 1305408
314.19 1303560
314.30 1299608
314.41 1299594
315.05 1299533
316.40 1297970
316.99 1288183
317.57 1285841
319.96 1285719
319.98 1284056
319.99 1283905
320.05 1281210
320.23 1278128
320.57 1277899
320.91 1276143
321.79 1273731
323.19 1273339
323.22 1271609
323.37 1271140
323.39 1247974
326.37 1247021
326.41 1246038
326.49 1244703
326.55 1241390
326.96 1239290
327.90 1238699
328.82 1237017
329.24 1236865
329.25 1236134
329.26 1226877
332.37 1226735
332.38 1225831
332.39 1223299
332.48 1220293
332.48 1220001
333.91 1219462
334.57 1217179
334.86 1213211
335.11 1208963
335.28 1206833
337.83 1206071
337.84 1205571
337.97 1204216
337.98 1203900
338.63 1202956
338.90 1198419
339.41 1193911
341.02 1192735
341.09 1185695
343.76 1184933
343.76 1184433
343.78 1184392
343.81 1183574
343.82 1182662
343.86 1181682
343.97 1175501
346.70 1174325
346.71 1173227
346.78 1171223
347.47 1170953
347.60 1169730
348.17 1168949
348.74 1165714
349.59 1164952
349.60 1164452
349.62 1164411
349.63 1161909
349.71 1161701
350.28 1161652
350.63 1159579
350.69 1159065
352.89 1157229
353.00 1151415
353.04 1149517
356.55 1148255
356.57 1148214
356.58 1147799
356.63 1146484
356.64 1145841
356.70 1145504
357.50 1145019
357.69 1143382
359.70 1141546
359.70 1140889
359.84 1140802
360.21 1140117
360.26 1139064
360.60 1137225
362.11 1134596
363.17 1133334
363.24 1131403
363.28 1130583
363.35 1119749
366.41 1117913
366.41 1117256
366.64 1117169
367.08 1116484
367.15 1115431
367.43 1113592
368.49 1109708
369.82 1108446
369.83 1103785
370.05 1101804
372.93 1099280
373.13 1099224
373.58 1098539
373.64 1097486
373.90 1095647
376.70 1094385
377.06 1092187
377.41 1090210
379.63 1090146
379.65 1088613
379.71 1086854
379.75 1085703
382.18 1084882
382.23 1081523
382.41 1080917
382.83 1078227
384.78 1077838
384.81 1077658
384.85 1074871
384.93 1071301
386.35 1070048
387.10 1069658
387.12 1065868
387.32 1065262
388.59 1064125
389.06 1063510
390.04 1062594
390.07 1061427
390.19 1061277
390.30 1058453
390.77 1058301
390.89 1057164
392.84 1056774
392.86 1052775
393.35 1051504
394.01 1049043
395.76 1046377
396.05 1046258
396.14 1044059
397.04 1043113
399.07 1042182
399.25 1041851
399.28 1041433
399.35 1041342
399.46 1039848
399.81 1037453
400.98 1036677
402.84 1034011
403.16 1033892
403.46 1033193
403.69 1032425
405.01 1032364
405.56 1031974
405.68 1030528
405.71 1029099
407.76 1028302
407.94 1028279
408.45 1023104
411.52 1022302
411.90 1021684
411.96 1021144
412.08 1019848
412.56 1017858
412.86 1017760
413.00 1017103
415.09 1016898
415.23 1011723
418.05 1010921
418.48 1010381
418.63 1009085
418.69 1008459
419.31 1007095
419.76 1005261
422.96 1000086
426.51 997684
427.02 996101
428.06 995834
429.62 992307
429.81 992008
430.36 991642
431.21 991336
431.49 990948
432.58 990017
432.73 989112
433.15 988426
433.76 988308
433.91 987417
434.79 987271
435.51 986631
435.89 984541
436.23 983835
437.68 981268
438.74 980878
438.88 980457
438.88 979432
439.02 977591
441.24 976879
441.96 976448
442.01 972555
445.06 972165
445.17 970719
446.02 970096
446.13 970085
448.54 969817
448.56 968422
448.84 964957
449.43 961462
452.03 960548
452.13 959409
452.47 958185
453.08 958009
453.27 957270
453.48 956365
454.86 956097
454.87 954702
455.21 951237
456.72 951225
456.88 950903
458.17 949989
458.33 949872
458.76 948582
458.78 948107
459.82 946711
461.28 943635
461.97 942108
462.27 942044
462.51 941585
463.29 941199
463.67 940535
463.90 940182
464.00 938978
465.22 932395
465.66 931114
468.97 930939
469.21 930619
469.27 930368
469.30 930011
469.40 929595
469.97 927237
471.95 926174
471.98 924919
472.30 924916
472.35 921314
474.90 921139
475.10 920568
475.13 920211
475.15 920032
475.21 919795
475.79 918503
475.91 918069
478.24 917006
478.36 915880
478.67 915748
478.86 915258
479.07 914973
479.83 913772
481.98 913597
482.22 913026
482.24 912669
482.25 912490
482.29 912253
482.74 910961
483.55 910825
483.72 910536
484.72 909473
484.83 908347
485.11 908215
485.18 906611
487.50 906226
487.53 905038
487.72 904998
488.26 904779
488.29 904290
488.34 904173
488.78 903819
488.86 903714
491.09 903175
491.29 902831
491.72 900752
492.18 900484
493.11 900383
493.30 899874
493.34 899170
494.61 896745
495.28 894978
497.17 894914
497.23 894309
497.26 893291
497.54 892919
497.76 891546
500.09 889121
500.84 888955
501.15 888667
502.74 888415
502.81 887998
502.83 886980
503.13 886608
503.97 885366
506.09 882941
506.88 882775
508.75 882523
508.80 882106
509.06 880716
509.91 879485
511.69 879220
511.88 878474
512.08 877992
512.13 876937
514.85 874911
515.21 874535
515.47 874040
515.54 874011
517.61 873486
517.72 872518
517.80 871639
518.12 871609
518.16 871219
519.45 871078
519.59 870976
519.86 869609
520.08 868115
520.11 867952
520.37 867470
522.91 867044
523.18 866945
523.32 865977
523.41 865098
523.78 865068
523.78 862851
525.55 861194
526.00 860479
526.23 859351
528.17 859344
528.21 859009
528.47 858571
528.65 857858
529.20 854885
531.21 853228
531.91 853117
532.96 851667
534.07 851660
534.12 851325
534.42 850887
534.57 850165
535.73 848632
536.04 847884
537.36 846227
537.95 846116
539.69 845459
539.87 845452
539.90 845117
539.93 845097
540.04 842573
540.39 839738
542.61 838081
545.53 837739
545.55 837719
545.66 835195
546.89 835046
548.51 835028
548.67 834738
549.20 834081
549.58 833438
550.27 832053
551.35 831711
551.38 831691
551.48 829167
554.90 828828
555.16 828694
555.17 826766
557.64 826269
557.79 826002
557.93 824577
558.99 824030
560.66 823691
560.93 823557
560.98 823427
562.02 821980
564.01 821483
564.14 821216
564.37 820814
564.52 820273
564.65 820135
566.93 820060
567.05 819006
567.21 817397
568.64 817355
570.35 816858
570.38 816837
570.49 816591
570.72 816189
570.87 815648
573.71 815309
574.07 815045
574.27 813481
576.82 812984
576.83 812095
577.67 811932
581.10 811593
581.66 811329
582.81 811009
583.19 810708
585.04 810211
585.08 810190
585.24 809716
585.64 809503
585.73 808505
588.67 808166
589.00 807886
589.49 806351
591.50 804668
591.60 804590
591.62 804207
591.80 803904
592.29 802779
594.76 802440
595.07 802160
595.17 800162
597.99 800093
598.35 800029
598.77 799081
599.99 798763
600.75 798743