0.01 6877767
0.01 6759551
0.94 6759415
2.70 6733528
3.01 6726720
3.01 6724685
3.01 6720492
3.01 6716805
3.02 6680178
3.03 6669199
3.05 6667991
3.12 6564093
5.80 6553292
5.81 6527659
5.85 6509196
6.03 6466690
6.36 6428532
8.74 6423691
8.74 6420386
8.74 6407294
8.74 6390450
8.79 6343184
8.97 6321992
9.76 6292379
12.09 6284888
12.09 6277821
12.11 6274975
12.12 6268985
12.13 6256563
12.14 6239780
12.16 6214464
12.45 6161540
13.50 6158613
15.73 6154806
15.74 6154587
15.74 6148787
15.75 6143776
15.77 6120431
15.77 6106431
15.80 6065105
16.02 6035591
18.73 6025716
18.73 6024841
18.77 6021516
18.77 5991630
18.92 5964465
18.94 5932869
19.64 5913148
21.94 5905013
21.94 5884319
21.97 5825367
22.77 5773272
24.91 5771358
24.91 5755576
24.91 5748154
24.92 5741359
24.97 5711238
25.59 5683542
25.69 5634155
27.95 5622412
27.97 5618417
27.97 5605640
27.99 5546564
28.47 5545373
29.45 5531741
30.99 5525093
30.99 5518470
31.00 5495742
31.02 5492427
31.02 5430996
33.77 5423311
33.78 5389310
33.78 5386907
33.82 5369999
34.16 5357065
34.76 5356951
35.36 5354191
35.91 5349576
36.19 5342214
36.49 5322195
36.53 5312508
36.55 5306403
36.60 5279586
36.67 5229145
39.23 5207352
39.24 5194418
39.33 5182206
39.44 5148065
40.63 5142118
41.27 5123916
41.75 5116568
41.76 5111265
41.78 5108365
41.80 5102941
41.80 5091012
41.81 5067737
41.84 5052769
41.85 5042600
42.05 5031395
44.41 5016829
44.41 5013744
44.44 5006191
44.45 5003433
44.45 4998928
44.55 4965176
44.67 4961508
45.13 4949957
45.32 4947288
45.33 4903576
47.23 4902742
47.24 4894154
47.24 4887291
47.25 4878266
47.29 4868328
47.33 4856467
47.64 4850513
48.31 4845858
48.77 4844049
49.05 4817901
50.07 4816080
50.07 4788118
50.08 4787046
50.20 4768224
50.27 4765659
50.56 4763073
50.85 4741698
51.03 4725029
51.94 4704940
52.66 4703913
52.66 4689897
52.67 4655041
52.77 4649840
53.50 4603832
55.48 4596521
55.49 4588319
55.52 4578815
55.59 4553750
55.67 4543156
55.98 4528139
56.38 4526031
57.01 4512878
57.24 4495314
58.16 4484943
58.17 4477095
58.19 4458591
58.25 4426182
58.34 4413998
58.36 4404360
61.01 4370093
61.13 4363998
61.24 4350842
61.38 4328157
61.87 4319112
62.54 4317324
62.73 4310121
63.80 4283544
63.81 4277392
63.84 4259614
63.85 4227629
66.13 4225310
66.67 4223027
66.67 4186388
66.72 4181117
66.83 4155773
68.28 4149107
69.56 4145870
69.56 4141355
69.56 4140686
69.57 4131655
69.60 4129346
69.65 4129313
69.66 4127752
69.66 4127186
69.70 4127127
69.70 4126004
69.70 4111583
69.75 4104779
69.75 4100958
69.95 4058551
72.28 4048978
72.28 4040152
72.32 4037558
72.35 4033035
72.43 4029774
72.43 4028278
72.51 4015493
72.53 4009686
72.76 4000415
72.82 3999469
74.63 3991602
75.07 3973303
75.27 3965790
75.27 3948326
75.29 3942840
75.32 3935721
75.38 3922450
75.50 3918406
76.84 3912655
78.56 3880381
78.60 3879532
78.77 3877857
78.81 3873244
78.98 3870373
78.98 3866319
79.26 3846353
81.71 3842259
81.72 3809066
81.83 3805363
82.10 3794644
82.17 3789493
82.22 3761397
84.90 3760597
84.91 3759804
84.91 3725486
84.91 3724225
85.10 3722172
85.76 3716063
85.79 3706297
88.05 3706266
88.05 3676547
88.16 3672373
88.18 3672176
88.23 3657781
88.58 3646690
91.28 3641422
91.29 3621425
91.30 3616664
91.32 3607846
91.93 3600970
92.54 3597013
92.90 3591997
93.86 3579741
94.13 3565659
94.15 3562556
94.17 3543830
94.21 3541091
94.61 3530998
95.95 3529044
96.94 3525578
96.94 3501917
97.14 3491520
97.17 3487448
97.41 3481403
99.08 3481042
99.81 3474807
99.82 3471260
99.82 3467355
99.84 3458107
99.89 3448848
100.09 3445839
100.16 3445131
100.18 3426422
103.12 3418091
103.19 3416688
103.19 3405434
103.35 3382931
103.43 3377557
106.23 3375557
106.24 3375284
106.25 3345283
106.40 3341006
106.41 3329660
106.42 3321247
107.62 3316762
109.36 3313288
109.38 3311702
109.38 3311186
109.39 3297674
109.44 3281806
109.52 3275493
109.54 3273469
109.61 3268302
112.34 3266771
112.35 3254434
112.35 3253894
112.36 3252108
112.42 3216710
115.71 3210753
115.71 3209479
115.72 3202737
115.73 3196431
115.73 3186571
116.12 3166950
117.17 3159486
118.67 3156672
118.69 3143369
118.73 3134193
118.79 3125327
118.80 3123575
119.27 3116957
121.91 3110192
121.91 3108521
121.92 3107812
121.93 3105555
121.96 3101649
121.96 3091566
122.01 3084604
122.03 3078875
122.03 3078226
122.48 3074379
122.60 3071453
124.84 3063874
124.84 3057829
124.87 3055352
124.97 3050885
125.05 3047615
125.05 3039875
125.44 3038554
125.80 3038139
125.83 3033978
126.19 3004569
127.80 2997039
127.81 2995554
127.81 2995424
127.82 2993167
127.85 2992591
127.89 2972216
127.91 2966487
128.09 2964604
129.82 2961512
130.19 2960144
130.85 2950031
130.88 2949998
130.92 2926586
131.04 2924627
131.56 2921413
132.14 2918875
133.55 2917544
134.30 2907449
134.30 2902475
134.36 2896137
134.46 2877251
136.50 2876907
137.72 2869296
137.73 2862300
137.75 2856993
137.82 2843600
138.03 2842570
138.31 2841847
138.60 2841467
140.56 2840714
140.56 2838441
140.57 2833286
140.58 2810496
140.71 2806732
140.81 2805056
141.79 2801174
143.37 2795223
143.39 2780052
143.42 2777467
143.61 2776081
144.10 2775331
144.32 2770735
144.41 2769626
144.43 2765175
145.18 2758685
145.41 2757282
146.16 2754632
146.18 2751056
146.20 2746244
146.24 2744735
146.25 2718051
148.87 2687633
149.06 2680647
149.67 2679412
151.00 2678902
151.67 2668942
151.71 2661649
151.73 2656591
151.75 2646810
152.01 2645754
152.71 2640820
154.18 2639241
154.19 2637536
154.19 2633610
154.21 2628782
154.25 2623787
154.49 2621554
154.55 2614731
154.59 2609329
155.34 2605852
156.87 2602049
156.87 2595892
156.93 2583541
157.11 2574983
157.76 2571192
159.74 2563333
159.77 2562898
159.78 2559495
159.78 2547612
159.89 2534883
162.80 2530373
162.80 2513761
162.82 2505953
163.04 2504474
163.25 2499680
163.53 2496244
166.02 2495819
166.02 2481944
166.03 2472664
166.90 2466700
169.10 2460893
169.18 2449290
169.27 2434781
170.66 2434596
172.34 2434110
172.35 2418512
172.43 2417675
172.58 2416266
172.60 2413603
172.76 2408833
172.80 2402195
175.47 2397699
175.47 2395094
175.52 2386931
175.63 2367875
178.03 2361664
178.16 2361309
178.17 2352252
178.17 2349431
178.39 2347930
178.49 2347111
178.64 2343457
178.71 2335216
180.72 2321328
180.81 2313943
182.01 2310620
182.09 2309453
183.30 2304985
183.41 2302262
183.44 2299024
183.47 2298716
183.52 2298370
183.63 2297211
183.76 2296155
183.79 2280940
184.79 2266870
186.10 2257642
186.21 2254310
186.33 2254131
186.38 2245721
189.69 2243496
189.72 2242171
189.73 2240221
189.75 2233060
189.91 2213443
191.12 2207820
193.03 2198592
193.14 2195260
193.27 2195081
193.44 2193919
193.58 2186725
193.78 2182405
195.89 2181404
195.91 2181232
195.91 2176049
195.95 2171966
195.97 2169795
196.47 2166213
196.71 2162679
196.79 2161290
198.10 2157377
198.84 2156900
198.84 2156071
198.84 2147879
198.86 2144127
199.11 2136553
199.19 2134539
199.90 2125482
200.29 2124076
202.02 2123772
202.03 2122467
202.03 2112920
202.04 2112776
202.41 2098506
203.27 2091546
204.78 2086106
204.79 2086013
204.82 2084739
204.87 2082860
205.05 2082605
205.06 2081262
205.19 2080735
205.29 2070633
205.67 2068327
206.71 2060677
207.84 2060373
207.85 2049521
207.88 2042766
208.21 2035107
209.34 2032915
210.77 2027470
210.81 2026702
210.82 2022008
211.13 2016429
211.25 2016021
212.04 2014593
212.61 2010624
213.91 2010422
213.92 1994493
214.65 1993817
214.87 1985973
215.54 1984058
216.83 1983807
216.84 1977691
216.94 1976648
216.96 1973151
217.00 1969492
217.47 1959683
219.78 1951784
220.12 1935653
220.98 1927728
223.62 1923718
223.63 1919881
223.76 1919267
223.78 1914358
224.55 1906183
226.59 1902003
226.64 1890304
226.94 1885438
228.11 1868791
229.41 1867944
229.43 1867541
229.45 1865242
229.46 1860520
229.46 1860426
229.81 1859218
229.89 1857313
230.41 1854829
230.48 1848046
232.28 1846221
232.29 1843006
232.30 1833632
233.20 1829445
234.89 1829221
235.07 1828916
235.08 1821804
235.17 1820638
235.26 1817908
235.43 1815248
235.56 1805401
237.93 1800188
238.01 1799670
238.01 1798363
238.05 1793003
238.43 1787328
239.00 1786800
240.06 1786532
240.86 1786227
240.87 1783177
240.87 1774672
241.62 1774460
241.67 1760479
243.96 1758964
243.98 1755232
244.06 1751557
244.10 1747197
246.15 1746472
246.61 1739735
246.71 1738154
247.25 1725821
249.52 1725609
249.56 1722956
249.57 1722913
249.64 1721425
249.68 1720179
249.77 1718828
250.03 1716448
250.60 1714986
251.23 1711580
251.44 1711521
252.52 1710970
252.53 1709935
252.57 1704332
252.58 1701535
252.65 1698445
252.90 1698284
253.20 1698151
253.59 1697559
254.75 1696219
255.37 1693270
255.40 1691930
255.50 1691706
255.56 1691292
255.63 1690709
255.85 1690311
255.88 1684703
256.03 1683835
257.59 1681342
258.73 1680642
258.73 1679225
258.77 1669603
258.83 1667101
260.18 1666657
262.10 1666279
262.13 1661680
262.14 1658751
262.24 1657400
262.98 1653796
263.51 1653605
265.20 1647455
265.96 1644049
266.07 1635716
266.50 1629508
268.31 1627699
269.20 1627050
269.20 1623519
269.24 1622171
269.43 1617327
270.27 1604056
272.07 1603602
272.10 1602262
272.14 1596885
272.24 1596616
272.25 1591814
272.75 1590375
274.17 1589503
274.97 1586021
275.01 1584538
275.09 1583814
275.22 1580387
275.38 1579694
275.57 1575262
277.87 1574894
277.88 1573734
277.90 1573467
277.93 1573435
277.93 1567378
277.96 1562870
279.01 1561384
280.33 1560711
280.60 1559572
280.61 1559360
280.62 1551836
280.64 1550622
281.30 1549551
282.61 1548489
283.29 1546351
283.40 1536523
283.73 1533245
286.20 1526996
286.21 1524370
286.27 1515298
289.02 1515175
289.03 1515107
289.03 1513017
289.09 1511223
289.13 1510133
289.14 1508723
289.25 1500872
291.88 1494623
291.89 1491997
291.95 1491597
293.81 1488958
294.72 1488835
294.73 1488767
294.73 1486677
294.79 1484883
294.84 1483793
294.86 1482383
295.02 1478418
295.28 1475842
297.59 1469593
297.60 1466967
297.84 1464233
300.11 1464129
300.24 1461535
300.35 1459780
300.37 1457525
300.40 1455943
300.52 1455707
300.53 1446701
303.23 1446155
303.24 1444383
303.25 1443288
303.35 1441895
303.47 1441849
303.77 1439764
303.82 1438393
304.55 1438377
304.68 1435980
305.76 1434459
305.97 1428798
306.12 1428568
306.13 1427349
306.15 1425330
306.18 1422834
306.18 1419482
306.80 1417668
307.72 1415813
309.03 1415135
309.04 1411477
309.07 1409779
309.44 1409602
309.59 1408876
310.00 1408177
310.17 1402980
311.84 1401531
311.84 1398252
311.89 1397342
312.12 1395111
312.49 1391850
314.62 1389430
314.68 1388925
314.71 1387758
314.78 1385040
314.95 1383855
314.97 1382041
316.72 1379542
317.06 1378798
317.39 1372326
317.73 1368348
319.62 1368077
320.19 1367381
320.22 1367086
320.22 1366897
320.25 1366130
320.26 1365186
320.27 1361517
320.37 1361267
320.44 1359198
320.85 1358923
321.39 1357875
321.88 1357410
323.00 1357333
323.01 1356870
323.05 1356747
323.12 1354490
323.42 1354406
323.52 1352988
323.52 1349769
323.61 1349266
323.89 1348695
324.58 1347382
326.53 1345853
326.63 1345017
326.63 1343686
326.72 1340572
326.79 1338503
327.88 1338232
327.92 1336970
327.93 1335877
329.85 1335800
329.86 1335337
329.91 1335214
329.97 1333842
329.99 1332957
330.26 1332873
330.34 1331455
330.35 1328236
330.41 1327733
330.59 1327162
332.64 1325633
332.72 1325100
332.72 1323466
332.80 1320352
332.86 1318283
333.86 1318012
333.89 1316750
335.69 1316137
335.71 1313826
335.85 1312354
336.10 1305910
337.26 1303938
338.45 1302193
338.51 1296939
338.54 1295875
340.19 1291696
341.26 1291083
341.26 1290500
341.29 1286120
341.36 1281868
341.67 1281246
344.06 1279809
344.10 1277489
344.18 1275582
344.48 1273707
345.99 1273654
347.14 1273490
347.16 1270160
347.25 1267245
347.36 1263215
349.33 1262917
349.90 1260504
349.93 1259478
350.24 1258653
350.87 1256508
351.55 1255865
351.61 1254397
352.04 1251757
352.70 1246119
352.79 1245348
352.90 1241318
355.28 1238905
355.31 1237879
355.32 1233604
355.43 1231143
357.93 1229830
357.94 1226343
358.05 1225956
358.65 1223801
358.79 1223583
360.29 1222330
360.56 1221735
360.62 1221485
360.64 1214770
361.29 1212535
363.17 1206063
363.66 1204984
363.75 1204821
365.06 1204450
365.80 1203855
365.84 1201424
365.85 1201314
365.86 1201310
366.00 1196911
368.41 1195170
368.42 1191494
368.48 1188848
369.23 1188323
370.44 1185285
371.05 1181918
371.07 1181630
371.25 1180098
371.73 1178654
373.63 1178621
373.64 1173237
373.70 1170591
374.71 1170273
376.25 1166906
376.27 1166618
376.45 1165086
377.64 1164452
378.85 1164419
378.85 1159035
378.92 1156389
381.47 1155271
381.61 1154331
381.63 1152235
381.89 1150050
383.10 1146460
384.10 1146260
384.11 1142026
384.49 1141948
385.43 1141010
386.12 1138848
386.67 1137929
386.77 1133398
386.78 1133223
386.94 1132208
387.33 1130833
389.29 1130630
389.29 1130557
389.29 1130351
389.31 1129539
389.43 1128330
389.83 1128242
390.35 1127846
390.54 1125416
390.74 1125383
391.04 1125065
391.88 1124146
391.98 1119615
391.99 1119440
392.15 1118425
394.49 1118402
394.52 1118049
394.52 1118006
394.55 1112831
395.22 1106200
397.07 1104791
397.14 1104466
397.31 1103817
397.31 1103250
397.33 1103107
397.47 1103076
397.66 1099898
399.73 1099875
399.76 1099522
399.77 1099479
399.80 1097436
399.90 1095531
400.69 1095247
400.72 1095101
401.37 1093532
401.55 1092837
402.32 1091428
402.40 1091103
402.47 1088276
402.97 1088199
403.70 1087173
404.96 1083722
405.63 1082946
405.77 1081756
406.86 1079220
407.61 1077727
407.62 1076606
407.67 1076470
407.77 1076396
408.21 1074582
408.53 1073143
410.22 1072866
410.24 1071405
410.29 1068721
412.84 1067374
412.93 1065971
413.08 1065628
413.31 1064083
415.06 1063808
415.45 1063470
415.45 1062474
415.48 1059581
415.86 1059538
416.22 1059043
417.56 1058995
418.02 1057648
418.11 1052629
418.80 1051856
420.56 1050522
420.59 1047629
423.13 1042996
423.54 1040890
425.77 1040815
425.81 1040440
425.91 1039279
425.92 1039005
425.94 1038140
426.17 1037303
426.83 1036225
426.93 1035159
427.71 1034883
428.35 1034460
428.40 1032946
428.45 1031768
428.64 1031149
428.69 1030083
429.60 1024969
430.91 1024787
430.95 1023530
431.07 1022024
431.21 1021843
431.90 1020858
432.46 1020169
433.01 1019365
433.57 1018336
433.74 1017877
434.02 1017056
434.29 1016181
434.85 1015652
435.28 1015226
436.04 1014120
436.30 1013896
436.33 1013767
436.37 1011041
437.55 1010006
439.00 1007269
439.19 1004172
440.83 1000768
441.61 1000544
441.62 999529
441.68 998511
442.20 998075
442.41 998030
442.80 997380
443.83 993587
444.25 991770
444.26 991498
444.74 990657
444.77 990423
445.89 989075
446.03 987200
446.93 985961
446.98 984943
447.51 984507
448.10 983812
449.58 983601
449.73 981545
450.06 980067
450.46 979251
450.71 977889
452.24 977673
452.26 975601
452.42 974725
453.62 970867
454.85 970656
454.94 969526
455.02 968600
455.35 967122
455.74 966306
456.32 966072
456.53 965255
457.53 965180
457.69 965014
457.71 964118
457.82 963755
457.86 963736
457.95 963421
458.14 960694
460.07 957956
460.25 956199
461.31 955988
462.40 955448
462.72 955373
462.77 952225
463.11 951205
464.68 950508
465.23 949792
465.39 948602
465.96 948594
466.16 947920
466.49 947676
467.09 947660
467.52 947142
468.00 946986
468.01 945848
468.20 945760
468.74 945244
468.92 943206
470.28 942794
470.51 942266
470.60 942027
470.74 941943
470.77 941690
471.03 941455
471.28 940653
472.17 940274
472.89 939655
472.94 939480
473.11 937252
473.85 935307
475.39 934895
475.73 934362
475.84 934044
475.87 933831
476.05 931745
476.13 931378
477.07 928556
478.02 926025
478.07 925314
479.23 925261
480.60 923819
480.99 922994
482.83 922239
483.13 921668
483.21 918997
485.69 917555
486.26 917091
487.06 916868
487.21 916863
487.43 916444
488.21 915873
488.29 914758
488.63 912436
490.78 910994
491.32 909486
493.34 907725
493.76 903755
496.02 901798
496.15 900910
496.81 900713
498.52 900629
498.53 896470
500.08 896218
501.20 896032
501.24 894908
501.27 893373
503.63 893289
503.64 889130
506.18 889080
506.30 888605
506.34 888191
507.41 887041
508.05 886863
508.16 886717
508.41 882739
508.81 882655
508.87 881488
509.72 881277
510.31 880792
510.57 880770
510.73 879822
511.40 878641
511.41 877183
512.43 876169
513.87 875278
513.94 873439
516.54 870800
519.04 869909
519.22 869854
519.43 869811
520.02 868338
521.60 867672
521.86 866204
521.97 865313
524.13 864422
524.34 863864
524.51 862929
525.76 862481
525.83 861430
526.75 860764
526.91 860307
527.36 859296
527.75 858572
529.27 857681
529.38 857321
529.62 856188
531.81 855522
531.98 855065
532.43 854054
534.36 853163
534.47 852803
534.91 852751
535.57 852557
535.90 851465
536.89 850003
537.17 847048
539.67 846688
539.71 845896
539.77 844883
539.88 844583
542.32 844515
542.36 844257
542.51 842804
543.52 842614
544.76 842254
544.79 841462
545.03 840326
547.36 840258
547.40 840000
547.56 838547
549.74 837937
550.03 836837
551.04 835598
552.05 835564
552.18 835169
552.65 834088
553.01 833970
553.51 833099
554.80 832211
555.21 831588
555.50 831345
556.16 830150
557.30 829755
557.83 829019
558.09 828900
558.10 828556
559.53 828018
560.20 827853
560.25 827521
560.29 826507
560.56 826264
561.33 825443
562.47 825410
562.51 825211
562.91 824312
563.18 824193
563.19 823849
565.30 823684
565.40 822338
565.67 822095
565.85 821506
567.61 821473
567.64 821274
567.95 820464
568.31 820256
569.09 820167
570.52 820002
570.73 818916
570.94 818413
572.92 818380
572.96 818181
573.27 817371
573.63 817163
574.99 816703
575.79 816538
575.98 815452
576.92 815266
578.11 815233
578.31 814665
578.38 814596
578.45 814224
578.81 814016
580.34 813852
580.95 813687
581.05 813193
581.13 812601
582.43 812238
583.22 812205
583.35 812055
583.36 811209
583.55 811196
583.91 810988
585.88 810518
586.02 810373
586.21 809737
588.30 808881
590.99 808411
591.14 808266
591.89 807852
592.35 807761
593.35 806530
596.08 806060
597.04 805689
597.46 805415
597.56 805088
598.66 804905
599.03 804480
599.49 804465