0.00 11098284
0.00 11053569
0.00 10940731
0.02 10933030
0.04 10918909
0.08 10842791
0.10 10810121
0.56 10783967
0.56 10614007
0.57 10597794
0.62 10479243
0.80 10402231
1.12 10401461
1.12 10368667
1.14 10311424
1.14 10203103
1.15 10172167
1.20 10164830
1.29 10139559
1.31 10115799
1.40 10051794
1.67 9996232
1.68 9832929
1.75 9832468
1.75 9813055
1.75 9810743
1.76 9794773
1.77 9776689
1.85 9762727
2.01 9749031
2.23 9745079
2.23 9741337
2.23 9699088
2.23 9521280
2.24 9518373
2.26 9477253
2.27 9403866
2.78 9372481
2.78 9350770
2.79 9177527
2.79 9142550
2.95 9128744
3.04 9090643
3.32 9085526
3.32 8934118
3.35 8906312
3.37 8821123
3.44 8796962
3.82 8790443
3.90 8767290
3.90 8696246
3.91 8688672
3.91 8662790
3.91 8651512
3.91 8571586
4.02 8535000
4.21 8518665
4.35 8495930
4.46 8493288
4.46 8480863
4.46 8345056
4.46 8298827
4.47 8239954
4.48 8238750
4.55 8235274
5.00 8186140
5.01 8103991
5.01 8076823
5.02 8070311
5.02 8027928
5.04 7990912
5.07 7936629
5.55 7934144
5.55 7928554
5.55 7907178
5.56 7896410
5.56 7765741
5.57 7735829
5.68 7706810
5.86 7700862
5.94 7667109
6.09 7665699
6.10 7644155
6.10 7628921
6.10 7532375
6.12 7509194
6.13 7496006
6.14 7489746
6.15 7474781
6.23 7435549
6.23 7383731
6.63 7351632
6.63 7162721
6.68 7147639
6.68 7142438
6.90 7113834
7.20 7024160
7.21 6994762
7.25 6964288
7.29 6897391
7.43 6893903
7.55 6877742
7.74 6874843
7.74 6870263
7.75 6851612
7.76 6800479
7.76 6720606
7.76 6657422
8.09 6645901
8.16 6635224
8.28 6632968
8.28 6585482
8.29 6584972
8.30 6583085
8.31 6460076
8.36 6457268
8.56 6436615
8.80 6389178
8.83 6325059
8.83 6284985
8.87 6195979
8.95 6190569
9.37 6142017
9.37 6133227
9.38 6055826
9.43 6046876
9.45 6040790
9.48 6034122
9.52 6019540
9.57 6013704
9.76 5969823
9.92 5969499
9.92 5836554
9.93 5777538
10.45 5635233
10.73 5634300
10.79 5515863
10.99 5405084
11.00 5372195
11.04 5304901
11.52 5301165
11.52 5293276
11.53 5241128
11.54 5235200
11.55 5227742
11.56 5222900
11.60 5190893
11.66 5125871
12.07 5122348
12.07 5103712
12.08 4982552
12.11 4967420
12.44 4913366
12.61 4910559
12.61 4791692
12.63 4782457
12.72 4750632
13.13 4745384
13.15 4734530
13.16 4727438
13.16 4669974
13.28 4633054
13.30 4630331
13.69 4589086
13.69 4561995
13.80 4510755
14.11 4487966
14.23 4483497
14.23 4430572
14.30 4418265
14.32 4350586
14.77 4325905
14.77 4297847
14.78 4286813
14.87 4286677
14.88 4262163
15.00 4250474
15.28 4241929
15.32 4229583
15.33 4225768
15.34 4184535
15.36 4170997
15.42 4161327
15.68 4147476
15.87 4117817
15.91 4047861
16.41 4046544
16.41 4022178
16.41 3932003
16.44 3930550
16.52 3917259
16.95 3885127
16.95 3884657
16.96 3847809
16.98 3806346
16.99 3804459
17.34 3732560
17.52 3710144
17.52 3705187
17.53 3668185
17.53 3663458
17.60 3658826
17.67 3629359
17.75 3619828
17.95 3601651
18.06 3601334
18.06 3598643
18.07 3583700
18.08 3582845
18.08 3504472
18.18 3485793
18.60 3485391
18.61 3427471
18.64 3408035
18.73 3400985
18.86 3388614
19.01 3382592
19.14 3380332
19.14 3356066
19.16 3350882
19.20 3341197
19.29 3328668
19.37 3306023
19.69 3293846
19.70 3256510
19.78 3250204
19.92 3236040
20.09 3227242
20.22 3146108
20.49 3127130
20.62 3119606
20.77 3071291
20.86 3063787
20.89 3019494
21.30 3017215
21.31 3011527
21.32 2997958
21.36 2970300
21.53 2970146
21.56 2950190
21.85 2933331
21.87 2929574
21.91 2918480
21.93 2896999
22.36 2894697
22.38 2886570
22.40 2848142
22.43 2829620
22.94 2800930
22.98 2771298
23.10 2765686
23.48 2718137
23.49 2714666
23.53 2702445
24.03 2686332
24.09 2636194
24.57 2635688
24.57 2628494
24.59 2626568
24.63 2622004
24.66 2618503
24.70 2611205
24.75 2576055
25.10 2524346
25.47 2511215
25.65 2486150
25.67 2473510
25.86 2466322
26.19 2465890
26.20 2443725
26.21 2437850
26.24 2430830
26.38 2419795
26.73 2418210
26.74 2416638
26.74 2399631
26.81 2394019
26.83 2371225
27.29 2366573
27.31 2362925
27.46 2361656
27.47 2355133
27.50 2344364
27.76 2340969
27.84 2324895
27.84 2320322
27.86 2308664
28.00 2287190
28.39 2281319
28.40 2273537
28.54 2262436
28.55 2262384
28.77 2262125
28.93 2259012
28.94 2251208
28.99 2219714
29.49 2194391
29.58 2191024
29.74 2188072
29.96 2160921
30.01 2151127
30.09 2128502
30.10 2121394
30.56 2106477
30.63 2105793
30.69 2097981
30.73 2088585
30.79 2076676
31.10 2067868
31.17 2058325
31.22 2042530
31.63 2040550
31.66 2038061
31.69 2022402
31.78 2013840
32.18 2013393
32.20 2011765
32.26 2009267
32.36 2006255
32.41 2002280
32.43 1993712
32.45 1992304
32.48 1986979
32.61 1984080
32.72 1977795
32.76 1977615
32.78 1977205
32.82 1973226
32.85 1935584
33.13 1934447
33.26 1919818
33.37 1915760
33.77 1886088
33.80 1872484
33.90 1858489
34.34 1833166
34.91 1809695
35.02 1808013
35.41 1804421
35.48 1799771
35.61 1795738
35.97 1793567
35.99 1792327
35.99 1787496
36.04 1780532
36.18 1773030
36.49 1772181
36.50 1771856
36.52 1769790
36.59 1762482
36.62 1741079
37.03 1741063
37.07 1740939
37.13 1740486
37.13 1723225
37.46 1720325
37.59 1713083
37.69 1706596
37.75 1704981
38.15 1703391
38.15 1699723
38.23 1697739
38.29 1688457
38.67 1687283
38.68 1684074
38.73 1681215
38.94 1680387
39.09 1679568
39.21 1679525
39.25 1669009
39.60 1653735
39.77 1650873
39.80 1649774
39.81 1645665
39.98 1643187
40.32 1635186
40.71 1635105
40.78 1610378
40.85 1606812
40.98 1605574
40.99 1604273
41.03 1603930
41.20 1602308
41.25 1590921
41.44 1589277
41.45 1583336
41.60 1580362
41.81 1540774
41.94 1539980
41.98 1537182
42.04 1536998
42.04 1532692
42.49 1531457
42.49 1531255
42.52 1529679
42.52 1522133
43.06 1515744
43.24 1504279
43.58 1503031
43.59 1499836
43.60 1497890
43.73 1497736
43.81 1488475
43.84 1483969
44.12 1483107
44.20 1479396
44.34 1479200
44.70 1477965
44.73 1475971
44.83 1470769
45.05 1466939
45.23 1464671
45.25 1462587
45.39 1462135
45.40 1460550
45.42 1457197
45.76 1455308
45.78 1455223
45.80 1450846
46.07 1450800
46.08 1449955
46.11 1449421
46.23 1448690
46.29 1446553
46.38 1446144
46.53 1445891
46.65 1441921
46.87 1440341
46.89 1435378
47.29 1434679
47.39 1432887
47.45 1432328
47.52 1430718
47.70 1428394
47.72 1428328
47.95 1424561
47.98 1422558
48.03 1417160
48.49 1414147
48.57 1410875
49.10 1409997
49.12 1409146
49.35 1405981
49.35 1405036
49.61 1404720
49.63 1400500
50.13 1398490
50.19 1393596
50.57 1391947
50.77 1391835
50.77 1390183
50.96 1384171
51.32 1383795
51.42 1380123
51.92 1379880
52.07 1377318
52.36 1376356
52.55 1370586
52.60 1370504
53.06 1364734
53.64 1363551
53.78 1361185
54.28 1361174
54.31 1358461
54.52 1351352
54.77 1346341
55.29 1345965
55.45 1343420
55.49 1342982
55.86 1341477
56.08 1341438
56.16 1340144
56.45 1339532
56.79 1335925
56.91 1334444
57.17 1334420
57.40 1331031
57.45 1330889
57.49 1329526
57.53 1328091
58.17 1328013
58.22 1326908
58.53 1326214
58.67 1323882
59.05 1323490
59.17 1321825
59.97 1319020