0.00 10552903
0.00 10544554
0.01 10454901
0.03 10369376
0.04 10344477
0.04 10341212
0.07 10178145
0.74 10177248
0.74 10159830
0.74 10020647
0.75 9940347
0.77 9909967
0.78 9878335
0.93 9854295
1.39 9814446
1.44 9784271
1.45 9760076
1.45 9696915
1.48 9560832
1.55 9550769
1.61 9546268
1.66 9525737
1.76 9492265
1.81 9455759
2.13 9452916
2.13 9452841
2.13 9434921
2.14 9210461
2.21 9208296
2.24 9201180
2.39 9192082
2.42 9159511
2.85 9146568
2.85 9060305
2.85 9010205
2.85 8938447
2.88 8937544
2.94 8930082
3.01 8918664
3.18 8908058
3.24 8895834
3.48 8872781
3.53 8713344
3.54 8618202
3.65 8561825
4.28 8556412
4.30 8538570
4.30 8311114
4.44 8301907
4.45 8277881
4.55 8268078
5.05 8213908
5.05 8193616
5.05 8110340
5.06 8065492
5.10 8013884
5.83 7981739
5.83 7971575
5.87 7951964
5.87 7850339
5.89 7768778
6.53 7557056
7.13 7535064
7.27 7523938
7.27 7496079
7.28 7409054
7.29 7353105
7.48 7278516
7.52 7253839
7.93 7240105
7.93 7163908
7.93 7134387
7.97 7077039
8.02 7054106
8.06 6997291
8.56 6955407
8.56 6951586
8.56 6928693
8.58 6926821
8.59 6840985
8.64 6798138
8.76 6778193
9.06 6742712
9.21 6739114
9.21 6732883
9.22 6732235
9.22 6678801
9.23 6633909
9.25 6596960
9.36 6576699
9.47 6556075
9.99 6543559
10.05 6345991
10.23 6336832
10.82 6334008
10.82 6318101
10.83 6306816
10.84 6297782
10.85 6283380
10.86 6267578
10.90 6261815
10.93 6232680
10.93 6177451
10.94 6159969
10.98 6151156
11.43 6149967
11.44 6098135
11.44 6072120
11.45 6005404
11.53 5994323
11.57 5983571
11.66 5979594
11.98 5877138
11.99 5770492
12.37 5767958
12.53 5652069
12.56 5591158
12.86 5585533
13.09 5573820
13.18 5553478
13.19 5542297
13.19 5495231
13.21 5438870
13.27 5435862
13.35 5418362
13.38 5354722
13.57 5335414
13.78 5329662
13.79 5274903
13.80 5257046
13.85 5137728
14.34 5135680
14.35 5094291
14.35 5034020
14.50 5019511
14.52 4941483
14.91 4937786
14.91 4936921
14.92 4841532
15.04 4798134
15.47 4773543
15.47 4755711
15.48 4746868
15.53 4709744
15.69 4579036
16.02 4556840
16.02 4549499
16.03 4524492
16.04 4519137
16.04 4513625
16.08 4481533
16.38 4480948
16.46 4478417
16.67 4427380
16.70 4356591
16.98 4353603
17.36 4353529
17.36 4348602
17.36 4301764
17.37 4283300
17.48 4223446
18.01 4121130
18.62 4120684
18.74 4090631
18.75 4031068
18.80 4016057
19.04 4005812
19.06 4002950
19.23 3961578
19.41 3895227
19.44 3889271
19.54 3876631
19.67 3863490
20.10 3856323
20.11 3851644
20.14 3845606
20.16 3841898
20.20 3823277
20.22 3801493
20.33 3767113
20.48 3754498
20.74 3753688
20.75 3751384
20.77 3750217
20.78 3748820
20.79 3747564
20.79 3709176
20.85 3700532
20.85 3673177
21.23 3655136
21.36 3648355
21.38 3577423
21.81 3555185
22.01 3554683
22.01 3532426
22.03 3518043
22.06 3512556
22.16 3499451
22.20 3495286
22.28 3489340
22.37 3448032
22.68 3438708
22.69 3430630
22.71 3424120
22.72 3345504
23.26 3298764
23.26 3283522
23.35 3266720
23.63 3235971
23.78 3180606
23.89 3175428
23.94 3161509
24.33 3160619
24.34 3159043
24.35 3158753
24.36 3153463
24.36 3147955
24.38 3119002
24.60 3090494
24.86 3076650
24.86 3071550
24.88 3056294
24.91 3034567
25.00 2999193
25.39 2986098
25.40 2966354
25.42 2949208
25.42 2927489
25.46 2903842
25.93 2878019
26.00 2853857
26.05 2842284
26.16 2832827
26.47 2832488
26.47 2832003
26.47 2783610
26.60 2771269
27.00 2771065
27.01 2770251
27.03 2767410
27.08 2755508
27.12 2748248
27.14 2737635
27.50 2736766
27.51 2735467
27.54 2734671
27.54 2733013
27.54 2730727
27.56 2701047
27.57 2677625
28.07 2666596
28.09 2655841
28.12 2635542
28.33 2621055
28.63 2618973
28.63 2583440
29.16 2579773
29.17 2575163
29.17 2554769
29.28 2549119
29.46 2544786
29.57 2515844
29.69 2490021
29.78 2444894
30.22 2427676
30.26 2421761
30.42 2419071
30.51 2414913
30.78 2405642
30.83 2401744
30.88 2380425
30.93 2378275
31.32 2374242
31.36 2346642
31.88 2346265
31.89 2342226
31.90 2329008
31.95 2321030
32.01 2319946
32.14 2306729
32.39 2305978
32.39 2303537
32.41 2300061
32.43 2296347
32.47 2295549
32.56 2289095
32.60 2277108
32.95 2272611
32.96 2267826
33.06 2259474
33.13 2242787
33.47 2242031
33.49 2236945
33.56 2233505
33.57 2218324
33.99 2173735
34.56 2151899
34.76 2148990
35.07 2123648
35.60 2112379
35.61 2110652
35.98 2105820
36.13 2105761
36.14 2082799
36.17 2082097
36.68 2081540
36.69 2068642
36.77 2059076
36.96 2039392
37.24 2037755
37.26 2024317
37.48 2017135
37.80 2013648
37.91 2001690
38.09 1935867
38.34 1933608
38.38 1930025
38.39 1924248
38.80 1923556
38.87 1919993
38.90 1919842
38.90 1910387
38.99 1908463
39.16 1903808
39.39 1903791
39.42 1902986
39.43 1887151
39.97 1885271
40.01 1879839
40.06 1875532
40.50 1874655
40.50 1868619
40.52 1864718
40.62 1855784
41.01 1841029
41.10 1839794
41.12 1838567
41.14 1836937
41.23 1835247
41.29 1821281
41.62 1817422
41.64 1814368
41.68 1810467
41.93 1808880
42.12 1797042
42.36 1793263
42.52 1772366
42.65 1761584
42.77 1760528
43.07 1752982
43.20 1749922
43.25 1748935
43.27 1743257
43.32 1740732
43.33 1724449
43.75 1722923
43.77 1721601
43.79 1713667
43.93 1713629
44.29 1711812
44.36 1711383
44.38 1708998
44.41 1698012
44.82 1692230
44.88 1690651
44.99 1683931
45.29 1683115
45.34 1676602
45.52 1673390
45.94 1673278
45.94 1666078
46.02 1664022
46.23 1661140
46.46 1648750
46.98 1647945
46.99 1647596
47.01 1647236
47.02 1646962
47.03 1641676
47.10 1639690
47.39 1636674
47.53 1633007
47.59 1629111
48.07 1627279
48.14 1625007
48.17 1623450
48.17 1620839
48.37 1617161
48.57 1615512
48.58 1615304
48.62 1615177
48.63 1614908
48.65 1613755
48.71 1613747
48.72 1612943
48.77 1611121
48.91 1610248
49.10 1610079
49.10 1606030
49.15 1603735
49.19 1603174
49.34 1598177
49.64 1595564
49.66 1594920
49.74 1594130
50.02 1592137
50.17 1590055
50.30 1587919
50.71 1587434
50.73 1586382
50.85 1584086
50.96 1582361
51.01 1574300
51.28 1573761
51.28 1571635
51.31 1568518
51.82 1567562
51.88 1567540
51.89 1562005
52.04 1559150
52.38 1555927
52.69 1552637
52.99 1549043
53.47 1547391
53.51 1546517
53.54 1545629
53.71 1545210
53.73 1544368
53.99 1541431
54.01 1537056
54.27 1531693
54.56 1531400
54.58 1523173
55.08 1522195
55.08 1520679
55.14 1519280
55.52 1518953
55.67 1517975
55.70 1517847
55.71 1517704
55.82 1517301
55.88 1516304
56.12 1515060
56.24 1513523
56.30 1500258
56.79 1498600
56.81 1492666
57.41 1492211
57.47 1488858
57.47 1486377
57.96 1485571
58.04 1485337
58.29 1485128
58.40 1484129
58.48 1479303
58.55 1478739
58.76 1477515
58.93 1473642
59.08 1449805
59.66 1446399
60.22 1444159
60.69 1443905
60.77 1443778
60.84 1440046
61.35 1439496
61.35 1438771
61.37 1438258
61.91 1437958
61.92 1427352
62.48 1427276
62.62 1426926
62.67 1425006
62.73 1415974
63.04 1415858
63.05 1415548
63.17 1413917
63.66 1413711
63.76 1412602
63.76 1409976
63.82 1399058
68.82 1393601
69.43 1391255
69.50 1384070
70.61 1383531
70.86 1382256
70.95 1379469
71.13 1377809
71.56 1375722
71.73 1374701
72.46 1371220
77.80 1367664
78.25 1363723
78.95 1363517
79.00 1362364
79.71 1361538
80.09 1361468
80.60 1360929
81.39 1360376
82.22 1359970
110.82 1355915
111.21 1352677
111.91 1342178
112.68 1342033
112.87 1339226
113.80 1338421
114.01 1338145
114.08 1336179
114.79 1322822
115.51 1322349
115.76 1322017
116.19 1321547
116.34 1321039
116.47 1319344
116.51 1316067
117.11 1304916
117.77 1304226
118.03 1304031
118.30 1302570
118.34 1302474
118.39 1301484
118.58 1301150
118.92 1299207
119.20 1297848
119.57 1296861
119.65 1293266
120.18 1292460
120.21 1291978
120.59 1291506
121.72 1291269
121.74 1290911
122.42 1288907
122.70 1288715
122.74 1288482
123.30 1288019
123.35 1287974
123.45 1287548
123.66 1286612
124.21 1286430
124.32 1286405
124.87 1286303
125.04 1286123
125.56 1285517
125.59 1285325
125.81 1284789
147.14 1284341
147.45 1282077
148.16 1280598
148.67 1279241
148.85 1278435
149.93 1277586
150.03 1277405
150.15 1276136
151.13 1275597
152.22 1275376