0.00 11094060
0.00 11008185
0.01 10905661
0.02 10885076
0.04 10859862
0.23 10788175
0.64 10709765
0.64 10696977
0.64 10586800
0.69 10561144
0.71 10554477
0.72 10537325
0.73 10534238
0.75 10502746
0.86 10469753
1.28 10292077
1.29 10291930
1.29 10266490
1.36 10264514
1.37 10229586
1.39 10223355
1.45 10070026
1.96 10069819
1.96 10066838
1.96 10054661
1.96 10054400
1.96 10034822
1.97 9981700
1.98 9906585
1.98 9832197
2.04 9819178
2.06 9816587
2.20 9797914
2.41 9751252
2.63 9696211
2.63 9661765
2.66 9525193
2.66 9446709
2.86 9431280
3.30 9314393
3.30 9180432
3.32 9176698
3.46 9138291
3.50 9110802
3.90 9104002
3.94 8994283
3.94 8990071
3.95 8942820
3.96 8813988
4.34 8811313
4.58 8666795
4.61 8650383
4.62 8644763
4.63 8595469
4.89 8586203
5.01 8582675
5.10 8563165
5.22 8561701
5.23 8490238
5.23 8347318
5.27 8337698
5.44 8295671
5.59 8286185
5.89 8246967
5.90 8238490
5.92 8121193
5.93 8074728
6.04 8064540
6.14 8036928
6.31 8033077
6.44 8021144
6.56 8016967
6.56 7837291
6.56 7831089
6.60 7824587
6.78 7767535
7.18 7748707
7.18 7660151
7.18 7605030
7.19 7602543
7.21 7573036
7.25 7561333
7.33 7532726
7.44 7514298
7.80 7472734
7.80 7417079
7.82 7409252
7.82 7391104
7.86 7372499
7.89 7368710
7.91 7364410
7.93 7293196
7.98 7266480
8.15 7246804
8.45 7242076
8.46 7196397
8.46 7065387
8.47 7028974
8.83 7017303
9.11 6972411
9.13 6923450
9.19 6880006
9.22 6855829
9.25 6813000
9.26 6795413
9.73 6718817
9.74 6711994
9.74 6635399
9.92 6590174
10.13 6589211
10.39 6569467
10.42 6537756
10.42 6522738
10.45 6517753
10.46 6401498
10.53 6387472
10.75 6378681
11.09 6350419
11.09 6297567
11.11 6294679
11.11 6245159
11.13 6240189
11.37 6210853
11.62 6188795
11.66 6174210
11.78 6171531
11.78 6102036
11.80 6093776
11.80 6064491
11.81 6029376
11.86 6001720
12.02 5984324
12.06 5981658
12.42 5874274
12.50 5733840
13.06 5666996
13.17 5664946
13.18 5647765
13.20 5639751
13.37 5639683
13.53 5586656
13.75 5569952
13.75 5492517
13.82 5438536
13.91 5392157
14.43 5349335
14.44 5329205
14.48 5265381
14.58 5251140
15.10 5223701
15.10 5220091
15.10 5180379
15.13 5154355
15.36 5138615
15.49 5137205
15.62 5106622
15.73 5098485
15.74 5052217
15.76 4967102
15.80 4958502
16.22 4935911
16.42 4818151
16.49 4817785
17.07 4804723
17.07 4755093
17.12 4675986
17.74 4625956
17.76 4604099
17.78 4562175
17.92 4553229
18.09 4469008
18.40 4461288
18.42 4451488
18.43 4403974
18.48 4355197
19.01 4323169
19.02 4308319
19.05 4284994
19.06 4276624
19.07 4256957
19.13 4240121
19.20 4233490
19.23 4162480
19.67 4161454
19.67 4152529
19.69 4130930
19.71 4110639
19.81 4086472
19.81 4017646
20.28 3908123
20.83 3904135
20.88 3892686
20.89 3891326
20.90 3875280
20.95 3819213
21.52 3818934
21.52 3785217
21.64 3781821
21.69 3736450
22.07 3724408
22.14 3695970
22.19 3665167
22.24 3644269
22.27 3621641
22.77 3606518
22.77 3592101
22.78 3530573
23.35 3514842
23.44 3491171
23.45 3485882
23.45 3459528
23.47 3451228
23.49 3437021
23.86 3435518
23.88 3414447
24.07 3409630
24.08 3399740
24.11 3398823
24.13 3363906
24.19 3362499
24.20 3350153
24.21 3331396
24.32 3327779
24.68 3324631
24.70 3307191
24.70 3281533
24.89 3277631
25.18 3260027
25.30 3234640
25.30 3231569
25.37 3228326
25.38 3221343
25.52 3212662
25.52 3204853
25.75 3203462
25.83 3187946
25.93 3165556
25.94 3156675
26.04 3153572
26.11 3148211
26.20 3145186
26.26 3142852
26.50 3141700
26.59 3139076
26.61 3130344
26.65 3128368
26.67 3120237
26.68 3102354
26.80 3092119
26.85 3083396
26.92 3062373
27.24 3061964
27.25 3055236
27.25 3028439
27.37 3009901
27.72 3004069
27.79 2981259
27.88 2978892
27.88 2959796
27.93 2946769
27.97 2905392
28.54 2904983
28.55 2903495
28.57 2903012
28.57 2901642
28.59 2848827
29.17 2847026
29.19 2846948
29.19 2846211
29.20 2815964
29.30 2810666
29.31 2804459
29.39 2803932
29.53 2791559
29.78 2783412
29.80 2779489
29.81 2768701
29.82 2766338
29.84 2764158
29.85 2759741
29.85 2757109
29.91 2736047
29.98 2734800
30.11 2730268
30.36 2719118
30.43 2718483
30.44 2693731
30.45 2677155
30.48 2675543
30.63 2671753
31.06 2644161
31.10 2615188
31.70 2571671
32.32 2539976
32.33 2533936
32.34 2502242
32.74 2472232
32.89 2471580
32.92 2468889
32.93 2465967
32.94 2462794
32.97 2439788
33.02 2424236
33.51 2416739
33.58 2416003
33.72 2415356
33.76 2378318
34.13 2371296
34.14 2349337
34.37 2347080
34.40 2325337
34.74 2292461
34.96 2286998
35.00 2279840
35.36 2279693
35.37 2277975
35.39 2270199
35.39 2251796
35.53 2249049
35.78 2218349
35.98 2214661
35.98 2211771
36.06 2177243
36.32 2172586
36.49 2169737
36.64 2168142
36.65 2135296
36.91 2135103
37.26 2110297
37.55 2100729
37.92 2095190
37.92 2092687
37.95 2073139
38.25 2072971
38.32 2059623
38.49 2054658
38.50 2053381
38.50 2032504
38.76 2024536
39.13 2024493
39.13 2010062
39.15 2007331
39.19 1969511
39.71 1962475
39.80 1947260
39.83 1935070
40.37 1934165
40.37 1930319
40.37 1929118
40.45 1928878
40.49 1905310
40.95 1896652
41.02 1882048
41.47 1881639
41.58 1875880
41.58 1861923
41.68 1855336
42.17 1854417
42.19 1852789
42.24 1852663
42.27 1845466
42.28 1840706
42.65 1826792
42.72 1816935
43.06 1816175
43.29 1814779
43.38 1795212
43.41 1769016
44.00 1767598
44.01 1764556
44.06 1759146
44.52 1749449
44.55 1740388
44.58 1739579
44.66 1728015
45.15 1721172
45.16 1720993
45.17 1710474
45.65 1707161
45.79 1706500
45.81 1704509
45.83 1704490
45.86 1702405
45.89 1701027
45.94 1700419
46.10 1698100
46.27 1687072
46.40 1682632
46.43 1669281
46.66 1666513
47.04 1664786
47.04 1662073
47.09 1657422
47.37 1627696
47.69 1626177
47.72 1624943
47.75 1621026
47.75 1610491
48.31 1604808
48.40 1595130
48.95 1579621
49.45 1577397
49.58 1574446
49.58 1573790
49.64 1568230
49.67 1567381
50.11 1549639
50.25 1549576
50.28 1545595
50.46 1542212
50.50 1539223
50.86 1532855
51.19 1526144
51.49 1526104
51.50 1525935
51.51 1524581
51.53 1524048
51.55 1522456
51.61 1521666
51.65 1520061
51.68 1514809
52.03 1502461
52.19 1501241
52.20 1498197
52.38 1494309
52.63 1477713
52.77 1477181
52.79 1476012
52.80 1474348
52.88 1468216
52.99 1466007
53.37 1463664
53.41 1456722
53.86 1456234
53.93 1454234
53.99 1454194
54.01 1450550
54.05 1450418
54.42 1427831
54.62 1427538
54.65 1426413
54.68 1426329
54.70 1420669
54.90 1419589
54.93 1399260
55.23 1396329
55.29 1396223
55.46 1391763
55.92 1387934
56.50 1383591
56.52 1382305
56.80 1382294
57.18 1382187
57.25 1374541
57.31 1374166
57.90 1372200
58.03 1368354
58.61 1366459
58.64 1366388
58.64 1361780
59.22 1358961
59.54 1353628
59.84 1344314
60.52 1341655
60.58 1341634
61.17 1340512
61.19 1340275
61.24 1338489
61.39 1337832
61.40 1337759
61.49 1337693
61.74 1332759
61.93 1330079
62.14 1329075
62.56 1328913
62.60 1327052
62.63 1326038
62.79 1324508
63.36 1323890
63.38 1323478
63.40 1322613
63.56 1322280
63.92 1320314
64.03 1319490
64.31 1319461
64.42 1318534
64.71 1315239
65.13 1314312
65.19 1314089
65.55 1313164
65.64 1312313
65.81 1312038
66.11 1310374
66.31 1308830
66.40 1308126
66.48 1307691
66.92 1307366
66.94 1306565
67.16 1306253
67.17 1306189
67.42 1305594
67.52 1302508
68.09 1302275
68.20 1301795
68.43 1301478
68.72 1300584
68.85 1299696
68.97 1299554
69.75 1299399
69.86 1297588
81.50 1293511
81.93 1292184
82.24 1292160
82.37 1288946
82.47 1281977
82.92 1281089
83.10 1280319
83.42 1279026
83.76 1278919
83.98 1277983
84.01 1277848
84.06 1274259
84.76 1263909
85.49 1262743
85.69 1260893
86.21 1258645
86.92 1258473
87.10 1257704
87.75 1256223
88.98 1255440
89.47 1253921
89.52 1252353
90.29 1250552
91.65 1250397
91.66 1248408
92.06 1248405
92.16 1248281
92.71 1248126
93.07 1247238
94.10 1246432
94.83 1246117
109.23 1243206
110.19 1242846
110.53 1242437
110.92 1241797
111.34 1241259
112.04 1241022
112.11 1240408
112.19 1237961
112.57 1231489
113.74 1230601
114.29 1229775
114.41 1229750
115.08 1228924
116.09 1226635
117.21 1225829
118.43 1225379