0.00 5240871
0.00 5228070
0.00 5223130
0.00 5015928
0.00 4962857
0.00 4656392
0.03 4644788
0.03 4626391
0.03 4376155
0.03 4115325
0.05 4046110
0.06 3710913
0.06 3552909
0.08 3550258
0.09 3500666
0.09 3487154
0.09 3198456
0.11 3057057
0.11 2840683
0.14 2818300
0.14 2663670
0.14 2636954
0.16 2552009
0.17 2494816
0.18 2459007
0.19 2452019
0.19 2374062
0.20 2343092
0.21 2298859
0.22 2219695
0.25 2175462
0.27 2165046
0.27 2161353
0.27 2146526
0.31 2136110
0.33 2113234
0.35 2101481
0.36 2099930
0.38 2023779