0.00 4374078
0.01 4371680
0.03 4285620
0.03 4263347
0.03 4198527
0.03 4157776
0.03 4153568
0.03 4017696
0.03 3952591
0.05 3742774
0.05 3715829
0.06 3598607
0.08 3377821
0.08 3309800
0.10 3146709
0.11 3143189
0.11 3140183
0.11 3075102
0.13 2956640
0.14 2931864
0.15 2893480
0.15 2794633
0.16 2776281
0.17 2774535
0.18 2768642
0.18 2738086
0.18 2714761
0.18 2687958
0.19 2680811
0.19 2651907
0.19 2621989
0.20 2608643
0.20 2567553
0.21 2533666
0.21 2484758
0.22 2412169
0.23 2398823
0.23 2373974
0.23 2323846
0.25 2303921
0.25 2264195
0.27 2244270
0.31 2224599
0.32 2221353
0.32 2213785
0.36 2203369
0.38 2190375
0.41 2156490
0.43 2108175
0.49 2085299
0.67 2031423
1.03 2023779
58.35 2016322
83.67 2003763