0.00 3863856
0.00 3820589
0.00 3561037
0.02 3551885
0.03 3381308
0.03 3364931
0.04 3348743
0.04 3271566
0.06 3122133
0.06 3096174
0.06 3041554
0.08 2871937
0.09 2825065
0.11 2801807
0.11 2782266
0.11 2675632
0.13 2671890
0.13 2654263
0.14 2552518
0.14 2506015
0.15 2500240
0.16 2490724
0.16 2478054
0.16 2377126
0.16 2316031
0.18 2314820
0.19 2290391
0.19 2289237
0.20 2192917
0.21 2166123
0.23 2146237
0.24 2142495
0.24 2133654
0.24 2127839
0.25 2104689
0.26 2094295
0.29 2050062
0.46 2045364
0.74 2044566
0.76 2031423
2.67 2030052
2.70 2003763