0.00 4402074
0.00 4379124
0.00 4286058
0.00 4129395
0.01 4083695
0.01 3960791
0.03 3793626
0.05 3758934
0.05 3729886
0.06 3655564
0.06 3588106
0.06 3566595
0.08 3333053
0.11 3292092
0.11 3253258
0.11 3229277
0.11 3127533
0.11 3120985
0.13 3117415
0.14 3106022
0.16 3083091
0.16 3065061
0.16 3022519
0.16 3002246
0.16 2893954
0.18 2885963
0.21 2719388
0.22 2697088
0.27 2606683
0.31 2503462
0.31 2475864
0.32 2451453
0.33 2393731
0.36 2349392
0.37 2333545
0.37 2303326
0.37 2288037
0.42 2285260
0.42 2227851
0.43 2197632
0.46 2182576
0.46 2181393
0.47 2178982
0.48 2175586
0.49 2159086
0.49 2145623
0.51 2143833
0.51 2120202
0.52 2119350
0.56 2117965
0.57 2108782
0.58 2098040
0.60 2092544
0.62 2072619
0.69 2070829
0.71 2056380
0.72 2054590
0.89 2003763