0.00 5088188
0.00 5023254
0.00 4952786
0.00 4920121
0.00 4578366
0.01 4543707
0.01 4537245
0.03 4502065
0.05 4309160
0.05 4178487
0.05 4108210
0.05 4024735
0.05 3990272
0.09 3956854
0.10 3909025
0.10 3692124
0.10 3488530
0.15 3471601
0.15 3469355
0.15 3438816
0.15 3363650
0.16 3219026
0.19 3207184
0.20 3158896
0.20 3032647
0.20 2942454
0.20 2941512
0.25 2934560
0.25 2925273
0.25 2766975
0.26 2748744
0.29 2724994
0.30 2680907
0.32 2629524
0.32 2607844
0.33 2597482
0.35 2590733
0.35 2585776
0.35 2480332
0.37 2453178
0.37 2404714
0.40 2260410
0.45 2164940
0.50 2113937
0.53 2074535
0.55 2066301
0.56 2064848
0.57 2061392
0.57 2058296
0.61 2048609
0.63 2045153
0.67 2042058
2.02 2031423
41.35 2023779