0.00 4718840
0.00 4689491
0.01 4652642
0.03 4528552
0.03 4411370
0.03 4344493
0.03 4315849
0.03 4191804
0.05 4015613
0.05 4013820
0.05 3912108
0.06 3792544
0.08 3737963
0.08 3480941
0.08 3350542
0.10 3278980
0.10 3264891
0.10 3144675
0.11 3068782
0.13 3051652
0.13 3037086
0.13 3009240
0.13 2958801
0.13 2924484
0.14 2898020
0.14 2890423
0.16 2747362
0.18 2746125
0.18 2732798
0.18 2699047
0.18 2551612
0.21 2504672
0.21 2492070
0.21 2461207
0.24 2439591
0.24 2414267
0.24 2338093
0.26 2261345
0.28 2212977
0.29 2200489
0.29 2150692
0.31 2146950
0.31 2136751
0.32 2125271
0.32 2119061
0.34 2115319
0.34 2093640
0.34 2074828
0.37 2062340
0.38 2049407
0.41 2045153
0.43 2042058
0.84 2034414
1.56 2003763