0.00 3814762
0.01 3742347
0.03 3600326
0.04 3466648
0.04 3352851
0.06 3334380
0.06 3246311
0.06 3141694
0.08 3096244
0.09 2994793
0.09 2802025
0.09 2733722
0.12 2714051
0.12 2710349
0.12 2703847
0.12 2592863
0.13 2540954
0.14 2463406
0.15 2400095
0.16 2383616
0.17 2370220
0.17 2333358
0.17 2322547
0.19 2321336
0.19 2302876
0.20 2292430
0.22 2277076
0.22 2272759
0.23 2268095
0.24 2262555
0.24 2254236
0.25 2250067
0.26 2243039
0.27 2112385
0.27 2099897
0.28 2097031
0.29 2092869
0.29 2088848
0.31 2069332
0.33 2049407
0.35 2045153
0.37 2042058
4.68 2034414
28.10 2023779
30.02 2020002
30.04 2003763