0.00 4576944
0.00 4425009
0.00 4142614
0.01 4027920
0.03 4017129
0.03 3986546
0.03 3982212
0.03 3961682
0.03 3600207
0.06 3589416
0.06 3534619
0.06 3128528
0.08 3091365
0.08 3074279
0.09 2917433
0.11 2874375
0.11 2831260
0.11 2815586
0.11 2736821
0.13 2729216
0.13 2627090
0.14 2597502
0.16 2487771
0.17 2441919
0.19 2332188
0.22 2324583
0.22 2294955
0.23 2289389
0.24 2252156
0.25 2166275
0.27 2150036
0.28 2129042
0.29 2102769
0.29 2101384
0.31 2085145
0.31 2078222
0.35 2058297
0.37 2042058
0.68 2024508
0.71 2003763