0.00 4773201
0.00 4491347
0.01 4435327
0.01 4159346
0.05 4107257
0.05 4058986
0.05 4021284
0.06 3957420
0.06 3948170
0.06 3931719
0.08 3814656
0.09 3809207
0.09 3732987
0.10 3728266
0.10 3670839
0.10 3507404
0.11 3472116
0.12 3368695
0.16 3230633
0.16 3225638
0.18 3153689
0.19 3090858
0.21 3088921
0.21 3069095
0.21 2884909
0.24 2863231
0.26 2861856
0.26 2855818
0.26 2777030
0.26 2734326
0.27 2664607
0.31 2611498
0.31 2610631
0.32 2530301
0.36 2521118
0.36 2444100
0.37 2409218
0.41 2323554
0.44 2323017
0.46 2268542
0.49 2199903
0.52 2192300
0.52 2145428
0.52 2126478
0.54 2114239
0.57 2100682
0.60 2040814
0.62 2003763