0.00 2801028
0.00 2675552
0.06 2612979
0.09 2537106
0.10 2513939
0.11 2457623
0.19 2457143
0.19 2452340
0.19 2412238
0.19 2392028
0.20 2386890
0.22 2379175
0.22 2358583
0.25 2342286
0.27 2339598
0.28 2317794
0.29 2306805
0.29 2222806
0.29 2222018
0.31 2218754
0.35 2166839
0.38 2116721
0.38 2048129
0.47 2046505
0.48 2033193
0.48 2029890
0.48 2028475
0.48 2014293
0.48 1964133
0.50 1952353
0.51 1943233
0.57 1941897
0.57 1911252
0.57 1881915
0.59 1851189
0.67 1819208
0.67 1777479
0.71 1776588
0.73 1776385
0.75 1767193
0.77 1735212
0.77 1718626
0.80 1713854
0.81 1704469
0.82 1698005
0.84 1692389
0.86 1685433
0.86 1636995
0.88 1631071
0.95 1619903
0.95 1599774
0.95 1561883
1.04 1548978
1.04 1548184
1.04 1517698
1.04 1516317
1.05 1506489
1.13 1506263
1.13 1491893
1.13 1483873
1.13 1462304
1.22 1460370
1.22 1459127
1.22 1439961
1.22 1432103
1.23 1427700
1.24 1426383
1.29 1391571
1.31 1352940
1.35 1349622
1.41 1338696
1.41 1323119
1.42 1298616
1.48 1289720
1.50 1277423
1.53 1277323
1.54 1252187
1.60 1245075
1.60 1243594
1.60 1242171
1.61 1236846
1.61 1226240
1.64 1213556
1.68 1211380
1.69 1208769
1.70 1200651
1.74 1187609
1.77 1171246
1.80 1170687
1.84 1164993
1.86 1160148
1.86 1149652
1.87 1143063
1.90 1138253
1.96 1131464
1.96 1125348
1.96 1122912
1.99 1119151
2.05 1117853
2.05 1112629
2.06 1111145
2.07 1093339
2.15 1088354
2.15 1085333
2.21 1081962
2.24 1081960
2.24 1080516
2.24 1079919
2.24 1078770
2.24 1073956
2.25 1069973
2.28 1068076
2.33 1066778
2.33 1066630
2.34 1057036
2.42 1056087
2.43 1047494
2.45 1045047
2.52 1043241
2.53 1037041
2.53 1027029
2.59 1023091
2.63 1021394
2.63 1020628
2.64 1015746
2.67 1013396
2.67 1013167
2.71 990213
2.82 984268
2.87 979251
2.91 976788
2.92 975917
2.93 973056
2.99 970856
3.12 970334
3.12 965130
3.18 963368
3.30 962846
3.32 960905
3.41 959459
3.45 957762
3.53 957581
3.58 955952
3.64 955739
4.20 937721
4.79 935484
4.89 935303
4.97 925634
21.08 921594
21.20 921413
21.33 918685
451.68 917910