0.00 2786170
0.00 2616029
0.00 2612567
0.01 2484738
0.10 2481432
0.10 2405480
0.11 2392694
0.15 2354421
0.19 2320210
0.20 2319653
0.20 2313802
0.20 2274726
0.22 2268542
0.22 2224400
0.29 2199960
0.29 2139800
0.31 2080301
0.38 2072624
0.38 2039547
0.39 1998575
0.40 1998275
0.48 1981197
0.48 1919017
0.49 1909553
0.55 1900146
0.57 1895353
0.58 1881482
0.58 1875375
0.58 1861945
0.59 1824925
0.62 1814058
0.64 1811424
0.66 1800008
0.66 1751246
0.68 1736203
0.76 1726490
0.76 1634873
0.85 1631532
0.85 1619963
0.86 1613209
0.87 1598138
0.88 1579251
0.94 1572141
0.95 1570287
0.95 1540456
0.99 1530184
1.03 1514040
1.04 1505815
1.04 1494707
1.05 1482545
1.07 1470006
1.12 1466395
1.12 1432216
1.13 1429101
1.16 1425360
1.22 1419289
1.23 1387159
1.30 1339272
1.32 1338022
1.32 1302999
1.32 1300310
1.32 1287063
1.41 1278289
1.42 1268293
1.42 1266010
1.43 1263165
1.45 1227422
1.51 1203524
1.51 1196580
1.60 1179014
1.63 1172682
1.69 1162987
1.71 1160606
1.72 1142367
1.79 1119897
1.80 1113609
1.88 1099791
1.88 1099576
1.89 1095497
1.99 1091531
1.99 1069363
2.08 1062233
2.10 1051344
2.16 1030020
2.19 1028874
2.26 1024688
2.28 1024122
2.29 1022208
2.30 1022157
2.34 1019958
2.35 1017405
2.40 1010554
2.44 1007442
2.44 1005802
2.46 999931
2.52 994329
2.54 988782
2.54 985249
2.55 983706
2.57 979539
2.63 974505
2.69 972148
2.70 971723
2.73 965661
2.83 956232
2.95 954913
2.95 953591
3.02 952445
3.03 950479
3.98 927487
295.51 926229
295.59 925678
295.61 923233
295.72 922135
295.82 920519
295.86 914716
295.95 914165
297.05 913922
297.06 912639
297.20 911975
298.72 908182
298.89 908036