0.00 3076199
0.00 3054944
0.00 3048064
0.01 3027390
0.01 3019430
0.02 3008009
0.02 2792467
0.08 2762808
0.10 2734350
0.10 2689583
0.10 2656660
0.11 2646790
0.11 2610313
0.12 2511892
0.19 2511486
0.19 2510563
0.19 2501178
0.19 2499479
0.20 2443928
0.20 2427650
0.20 2381693
0.20 2377345
0.23 2350928
0.25 2326804
0.29 2295383
0.29 2247100
0.30 2185646
0.30 2183988
0.38 2181828
0.38 2170012
0.38 2123506
0.40 2100952
0.41 2099957
0.45 2084558
0.48 2058995
0.48 2053789
0.48 2040857
0.49 2019538
0.50 2007775
0.52 1994208
0.54 1988139
0.57 1975577
0.57 1924165
0.57 1904515
0.58 1904176
0.60 1897789
0.60 1870540
0.64 1868818
0.66 1864485
0.66 1829940
0.66 1809549
0.66 1804477
0.69 1796757
0.70 1791802
0.70 1746701
0.75 1746153
0.76 1717785
0.76 1696205
0.76 1681932
0.78 1663665
0.85 1614349
0.87 1598645
0.92 1585690
0.94 1578352
0.94 1570648
0.94 1533437
0.99 1526755
0.99 1525526
1.03 1509071
1.04 1486667
1.07 1482662
1.09 1475984
1.11 1473273
1.12 1447713
1.13 1443315
1.16 1417584
1.18 1408253
1.22 1399815
1.22 1369714
1.24 1352564
1.31 1307407
1.41 1289466
1.43 1276592
1.43 1276124
1.44 1275086
1.45 1273315
1.50 1257225
1.51 1257016
1.52 1254515
1.55 1239299
1.59 1239166
1.59 1218380
1.61 1210383
1.65 1209482
1.69 1203626
1.69 1184745
1.75 1175953
1.76 1163072
1.78 1157216
1.78 1140494
1.83 1119289
1.86 1106468
1.87 1103199
1.94 1102153
1.95 1095814
1.95 1087358
1.96 1085136
1.97 1079575
2.04 1064762
2.04 1063485
2.14 1057292
2.14 1048684
2.26 1048538
2.26 1042342
2.30 1033889
2.33 1022664
2.36 1021256
2.38 1017758
2.43 1013556
2.46 1006533
2.50 1003819
2.53 999410
2.58 997057
2.62 996875
2.63 996535
2.64 989778
2.70 981815
2.79 977629
2.91 977448
2.91 972068
2.93 971349
2.94 970787
3.01 970265
3.04 964928
3.07 962465
3.11 957338
4.13 952487
4.23 952444
4.25 952398
4.27 943694
4.40 942878
4.49 942832
4.54 942592
4.56 941253
4.58 940967
4.69 937758
4.72 930799
9.11 928740