0.00 2846292
0.00 2801175
0.00 2779496
0.01 2743681
0.02 2700509
0.07 2700357
0.07 2605098
0.10 2571005
0.10 2475350
0.14 2465451
0.14 2338470
0.19 2329870
0.19 2328840
0.19 2260618
0.20 2217525
0.21 2196313
0.29 2120193
0.29 2109488
0.32 2103075
0.34 2073778
0.39 2059342
0.39 2020478
0.39 2012538
0.40 2012445
0.40 2010619
0.44 1992798
0.45 1984700
0.48 1955025
0.49 1920716
0.53 1919002
0.53 1896606
0.56 1891722
0.57 1886999
0.57 1881545
0.57 1810519
0.59 1798905
0.63 1782672
0.66 1771413
0.66 1706093
0.75 1672357
0.76 1665246
0.76 1644619
0.77 1643866
0.83 1609401
0.85 1591311
0.85 1565705
0.88 1565418
0.91 1547174
0.94 1546954
0.94 1546146
0.94 1534865
0.95 1521445
0.95 1513887
0.97 1503191
1.00 1479116
1.03 1459113
1.04 1449303
1.05 1438899
1.06 1435133
1.07 1431018
1.10 1402473
1.13 1379714
1.14 1363220
1.15 1360444
1.22 1350814
1.22 1348135
1.23 1341032
1.24 1336271
1.28 1320227
1.30 1311160
1.31 1301530
1.32 1301223
1.32 1291919
1.33 1271719
1.34 1270943
1.40 1256076
1.42 1251531
1.45 1244246
1.47 1242435
1.47 1231502
1.50 1229476
1.50 1225306
1.51 1212149
1.53 1202890
1.55 1201298
1.59 1201077
1.59 1196668
1.60 1193922
1.60 1180386
1.60 1178539
1.62 1172790
1.64 1171371
1.68 1147184
1.77 1136439
1.78 1130607
1.78 1120434
1.80 1108968
1.86 1094818
1.87 1092391
1.89 1086755
1.95 1086209
1.95 1084955
1.95 1070404
1.98 1070047
2.01 1069632
2.03 1063996
2.04 1061712
2.05 1060787
2.06 1054655
2.13 1045227
2.16 1040864
2.16 1034128
2.22 1027341
2.31 1025905
2.32 1013550
2.41 1005729
2.50 1003894
2.50 1003169
2.51 990939
2.59 988211
2.60 962327
2.69 961500
2.74 959282
2.74 955610
2.77 955088
2.77 939385
2.87 938558
2.92 936340
3.01 917658
3.07 915458
3.20 915248
3.21 911800
3.26 911590
4.93 910478
4.99 909956
470.12 909792
470.42 900032