0.00 2923030
0.00 2887872
0.00 2879434
0.00 2778238
0.02 2757072
0.03 2750233
0.09 2618413
0.10 2602986
0.11 2582433
0.12 2582006
0.19 2530398
0.19 2414206
0.19 2229298
0.28 2096455
0.37 2061498
0.37 2052099
0.37 1989789
0.38 1946788
0.46 1940320
0.47 1917877
0.47 1904689
0.47 1882591
0.50 1873356
0.55 1861521
0.56 1830415
0.57 1820421
0.57 1805008
0.58 1803133
0.61 1800737
0.61 1796384
0.64 1787472
0.65 1785356
0.65 1772865
0.66 1770896
0.66 1765487
0.67 1730273
0.71 1730033
0.73 1723765
0.74 1723753
0.74 1713336
0.74 1709127
0.74 1690889
0.74 1653542
0.79 1580338
0.83 1543001
0.84 1523221
0.86 1520308
0.87 1507705
0.92 1499912
0.92 1495119
0.92 1484364
0.92 1472280
0.93 1471306
0.94 1470368
0.94 1452897
0.99 1452586
1.01 1448877
1.02 1423105
1.03 1422805
1.03 1420750
1.03 1369853
1.11 1363623
1.12 1349656
1.13 1347563
1.14 1326058
1.21 1321039
1.21 1264998
1.30 1264085
1.30 1259996
1.31 1248396
1.33 1196650
1.39 1180048
1.42 1162370
1.49 1162157
1.50 1134165
1.58 1133952
1.59 1129864
1.60 1129679
1.60 1124518
1.63 1122571
1.65 1119885
1.68 1100098
1.70 1091688
1.77 1085314
1.83 1068110
1.89 1046517
1.97 1041374
1.97 1037081
2.04 1034908
2.08 1025472
2.12 1021014
2.15 1002855
2.29 1000042
2.34 992578
2.37 988335
2.44 986190
2.44 985433
2.52 983113
2.54 951974
2.62 945502
2.75 945456
2.78 941557
2.87 941511
3.55 933229
3.66 925692
3.67 925421
3.77 925208
3.92 920764
11.49 917976
11.55 916200
352.87 915914
353.61 912131
353.61 907967