0.00 2785887
0.00 2765135
0.00 2707395
0.03 2693891
0.09 2620487
0.10 2593204
0.10 2571034
0.10 2552110
0.10 2508982
0.11 2465744
0.19 2372718
0.20 2347678
0.20 2299243
0.28 2285998
0.28 2277093
0.28 2275479
0.28 2274663
0.28 2136115
0.37 2124448
0.37 2107355
0.37 2045719
0.41 2032656
0.46 2030794
0.47 2021446
0.47 2007012
0.47 1997780
0.47 1989557
0.48 1975228
0.48 1960609
0.48 1935703
0.55 1883675
0.57 1868304
0.57 1857036
0.59 1845307
0.63 1835124
0.66 1820368
0.66 1784333
0.66 1781853
0.67 1767725
0.68 1754884
0.75 1733451
0.75 1730276
0.76 1710922
0.76 1704273
0.78 1655049
0.84 1628566
0.84 1625207
0.84 1610277
0.85 1591816
0.88 1584315
0.93 1576978
0.94 1566168
0.95 1541530
0.96 1537197
1.00 1533588
1.01 1531927
1.03 1528993
1.03 1513358
1.03 1495241
1.05 1491631
1.08 1487756
1.10 1442737
1.12 1429347
1.13 1399533
1.15 1397574
1.17 1383193
1.22 1341956
1.31 1339604
1.31 1333272
1.32 1315818
1.36 1313856
1.40 1290956
1.41 1290771
1.42 1280104
1.51 1271986
1.51 1270535
1.51 1270329
1.52 1268277
1.54 1241244
1.59 1228602
1.60 1220505
1.60 1217367
1.61 1210390
1.64 1204267
1.69 1194492
1.70 1181367
1.71 1181182
1.71 1173413
1.78 1170281
1.80 1169465
1.81 1169173
1.82 1163748
1.82 1153748
1.83 1150328
1.88 1150319
1.89 1146902
1.89 1146258
1.90 1144857
1.92 1123274
1.96 1109884
1.96 1109801
1.97 1109216
2.01 1107020
2.05 1105488
2.05 1086209
2.07 1080280
2.14 1068671
2.23 1062582
2.24 1054736
2.29 1047860
2.32 1040779
2.33 1024960
2.41 1009374
2.53 998823
2.54 990515
2.60 987897
2.66 987306
2.67 979964
2.70 961235
2.78 958426
2.83 956368
2.88 949965
3.01 947156
3.09 945394
3.13 943425
3.23 938981
4.08 938168
4.18 927331
4.98 917273
11.02 909010
11.14 905965
11.24 905755
348.76 904953
348.82 899810
348.91 896152
588.14 895082