0.00 2842236
0.00 2785115
0.00 2761854
0.00 2745851
0.03 2722127
0.09 2718559
0.09 2713726
0.10 2706701
0.10 2635148
0.11 2565343
0.13 2423492
0.20 2417495
0.20 2392603
0.20 2366539
0.21 2355184
0.21 2313795
0.23 2299330
0.28 2295291
0.29 2280505
0.30 2250694
0.30 2235532
0.30 2210582
0.31 2210243
0.32 2205632
0.32 2205413
0.33 2186064
0.37 2178477
0.39 2174974
0.39 2067433
0.49 2059667
0.49 2059363
0.49 2058137
0.49 2045770
0.49 2010861
0.49 2002935
0.51 1987367
0.52 1971955
0.58 1942420
0.59 1935187
0.59 1927484
0.60 1905380
0.61 1900778
0.61 1898004
0.67 1896280
0.68 1846163
0.68 1809879
0.77 1800345
0.78 1762848
0.78 1760412
0.78 1745381
0.85 1733304
0.87 1721788
0.87 1703054
0.87 1701343
0.87 1683422
0.96 1668806
0.96 1639728
0.96 1604968
1.05 1595449
1.05 1592004
1.05 1543565
1.15 1534362
1.15 1532340
1.15 1523362
1.15 1496982
1.16 1489627
1.22 1488565
1.23 1486562
1.24 1477806
1.25 1460438
1.25 1450497
1.26 1444259
1.26 1437095
1.31 1430617
1.33 1426886
1.33 1389902
1.37 1381150
1.42 1380885
1.42 1343350
1.46 1333081
1.52 1319032
1.53 1308269
1.55 1287374
1.61 1272424
1.61 1255413
1.67 1254430
1.70 1228498
1.71 1224883
1.77 1222101
1.80 1205588
1.80 1199911
1.81 1192554
1.89 1154754
1.99 1153695
1.99 1147590
2.01 1141469
2.02 1139804
2.04 1126054
2.09 1111105
2.10 1111104
2.11 1076172
2.19 1070616
2.19 1064847
2.22 1057376
2.22 1051809
2.29 1049911
2.30 1048078
2.31 1040484
2.35 1040054
2.38 1031123
2.40 1028729
2.42 1026119
2.47 1023255
2.51 1019115
2.56 1018262
2.56 1015384
2.58 1014295
2.60 1005460
2.61 1001330
2.66 993058
2.67 979004
2.75 974184
2.80 965349
2.88 963514
2.89 952477
2.94 949571
2.96 949345
2.98 942627
3.03 942076
3.03 938066
3.13 937634
3.22 937083
3.29 936190
3.34 928357
3.42 927806
5.27 924817
9.31 916013