0.00 3266772
0.00 3262700
0.00 3216091
0.00 3171150
0.01 3150073
0.03 2994956
0.10 2982432
0.10 2911625
0.10 2903490
0.10 2886310
0.11 2874388
0.13 2843465
0.15 2834064
0.17 2757613
0.19 2712302
0.19 2657059
0.19 2655114
0.19 2617700
0.21 2570421
0.28 2566406
0.28 2545559
0.28 2486770
0.28 2454410
0.30 2449858
0.30 2436951
0.36 2430271
0.37 2425323
0.37 2402944
0.37 2354864
0.37 2354176
0.38 2341132
0.41 2333963
0.43 2326908
0.44 2295460
0.46 2210034
0.47 2175424
0.49 2173833
0.55 2115298
0.58 2090182
0.59 2074678
0.60 2072597
0.61 2072570
0.62 2064513
0.65 2060065
0.65 2059530
0.65 2051095
0.65 1980862
0.66 1963250
0.68 1948502
0.70 1945917
0.74 1940879
0.74 1894336
0.74 1849609
0.74 1829906
0.80 1824324
0.83 1817838
0.84 1799897
0.84 1785475
0.84 1780191
0.85 1743716
0.85 1741609
0.88 1740275
0.89 1707687
0.90 1704288
0.92 1697679
0.92 1691855
0.93 1662836
0.93 1651394
0.94 1601789
0.95 1599326
1.02 1594985
1.03 1576033
1.04 1530746
1.08 1516611
1.11 1486350
1.12 1451347
1.17 1445430
1.20 1439235
1.21 1429091
1.21 1379341
1.30 1362165
1.31 1357073
1.31 1348443
1.32 1342653
1.34 1322163
1.40 1321888
1.40 1280585
1.42 1279887
1.49 1275236
1.50 1241263
1.58 1187855
1.68 1184991
1.68 1159892
1.70 1151167
1.78 1140975
1.80 1129041
1.86 1119258
1.89 1119109
1.91 1117159
1.96 1111347
1.98 1106039
1.99 1103879
2.00 1095121
2.05 1094975
2.09 1088635
2.10 1081841
2.11 1072853
2.15 1063284
2.15 1051275
2.26 1045463
2.26 1041925
2.34 1029278
2.44 1028721
2.44 1026459
2.44 1023466
2.54 1013528
2.62 1010318
2.67 1003959
2.74 1003402
2.76 998848
2.80 994306
2.86 992395
2.89 989350
3.05 987915
3.08 986923
3.09 983508
3.09 972079
3.18 958554
3.27 955993
3.28 954012
3.36 953455
3.41 947139
3.50 946582
3.50 944578
6.45 943877
6.46 940994
6.55 939848
7.53 938877
7.56 936543
7.71 936397
11.39 934635
11.48 931420
14.88 930290
17.60 919714
17.75 916056
17.84 915392
17.88 914841