0.00 2521314
0.00 2461447
0.00 2460386
0.01 2446527
0.01 2419103
0.07 2398937
0.10 2398370
0.10 2364008
0.10 2353501
0.10 2349807
0.11 2344428
0.11 2291646
0.12 2270484
0.14 2241524
0.19 2223400
0.20 2202995
0.20 2193706
0.20 2185035
0.20 2168916
0.20 2108383
0.30 2055618
0.30 1999113
0.34 1984024
0.39 1983542
0.39 1974970
0.39 1957869
0.39 1946378
0.40 1889701
0.42 1887983
0.48 1827170
0.49 1821340
0.53 1813626
0.55 1770177
0.58 1764840
0.58 1741749
0.58 1721393
0.62 1695820
0.67 1629177
0.68 1626363
0.70 1601497
0.76 1579127
0.77 1572476
0.78 1562316
0.78 1551970
0.81 1532385
0.82 1512721
0.86 1507716
0.86 1502408
0.87 1484961
0.87 1478963
0.87 1459045
0.91 1443264
0.93 1434749
0.95 1418785
0.96 1418246
0.97 1407274
0.98 1401922
1.04 1401349
1.05 1386584
1.05 1367854
1.06 1331892
1.14 1323574
1.14 1287982
1.23 1286113
1.23 1280848
1.24 1255155
1.34 1246316
1.34 1231256
1.35 1230291
1.38 1188512
1.43 1186906
1.44 1186643
1.44 1152092
1.52 1146710
1.56 1142338
1.62 1140732
1.62 1129413
1.64 1120819
1.69 1113700
1.73 1109515
1.74 1101301
1.74 1084520
1.80 1083038
1.81 1075466
1.83 1063100
1.91 1061618
1.91 1055966
1.91 1052891
1.94 1044124
1.94 1043111
1.99 1040911
1.99 1034057
2.08 1033535
2.11 1025470
2.17 1021285
2.18 1018336
2.29 1015613
2.35 1010668
2.40 1010199
2.41 1008906
2.47 1008384
2.48 1003894
2.49 1003886
2.52 989954
2.55 984024
2.64 974705
2.64 972505
2.66 969685
2.71 968775
2.78 966575
2.80 949799
2.89 949089
2.90 947599
2.96 938554
3.09 937844
3.19 934634
3.26 931589
3.38 930489
7.57 927780
7.61 924984
7.69 921911
7.72 918641
7.83 915568
7.90 910962
8.07 909972
252.91 907780
253.43 905866
253.55 903580
581.74 899728
581.87 899721
581.92 895254
581.93 895044