0.00 3229733
0.00 3207145
0.01 3170798
0.01 3146840
0.01 3134191
0.02 3098597
0.02 3076123
0.07 3065006
0.09 3058534
0.09 2951845
0.10 2929886
0.10 2888616
0.12 2846005
0.16 2827663
0.18 2820966
0.19 2789793
0.19 2761225
0.19 2725267
0.20 2685950
0.20 2609382
0.23 2608262
0.28 2514945
0.29 2507533
0.31 2470299
0.37 2457381
0.37 2448923
0.37 2401359
0.38 2383995
0.38 2378967
0.38 2258715
0.47 2233311
0.47 2127476
0.56 2091042
0.57 2063288
0.57 2052864
0.57 2048797
0.58 2030588
0.58 2023511
0.59 2007177
0.63 2003973
0.66 1949205
0.67 1946055
0.68 1918781
0.74 1910656
0.75 1881412
0.76 1874323
0.76 1841716
0.78 1784251
0.85 1784081
0.85 1758802
0.85 1706489
0.89 1687363
0.94 1663952
0.94 1630116
0.94 1586898
0.97 1581468
1.00 1580914
1.04 1531447
1.09 1520635
1.09 1502798
1.09 1500306
1.12 1498430
1.13 1492557
1.13 1417822
1.23 1404904
1.23 1403773
1.24 1381489
1.25 1371476
1.33 1370201
1.33 1355481
1.35 1335754
1.37 1293360
1.42 1287159
1.42 1285123
1.42 1277365
1.44 1271272
1.44 1257027
1.49 1255132
1.51 1251801
1.52 1238359
1.53 1235901
1.54 1218799
1.58 1177370
1.61 1176517
1.61 1168744
1.63 1158139
1.64 1155190
1.65 1141037
1.71 1124905
1.81 1124139
1.82 1117048
1.85 1115974
1.86 1110317
1.87 1099733
1.90 1098297
1.91 1085145
1.91 1072401
1.95 1069449
1.95 1067265
1.99 1066623
1.99 1045064
2.05 1031543
2.09 1029611
2.10 1028963
2.11 1016625
2.20 1004162
2.20 1001821
2.23 986201
2.27 976797
2.36 976633
2.36 974495
2.44 964334
2.47 956251
2.47 950548
2.58 938651
2.68 933689
2.79 918885
2.92 916493
3.02 916212
5.60 900638
5.74 898438
313.49 898228