0.00 3041453
0.00 3012674
0.00 2969585
0.00 2955007
0.01 2951987
0.01 2940139
0.03 2931165
0.06 2912270
0.07 2813526
0.11 2734594
0.11 2684979
0.13 2676936
0.14 2664853
0.20 2627992
0.20 2606801
0.20 2593412
0.21 2572723
0.21 2528263
0.25 2522301
0.29 2482197
0.30 2430171
0.33 2335778
0.39 2317480
0.39 2302837
0.39 2256301
0.40 2237024
0.46 2218177
0.48 2139817
0.49 2123774
0.57 2060397
0.57 2050981
0.58 2043446
0.66 2037780
0.66 2005345
0.66 2001669
0.66 1989511
0.68 1979728
0.69 1975431
0.70 1969333
0.71 1939026
0.73 1903624
0.75 1840247
0.77 1838915
0.80 1832942
0.85 1818026
0.85 1813590
0.86 1762988
0.95 1760952
0.95 1750495
0.95 1747413
0.96 1738794
0.96 1717751
0.96 1714001
0.98 1706349
1.00 1701408
1.04 1686885
1.04 1640676
1.08 1637898
1.14 1602587
1.15 1601710
1.16 1599858
1.16 1596328
1.17 1582313
1.24 1581459
1.24 1538134
1.31 1536537
1.32 1534895
1.33 1519964
1.33 1518411
1.33 1491294
1.34 1453397
1.42 1440313
1.44 1424837
1.45 1413293
1.48 1406082
1.52 1377961
1.54 1370055
1.55 1359873
1.62 1331392
1.62 1303837
1.71 1274688
1.76 1263439
1.81 1263088
1.81 1255720
1.82 1251404
1.83 1247852
1.83 1243303
1.84 1235318
1.88 1200062
1.90 1171941
1.98 1159958
2.00 1152765
2.01 1136841
2.01 1123644
2.05 1118807
2.08 1118661
2.08 1094413
2.13 1092977
2.15 1092404
2.18 1090326
2.19 1070466
2.28 1069612
2.28 1048340
2.37 1047486
2.38 1041896
2.39 1027004
2.47 1002610
2.58 1001311
2.61 996886
2.65 989449
2.66 988150
2.66 983983
2.78 966393
2.93 965293
2.93 963765
2.96 962466
2.99 956346
3.00 951940
3.09 951659
3.13 950360
3.14 944240
3.22 944198
3.28 943140
3.32 942145
4.27 941787
5.39 940831
5.54 940469
5.57 939134
5.60 935775
5.70 935413
9.53 931053
9.60 923889
394.59 920669
395.71 918469
397.09 915356
397.15 915146
399.66 914042
399.70 913455
399.84 908173
399.96 905690
400.07 903490
403.45 902770
403.64 901624