0.00 230411
0.00 228957
0.00 224363
0.01 223731
0.01 219510
0.01 219412
0.02 219087
0.15 218642
0.18 213594
0.19 212929
0.20 211478
0.21 211029
0.21 205879
0.36 204659
0.36 203654
0.36 201979
0.36 200965
0.37 200901
0.38 200757
0.38 192967
0.52 192497
0.52 190876
0.52 183937
0.54 182407
0.55 181591
0.56 181291
0.70 181196
0.70 180287
0.70 178389
0.71 173924
0.72 172261
0.77 170731
0.78 170240
0.86 169384
0.86 166112
0.86 165593
0.88 162610
0.89 162129
0.93 161107
1.03 160768
1.03 160693
1.03 156308
1.03 156091
1.05 155583
1.06 154005
1.07 153050
1.11 152996
1.20 150609
1.20 149249
1.22 148656
1.25 146646
1.31 146586
1.37 146344
1.37 142654
1.39 139270
1.49 139007
1.53 138142
1.53 136315
1.54 134684
1.58 133127
1.70 130962
1.73 129149
1.76 128797
1.80 128145
1.86 127092
1.88 126793
1.88 126780
1.89 126674
1.89 126586
1.89 125454
1.90 124094
1.93 123893
1.96 122752
2.05 120924
2.05 120769
2.05 116477
2.22 116260
2.22 112878
2.30 112790
2.31 112780
2.39 109942
2.46 108589
2.57 106227
2.57 105934
2.60 105751
2.74 104726
2.74 104717
2.74 104586
2.75 104063
2.75 103651
2.76 103544
2.76 101500
2.91 100933
2.92 100359
2.92 100090
2.93 99424
2.96 98845
2.99 98640
3.08 98298
3.08 97356
3.09 97353
3.10 96764
3.16 96354
3.18 96293
3.26 96133
3.26 96036
3.26 93917
3.34 93833
3.37 93499
3.40 92694
3.41 92174
3.42 90234
3.51 89856
3.59 89674
3.59 89198
3.60 88776
3.60 88770
3.60 87396
3.76 86927
3.78 86829
3.78 86569
3.79 86527
3.79 85731
3.93 85262
3.93 85010
3.96 84943
3.96 84269
4.10 84048
4.12 83654
4.12 83390
4.13 82621
4.26 81188
4.32 80745
4.43 80207
4.46 79702
4.48 78383
4.61 77432
4.61 77006
4.77 76934
4.78 76903
4.80 76438
4.81 76218
4.82 75643
4.85 75573
4.95 75438
4.97 74812
4.99 74463
5.11 73170
5.29 72695
5.30 72343
5.33 72028
5.35 72024
5.38 70884
5.46 70585
5.48 70554
5.50 70424
5.50 69881
5.54 69619
5.63 69145
5.63 68884
5.64 68831
5.69 68246
5.80 68095
5.82 67732
5.86 67723
5.87 67525
5.88 67100
5.96 66577
5.98 65958
6.14 65639
6.17 65372
6.25 65351
6.27 65070
6.29 65002
6.31 64027
6.47 63734
6.48 63708
6.51 63691
6.54 61924
6.63 61889
6.64 61703
6.66 61225
6.74 61163
6.86 61128
6.89 60820
6.91 60577
6.95 60341
7.01 60304
7.02 59896
7.14 59814
7.15 59792
7.17 59703
7.18 59310
7.32 59206
7.33 59051
7.41 59003
7.45 58742
7.52 58449
7.54 58420
7.66 57897
7.75 57721
7.83 57180
8.09 56662
8.19 56520
8.19 56205
8.41 55912
8.66 55363
15.86 55306
16.11 54341
16.26 54199
16.39 53953
16.61 53815