0.00 189761
0.00 189043
0.00 188743
0.01 187741
0.01 180674
0.04 178834
0.07 178823
0.14 176641
0.17 175406
0.17 174591
0.17 173154
0.18 172226
0.19 172211
0.21 170723
0.22 167566
0.30 167252
0.34 162883
0.35 162841
0.36 161935
0.37 161074
0.40 160491
0.47 159906
0.48 157186
0.52 152775
0.53 151826
0.53 151173
0.54 151095
0.55 150730
0.69 149037
0.69 147574
0.69 145190
0.73 144049
0.86 143192
0.86 141634
0.87 138206
0.87 138036
1.03 136717
1.04 134069
1.07 132217
1.20 129237
1.23 128489
1.25 128323
1.28 127964
1.28 126320
1.37 125001
1.37 124388
1.40 124326
1.41 123212
1.43 122580
1.53 121556
1.53 120553
1.54 119610
1.57 118714
1.61 118372
1.66 117238
1.70 116455
1.70 114803
1.70 114472
1.72 113924
1.79 113609
1.85 111921
1.86 111899
1.86 111737
1.87 110698
1.87 110606
1.87 110529
1.87 108098
1.90 108037
2.03 104763
2.18 103217
2.20 103007
2.21 102836
2.21 102283
2.21 98563
2.38 98429
2.38 97046
2.43 95834
2.48 94618
2.54 94292
2.55 92778
2.57 90752
2.73 90547
2.73 90471
2.73 90248
2.74 90009
2.75 89159
2.84 88624
2.89 87881
2.91 87313
2.95 87133
2.95 85728
3.06 84960
3.06 84322
3.09 84083
3.13 83718
3.23 83563
3.24 82659
3.26 81718
3.37 81320
3.40 80261
3.53 80057
3.59 79155
3.65 78843
3.66 78251
3.75 78117
3.76 77747
3.77 76940
3.79 76649
3.92 76037
3.95 75225
3.98 74883
4.09 74394
4.09 74366
4.16 74326
4.17 74189
4.20 73459
4.23 73238
4.27 73237
4.28 72626
4.30 70438
4.44 70305
4.47 69893
4.47 69478
4.61 69332
4.62 69140
4.64 68866
4.73 68819
4.79 68673
4.80 68390
4.82 68350
4.84 68238
4.94 67803
4.96 67689
4.97 67459
4.99 67252
5.13 66991
5.14 66899
5.14 66647
5.15 66492
5.20 66054
5.33 65776
5.33 65700
5.35 65537
5.35 64995
5.50 64758
5.52 64450
5.66 63946
5.77 63933
5.82 63574
5.86 63378
5.99 63321
6.00 62822
6.00 62752
6.17 61570
6.32 61223
6.37 61109
6.52 60750
6.55 60663
6.59 60541
6.64 60144
6.66 59798
6.67 59788
6.73 59698
6.79 59576
6.86 59232
6.87 59021
6.99 58775
7.01 58682
7.21 58599
7.22 58436
7.26 58335
7.35 58249
7.37 57814
7.51 57368
7.69 56918
7.91 56892
8.01 56881
8.07 56605
8.21 56540
8.21 56407
8.52 55517
24.14 55042
24.37 55036
24.50 54965
24.73 54959
24.84 54817
40.80 54380
40.96 54087
41.33 54008
41.40 53756