0.00 207239
0.01 206514
0.03 204508
0.06 204396
0.07 204003
0.18 201586
0.18 196890
0.18 196803
0.18 196310
0.19 195300
0.19 194766
0.21 194448
0.26 192173
0.35 192121
0.35 190648
0.36 186939
0.36 183141
0.46 182759
0.53 182393
0.53 177952
0.53 172545
0.55 168291
0.69 167783
0.69 167539
0.70 167493
0.70 164322
0.70 163984
0.71 163714
0.72 162055
0.73 160976
0.73 160225
0.83 159823
0.86 158930
0.86 158510
0.86 156334
0.87 155643
0.88 154634
0.89 152709
1.03 150827
1.03 143472
1.20 142158
1.20 139948
1.21 135923
1.37 133557
1.37 130347
1.39 128874
1.54 128112
1.55 126486
1.55 123050
1.57 122778
1.71 122628
1.71 121833
1.71 120500
1.74 118285
1.88 117769
1.88 116044
1.89 115685
1.89 115456
1.91 114726
1.92 114290
1.94 112392
2.05 112246
2.05 111736
2.06 111271
2.06 110809
2.07 109591
2.18 109000
2.21 108115
2.22 106753
2.26 105555
2.32 104658
2.38 103552
2.40 101549
2.43 101291
2.43 99082
2.55 98843
2.55 98814
2.56 98804
2.56 97438
2.58 97262
2.60 97023
2.62 93056
2.72 93019
2.72 90997
2.73 89467
2.89 88417
2.91 87735
2.93 87408
3.07 85941
3.09 84299
3.25 84031
3.25 82719
3.34 82567
3.38 82058
3.43 81790
3.44 81091
3.46 80723
3.46 80478
3.53 80326
3.59 78285
3.66 77967
3.77 77719
3.78 75663
3.95 75231
3.95 75059
3.95 74967
4.04 74914
4.06 74800
4.12 73833
4.24 73753
4.29 73463
4.29 72909
4.29 72173
4.47 71840
4.50 71634
4.51 69807
4.66 69570
4.66 69268
4.68 69030
4.70 68352
4.74 68039
4.80 67802
4.81 67792
4.82 67566
4.83 67543
4.87 66888
4.88 66792
4.96 65935
4.96 65641
5.01 65015
5.15 64837
5.21 63870
5.33 63515
5.35 63505
5.39 63469
5.49 63460
5.49 63319
5.53 63201
5.58 62612
5.65 62344
5.65 62223
5.67 61938
5.87 61701
5.94 61670
6.03 61628
6.06 61051
6.17 60901
6.31 60820
6.33 60528
6.48 60238
6.65 60196
6.70 59238
6.83 59093
7.02 58543
7.16 58527
7.36 58027
7.49 57671
9.57 56008
9.84 55927
9.88 55829
9.94 55776
10.02 55695
15.62 55243
15.83 55100
16.03 55001
16.16 54647
16.24 54548
16.64 54466
16.86 53912