0.00 218496
0.00 217968
0.00 213286
0.01 204349
0.18 202745
0.18 199451
0.18 197468
0.18 197305
0.19 196897
0.19 194348
0.32 192307
0.34 192165
0.35 191716
0.35 190968
0.35 187365
0.35 183555
0.39 178514
0.51 175790
0.51 173718
0.51 173217
0.52 172924
0.53 171754
0.53 170229
0.55 169517
0.61 169493
0.63 168738
0.68 168721
0.68 168581
0.68 168401
0.68 167951
0.69 165999
0.69 164614
0.71 164372
0.72 162587
0.72 161926
0.79 161806
0.79 161587
0.85 160358
0.85 156864
0.86 156270
0.87 154461
0.91 154213
1.02 153845
1.02 151248
1.02 150951
1.02 149490
1.03 149091
1.06 148550
1.08 147432
1.19 147363
1.19 145267
1.19 144295
1.20 142115
1.31 142039
1.32 141185
1.36 139135
1.36 138227
1.36 136869
1.45 136211
1.51 135147
1.53 133219
1.53 130526
1.62 129253
1.70 127827
1.70 127193
1.71 126584
1.73 126458
1.74 124947
1.76 124811
1.80 123885
1.87 123408
1.87 122582
1.87 122512
1.87 120952
1.87 120230
1.91 119700
1.92 119550
2.00 119211
2.04 118736
2.04 118350
2.04 117809
2.05 116877
2.10 116278
2.13 115081
2.21 114220
2.22 113384
2.23 110746
2.38 110422
2.38 109139
2.43 108763
2.43 108280
2.44 105553
2.55 105509
2.55 104676
2.56 103298
2.57 103129
2.58 102971
2.59 102780
2.60 101491
2.67 101147
2.72 101127
2.72 100318
2.73 99021
2.73 98583
2.77 98573
2.88 97179
2.90 97026
2.90 96009
2.92 95991
2.92 94131
3.05 92140
3.13 91549
3.22 89909
3.28 89548
3.30 89520
3.31 88985
3.35 87961
3.39 85397
3.42 85295
3.57 84795
3.57 84105
3.57 82731
3.69 82660
3.72 82657
3.74 81227
3.79 80815
3.90 80561
3.91 79990
3.93 79625
3.96 79568
4.04 78642
4.07 76007
4.24 75845
4.26 74434
4.36 73816
4.41 72321
4.45 72187
4.57 71983
4.61 71361
4.64 71237
4.64 70925
4.67 70736
4.75 70655
4.77 69325
4.92 68651
4.95 67820
5.09 67227
5.11 66446
5.26 65459
5.27 65393
5.44 64842
5.44 64406
5.59 63716
5.62 62911
5.79 62211
5.81 62083
5.87 61737
5.94 61047
5.94 60909
6.11 60846
6.12 60740
6.13 60717
6.13 59944
6.28 59244
6.36 59210
6.48 59109
6.48 59018
6.51 58727
6.53 58724
6.63 58024
6.83 57976
6.87 57945
6.94 57756
6.98 57637
7.03 57239
7.17 57234
7.20 57081
7.21 56687
7.30 56608
7.33 56599
7.34 56363
7.51 56268
7.53 56224
7.70 56219
7.70 56152
7.85 56102
7.95 55943
8.04 55893
8.24 55724
8.35 55361
8.50 55250
8.63 55226
8.67 55178
8.69 54675
28.00 54454
28.25 54406
31.84 54118
33.30 54095
42.64 53850
47.80 53598
47.94 53503
75.97 53373
98.29 53208
98.38 53160