0.00 225342
0.00 219322
0.03 218818
0.03 216799
0.07 215167
0.18 212961
0.25 209278
0.26 204325
0.28 203486
0.39 203213
0.49 202879
0.49 197225
0.49 196308
0.51 195953
0.51 194832
0.52 194169
0.54 194104
0.58 193977
0.63 193131
0.63 192032
0.69 191031
0.70 187045
0.71 186930
0.71 185733
0.72 183266
0.78 182855
0.87 176630
0.87 174451
0.91 174288
1.05 169970
1.08 169390
1.09 166677
1.09 166272
1.10 165384
1.16 164647
1.24 158831
1.30 157660
1.40 156477
1.43 155881
1.46 155173
1.47 152945
1.47 152890
1.47 151371
1.48 149763
1.50 148644
1.63 147463
1.63 147029
1.63 146200
1.65 144666
1.66 143847
1.68 141213
1.82 141127
1.82 140646
1.82 140319
1.82 140247
1.82 138218
1.83 138126
1.84 135452
1.88 135397
1.95 132145
2.05 131875
2.05 131766
2.05 131718
2.05 131471
2.05 131033
2.06 129154
2.07 129094
2.08 127685
2.12 127558
2.13 127128
2.14 126353
2.17 125363
2.21 125233
2.22 124892
2.23 123642
2.23 119748
2.39 119624
2.39 117697
2.39 117157
2.39 116177
2.41 115035
2.46 113962
2.48 113656
2.58 112519
2.58 111773
2.59 107870
2.77 107717
2.78 107704
2.78 106374
2.81 106164
2.83 105000
2.84 104563
2.88 103410
2.98 103396
2.99 101702
2.99 101676
2.99 101128
3.04 99215
3.15 99025
3.16 97719
3.16 97059
3.18 96732
3.18 96239
3.31 95695
3.32 92458
3.48 92246
3.48 91192
3.51 91033
3.52 90670
3.55 89078
3.65 88789
3.65 88781
3.65 88471
3.66 88424
3.67 88069
3.68 87032
3.86 86714
3.87 86677
3.88 86366
3.88 86151
3.89 85458
3.93 85185
3.96 84907
4.09 83371
4.14 82093
4.24 81226
4.26 80246
4.33 80174
4.40 79643
4.44 78396
4.58 78267
4.61 78078
4.61 77695
4.62 77214
4.64 76608
4.71 76549
4.77 75668
4.83 75412
4.84 74761
4.93 74423
4.96 73428
5.14 72798
5.17 72547
5.20 72162
5.27 72157
5.31 71486
5.36 71441
5.39 71374
5.45 70890
5.52 70197
5.57 69526
5.59 69316
5.64 68750
5.73 68518
5.74 68079
5.76 66853
5.89 66385
5.92 65972
5.93 65833
6.11 65162
6.31 65015
6.33 64030
6.46 63149
6.64 62847
6.77 62568
6.87 61656
7.02 61468
7.05 61307
7.08 61136
7.17 61016
7.31 60591
7.39 60454
7.40 60332
7.40 60169
7.50 59649
7.55 59542
7.67 58876
7.71 58858
7.83 58852
7.84 58296
7.89 57960
8.00 57348
8.13 57179
8.26 56763
8.31 56338
8.47 55615
8.71 55446
9.02 54481
9.11 54183
9.40 53621
9.63 53593
9.92 53147
18.27 53065
20.49 53040
23.86 52847
44.35 52765