0.00 210246
0.00 207141
0.01 206686
0.01 204275
0.01 198130
0.17 197089
0.18 196886
0.18 196404
0.18 195997
0.19 189649
0.21 189546
0.30 187297
0.34 184239
0.35 181618
0.37 181374
0.37 180375
0.37 180222
0.38 175983
0.43 174637
0.51 173063
0.51 170166
0.52 168684
0.53 167051
0.55 163323
0.68 163298
0.68 162981
0.68 158868
0.68 158272
0.70 157620
0.71 157206
0.74 154288
0.75 154146
0.85 154029
0.85 153740
0.85 150351
0.85 148954
0.88 148096
0.89 145801
1.01 145697
1.01 142898
1.02 142748
1.03 142254
1.03 141910
1.04 141623
1.05 139658
1.06 138507
1.19 138506
1.19 136972
1.19 134426
1.21 134329
1.26 134237
1.34 133704
1.36 132095
1.37 131780
1.37 128296
1.53 127452
1.54 126861
1.55 124831
1.57 124663
1.59 123760
1.69 123322
1.70 123100
1.70 123030
1.71 122447
1.71 121322
1.72 119177
1.83 116400
1.87 115286
1.87 115169
1.88 113963
1.89 112605
1.98 112319
2.00 111194
2.04 107113
2.21 106786
2.21 105965
2.22 105812
2.23 105466
2.23 105377
2.25 104332
2.31 103852
2.37 103428
2.38 102293
2.38 101071
2.54 99063
2.56 98354
2.71 98161
2.71 97736
2.71 97509
2.73 96817
2.77 95741
2.87 94512
2.88 93850
2.88 92791
2.88 91503
3.04 88868
3.22 87803
3.23 87410
3.27 86931
3.40 86642
3.41 86440
3.41 86092
3.44 85971
3.45 84538
3.57 83969
3.58 83709
3.59 82410
3.74 81173
3.82 78602
3.91 78469
3.92 78100
3.95 77773
3.97 77324
4.07 76579
4.09 76565
4.09 76344
4.09 76132
4.09 76056
4.10 75453
4.10 75301
4.20 74179
4.26 73386
4.35 73340
4.36 73114
4.44 72814
4.44 72661
4.44 71203
4.57 70762
4.60 70164
4.74 69634
4.78 69582
4.83 69371
4.84 69269
4.86 69038
4.94 68143
4.99 68052
5.09 67794
5.09 67213
5.09 67157
5.13 67065
5.25 66394
5.27 66272
5.42 66014
5.42 65854
5.46 65617
5.49 65377
5.61 64794
5.64 64760
5.65 64297
5.68 63952
5.76 63717
5.79 63511
5.80 62872
5.93 62712
5.93 62395
5.96 62370
5.98 61969
6.14 61295
6.27 61181
6.30 60842
6.32 60765
6.40 60580
6.48 60030
6.65 59973
6.65 59909
6.67 59612
6.76 59528
6.76 59281
6.78 59160
6.79 59023
6.98 58546
7.12 58425
7.14 57707
7.30 57359
7.38 57348
7.45 56981
9.75 55929
9.93 55763
10.12 55318
12.75 54952
13.00 54430