0.00 224622
0.00 222181
0.01 215976
0.17 212476
0.17 212304
0.18 210203
0.18 209424
0.18 208121
0.19 207681
0.22 206773
0.28 205932
0.34 203660
0.35 202834
0.35 197901
0.35 197008
0.38 196237
0.39 193971
0.46 193755
0.52 192369
0.52 189991
0.53 187541
0.54 185791
0.55 185460
0.57 185444
0.63 180651
0.69 174767
0.69 172609
0.70 172085
0.86 169850
0.86 162853
0.91 162396
1.03 157468
1.03 156920
1.04 156512
1.05 156237
1.06 155810
1.09 154085
1.20 148528
1.21 148232
1.21 148090
1.32 147652
1.32 147099
1.33 146724
1.37 146275
1.37 146247
1.38 143448
1.38 142718
1.41 141888
1.46 140138
1.54 140018
1.54 135378
1.60 134653
1.66 134076
1.71 130968
1.75 130800
1.75 130283
1.77 129283
1.78 129148
1.79 128223
1.88 127968
1.88 127811
1.88 124931
1.92 124373
1.94 123989
1.99 122064
2.06 121821
2.06 120996
2.06 120388
2.07 120187
2.08 119049
2.15 118222
2.19 117688
2.19 117435
2.22 116232
2.23 115775
2.24 112675
2.35 112642
2.39 111706
2.39 110684
2.40 110162
2.41 109350
2.44 108345
2.56 107368
2.58 105994
2.59 105360
2.63 104888
2.73 104239
2.74 104010
2.74 100209
2.90 98823
2.93 97998
2.97 97502
3.05 97393
3.07 97296
3.08 95370
3.22 94113
3.25 93377
3.26 92380
3.27 92090
3.42 91022
3.45 90429
3.48 90190
3.50 90109
3.51 89539
3.59 88629
3.59 87878
3.59 87639
3.61 86611
3.72 86301
3.75 86096
3.76 85202
3.77 84401
3.83 84320
3.88 84049
3.92 83331
3.96 82436
4.10 81860
4.12 81393
4.13 80862
4.20 79830
4.26 79070
4.28 78900
4.28 78180
4.44 77893
4.45 77334
4.50 76680
4.60 75019
4.76 74861
4.77 74663
4.78 74563
4.81 74526
4.87 74508
4.92 74324
4.94 74198
4.96 74087
4.98 73695
5.00 73531
5.04 72640
5.10 72467
5.12 70679
5.33 70658
5.33 70323
5.35 70157
5.38 68937
5.45 68635
5.45 68189
5.49 68091
5.62 67745
5.63 67518
5.64 67183
5.79 67129
5.81 67010
5.81 66144
5.96 65963
5.99 65688
6.06 65312
6.15 64961
6.19 64530
6.24 64526
6.31 63953
6.34 63778
6.41 63593
6.48 63583
6.50 63299
6.50 62811
6.65 62647
6.68 62051
6.85 61757
6.88 61480
7.01 61316
7.03 61083
7.03 60384
7.16 60094
7.17 60091
7.22 59895
7.22 59873
7.25 59604
7.38 59457
7.40 59440
7.49 59043
7.56 58951
7.67 58841
7.67 58571
7.69 58559
7.71 58171
7.83 57878
8.07 57811
8.11 57486
8.24 57343
8.27 57314
8.40 57046
8.52 56934
8.55 56787
8.65 56666
8.76 56583
8.83 56376
8.93 56293
8.95 56233
8.98 55976
9.09 55893
9.12 55862
9.17 55829
9.20 55746
9.27 55715
13.26 55416
13.57 54881
13.80 54814
13.86 54766
16.15 54460
20.65 54429
50.13 54408