0.00 192751
0.00 187787
0.02 186098
0.04 180800
0.18 180037
0.18 178348
0.18 176724
0.19 170756
0.34 169093
0.35 168790
0.35 168380
0.35 166670
0.36 160510
0.51 158041
0.52 155448
0.52 154907
0.52 151962
0.68 150594
0.68 148385
0.69 147563
0.70 146732
0.72 145309
0.79 144582
0.81 144579
0.85 144527
0.85 139261
0.87 138560
0.95 137662
1.01 133634
1.03 131343
1.04 128854
1.18 126912
1.18 126369
1.18 125884
1.20 123867
1.21 121222
1.35 120876
1.35 119818
1.36 119024
1.37 114569
1.52 111866
1.52 110567
1.62 110434
1.70 106432
1.73 106406
1.77 106332
1.87 105911
1.87 104901
1.87 104059
1.87 103134
1.91 102217
2.03 101965
2.04 101964
2.04 99019
2.20 98879
2.20 97801
2.20 96879
2.21 96534
2.37 96460
2.38 95172
2.40 94736
2.42 94709
2.45 94367
2.52 94291
2.54 94240
2.54 92837
2.55 92018
2.65 91537
2.70 91286
2.70 91267
2.72 90470
2.72 89864
2.73 89781
2.77 89264
2.84 89238
2.87 89142
2.87 88693
2.88 87704
2.90 87071
2.91 86965
3.03 86817
3.03 85892
3.07 85603
3.08 85209
3.20 85206
3.20 84148
3.21 83995
3.22 83752
3.29 83384
3.38 82389
3.38 82005
3.53 81010
3.53 79908
3.69 78921
3.73 78187
3.87 77934
3.87 77615
3.88 77528
3.89 76730
4.03 75572
4.06 75107
4.19 74809
4.21 74421
4.25 73580
4.38 73568
4.38 73135
4.42 73068
4.43 72215
4.54 71878
4.55 71628
4.63 71119
4.65 70674
4.71 70496
4.72 70367
4.76 69859
4.87 69784
4.88 69644
4.89 69579
4.90 69188
4.94 68741
4.99 68607
5.05 68011
5.15 67970
5.16 67714
5.16 67670
5.22 67597
5.22 67581
5.23 67190
5.24 67170
5.25 67083
5.27 66855
5.41 66474
5.43 66373
5.43 66175
5.48 65592
5.55 64946
5.56 64848
5.66 64549
5.77 64533
5.77 64262
5.82 64067
5.84 63863
5.86 63805
5.89 63665
5.92 63518
5.94 63167
6.04 62775
6.07 61720
6.22 61300
6.37 61158
6.38 61095
6.40 60732
6.55 60214
6.74 59627
6.90 59144
6.97 59010
7.03 59001
7.06 58938
7.09 58796
7.32 58314
7.48 58298
7.49 57211
7.60 57195
7.67 56921
7.82 56858
7.85 56621
12.90 55553
17.43 55150
17.54 55043
17.71 54954
17.85 54897
17.91 54834
32.83 54833
33.04 54804
33.05 54746