0.00 221413
0.00 217494
0.02 217426
0.02 216371
0.05 215154
0.10 214985
0.12 214171
0.13 213892
0.18 213645
0.18 204819
0.24 204167
0.34 202682
0.34 200252
0.34 199473
0.34 198485
0.36 197478
0.37 195939
0.37 195094
0.46 193487
0.51 192906
0.51 187760
0.53 187534
0.53 186769
0.54 186608
0.55 186169
0.55 183965
0.67 182845
0.67 182030
0.68 179995
0.68 179760
0.68 178367
0.69 176880
0.71 176776
0.74 175918
0.84 175911
0.84 172937
0.84 170134
0.84 169039
0.87 167325
0.88 166747
1.01 162256
1.01 161149
1.01 159477
1.12 159458
1.17 157467
1.17 157085
1.18 154148
1.18 152155
1.34 151607
1.34 150677
1.34 149771
1.35 149372
1.35 147086
1.41 146787
1.46 142920
1.51 141310
1.51 139816
1.52 138212
1.55 138001
1.58 137664
1.61 137136
1.64 135781
1.68 132361
1.68 132129
1.71 130971
1.78 130323
1.85 128936
1.85 127704
1.88 125254
1.97 123238
2.01 122439
2.02 121994
2.02 120875
2.03 120271
2.03 118491
2.18 117151
2.19 116410
2.19 116128
2.20 115406
2.20 115303
2.26 114680
2.32 113817
2.34 111992
2.34 109007
2.51 108100
2.51 108099
2.52 107288
2.52 107253
2.53 107242
2.54 105643
2.69 105597
2.70 104101
2.72 103579
2.76 102249
2.82 100935
2.85 99170
2.86 99017
2.93 97019
3.02 96863
3.02 95555
3.03 94787
3.03 94298
3.11 94167
3.20 93796
3.20 93650
3.20 93259
3.21 92350
3.27 91879
3.36 91811
3.37 90571
3.40 90337
3.51 90322
3.53 90014
3.54 89926
3.54 89913
3.54 86280
3.70 85849
3.70 85390
3.74 85081
3.76 85075
3.77 84874
3.77 84382
3.87 82292
4.04 82239
4.04 81883
4.04 81476
4.05 80617
4.11 80374
4.20 79370
4.21 79070
4.41 78408
4.43 77730
4.56 77378
4.56 75961
4.72 74756
4.73 74570
4.91 74452
4.91 73748
4.91 73699
4.98 73689
5.04 73365
5.05 73089
5.06 72969
5.07 72675
5.21 72654
5.23 72111
5.32 71671
5.38 71319
5.41 71241
5.43 71175
5.56 71135
5.59 70689
5.64 70390
5.69 70336
5.72 69915
5.73 69850
5.73 69685
5.74 69509
5.88 69293
5.90 68872
5.91 68839
5.94 68807
6.00 68477
6.07 68173
6.13 68158
6.14 68088
6.14 68047
6.18 67655
6.24 67544
6.29 66786
6.40 66006
6.59 65816
6.60 65552
6.62 64396
6.75 63871
6.77 63574
6.96 63144
6.97 63005
7.10 62679
7.19 62574
7.26 61891
7.28 61872
7.41 61442
7.42 61354
7.64 61273
7.66 60924
7.72 60402
7.76 60349
7.80 60128
7.82 59915
7.98 59852
7.99 59826
8.05 59640
8.14 59218
8.24 59043
8.27 58980
8.31 58836
8.46 58678
8.46 58274
8.65 58185
8.68 57852
9.81 57547
10.00 57407
10.13 57334
10.18 57060
10.42 56585
10.60 56496
10.82 56419
14.78 56184
14.85 56070
15.10 55729
15.35 55640
45.42 55245
45.65 55156
45.85 55018
46.04 54227
46.34 54066