0.00 230069
0.00 226427
0.00 225336
0.01 221673
0.03 219294
0.08 217214
0.17 217105
0.17 212442
0.18 211861
0.18 208919
0.18 208060
0.18 205393
0.27 205032
0.34 204386
0.34 204135
0.34 203163
0.35 202329
0.35 198374
0.35 197624
0.36 197551
0.39 196617
0.40 195878
0.44 194704
0.51 194531
0.51 194323
0.51 194179
0.52 184163
0.68 180022
0.68 179866
0.68 179400
0.69 179137
0.69 175629
0.77 174687
0.82 171933
0.85 166580
0.85 164187
0.96 163671
1.01 162282
1.01 158893
1.02 157313
1.13 156364
1.18 155941
1.18 154219
1.18 152995
1.19 151629
1.21 150550
1.25 149449
1.29 147830
1.35 147080
1.35 145334
1.35 142507
1.36 142092
1.38 140616
1.52 138910
1.53 138431
1.53 136175
1.54 135853
1.55 134314
1.56 134258
1.57 133005
1.70 129664
1.72 129302
1.74 127299
1.88 127287
1.88 127123
1.89 125487
1.89 124511
1.90 123679
1.91 123100
1.92 122998
2.03 122859
2.05 122273
2.05 118813
2.07 116631
2.22 114780
2.23 114453
2.23 112650
2.31 112141
2.39 111572
2.40 110869
2.40 110435
2.42 110329
2.44 108944
2.57 107979
2.57 107492
2.58 106799
2.62 105335
2.74 104832
2.75 103829
2.77 103618
2.78 102472
2.80 101762
2.91 100178
2.94 100045
2.95 99248
2.96 99038
3.08 98279
3.09 98277
3.09 98046
3.10 97670
3.10 97169
3.11 92701
3.25 91164
3.29 90465
3.32 90318
3.42 90148
3.42 89196
3.42 88820
3.43 87363
3.59 87185
3.60 86468
3.62 86212
3.64 86204
3.64 85383
3.67 84267
3.75 84189
3.76 84039
3.76 83268
3.87 82824
3.87 82224
3.93 80755
3.97 79551
4.10 78516
4.16 78180
4.19 77260
4.27 77024
4.27 76604
4.28 76109
4.33 75583
4.35 75412
4.44 74943
4.44 74738
4.46 74437
4.48 74377
4.61 73983
4.63 73903
4.66 73671
4.67 73590
4.69 73175
4.69 72793
4.72 72700
4.79 71391
4.80 71116
4.95 71107
4.97 70088
5.11 69876
5.12 69414
5.14 69378
5.25 68923
5.29 68843
5.30 68689
5.32 68143
5.35 67807
5.45 67784
5.47 67597
5.50 67251
5.51 67169
5.60 67002
5.61 66568
5.61 66358
5.62 65763
5.79 65260
5.81 64844
5.83 64558
5.95 64547
5.96 64395
5.97 64348
6.02 64114
6.04 63991
6.06 63639
6.12 63427
6.18 62983
6.29 62589
6.31 62203
6.46 62088
6.47 62040
6.47 61993
6.48 61636
6.61 61576
6.63 61567
6.69 61256
6.74 61146
6.79 60579
6.99 59990
7.18 59902
7.19 59875
7.24 59781
7.32 59758
7.38 59651
7.41 59624
7.42 59544
7.45 58959
7.49 58722
7.55 58523
7.66 58360
7.67 58199
7.83 57879
8.07 57791
8.09 57724
8.34 57713
8.42 57625
8.61 57434
8.74 57354
8.85 56754
8.88 56677
8.90 56517
9.08 56470
9.14 56354
9.16 56327
9.24 56250
9.32 55988