0.00 217948
0.00 217474
0.00 217346
0.01 215208
0.01 211647
0.07 207203
0.17 205508
0.18 204842
0.18 199609
0.18 199350
0.18 198547
0.21 198102
0.21 198068
0.26 197896
0.27 196075
0.34 192873
0.34 192164
0.35 190789
0.35 187941
0.36 186923
0.43 185793
0.51 185577
0.51 184095
0.51 181453
0.51 180520
0.51 175364
0.68 175146
0.69 174754
0.69 173097
0.69 171583
0.70 169913
0.72 167240
0.78 166983
0.85 166879
0.86 165878
0.86 164242
0.87 161293
0.88 159903
0.91 159810
0.98 157831
1.03 154711
1.04 153745
1.04 153088
1.05 152301
1.07 151811
1.14 151431
1.20 151231
1.20 146613
1.23 146344
1.27 144128
1.38 143399
1.38 140438
1.40 139306
1.41 139093
1.45 138303
1.45 137665
1.55 136817
1.55 135633
1.55 132847
1.61 132726
1.71 132680
1.71 132246
1.71 131763
1.71 131673
1.72 131183
1.73 130843
1.73 129853
1.73 126901
1.84 126775
1.88 125494
1.88 124988
1.88 123221
1.90 122627
2.05 120913
2.07 119643
2.08 118265
2.13 117341
2.21 116581
2.21 116086
2.22 115814
2.22 114884
2.26 114492
2.28 114099
2.33 113679
2.38 113562
2.38 113445
2.38 113273
2.38 112060
2.40 111589
2.40 111398
2.41 110982
2.45 110785
2.54 110770
2.54 109587
2.55 108956
2.55 108152
2.59 108009
2.59 107912
2.66 105422
2.72 104762
2.73 103141
2.74 102431
2.86 101732
2.88 99950
2.90 98748
3.05 97794
3.06 96360
3.21 96338
3.23 95522
3.23 95380
3.23 94702
3.23 94536
3.23 94106
3.39 93628
3.39 93603
3.40 93036
3.41 92866
3.42 91961
3.57 91149
3.58 90622
3.59 90389
3.72 89345
3.74 88839
3.74 88741
3.75 88105
3.76 87676
3.85 87322
3.91 85750
3.98 84758
4.08 84273
4.08 82798
4.16 81919
4.25 81891
4.26 81404
4.26 80565
4.32 80412
4.37 79959
4.41 79570
4.41 78362
4.44 78224
4.47 78216
4.59 77321
4.59 76847
4.75 75673
4.92 74433
4.94 74011
5.03 73871
5.09 72613
5.15 72079
5.27 71862
5.28 71049
5.30 71044
5.30 70954
5.44 70419
5.49 70059
5.51 69696
5.56 69292
5.61 68619
5.61 68262
5.64 68201
5.73 68034
5.78 67549
5.78 67519
5.78 67218
5.79 67170
5.79 67057
5.94 67010
5.97 66963
5.99 66546
6.02 66193
6.12 66149
6.15 66076
6.16 65987
6.17 65520
6.23 65095
6.30 65051
6.30 64594
6.33 64143
6.39 63668
6.45 63355
6.48 62661
6.68 62471
6.72 62241
6.73 61631
6.83 61587
6.83 61267
6.86 61149
6.97 61105
6.97 60855
7.04 60785
7.14 60595
7.18 60472
7.26 60279
7.32 60232
7.39 59744
7.57 59661
7.66 59255
7.72 58655
7.82 58249
7.82 58149
7.92 57915
8.01 57647
8.08 57625
8.18 57357
8.19 57331
8.28 57204
8.43 56983
8.54 56866
8.64 56506
18.89 55846
19.10 55424
19.30 54995
19.32 54621
19.46 54329
19.47 54192
32.83 54012