0.00 551112
0.01 537349
0.39 536301
0.39 532832
0.39 528809
0.40 526290
0.40 523197
0.40 521498
0.46 519624
0.49 519361
0.64 517162
0.66 515908
0.77 515742
0.77 508742
0.77 506300
0.79 502290
0.86 493117
1.12 490932
1.12 488662
1.12 483888
1.13 482089
1.15 475993
1.40 475945
1.42 472903
1.50 469665
1.50 468774
1.50 466753
1.52 466476
1.52 458008
1.60 456307
1.63 456058
1.83 455593
1.89 448013
1.91 447453
1.91 442626
1.92 438469
2.28 434180
2.29 433394
2.30 432373
2.32 428748
2.33 426042
2.34 424638
2.51 423143
2.61 422618
2.65 421146
2.65 414293
2.67 412938
2.68 411590
2.81 409572
3.02 409101
3.02 408595
3.02 404520
3.03 403297
3.06 403294
3.07 397145
3.10 396677
3.39 393697
3.40 390664
3.41 389867
3.42 387239
3.51 386988
3.57 384734
3.68 381286
3.78 380502
3.78 376548
3.81 376141
3.82 374804
3.84 372961
4.05 371969
4.17 369900
4.18 369891
4.19 367671
4.21 366824
4.22 366072
4.22 363420
4.24 356619
4.54 355839
4.54 352807
4.55 350156
4.56 348610
4.72 348298
4.84 345091
4.92 340212
4.93 339946
4.94 339944
4.96 339679
4.96 339150
4.97 338406
5.01 338339
5.04 336027
5.05 335493
5.18 334377
5.30 333343
5.31 323115
5.68 321974
5.68 319274
5.69 317218
5.80 316430
5.86 313677
6.06 313675
6.06 313656
6.06 312101
6.06 311208
6.08 310670
6.11 309023
6.14 304688
6.43 300297
6.44 298900
6.69 297765
6.78 297522
6.80 297414
6.81 293988
6.84 293433
6.91 291958
7.03 291442
7.07 289561
7.18 288286
7.19 287676
7.19 280693
7.19 280068
7.55 278436
7.56 277990
7.58 276357
7.60 274520
7.62 273316
7.76 272171
7.93 272083
7.93 268673
7.98 267364
7.99 266570
8.03 265419
8.30 263866
8.31 259323
8.33 258916
8.55 258507
8.66 256865
8.66 256822
8.67 255086
8.69 255084
8.69 254941
8.69 253265
8.84 253109
8.88 252625
9.05 247723
9.10 247188
9.30 245135
9.44 245113
9.45 243313
9.45 240730
9.47 239835
9.57 238534
9.81 235851
9.82 234833
9.87 234680
9.87 233818
9.91 233047
9.93 231093
10.19 230064
10.19 228176
10.20 227570
10.27 227559
10.28 225793
10.56 223933
10.66 223422
10.67 223334
10.70 220609
10.93 220493
10.93 215091
11.31 215044
11.31 214812
11.32 213577
11.32 210759
11.41 209543
11.70 205316
12.06 205001
12.07 203167
12.11 202149
12.15 201960
12.22 199471
12.44 198475
12.44 198042
12.50 197641
12.54 195718
12.83 194958
12.84 192761
12.85 190997
13.20 190871
13.20 189927
13.21 188780
13.23 188678
13.26 188089
13.31 187830
13.46 187448
13.57 185957
13.62 184752
13.66 184531
13.83 184427
13.97 183311
14.01 182311
14.03 181519
14.06 180094
14.30 180012
14.30 179992
14.31 179812
14.32 178415
14.38 176927
14.48 176393
14.67 175333
14.68 173077
15.05 172104
15.08 172052
15.08 171697
15.09 171646
15.11 171522
15.12 170974
15.15 170336
15.28 169561
15.32 168745
15.43 168507
15.44 168170
15.44 166407
15.60 165578
15.79 165491
15.80 165453
15.80 165228
15.81 164158
15.92 163292
16.12 162837
16.15 162682
16.16 161953
16.22 159316
16.54 159290
16.55 158523
16.63 158291
16.65 157763
16.65 156997
16.91 156324
16.94 155540
17.08 153499
17.30 153257
17.33 152790
17.37 151370
17.68 151172
17.68 149899
17.76 149070
18.05 147834
18.09 146350
18.43 146287
18.44 145833
18.45 144719
18.79 144293
18.82 144187
18.83 143321
18.84 142662
18.97 142177
19.20 142047
19.21 139891
19.52 139594
19.69 139330
19.71 137969
19.94 136426
20.07 135752
20.37 135193
20.37 134752
20.40 134259
20.71 133696
20.73 133466
20.81 133192
20.98 133091
20.99 132668
21.15 131936
21.23 131608
21.34 131458
21.43 131155
21.51 130665
21.70 130416
21.84 129222
22.13 128740
22.22 127546
22.45 126960
22.68 126660
22.73 126626
22.85 126044
23.02 125870
23.04 124876
23.17 124416
23.40 124242
23.53 123416
23.69 123248
23.73 122901
24.07 122527
24.11 122263
24.16 122184
24.47 121452
24.85 121078
24.86 120815
24.98 120525
25.12 120427
25.21 119244
25.61 119236
25.66 119199
25.67 118452
25.73 118451
26.02 117951
26.19 117331
26.44 116768
26.64 116694
26.77 116131
27.18 115797
27.27 115733
27.52 115671
27.58 115451
27.89 115377
28.04 115117
28.25 114974
28.25 114756
28.30 113534
28.68 113471
28.69 113367
28.92 112349
29.04 112162
29.67 112088
29.67 111361
30.03 111281
30.18 110920
30.57 110803
30.65 109900
30.91 109314
31.39 109165
45.86 108196
73.32 108187
73.44 108142
73.56 108125
73.72 107643