0.00 560831
0.00 553660
0.00 550982
0.03 549559
0.05 546899
0.05 545054
0.13 543180
0.24 542728
0.39 541880
0.39 537409
0.40 531586
0.42 523563
0.75 519887
0.78 515654
0.78 514600
0.78 513762
0.79 512321
0.80 508173
0.80 504861
0.83 497546
1.15 494949
1.15 494338
1.15 488449
1.15 486019
1.16 484844
1.17 481603
1.20 480319
1.52 471228
1.53 469523
1.55 464305
1.68 463045
1.90 461576
1.90 461064
1.91 460532
1.92 457643
1.92 454227
1.92 453912
1.93 451104
1.98 449947
1.98 446590
2.28 444358
2.28 442309
2.29 440109
2.29 437999
2.30 435940
2.34 430205
2.65 424858
2.67 423724
2.70 422654
2.71 421207
2.79 418036
2.82 417739
3.03 409107
3.09 407690
3.16 405570
3.28 403864
3.42 399269
3.43 393347
3.57 393179
3.61 392011
3.64 390833
3.76 390399
3.80 390398
3.80 387242
3.81 387146
3.81 384221
3.82 382818
3.83 382400
3.84 378230
3.84 377368
4.17 367972
4.25 365920
4.42 365199
4.54 357812
4.55 357554
4.61 356567
4.89 356102
4.90 355848
4.91 354554
4.92 352879
4.92 352398
4.92 350912
4.93 348816
4.94 348282
4.96 341374
5.30 341277
5.30 339661
5.30 337100
5.30 332760
5.38 332206
5.38 327880
5.45 326685
5.68 325007
5.68 322861
5.68 322778
5.68 319297
5.71 317757
5.78 317389
6.06 316966
6.06 314720
6.06 313756
6.08 310611
6.11 310571
6.15 304584
6.44 303800
6.44 297196
6.56 296472
6.83 295402
6.83 292017
6.83 288846
6.86 287858
6.89 282978
7.20 279455
7.21 277011
7.29 276160
7.59 272561
7.60 270926
7.61 268515
7.96 267664
7.96 267111
7.97 266841
7.98 265262
7.99 261697
8.03 258143
8.33 257610
8.33 256369
8.34 255355
8.37 253960
8.39 251566
8.52 251565
8.67 245445
8.71 245427
8.71 242657
8.72 242276
8.73 242137
8.74 241919
8.76 240433
8.93 238766
9.07 237586
9.07 236992
9.09 236246
9.16 233318
9.19 230418
9.45 229471
9.46 226123
9.58 224508
9.71 224460
9.79 223600
9.84 223212
9.84 222837
9.85 220606
9.89 220293
9.93 217690
10.21 216618
10.21 215998
10.21 214237
10.22 213604
10.23 211537
10.59 210929
10.60 209552
10.60 208244
10.67 207451
10.72 205787
10.98 205769
10.99 204578
11.00 204267
11.02 204092
11.03 203829
11.04 201743
11.19 201701
11.35 200333
11.41 198552
11.71 198319
11.75 197632
11.75 196133
11.79 193663
12.13 192216
12.15 192017
12.15 191414
12.19 191192
12.22 190511
12.27 190489
12.42 189726
12.43 189619
12.50 189293
12.51 188910
12.52 187935
12.55 185851
12.87 183077
12.92 181920
13.24 181783
13.25 181393
13.25 179617
13.29 179449
13.55 178394
13.61 176872
13.65 176702
13.67 176198
13.92 175876
13.93 174099
13.97 172775
13.99 171628
14.05 171581
14.06 171556
14.07 171296
14.32 171076
14.34 171075
14.37 170746
14.37 170459
14.39 168042
14.47 167927
14.55 167532
14.75 166866
14.76 166655
14.78 165937
14.79 165483
14.90 165229
15.11 164302
15.13 164213
15.17 163342
15.22 163259
15.33 161606
15.50 161269
15.50 160850
15.50 160174
15.52 159088
15.74 159063
15.88 158757
15.90 157105
16.25 156092
16.28 155940
16.28 154585
16.62 154354
16.63 154279
16.64 153598
16.69 153267
17.00 152390
17.01 151874
17.02 151587
17.32 151050
17.34 151029
17.38 150961
17.39 149209
17.69 149088
17.72 149085
17.74 148842
17.75 147993
17.79 146070
18.11 144021
18.48 143916
18.48 143691
18.52 142824
18.72 142133
18.86 142100
18.88 141822
18.90 141744
19.02 140939
19.14 140937
19.19 140659
19.26 139954
19.32 139757
19.35 138800
19.66 138387
19.73 138032
19.75 138025
19.78 137698
20.01 137552
20.06 137315
20.08 136866
20.29 136722
20.34 134549
20.38 134508
20.45 133669
20.50 133510
20.61 132666
20.77 132132
20.84 132057
20.85 131939
20.90 131469
21.14 129589
21.53 129583
21.54 128595
21.88 127891
21.94 127763
22.06 127668
22.22 127573
22.23 126195
22.72 125268
23.01 124889
23.10 124563
23.20 124502
23.25 124218
23.37 123327
23.38 121777
23.74 121352
23.91 121329
23.92 120876
24.14 120730
24.16 119402
24.50 119271
24.52 118931
24.72 118570
24.90 117776
25.24 117601
25.25 117545
25.36 116429
25.64 116209
25.65 115763
25.79 115145
26.14 115051
26.17 114674
26.18 114555
26.34 114519
26.39 114084
26.78 114083
26.95 112159
27.11 111532
27.41 111363
27.47 111316
27.49 111232
27.49 110938
27.74 110614
27.90 110091
27.96 109875
28.24 109744
28.41 109348
28.77 108721
29.01 108720
29.42 108685
29.52 108394
29.79 107969
29.86 106785
37.74 106722
38.12 106552
38.23 104743
38.68 104729
38.71 104716
52.32 104697
52.57 104435
52.82 104346
53.33 104246
53.79 103890
54.11 103798
54.18 103777
158.12 103402
158.42 103240
168.74 102741
169.47 102628