0.00 536577
0.00 534327
0.00 531274
0.00 529867
0.01 522904
0.07 520837
0.12 518053
0.22 516983
0.37 516093
0.37 507367
0.38 507149
0.40 500115
0.41 496505
0.47 495230
0.58 493802
0.73 492997
0.73 492386
0.73 482517
0.74 480341
0.77 476536
0.90 475434
1.01 473543
1.10 470999
1.10 468937
1.11 460573
1.11 459315
1.12 455639
1.36 451140
1.47 450914
1.47 445524
1.47 441663
1.49 438158
1.74 435406
1.83 434503
1.84 434335
1.84 434200
1.84 433692
1.85 427111
1.88 426730
1.89 425457
1.91 421791
2.05 417502
2.19 417369
2.20 415679
2.20 415447
2.20 410345
2.22 404205
2.56 396588
2.61 395857
2.62 393061
2.72 387418
2.93 387099
2.93 384663
2.93 380124
2.94 377722
3.04 375348
3.18 372176
3.30 371537
3.30 369062
3.31 365650
3.32 364644
3.35 363883
3.35 359588
3.67 358740
3.67 356611
3.68 351529
3.74 351005
3.74 345944
3.75 345878
4.02 343581
4.03 340171
4.06 338056
4.10 333808
4.22 333162
4.40 329965
4.40 329692
4.40 328357
4.42 327450
4.42 325690
4.51 321778
4.77 320937
4.78 319187
4.79 316594
4.82 316496
4.83 316281
4.88 315769
4.97 313779
5.05 310260
5.13 307295
5.16 304666
5.18 304234
5.46 304112
5.50 303560
5.51 301627
5.51 301485
5.52 299582
5.53 298103
5.57 294416
5.57 292042
5.88 286903
5.90 286226
5.99 281392
6.24 278272
6.25 278004
6.28 277796
6.29 275559
6.48 274723
6.58 274593
6.62 274582
6.62 274107
6.62 269415
6.63 269190
6.71 268609
6.98 262425
7.02 260780
7.35 259888
7.35 259553
7.36 257038
7.38 254111
7.72 253192
7.73 252919
7.73 251680
7.74 248863
7.79 248802
8.09 243958
8.12 243665
8.46 240669
8.47 238846
8.51 238736
8.52 238613
8.56 238538
8.59 236747
8.81 233751
8.82 233571
8.82 230342
9.16 227477
9.17 226734
9.21 225082
9.51 223072
9.52 221741
9.53 221447
9.53 220929
9.54 219677
9.56 218993
9.65 218143
9.71 217893
9.88 217507
9.89 216876
9.89 216529
9.91 214183
10.24 213372
10.27 210580
10.34 210361
10.48 209176
10.61 209156
10.61 208478
10.62 208173
10.65 207884
10.68 206323
10.70 205888
10.73 202580
10.98 201190
11.01 199702
11.08 199552
11.09 199292
11.35 197961
11.38 197120
11.42 195090
11.64 194363
11.73 193790
11.73 192191
11.81 186186
12.11 185994
12.12 184516
12.17 183333
12.48 183329
12.48 181917
12.56 181356
12.63 181259
12.64 181010
12.65 180602
12.69 179511
12.83 179125
12.86 178463
12.88 178367
12.93 178228
12.96 176680
13.05 175877
13.23 174106
13.25 172955
13.45 172600
13.59 172125
13.61 172050
13.62 169177
13.98 167318
14.05 165270
14.35 164821
14.38 162819
14.50 161667
14.72 160523
14.75 160015
14.81 159495
14.90 159292
15.10 159288
15.10 158582
15.10 157230
15.26 157120
15.47 156410
15.50 156044
15.52 153953
15.84 152639
15.87 152094
15.98 151891
16.23 151189
16.28 149842
16.42 149407
16.61 148830
16.62 148807
16.66 147548
16.66 146940
16.83 146458
16.99 145575
17.01 145175
17.07 144871
17.19 144064
17.32 143758
17.37 143236
17.39 143130
17.41 142997
17.48 142658
17.56 142200
17.79 142008
17.81 141545
17.83 140530
17.99 140341
18.13 139518
18.20 139343
18.41 137979
18.49 136912
18.50 136392
18.69 135930
18.86 135816
18.86 134863
19.06 134343
19.21 134208
19.26 133963
19.27 133931
19.41 133655
19.48 133520
19.52 133321
19.54 132898
19.62 132850
19.66 132486
19.73 131822
19.85 131645
19.97 131519
20.00 130907
20.08 130835
20.21 130578
20.36 130134
20.38 129817
20.41 129502
20.73 129186
20.75 128679
21.09 127433
21.36 127193
21.52 126568
21.60 126171
21.83 125649
21.90 125392
22.13 123345
22.27 122903
22.32 122901
22.52 122595
22.55 122568
22.56 122466
22.56 122436
22.59 122414
22.73 121857
23.01 121185
23.34 120541
23.82 120138
23.82 120074
23.98 119941
24.11 119914
24.11 119749
24.16 119538
24.20 118820
24.51 118651
24.60 118629
24.71 118408
24.80 118350
24.89 118282
24.93 118273
24.98 118249
25.16 117846
25.34 117818
25.70 117507
25.94 117315
26.03 115852
26.38 115564
26.66 115449
26.67 115116
27.03 114413
27.24 114346
27.35 113650
27.43 112915
27.43 112880
27.80 112809
28.06 112788
28.09 112768
28.20 112033
28.53 111882
28.61 111398
29.00 111207
29.07 111134
29.08 110659
29.26 110482
29.27 109956
29.65 109764
30.10 109587
30.56 109436
30.59 109192
31.01 109188
46.21 108996
46.76 108954
46.80 108370
52.26 107900
52.85 107769
53.08 107726
53.39 107393