0.00 589319
0.00 584157
0.01 582659
0.02 581772
0.02 579636
0.02 574622
0.07 569590
0.10 568944
0.21 567548
0.27 565083
0.38 564320
0.38 562497
0.38 556355
0.39 553500
0.40 551941
0.40 549923
0.40 548854
0.50 546230
0.56 542939
0.75 540713
0.75 534871
0.76 529259
0.77 525138
1.03 523900
1.09 523407
1.13 522846
1.13 522038
1.13 520519
1.13 516297
1.13 512151
1.13 510088
1.14 509901
1.14 508066
1.37 504526
1.42 503488
1.50 501458
1.50 493162
1.51 492818
1.53 491793
1.53 488003
1.61 484449
1.65 482495
1.87 474538
1.88 474308
1.89 472484
1.95 469165
1.97 467677
2.00 466458
2.08 465669
2.25 457600
2.27 450821
2.32 450694
2.32 449969
2.61 447408
2.62 444801
2.62 444731
2.63 442635
2.63 442425
2.65 439614
2.65 435121
2.76 434927
2.87 434667
2.99 428518
2.99 428414
3.00 428181
3.00 428135
3.01 421897
3.13 420987
3.29 419825
3.37 417125
3.37 415029
3.37 412892
3.37 411918
3.38 409487
3.39 406685
3.74 406679
3.74 397202
3.78 396793
3.81 391643
4.11 390897
4.11 387934
4.12 385138
4.13 382397
4.37 379541
4.40 376224
4.49 376124
4.49 376061
4.49 369692
4.51 368155
4.57 364968
4.66 362204
4.86 358441
4.87 356692
4.92 349576
5.22 341798
5.27 341502
5.41 341046
5.45 338320
5.59 337710
5.59 335890
5.60 330662
5.70 330396
5.94 328598
5.97 328057
5.97 324470
5.97 324439
5.98 322090
6.01 321825
6.01 319111
6.21 316496
6.33 315110
6.34 311595
6.37 311284
6.38 305623
6.45 305011
6.72 302067
6.72 301967
6.73 298810
6.79 297161
6.86 296974
7.09 294963
7.11 293736
7.11 291176
7.15 288444
7.47 284998
7.48 284752
7.50 283893
7.56 282328
7.60 281165
7.60 280786
7.86 280103
7.86 278488
7.86 277926
7.90 277497
7.91 276643
7.91 275322
7.96 274502
7.99 271642
8.23 267938
8.25 267499
8.32 266764
8.37 263681
8.61 257176
8.76 257080
9.00 254790
9.01 253696
9.03 252715
9.21 251053
9.37 250782
9.38 248480
9.41 246502
9.42 245979
9.44 245656
9.54 244904
9.75 241512
9.77 240987
9.85 240409
9.87 239370
9.93 238849
10.13 238448
10.13 236216
10.15 235324
10.17 234091
10.19 232082
10.49 231396
10.49 230628
10.50 230477
10.51 229692
10.53 229182
10.57 228636
10.64 227587
10.72 226719
10.86 226680
10.86 226506
10.87 224986
10.87 224632
10.89 222585
11.10 219907
11.24 218736
11.25 216339
11.27 216074
11.32 215899
11.46 215209
11.59 212566
11.62 211876
11.69 211378
11.91 210779
11.97 209957
11.97 209753
11.99 209353
12.00 207161
12.30 206862
12.35 205890
12.36 202854
12.43 201407
12.71 200700
12.72 200564
12.72 199323
12.74 198689
12.75 197789
12.81 197788
13.07 197707
13.08 196178
13.10 196045
13.11 195769
13.12 195239
13.17 194555
13.25 193032
13.31 192862
13.45 192785
13.46 192635
13.47 189908
13.82 189147
13.82 188264
13.97 186290
14.19 186010
14.20 185215
14.20 183741
14.22 181951
14.55 178427
14.92 177769
14.92 177396
14.98 175524
15.13 175035
15.30 174727
15.33 174229
15.37 173825
15.39 172285
15.39 171802
15.66 171095
15.66 169720
15.99 169052
16.02 167954
16.06 167728
16.11 167091
16.15 166711
16.40 164869
16.49 164170
16.78 163141
16.81 163095
16.94 162718
16.97 161267
17.17 160678
17.23 159239
17.55 158401
17.58 158331
17.58 156690
17.91 156197
17.95 156004
18.03 155523
18.09 154608
18.30 154317
18.32 154184
18.34 154065
18.35 153424
18.65 152982
18.68 151786
18.71 151683
18.71 150961
19.02 150145
19.14 150138
19.35 149641
19.41 149282
19.44 148825
19.57 148415
19.71 147198
19.79 145193
19.92 143117
20.15 141891
20.25 141628
20.54 141406
20.55 140279
20.93 139956
20.95 139706
20.98 139589
20.99 138481
21.30 138348
21.31 138305
21.31 138279
21.39 137882
21.40 137823
21.40 137492
21.44 137314
21.64 137068
21.71 137032
21.78 136514
21.85 135617
22.03 135406
22.10 134959
22.15 134818
22.30 134391
22.40 132211
22.81 131714
22.82 131406
22.83 131388
22.83 130887
22.95 130206
23.17 129394
23.54 128931
23.59 128708
23.61 128231
23.90 127709
23.96 127541
23.96 127381
24.07 126907
24.29 126740
24.30 126667
24.32 126620
24.34 126097
24.35 125701
24.72 125204
24.75 124878
25.06 124711
25.07 124220
25.08 124188
25.43 123726
25.56 123725
25.56 123378
25.82 122915
25.96 122692
26.20 122657
26.21 121921
26.60 121116
26.79 120625
26.96 120090
27.39 119767
27.41 119594
27.90 118519
28.07 118360
28.11 118271
28.31 118090
28.48 118060
28.50 117842
28.76 117768
28.83 117305
28.93 117169
29.21 117139
29.23 116989
29.31 116949
29.49 116706
29.64 116630
29.70 116505
30.03 116469
30.07 116325
30.30 116285
30.42 116258
30.53 116105
30.72 116070
30.79 115818
31.08 115685
31.31 115616
45.38 113074
45.95 112928
45.97 112890
46.08 112238
46.35 112208
46.41 112079
46.47 111924
46.89 111827
46.91 110075
47.41 109856
47.56 109534
47.58 108731
47.91 108704
48.06 108657
48.20 108392
48.33 107528
48.91 107239
49.30 107212
49.42 106624
49.88 106597
50.09 106087
50.57 106060
50.64 106013