0.00 568186
0.00 568173
0.00 568150
0.01 560818
0.01 553532
0.02 552304
0.11 550375
0.12 548680
0.25 546667
0.37 540033
0.38 535154
0.43 533678
0.52 532827
0.58 530016
0.61 523362
0.74 523079
0.74 514038
0.75 509098
0.82 504353
0.95 500858
1.01 499976
1.12 498604
1.12 496932
1.13 496910
1.13 493010
1.14 485216
1.14 480310
1.49 480177
1.49 479938
1.50 474968
1.50 466046
1.58 465009
1.85 464914
1.87 461863
1.87 461052
1.88 460949
1.88 456618
1.88 455418
1.89 451270
1.90 450650
2.24 442434
2.26 440267
2.30 431641
2.61 427973
2.61 423963
2.63 423425
2.66 422109
2.67 418166
2.68 417006
2.98 413625
2.98 407674
2.98 406174
3.05 405094
3.12 401939
3.36 401380
3.36 400504
3.36 397098
3.37 392610
3.63 391264
3.72 386433
3.74 384243
3.75 382196
3.81 380357
4.08 379698
4.08 375753
4.10 374901
4.12 370366
4.46 370096
4.46 364315
4.50 363759
4.50 361132
4.58 349339
4.83 346830
4.84 346801
4.84 345809
4.84 345181
4.85 343808
4.88 342916
4.90 340500
4.93 336435
5.22 333811
5.22 333736
5.22 332607
5.22 332471
5.23 330341
5.24 330211
5.26 321121
5.60 314971
5.64 312809
5.96 311178
5.96 310540
5.98 306190
6.07 306169
6.09 304341
6.33 304326
6.34 294258
6.47 293858
6.70 287913
6.74 287527
6.76 286358
7.08 285890
7.08 284331
7.09 281903
7.10 281601
7.16 280027
7.30 279806
7.46 279348
7.47 279242
7.47 278209
7.49 276563
7.50 272880
7.63 271813
7.72 271676
7.83 268961
7.85 264881
7.96 263630
8.21 263086
8.21 262856
8.22 258884
8.27 258116
8.29 257803
8.39 257299
8.55 257020
8.58 256346
8.59 255089
8.59 254622
8.60 254433
8.61 252481
8.65 252186
8.70 250698
8.95 244912
9.20 242590
9.33 241277
9.35 239184
9.35 238421
9.47 238051
9.58 237134
9.70 236515
9.70 235078
9.72 234892
9.74 231603
9.78 231500
9.85 229332
10.10 227493
10.15 226528
10.17 226222
10.21 226005
10.24 225019
10.29 224140
10.43 220948
10.45 220897
10.50 220519
10.57 220058
10.75 219627
10.81 218758
10.81 217364
10.87 216822
10.89 215993
10.90 215943
11.18 215481
11.19 214436
11.20 213736
11.25 213357
11.25 212632
11.36 211819
11.56 211202
11.57 209743
11.58 209465
11.60 208595
11.72 206305
11.91 204630
11.91 203063
11.99 202570
12.31 200360
12.43 199944
12.45 198949
12.47 195779
12.66 192537
12.69 192334
12.92 191476
13.03 188844
13.08 188496
13.09 187712
13.36 187032
13.40 186457
13.40 186452
13.40 186148
13.42 184475
13.51 184450
13.58 183411
13.65 182677
13.77 182097
13.78 181636
13.82 180760
13.88 179421
13.97 175651
14.14 174767
14.22 171908
14.50 171836
14.50 171801
14.51 171619
14.52 171576
14.52 170624
14.52 169720
14.77 168840
14.88 168652
14.88 168636
14.89 168471
14.89 168251
14.90 167699
14.95 166378
15.26 166267
15.27 166009
15.31 164439
15.34 164191
15.44 163398
15.65 162913
15.66 160772
16.02 160665
16.02 159294
16.17 157516
16.26 157114
16.39 157007
16.44 156436
16.59 155186
16.78 154508
16.84 154422
16.84 152629
16.88 152076
17.08 151994
17.15 151314
17.21 148884
17.53 147547
17.69 146719
17.91 145111
18.09 144529
18.26 142342
18.68 142040
18.74 141410
18.80 140874
18.99 140693
19.03 139124
19.09 139012
19.37 137802
19.47 137448
19.73 136661
19.79 135088
20.13 135025
20.14 134786
20.22 134385
20.38 134075
20.52 132910
20.86 130923
21.26 129899
21.68 128311
21.98 128149
22.03 127059
22.04 126401
22.39 125917
22.70 125721
22.81 125530
22.83 125018
23.17 124955
23.29 124530
23.30 124313
23.47 124051
23.64 123682
23.65 123592
23.67 123393
23.78 123374
23.91 123361
23.94 122494
24.01 121993
24.37 120385
24.51 120300
24.65 119580
24.90 119235
25.09 119044
25.12 118600
25.15 118196
25.20 117684
25.44 116773
25.70 116645
25.83 115555
26.19 114956
26.54 114943
26.65 114691
26.76 114472
26.76 114272
27.03 113637
27.04 112988
27.28 112428
27.46 112283
27.61 112092
27.66 111499
27.76 111372
28.00 110888
28.08 110714
28.38 110698
28.44 110412
28.46 110079
28.48 109994
28.75 109359
29.17 108796
29.73 108210
30.01 108185
30.33 107947
30.43 107882
48.33 107762
48.42 107227
48.62 107214
48.71 106985
49.15 106943
49.58 106783
49.67 106084
50.08 105951