0.00 526623
0.00 526140
0.07 517779
0.08 513095
0.38 511473
0.38 509785
0.38 508107
0.39 506650
0.39 503396
0.39 502046
0.43 500088
0.44 497947
0.44 495659
0.52 492123
0.74 491574
0.74 479635
0.76 477260
0.77 476535
0.81 475715
0.88 473917
1.11 470267
1.12 466921
1.13 459059
1.14 457005
1.46 456823
1.48 453449
1.49 452005
1.49 451488
1.50 450460
1.50 449200
1.52 448073
1.54 445961
1.64 444536
1.64 442840
1.68 441567
1.78 436321
1.85 432679
1.85 431460
1.85 426895
1.90 422156
1.97 420512
2.17 419696
2.21 419469
2.21 417901
2.22 417684
2.22 415430
2.23 414701
2.23 413507
2.24 408218
2.31 405308
2.45 405152
2.48 402840
2.59 402086
2.59 399008
2.59 387748
2.95 386385
2.95 385477
2.96 385405
2.96 385230
2.97 385138
2.97 383318
2.97 380164
2.98 378779
3.01 378143
3.34 376372
3.34 374388
3.34 370028
3.60 363910
3.71 361836
3.71 356676
3.73 355735
3.83 351149
3.97 350906
4.08 350221
4.08 347489
4.08 346411
4.09 345272
4.13 342839
4.24 336213
4.45 336004
4.46 334618
4.46 330509
4.52 330023
4.62 329717
4.74 323535
4.82 317478
4.87 316198
4.98 315993
5.18 315605
5.19 314279
5.19 310964
5.26 308988
5.27 308739
5.34 306467
5.56 305396
5.56 304203
5.58 302209
5.58 302203
5.59 300671
5.80 300161
5.86 299627
5.93 297685
5.93 295253
5.96 295200
5.96 290825
6.31 287357
6.34 285714
6.35 285512
6.36 284721
6.37 283913
6.42 283283
6.49 282819
6.68 281483
6.69 281426
6.70 281259
6.72 279098
6.74 277708
6.77 276386
7.05 275341
7.05 273136
7.07 271852
7.18 269586
7.18 264701
7.42 264609
7.42 263955
7.43 260821
7.46 260274
7.48 259508
7.62 258715
7.68 257789
7.79 257368
7.79 257043
7.79 253414
7.87 253351
7.87 250720
8.15 248958
8.15 247523
8.23 246649
8.36 245609
8.44 244734
8.54 244716
8.54 243341
8.55 242755
8.56 241631
8.57 240854
8.69 239421
8.88 239030
8.91 234895
8.99 233560
9.29 232883
9.30 232360
9.30 231969
9.32 230457
9.33 229764
9.37 228957
9.40 228102
9.66 227894
9.66 226404
9.66 226308
9.68 223664
9.73 223535
9.95 222909
9.95 221236
10.04 220485
10.07 219469
10.09 216739
10.32 215923
10.40 211852
10.41 211320
10.51 210730
10.77 209409
10.83 209007
10.86 206844
10.90 206233
11.15 205307
11.15 200815
11.54 198585
11.55 196929
11.63 196744
11.82 195391
11.89 194845
11.89 194303
11.93 194160
11.95 193777
11.98 193545
11.99 191320
12.30 188187
12.65 187183
12.65 187086
12.66 186764
12.73 186155
12.74 185538
12.85 184753
13.02 183980
13.04 183001
13.04 182804
13.05 181418
13.16 181336
13.17 180378
13.39 179374
13.39 176961
13.77 176228
13.80 176219
13.84 175974
13.87 175900
13.88 175721
13.97 174929
14.18 174382
14.18 173089
14.19 172980
14.25 172741
14.51 170428
14.65 169379
14.87 168239
14.87 167612
14.90 166781
14.99 165499
15.24 165462
15.26 164332
15.29 163853
15.30 163833
15.32 161275
15.62 159609
15.63 159429
15.75 159323
15.83 157856
15.98 157452
15.98 156809
16.12 155999
16.34 154392
16.46 154330
16.47 154232
16.57 154047
16.71 153337
16.79 152580
16.82 152543
16.92 152003
16.93 151841
17.10 151228
17.11 150172
17.27 149785
17.46 149288
17.47 148750
17.60 148057
17.81 147685
17.95 147624
17.97 146841
18.03 146391
18.10 145657
18.19 145335
18.19 144819
18.19 143943
18.43 142719
18.61 142577
18.62 140961
18.94 140629
19.04 139444
19.05 139381
19.30 139169
19.38 138451
19.44 138440
19.69 138017
19.69 137613
19.70 137123
19.83 137017
20.01 136923
20.05 135993
20.19 135707
20.33 135432
20.45 134577
20.74 134231
20.81 133691
20.81 132808
21.14 132562
21.20 132491
21.25 132431
21.29 132412
21.32 130781
21.54 130257
21.69 129680
21.93 129043
21.96 128612
22.30 127416
22.44 126923
22.65 126481
23.04 126050
23.19 125058
23.39 123862
23.78 123439
24.28 123368
24.32 123365
24.34 123290
24.46 122848
24.58 122627
24.58 122210
24.65 121630
24.78 121480
24.94 121168
25.09 120842
25.28 120836
25.28 119671
25.65 118916
25.69 118833
25.76 118453
25.96 118391
26.02 118348
26.04 118098
26.33 117831
26.77 117786
26.86 116993
27.15 114519
27.47 114078
27.85 113976
27.92 113870
28.38 113362
30.42 113228
31.22 113227
31.48 113182
32.04 112990
32.76 112353
33.00 112248
33.34 112177
37.87 111899
38.31 111837
38.60 111810
38.80 111662
56.90 110730
57.25 110355
57.67 110299
57.71 110197
57.85 109562
58.22 109461
58.23 109457
58.81 109355
58.85 108820
59.21 108785
59.23 108749
59.30 108686
59.66 107946
60.51 107746
60.73 106432