0.00 559811
0.01 558867
0.01 552127
0.02 547409
0.11 547178
0.12 543452
0.15 543126
0.39 541201
0.40 536547
0.40 531213
0.41 529943
0.42 527580
0.50 525534
0.59 522391
0.76 520956
0.77 519516
0.77 515022
0.77 511811
0.79 505783
0.80 502285
1.09 499346
1.14 498035
1.14 496608
1.14 495871
1.15 495660
1.15 494529
1.16 486467
1.18 486173
1.26 485885
1.32 478611
1.38 478053
1.50 472962
1.51 467766
1.52 466338
1.52 459780
1.87 459060
1.87 457497
1.87 446556
1.94 444578
1.98 443732
2.24 441408
2.24 441044
2.24 440131
2.25 439064
2.25 439050
2.26 438962
2.27 434349
2.28 428194
2.59 424304
2.60 424034
2.60 423971
2.61 418865
2.64 418582
2.65 411686
2.96 410444
2.96 408156
2.97 407986
2.97 406354
2.98 406346
2.98 403676
2.99 401425
3.00 401002
3.08 400842
3.16 399330
3.32 396904
3.33 396277
3.33 393840
3.33 393670
3.33 392272
3.35 387860
3.48 385315
3.69 385161
3.69 381617
3.69 381363
3.70 380106
3.70 375528
3.73 375063
3.80 374025
3.98 370533
4.06 370329
4.06 370302
4.06 368997
4.06 363260
4.10 362629
4.10 361536
4.15 357832
4.44 357310
4.45 356628
4.45 355259
4.45 354524
4.45 354121
4.46 353001
4.49 350584
4.51 349885
4.64 347014
4.81 341467
4.82 341160
4.84 338017
5.03 335724
5.17 335560
5.17 334553
5.17 331456
5.23 331284
5.25 326727
5.35 322920
5.54 322356
5.55 321038
5.55 318768
5.57 318445
5.59 317177
5.59 315383
5.62 314019
5.66 313259
5.91 312213
5.91 309534
5.92 308652
5.92 308084
5.94 304358
6.28 303045
6.28 301257
6.31 299183
6.37 297819
6.58 297618
6.61 294668
6.65 293947
6.66 291750
6.66 291370
6.66 291043
6.67 290022
6.67 289614
6.79 288467
7.02 287461
7.03 286289
7.04 285856
7.04 282874
7.16 282566
7.38 281807
7.39 281157
7.39 279777
7.40 275374
7.75 274662
7.76 271627
7.76 269608
7.81 269168
7.90 268448
8.01 267922
8.05 263990
8.12 262859
8.13 261411
8.15 261112
8.16 259615
8.19 259377
8.24 257250
8.50 256818
8.50 255505
8.50 255436
8.50 252651
8.67 251294
8.89 250008
8.89 248872
8.90 245481
8.93 245440
9.14 244981
9.25 244250
9.25 243982
9.25 242156
9.31 240053
9.62 236879
9.74 232978
9.98 231106
10.00 230411
10.05 229743
10.12 228038
10.27 227681
10.36 225818
10.36 225810
10.37 225773
10.38 224679
10.48 224158
10.57 222531
10.72 221580
10.75 221284
10.76 218815
10.95 217924
11.06 211061
11.09 210679
11.10 210422
11.11 210375
11.11 209497
11.12 208747
11.14 208072
11.19 205199
11.40 200485
11.48 198631
11.48 197626
11.62 197308
11.65 196962
11.69 195105
11.85 192680
11.90 192526
11.91 189243
12.21 188864
12.24 188611
12.24 187718
12.25 187518
12.25 187310
12.38 186929
12.41 186663
12.59 184973
12.63 184709
12.73 183785
12.83 183346
12.96 183170
12.97 182601
12.98 180816
13.07 180468
13.34 178871
13.51 177291
13.71 176823
13.71 175258
13.76 173768
13.80 173494
14.07 171540
14.08 171072
14.14 170590
14.29 169967
14.46 169750
14.46 167777
14.56 167771
14.65 166366
14.84 164640
14.91 164170
15.12 163895
15.22 163863
15.23 161440
15.57 160269
15.59 160148
15.63 159748
15.72 159014
15.74 158536
15.94 158167
15.97 157365
16.01 157309
16.01 157034
16.04 155169
16.32 155091
16.33 153568
16.34 153096
16.39 152445
16.43 151676
16.67 151267
16.68 150541
16.70 150506
16.76 150423
16.80 149656
17.06 147981
17.07 147708
17.20 147640
17.22 147589
17.42 147029
17.42 146658
17.48 145831
17.50 145680
17.79 144008
17.90 143607
18.17 143344
18.17 142961
18.18 142949
18.22 142532
18.25 142495
18.30 141935
18.53 141599
18.54 141476
18.65 141074
18.72 140823
18.81 140334
18.96 139732
18.98 138576
19.15 138409
19.29 138307
19.32 137751
19.37 137405
19.51 137121
19.62 136393
19.73 135756
19.81 135285
19.93 135101
19.93 135057
20.04 134664
20.04 134556
20.07 133842
20.13 133769
20.24 133765
20.40 133632
20.41 133231
20.48 133163
20.75 132750
20.82 132715
20.83 132533
20.91 132340
21.01 132113
21.09 130840
21.25 130468
21.31 129973
21.55 129080
21.59 128802
21.88 126376
22.27 125771
22.28 125535
22.54 125372
22.56 125263
22.65 124042
23.05 123303
23.08 122188
23.44 121895
23.46 121688
23.71 121390
23.84 121151
23.94 120967
23.99 120914
24.22 120817
24.33 120571
24.55 120252
24.55 118981
24.94 117724
25.03 117136
25.28 115550
25.31 115410
25.70 114987
25.94 114406
26.07 113733
26.09 113314
26.58 113279
26.60 112057
26.94 111877
30.46 111426
30.57 111360
30.70 110985
30.80 110360
30.84 110320
31.34 110142
31.79 109432
32.54 109408
32.74 109278
33.08 109229
33.17 109088
33.26 108609
33.66 108270
42.20 107875
43.06 107250
43.17 106585
43.92 106280
44.04 106265
44.35 105960
44.79 105819
45.27 105792
45.64 104585
46.38 104472