0.00 545202
0.01 544794
0.02 544358
0.04 541047
0.07 538871
0.18 535554
0.26 533798
0.39 532500
0.39 530583
0.39 519662
0.53 518722
0.53 513766
0.76 511279
0.76 510503
0.76 508942
0.77 507290
0.77 506537
0.78 502140
0.79 498690
0.81 491333
1.14 490846
1.14 490669
1.14 489606
1.14 483322
1.15 477966
1.26 476223
1.45 474824
1.52 474773
1.52 470916
1.53 470032
1.53 468655
1.53 461939
1.58 460643
1.88 460439
1.91 459775
1.91 454812
1.91 454004
1.91 453650
1.92 452315
1.94 445445
1.97 445156
2.28 440338
2.29 438247
2.30 438155
2.33 434449
2.35 431330
2.43 430733
2.54 429270
2.66 423195
2.66 422053
2.67 421446
2.68 421194
2.69 419336
2.71 418748
2.71 415004
3.02 411472
3.04 408862
3.05 398327
3.39 396692
3.39 393117
3.41 391350
3.41 390903
3.43 389532
3.46 388061
3.50 387551
3.51 383932
3.76 382724
3.77 380652
3.77 379761
3.78 379547
3.79 374018
3.84 373228
3.88 373065
3.97 372195
4.14 371471
4.14 370927
4.14 369005
4.15 366622
4.18 361315
4.52 357218
4.55 357000
4.55 356498
4.59 356194
4.62 354034
4.63 353334
4.70 350693
4.89 345744
4.90 342802
4.94 342712
4.96 342544
4.97 337933
5.26 337029
5.26 336921
5.26 336813
5.27 335205
5.30 332331
5.31 328460
5.63 326376
5.64 326033
5.65 324944
5.66 324504
5.67 323142
5.67 320956
5.81 320445
5.85 317632
5.99 317409
5.99 314289
6.02 312570
6.13 312061
6.18 309247
6.36 304303
6.38 302734
6.39 300835
6.41 299396
6.59 298981
6.59 298516
6.73 297835
6.73 295309
6.74 294211
6.75 293676
6.75 292930
6.77 292624
6.87 291074
6.91 289645
7.09 289311
7.10 287858
7.10 286504
7.11 285865
7.13 285191
7.19 282993
7.26 282530
7.46 276367
7.55 276017
7.61 275088
7.70 274682
7.85 273931
7.86 273668
7.88 273102
7.89 271170
7.90 269312
8.11 268718
8.16 268309
8.19 267533
8.22 266210
8.23 265981
8.23 265240
8.24 263752
8.25 260380
8.29 259088
8.60 258074
8.62 256705
8.63 256631
8.66 254339
8.67 254042
8.70 253124
8.72 252417
8.86 251939
8.97 247794
8.98 247694
8.99 247414
9.04 245719
9.30 245710
9.34 240124
9.62 239547
9.71 237839
9.73 236542
9.84 235868
9.92 234126
10.09 233577
10.11 233462
10.11 232893
10.12 232107
10.12 230938
10.14 230151
10.16 228007
10.46 221787
10.54 220976
10.84 220121
10.84 219718
10.85 217562
10.93 217514
11.03 216253
11.20 215775
11.21 213482
11.22 212278
11.34 210109
11.59 207593
11.60 207177
11.70 206711
11.90 206134
11.91 205989
11.96 203218
11.97 202014
12.08 200671
12.32 200491
12.33 198214
12.39 196456
12.52 192522
12.70 191023
12.71 190595
12.73 190380
12.74 190338
12.80 188307
13.06 188016
13.07 187288
13.10 185271
13.14 185255
13.25 184127
13.45 183019
13.46 180939
13.48 180508
13.82 180115
13.84 179782
13.85 179340
13.86 178053
13.97 177250
14.19 175934
14.21 175149
14.23 173719
14.40 173149
14.53 169579
14.92 168468
14.98 167456
15.02 166797
15.28 166340
15.28 166214
15.30 165830
15.42 165629
15.47 165175
15.47 165088
15.64 163642
15.65 163512
15.66 162477
15.67 159618
16.02 158302
16.04 158090
16.09 155908
16.40 155868
16.41 154199
16.44 152496
16.77 152254
16.77 152111
16.78 151434
16.80 150790
17.14 150651
17.15 150530
17.16 150359
17.16 150190
17.24 149931
17.24 149833
17.26 149512
17.28 148740
17.52 147031
17.67 146961
17.73 146286
17.90 145076
17.93 144378
18.25 143827
18.29 143812
18.29 143728
18.33 141320
18.61 141246
18.62 141147
18.68 140405
18.73 139410
18.99 138508
19.13 138447
19.16 137821
19.33 137701
19.35 136747
19.36 136742
19.38 135785
19.74 135555
19.76 134196
19.78 133725
19.91 133548
20.10 131513
20.58 131209
20.61 130810
20.74 130601
20.75 130182
20.83 128972
21.00 128302
21.25 127426
21.28 127188
21.46 127092
21.60 127076
21.69 126747
21.73 126301
21.74 126250
21.88 126138
21.95 125890
22.04 125122
22.11 124421
22.16 124398
22.35 124052
22.38 124003
22.44 123522
22.60 123268
22.70 122718
22.76 122656
22.95 122641
23.08 122534
23.09 122450
23.13 122256
23.17 122105
23.35 121402
23.49 120996
23.59 120852
23.65 120809
23.67 120748
23.72 120729
23.84 120684
23.85 120323
23.96 120136
24.03 119961
24.26 118785
24.58 118256
24.62 118249
24.86 117962
24.94 117590
25.04 117369
25.06 117120
25.21 116491
25.36 116121
25.41 114516
25.70 113813
26.14 113263
26.18 112937
26.45 112619
26.53 112401
26.82 112071
27.02 111872
27.03 111851
27.41 111631
27.47 111322
35.88 110851
36.21 110822
36.39 110495
36.49 110442
40.65 110244
41.10 109917
41.74 109882
41.94 109694
42.02 109662
42.14 109564
42.33 109487
42.60 109457
42.62 109200
43.06 109012
43.46 108581
43.84 108361
44.02 107844
44.53 107815
44.67 107526
45.25 107306
65.02 107220
65.62 106825
65.80 106796
65.92 106538