0.00 545226
0.00 537752
0.00 532528
0.07 532102
0.09 531771
0.10 526915
0.37 525772
0.37 509916
0.38 508885
0.65 506380
0.75 504302
0.75 492546
0.80 490927
0.82 489228
1.07 487883
1.13 485975
1.13 476117
1.15 474777
1.20 471783
1.43 471309
1.48 470842
1.49 461542
1.56 458802
1.58 457459
1.64 456773
1.68 454630
1.86 452687
1.86 451629
1.86 451132
1.87 450005
1.88 443894
1.94 441454
1.96 440746
1.98 439391
2.15 439152
2.22 437478
2.23 432618
2.24 426624
2.26 426411
2.27 425056
2.38 421273
2.61 419737
2.61 415565
2.65 407384
2.93 406415
2.96 406107
2.97 401686
2.98 390629
3.35 389379
3.36 385687
3.36 380066
3.45 379844
3.56 378055
3.73 375215
3.74 370551
3.77 370049
3.79 366311
3.80 365929
4.11 363996
4.12 358838
4.12 358082
4.13 357061
4.22 353724
4.48 352847
4.49 352306
4.49 348782
4.50 348309
4.50 346593
4.54 345846
4.68 344756
4.85 344505
4.85 343417
4.85 343148
4.86 342730
4.86 342384
4.88 341934
4.88 339787
4.89 339278
4.89 338317
4.92 336103
4.97 331580
5.21 328381
5.21 326979
5.22 326739
5.24 320795
5.59 318570
5.59 318027
5.60 312459
5.63 311663
5.73 311531
5.73 311340
5.74 310437
5.92 309349
5.97 308768
5.97 305718
5.98 303626
6.11 303033
6.12 302587
6.15 302218
6.17 301954
6.24 300822
6.34 299029
6.35 297700
6.35 297354
6.35 295344
6.41 292172
6.45 291367
6.72 290422
6.72 290270
6.72 288172
6.75 287320
6.76 283600
7.02 283031
7.08 275490
7.37 275076
7.47 267681
7.55 266528
7.83 265812
7.84 262573
7.86 261428
7.89 258681
8.13 257264
8.22 257081
8.23 257042
8.23 255758
8.25 254855
8.28 251770
8.39 250133
8.54 249538
8.59 248999
8.59 245777
8.64 245686
8.67 243504
8.96 243154
8.97 241599
8.97 237931
9.02 234854
9.34 230759
9.35 228771
9.44 228356
9.57 228313
9.66 227916
9.71 227902
9.72 227487
9.72 225863
9.73 224784
9.79 224408
9.84 223869
9.86 223847
9.89 223727
9.92 223495
10.10 221558
10.13 220491
10.21 220296
10.26 219998
10.33 219734
10.34 217462
10.47 217369
10.50 216297
10.51 215852
10.53 213965
10.55 213954
10.61 213172
10.66 211184
10.86 211080
10.88 210112
10.91 208812
10.93 208730
10.97 208180
10.98 207920
10.98 207709
11.12 207399
11.14 207089
11.23 206174
11.25 205625
11.34 204936
11.40 202248
11.60 200026
11.62 197784
11.97 197002
11.97 195285
12.09 194780
12.32 193956
12.32 190337
12.68 190016
12.69 189265
12.70 188351
12.82 188062
12.94 186268
13.06 184900
13.08 184159
13.10 182095
13.44 181841
13.47 181231
13.49 179262
13.62 178472
13.82 176714
14.05 175696
14.10 173830
14.20 173302
14.25 172629
14.26 172549
14.27 171887
14.28 171750
14.58 171171
14.62 170453
14.69 170154
14.69 169817
14.73 169349
14.92 168974
14.96 167526
15.13 167216
15.28 166475
15.30 165345
15.31 165326
15.39 165262
15.40 165178
15.40 165024
15.40 164364
15.42 164093
15.67 163084
15.68 162877
15.71 162796
15.81 161190
16.05 160520
16.13 159922
16.13 159179
16.20 158649
16.42 158104
16.43 157683
16.51 157348
16.62 157214
16.77 156744
16.77 155271
16.79 154813
17.15 154383
17.15 154200
17.21 153368
17.48 153262
17.50 153090
17.51 152624
17.52 152577
17.54 152539
17.56 151817
17.68 150936
17.84 149229
17.87 148971
17.90 148501
17.99 147296
18.27 146852
18.33 146147
18.41 145999
18.43 145770
18.59 145359
18.63 144716
18.67 144467
18.67 142815
19.02 142643
19.07 141916
19.10 141787
19.12 141595
19.24 141496
19.32 141013
19.40 140254
19.43 139489
19.64 139408
19.73 139004
19.76 138334
19.79 137229
20.14 136431
20.20 136286
20.50 134868
21.02 134145
21.03 133976
21.28 133801
21.33 132846
21.59 132417
21.61 131747
21.65 131214
21.70 130959
21.82 130256
22.01 130064
22.03 129914
22.12 129477
22.38 129240
22.46 128228
22.76 127430
22.99 127405
23.08 127236
23.09 127013
23.11 125879
23.60 125594
23.63 125534
23.83 125363
23.88 125249
23.92 124978
23.95 124414
24.07 124331
24.20 123775
24.30 123201
24.59 123033
24.61 122653
24.90 122561
25.00 122545
25.07 122117
25.32 122094
25.33 121686
25.70 121676
25.81 121156
25.87 121049
26.08 120654
26.52 120381
26.63 120355
26.79 120082
26.80 119825
26.88 119606
27.16 119214
27.32 119076
27.56 119058
27.60 118535
27.70 118460
27.93 118289
28.01 117949
28.07 117847
28.27 117574
28.73 117544
29.00 117536
29.17 116159
29.38 116067
29.40 115967
29.46 115948
29.48 115767
29.83 114033
30.13 113856
30.22 113522
30.72 113326
30.87 113004
48.99 112964
54.56 112773
54.74 112239
55.19 112206
55.24 111731
55.37 111675
55.41 111520
56.07 111512
56.18 110589
75.06 109391
126.03 109254