0.00 576567
0.00 573598
0.00 570738
0.01 568626
0.02 562109
0.03 560369
0.12 558286
0.21 558277
0.39 557533
0.39 553678
0.39 541323
0.41 539445
0.45 536932
0.75 535454
0.75 533490
0.75 526830
0.76 525082
0.76 521269
0.97 518680
0.99 517107
1.12 515048
1.12 513183
1.13 510539
1.13 508252
1.13 505801
1.13 502754
1.14 497987
1.27 496066
1.48 491897
1.48 483458
1.51 475967
1.85 469891
1.85 469133
1.87 462235
1.89 461767
2.03 461615
2.12 461322
2.22 459473
2.22 455577
2.22 452896
2.23 447971
2.31 445989
2.46 439026
2.59 437919
2.60 433340
2.60 424690
2.88 422909
2.97 416174
2.98 415904
2.99 411716
3.04 410837
3.08 410307
3.28 408573
3.33 408202
3.33 405481
3.34 395561
3.40 395482
3.72 389990
3.73 387271
3.73 375771
4.09 374559
4.09 373935
4.09 373384
4.10 372052
4.10 371287
4.10 370748
4.10 365285
4.42 364799
4.45 363806
4.45 363253
4.45 363194
4.45 360232
4.46 359522
4.47 359054
4.48 357794
4.52 356186
4.56 356181
4.63 352796
4.83 351907
4.84 348391
4.89 347253
4.90 346149
4.93 345882
4.95 345693
5.11 345263
5.17 340431
5.21 333534
5.21 333517
5.24 332542
5.25 331143
5.28 329945
5.49 329125
5.55 327610
5.59 323926
5.59 321873
5.60 321827
5.61 318934
5.73 317196
5.96 315607
5.97 314602
5.97 312380
6.00 311335
6.06 308770
6.34 304740
6.34 304075
6.34 303388
6.38 303106
6.42 301765
6.46 301461
6.60 299292
6.71 298994
6.72 297717
6.72 294838
6.74 294542
6.84 291810
7.09 291682
7.09 291219
7.10 289945
7.13 289913
7.14 286615
7.22 286555
7.26 285719
7.28 285240
7.35 284842
7.47 283086
7.50 281452
7.52 278012
7.54 276992
7.84 276165
7.84 274780
7.87 272251
7.95 271328
8.08 270464
8.21 270174
8.22 269753
8.22 269709
8.22 266755
8.23 265574
8.26 265535
8.29 262258
8.58 262149
8.59 261803
8.59 257892
8.61 256461
8.79 255454
8.87 255332
8.96 252800
8.97 251101
9.00 249042
9.02 249005
9.33 246411
9.34 245404
9.34 244149
9.43 243691
9.69 237401
9.76 236368
10.05 233150
10.07 232888
10.11 232810
10.18 232684
10.20 232255
10.28 231807
10.28 231636
10.42 229690
10.43 228216
10.46 227542
10.48 227369
10.57 226558
10.80 225924
10.80 225806
10.80 225071
10.81 224870
10.82 224483
10.85 221702
11.16 221039
11.18 214950
11.54 213041
11.57 211980
11.65 209085
11.91 207794
11.95 205041
12.25 203859
12.28 203592
12.30 203363
12.31 202678
12.33 201258
12.38 200150
12.42 199592
12.51 199043
12.66 198801
12.67 197334
12.68 195684
12.69 193826
13.01 192407
13.07 191791
13.16 190571
13.31 190336
13.32 190288
13.36 189971
13.39 189381
13.40 188354
13.40 187370
13.41 186433
13.48 185230
13.81 184859
13.81 182810
13.89 182782
13.95 181736
14.05 181546
14.13 180403
14.13 179572
14.16 179424
14.22 178594
14.30 178008
14.50 177204
14.52 176760
14.59 174514
14.89 173357
14.99 172017
15.09 171461
15.27 169339
15.31 168062
15.62 166124
15.68 165461
15.85 163974
16.02 161434
16.36 160434
16.37 158207
16.50 157655
16.74 156461
16.75 156438
16.77 155681
17.12 155165
17.14 154766
17.22 152936
17.49 150296
17.89 148286
18.24 147652
18.25 146887
18.27 146867
18.60 146503
18.61 146067
18.68 145380
18.80 144817
18.97 143960
19.04 143835
19.22 142374
19.27 142263
19.37 141925
19.44 141875
19.44 140801
19.71 140357
19.81 140105
19.84 140049
19.87 139937
19.91 139584
20.06 139108
20.12 137365
20.33 137262
20.44 134044
20.83 133680
20.98 133573
21.04 133062
21.24 132960
21.25 130619
21.58 130119
21.60 129441
21.60 129327
21.93 128929
21.96 128659
22.18 127335
22.33 127154
22.36 126118
22.70 125501
22.78 125481
22.98 124053
23.12 123436
23.60 123064
23.73 123042
23.81 123015
23.83 122756
24.14 121684
24.25 121289
24.36 120932
24.60 120645
24.61 120552
24.63 120467
24.66 118476
25.15 118414
25.16 116749
25.34 116112
25.83 115947
25.98 115513
26.17 115509
26.23 115451
26.36 115159
26.38 115048
26.74 114728
26.87 114563
27.02 114486
27.55 114227
27.74 114182
27.88 114062
27.96 113940
27.98 113902
28.15 113818
28.35 113780
28.42 113773
28.62 113756
28.81 113633
28.86 113040
29.37 112873
29.55 112238
29.95 112063
30.25 111958
30.44 111895
30.60 111772
30.96 111709
37.56 111088
38.13 110364
45.02 110017
45.23 109974
45.32 109293
45.81 109128
46.30 108924
53.02 108257
68.20 108112
68.81 107921
68.99 107920
69.10 107908
69.28 107716
69.33 107282