0.00 546762
0.01 545367
0.02 545125
0.02 539804
0.02 539360
0.08 539242
0.08 533681
0.39 531187
0.39 527708
0.39 524765
0.39 517111
0.53 516146
0.74 512875
0.76 510431
0.76 506117
0.76 504387
0.76 501808
0.79 498722
0.80 495686
0.82 494216
1.13 494024
1.14 493065
1.14 486832
1.15 481666
1.28 478610
1.29 477022
1.34 476735
1.41 469830
1.51 469408
1.51 461001
1.52 455580
1.54 452811
1.83 451790
1.89 449430
1.89 446858
1.90 446163
1.90 443227
1.91 441252
1.92 437509
1.97 436249
2.09 435990
2.26 435527
2.26 434856
2.26 431790
2.27 429917
2.27 423543
2.36 421752
2.51 418509
2.63 416660
2.63 416563
2.63 412578
2.64 409835
2.65 409768
2.67 408819
2.73 406998
2.76 404557
2.92 402179
3.01 397257
3.02 396552
3.04 394436
3.04 393239
3.06 392489
3.09 390172
3.11 386522
3.38 376981
3.39 376415
3.40 375490
3.48 375011
3.66 374364
3.69 373365
3.75 371873
3.75 371603
3.75 369432
3.75 367989
3.76 365002
3.82 364597
3.87 362298
4.13 361280
4.13 359583
4.13 357980
4.15 356190
4.16 352236
4.50 350763
4.50 348933
4.51 345103
4.57 344182
4.60 341015
4.84 340832
4.86 332631
4.92 332291
4.95 331075
4.98 330052
5.11 329544
5.24 329399
5.24 327965
5.24 326466
5.25 325987
5.25 324773
5.26 320631
5.61 317061
5.62 316699
5.65 315814
5.66 314316
5.84 309771
5.98 309480
5.98 307823
5.98 307024
5.99 305446
6.00 301941
6.34 300784
6.34 298083
6.36 297914
6.36 297382
6.44 295373
6.54 293426
6.72 286372
6.79 283481
7.08 283387
7.09 281495
7.10 280122
7.10 279357
7.12 276012
7.38 275909
7.46 271787
7.47 269572
7.51 268869
7.52 267368
7.57 265129
7.83 262311
7.85 260902
7.86 259056
7.87 257995
8.04 256588
8.20 252569
8.24 252133
8.27 250984
8.34 250084
8.54 248725
8.58 248203
8.59 245180
8.60 245006
8.71 243947
8.78 240524
8.95 234851
9.32 234549
9.32 233977
9.33 233944
9.34 230489
9.41 230472
9.45 230034
9.70 229512
9.70 225672
9.71 224430
9.94 224330
10.07 223415
10.07 220833
10.28 216587
10.43 216224
10.44 212249
10.70 211601
10.77 210944
10.81 209960
10.82 209705
10.84 208512
10.86 205459
11.19 204334
11.20 204192
11.21 203773
11.22 202981
11.27 200585
11.56 199881
11.58 199541
11.63 198573
11.70 196083
11.88 194981
11.93 194406
11.95 194140
11.96 192635
12.12 190717
12.31 189977
12.32 187897
12.33 186911
12.69 185128
12.87 185102
12.88 183493
13.06 180978
13.42 180766
13.43 180407
13.43 178957
13.46 178905
13.53 178623
13.56 178279
13.61 177965
13.72 177716
13.80 176475
13.85 176162
13.89 175806
13.92 175361
14.06 175222
14.16 175129
14.17 174485
14.20 172965
14.32 172258
14.53 172211
14.53 170380
14.65 169730
14.90 168605
14.91 167998
14.94 167681
15.02 167579
15.25 162684
15.26 162023
15.26 161907
15.26 161311
15.28 160195
15.30 160006
15.64 159841
15.64 159545
15.65 158786
15.65 158632
15.76 158197
15.77 156993
15.89 156492
15.99 155328
16.08 155259
16.09 154614
16.24 154358
16.25 154143
16.37 153021
16.46 152717
16.77 152394
16.79 152340
16.85 152124
16.85 151647
16.89 151383
16.98 151229
17.06 150884
17.12 150540
17.14 149664
17.14 149396
17.20 149388
17.49 148014
17.54 147237
17.57 146962
17.86 146410
17.91 145680
18.02 144504
18.25 143460
18.33 142700
18.38 142626
18.62 142165
18.66 142152
18.78 141043
18.84 140755
18.87 140476
19.00 138894
19.01 138672
19.22 138325
19.36 137884
19.37 137750
19.41 137279
19.44 137015
19.74 136810
19.78 136574
19.85 136179
19.86 135792
19.91 135641
19.91 135211
20.11 135137
20.12 134878
20.15 134245
20.28 133495
20.56 133452
20.61 133122
20.62 132308
20.71 131912
20.85 131707
20.88 131674
20.93 131250
20.98 130796
21.07 130748
21.09 130647
21.24 129811
21.31 129531
21.32 129305
21.63 129076
21.65 128795
21.65 128615
21.65 128469
21.81 128358
21.95 127487
22.06 127392
22.21 127269
22.34 127120
22.35 126821
22.37 126382
22.50 126023
22.70 125580
22.72 124907
23.05 124036
23.23 123421
23.43 118782
23.80 118333
23.82 117173
23.84 116845
24.19 116616
24.34 116127
24.39 115471
24.54 115242
24.61 114643
24.84 114189
24.90 113502
25.27 113361
25.31 113186
25.33 112585
25.80 112452
25.83 111895
25.87 111867
26.07 110648
26.75 109812
26.96 109565
27.33 109452
27.56 109223
27.59 108930
28.10 108755
28.18 108701
28.41 108672
28.50 107774
28.71 107736
29.27 107587
29.32 107046
29.43 106904
29.74 106897
29.87 106862
30.20 106826
51.53 106771
96.31 106604
97.01 106536