0.00 7070025
0.00 7017475
0.01 6765100
0.05 6747079
0.21 6672942
0.26 6649094
0.26 6533218
0.26 6459433
0.26 6424944
0.45 6407171
0.49 6400498
0.51 6332117
0.51 6205390
0.52 6180168
0.55 6059780
0.67 6036691
0.76 6032001
0.76 5871790
0.80 5866221
0.85 5826980
0.96 5680023
1.01 5644532
1.01 5640157
1.02 5585267
1.03 5556052
1.04 5509502
1.07 5454394
1.16 5403606
1.26 5402936
1.26 5400957
1.26 5388566
1.26 5300806
1.27 5290817
1.28 5161524
1.52 5148425
1.52 5111195
1.52 5030086
1.57 5015135
1.61 5012361
1.64 4998685
1.67 4902963
1.76 4869858
1.76 4844821
1.76 4790053
1.77 4789762
1.78 4765470
1.88 4750934
1.92 4743594
1.93 4740124
1.97 4723499
2.02 4704892
2.02 4679102
2.02 4650671
2.03 4635626
2.06 4606947
2.08 4590464
2.09 4582219
2.14 4559898
2.21 4550731
2.25 4524489
2.26 4461203
2.26 4456409
2.27 4438513
2.27 4408069
2.34 4361650
2.51 4321732
2.52 4306408
2.55 4293946
2.59 4284097
2.62 4230212
2.76 4113917
2.78 4079132
2.84 4066611
2.90 4059742
3.01 4021782
3.01 4003187
3.03 3973200
3.04 3971153
3.14 3954518
3.19 3905247
3.27 3877985
3.27 3854701
3.27 3782509
3.41 3679618
3.51 3678569
3.52 3646513
3.52 3635564
3.52 3616562
3.53 3569686
3.60 3556880
3.76 3548967
3.76 3546296
3.76 3520681
3.77 3498356
3.77 3496413
3.78 3489541
3.79 3442955
3.87 3414775
4.01 3385145
4.02 3381103
4.02 3359131
4.02 3351027
4.03 3309551
4.08 3296445
4.26 3248384
4.28 3196240
4.51 3181441
4.52 3175280
4.52 3159419
4.53 3148179
4.55 3136438
4.62 3116301
4.76 3107700
4.77 3102263
4.78 3094433
4.78 3070579
4.80 3056924
4.83 3041917
4.84 3036175
4.85 2979963
5.00 2959788
5.01 2945525
5.02 2930993
5.08 2930872
5.24 2916907
5.25 2872335
5.26 2866212
5.38 2856985
5.51 2845638
5.51 2837037
5.52 2827295
5.53 2822302
5.54 2818380
5.62 2813478
5.62 2806575
5.66 2795864
5.75 2794943
5.77 2793937
5.77 2766944
5.79 2740155
5.82 2739299
5.85 2716980
5.96 2696679
6.02 2679217
6.05 2641612
6.07 2641412
6.14 2607593
6.26 2604868
6.27 2597959
6.28 2593734
6.29 2590953
6.29 2584900
6.29 2561657
6.30 2555865
6.37 2554223
6.51 2546971
6.53 2513796
6.56 2504449
6.60 2474097
6.77 2473697
6.77 2465496
6.77 2454887
6.78 2429115
6.94 2427411
6.94 2396134
7.04 2393848
7.05 2371397
7.15 2363908
7.28 2341825
7.32 2339171
7.35 2324864
7.53 2307402
7.55 2299937
7.58 2296865
7.60 2279577
7.78 2246179
7.86 2218083
8.02 2185426
8.03 2184327
8.27 2169052
8.28 2161593
8.32 2153439
8.52 2150573
8.52 2150452
8.53 2150228
8.54 2130824
8.59 2129600
8.70 2104068
8.78 2102798
8.84 2088252
8.88 2086042
8.91 2081810
8.94 2081334
8.95 2071908
9.02 2047538
9.15 2041436
9.28 2038094
9.30 2030399
9.30 2017066
9.33 2012042
9.34 2003476
9.52 2003093
9.53 1996565
9.57 1994890
9.60 1981743
9.78 1969358
9.79 1966754
9.91 1963613
9.97 1957730
10.01 1949997
10.02 1946465
10.03 1931557
10.26 1931359
10.28 1919517
10.31 1918814
10.34 1916832
10.49 1916373
10.50 1915515
10.51 1903532
10.52 1903475
10.61 1896137
10.75 1883548
11.01 1879901
11.02 1875764
11.04 1874273
11.04 1868559
11.23 1852165
11.52 1851513
11.52 1837902
11.54 1836322
11.74 1822059
12.00 1797689
12.03 1792256
12.24 1792181
12.28 1784431
12.33 1783433
12.38 1780796
12.52 1780785
12.61 1776047
12.62 1770073
12.78 1760798
12.99 1759064
13.01 1756049
13.03 1748815
13.22 1736428
13.25 1735963
13.27 1729118
13.29 1721703
13.51 1721238
13.53 1720840
13.55 1720682
13.57 1716954
13.60 1703573
13.81 1703082
13.85 1702552
13.85 1697495
14.20 1695753
14.33 1694019
14.34 1692698
14.41 1691740
14.51 1686930
14.54 1684342
14.57 1675646
14.79 1674086
14.81 1674002
14.82 1671835
15.01 1668525
15.08 1666609
15.20 1666449
15.24 1656800
15.30 1656502
15.44 1654724
15.45 1653270
15.76 1650734
15.81 1650141
15.82 1642574
16.09 1641711
16.17 1640658
16.34 1639014
16.59 1638151
16.64 1638096
16.83 1637167
17.26 1634631
20.71 1631422
20.73 1630964
20.76 1619337
26.91 1613967
26.92 1604104
27.25 1597807
27.68 1596944
27.68 1595678
27.99 1588635
28.19 1585717