0.00 6804087
0.01 6781701
0.12 6746188
0.24 6730268
0.24 6669938
0.24 6614181
0.25 6612885
0.26 6547062
0.27 6543242
0.29 6523813
0.29 6520020
0.32 6381026
0.43 6320126
0.49 6318168
0.49 6307097
0.49 6305081
0.50 6270485
0.50 6269696
0.50 6115216
0.55 6113671
0.73 5981997
0.74 5963912
0.74 5910884
0.75 5850130
0.75 5799014
0.86 5766334
1.00 5762020
1.00 5749892
1.00 5743794
1.00 5722866
1.00 5593947
1.01 5582227
1.06 5559879
1.24 5523208
1.24 5449267
1.26 5438244
1.26 5398147
1.35 5379571
1.49 5273022
1.49 5265306
1.51 5251406
1.51 5242775
1.52 5231163
1.53 5213890
1.59 5201914
1.63 5152828
1.73 5121348
1.73 5107975
1.74 5068493
1.74 5015546
1.77 4975171
1.97 4879502
1.98 4845522
1.99 4814179
2.22 4800258
2.22 4772988
2.23 4688846
2.26 4644215
2.47 4635929
2.48 4609516
2.48 4591718
2.48 4564634
2.48 4559915
2.48 4514566
2.52 4511641
2.58 4409700
2.72 4391658
2.72 4388433
2.73 4307451
2.75 4275147
2.96 4256649
2.97 4253817
2.98 4195302
3.00 4191062
3.00 4173834
3.08 4137339
3.14 4133659
3.17 4122727
3.21 4117679
3.22 4077359
3.22 4070230
3.23 4047826
3.24 4005250
3.38 3990153
3.46 3961512
3.46 3920575
3.47 3913306
3.50 3852871
3.70 3813186
3.71 3758904
3.86 3728869
3.90 3715977
3.95 3695215
3.95 3691003
3.96 3631463
3.98 3622010
4.06 3613728
4.09 3553090
4.21 3551906
4.21 3551379
4.21 3513261
4.22 3497832
4.24 3480649
4.39 3464417
4.45 3459576
4.46 3448675
4.46 3444210
4.48 3415547
4.49 3379903
4.52 3348505
4.55 3339084
4.69 3331364
4.69 3327841
4.70 3228854
4.86 3216250
4.94 3215175
4.94 3212720
4.95 3211456
4.95 3200257
4.95 3199503
4.95 3197875
4.96 3196379
4.97 3187609
4.98 3170140
4.99 3103125
5.18 3081922
5.18 3080660
5.18 3071015
5.18 3050837
5.24 3004270
5.43 2987680
5.45 2962344
5.46 2913245
5.49 2879954
5.69 2858046
5.71 2843728
5.73 2838028
5.75 2810653
5.78 2803274
5.92 2795084
5.94 2794307
5.95 2712249
6.18 2664133
6.28 2640308
6.42 2632586
6.42 2620833
6.42 2606973
6.46 2573971
6.66 2568547
6.68 2553751
6.69 2489281
6.91 2488811
6.93 2467093
6.97 2466051
6.99 2439026
7.01 2421172
7.16 2418638
7.16 2383450
7.21 2361335
7.40 2338953
7.42 2319409
7.45 2309691
7.66 2305079
7.68 2298567
7.69 2289471
7.70 2265560
7.91 2243540
7.91 2232225
8.00 2228739
8.14 2223315
8.16 2208519
8.19 2206959
8.24 2206551
8.24 2186813
8.39 2154209
8.53 2139158
8.63 2131102
8.63 2127986
8.66 2110122
8.91 2100841
8.94 2099660
8.94 2097372
8.95 2094202
8.96 2093985
9.07 2088342
9.14 2079061
9.15 2072976
9.17 2068122
9.22 2059701
9.32 2049511
9.38 2046586
9.39 2016176
9.65 2009794
9.68 2008036
9.71 2001895
9.74 2000284
9.83 1996686
9.88 1995273
9.88 1991745
9.90 1987588
9.95 1983361
10.00 1982395
10.13 1965712
10.36 1962307
10.36 1935490
10.62 1932416
10.62 1931031
10.67 1930336
10.77 1927785
10.77 1921209
10.80 1911291
10.85 1905788
10.91 1902349
10.92 1894472
11.10 1886128
11.13 1885199
11.25 1879106
11.32 1877774
11.34 1871412
11.37 1861292
11.58 1854022
11.65 1846429
11.69 1845400
11.85 1845355
11.85 1832075
12.09 1832030
12.18 1821678
12.34 1821115
12.38 1820494
12.47 1817991
12.49 1813497
12.60 1812783
12.60 1811094
12.64 1810230
12.73 1802774
12.74 1800256
12.76 1797360
12.82 1795947
13.04 1792215
13.06 1790422
13.10 1787155
13.12 1782078
13.12 1776103
13.34 1766267
13.41 1759135
13.48 1745046
13.58 1737505
13.63 1734323
13.91 1710767
14.08 1709519
14.16 1709354
14.22 1707500
14.35 1703389
14.55 1703344
14.58 1701976
14.70 1697379
14.77 1681015
14.99 1679602
15.13 1673592
15.40 1670734
15.64 1660898
31.36 1660845
31.45 1657918
31.46 1657541
34.26 1653211
34.38 1637675
34.68 1636980
35.05 1634577