0.00 7429948
0.00 7422040
0.01 7169781
0.04 7074483
0.27 7062381
0.27 6997364
0.27 6840495
0.30 6709279
0.52 6678196
0.52 6609560
0.53 6550363
0.53 6483214
0.56 6410905
0.59 6405471
0.78 6388242
0.78 6364637
0.80 6322091
0.80 6246555
0.82 6227191
0.83 6217368
0.87 6171483
0.90 6145512
0.94 6127057
1.04 6037671
1.05 5980832
1.09 5938688
1.12 5910745
1.13 5835161
1.30 5799879
1.30 5763248
1.30 5747605
1.30 5743337
1.30 5704581
1.36 5636621
1.54 5547438
1.54 5433716
1.81 5424722
1.81 5396294
1.81 5388844
1.81 5324851
1.82 5316774
1.83 5294958
1.83 5285175
1.96 5275681
2.06 5266002
2.07 5260846
2.07 5259347
2.07 5225579
2.09 5190860
2.09 5118647
2.14 5109064
2.32 5096185
2.32 5062677
2.32 5019178
2.32 4996446
2.34 4961709
2.44 4907177
2.45 4837262
2.56 4830882
2.56 4808737
2.56 4803188
2.57 4726666
2.60 4723537
2.60 4685984
2.69 4679227
2.82 4678825
2.83 4668849
2.83 4665042
2.84 4561519
3.04 4523164
3.08 4393607
3.34 4388292
3.35 4376789
3.35 4353184
3.35 4330270
3.36 4300161
3.36 4295319
3.39 4292578
3.42 4258367
3.47 4191720
3.61 4090725
3.62 4083008
3.70 4074072
3.72 4066214
3.80 4061547
3.87 4046798
3.87 4031027
3.87 4022970
3.88 4017197
3.89 3992851
3.90 3980928
3.90 3948077
3.98 3917244
4.07 3876366
4.11 3814516
4.12 3751979
4.27 3750011
4.34 3695114
4.37 3686609
4.38 3649866
4.40 3618382
4.42 3604485
4.43 3594133
4.52 3558120
4.62 3556235
4.63 3538670
4.63 3527633
4.63 3495158
4.71 3487821
4.71 3461329
4.89 3391030
4.90 3342391
5.16 3288605
5.17 3241410
5.35 3225582
5.36 3204215
5.42 3161205
5.43 3131569
5.49 3106835
5.67 3105111
5.67 3102391
5.67 3062012
5.68 3039709
5.68 2990026
5.92 2986948
5.92 2984803
5.93 2981819
5.93 2978544
5.93 2957504
5.93 2948858
5.95 2933077
5.95 2922900
6.05 2914272
6.17 2902790
6.18 2891034
6.18 2881319
6.20 2861814
6.24 2819705
6.26 2814873
6.44 2788033
6.47 2783709
6.48 2766190
6.48 2731799
6.62 2720306
6.70 2716228
6.70 2695151
6.72 2689470
6.73 2669887
6.76 2644702
6.96 2627967
6.96 2597438
6.97 2587028
7.21 2579545
7.22 2570834
7.24 2524800
7.47 2521278
7.48 2484377
7.59 2482499
7.66 2468835
7.73 2454577
7.75 2447255
7.77 2445183
7.77 2444905
7.84 2437794
8.01 2431169
8.01 2421211
8.07 2414256
8.11 2413864
8.13 2412587
8.22 2409911
8.24 2388736
8.26 2386073
8.26 2380911
8.27 2350603
8.32 2347568
8.52 2340123
8.53 2330222
8.55 2324030
8.65 2315927
8.65 2305074
8.78 2281536
8.90 2277191
8.94 2268683
9.05 2262615
9.06 2256583
9.09 2247767
9.09 2237042
9.26 2230550
9.31 2229561
9.31 2227592
9.32 2205447
9.41 2199691
9.55 2185736
9.56 2174514
9.56 2158896
9.68 2153820
9.72 2147026
9.80 2146167
9.81 2144273
9.81 2139785
9.82 2138103
9.83 2136503
9.86 2135928
9.88 2126110
9.92 2125446
10.08 2122845
10.08 2121776
10.09 2118633
10.09 2106680
10.22 2101516
10.32 2099745
10.32 2098832
10.33 2090294
10.34 2082297
10.55 2065385
10.59 2063645
10.60 2059251
10.62 2045895
10.63 2033744
10.84 2025492
10.85 2022590
10.89 2014700
11.01 2006904
11.12 2004666
11.12 2004204
11.12 2000044
11.15 1976068
11.36 1976013
11.38 1975508
11.41 1966530
11.46 1958179
11.49 1956149
11.62 1952471
11.63 1950233
11.64 1939719
11.65 1933705
11.71 1933252
11.88 1932734
11.88 1927118
11.92 1921269
12.09 1917596
12.10 1890951
12.14 1883710
12.16 1883458
12.23 1882699
12.25 1878851
12.26 1871032
12.41 1858932
12.43 1853244
12.61 1846373
12.68 1836040
12.71 1833141
12.91 1821987
12.91 1794261
13.17 1783163
13.31 1783039
13.34 1781509
13.43 1778921
13.46 1762465
13.71 1752132
13.77 1751367
14.00 1750566
14.06 1748833
14.10 1743115
14.10 1741034
14.21 1740516
14.22 1718568
14.50 1716030
14.55 1709275
14.65 1706288
14.77 1698036
14.87 1694082
15.14 1693281
15.23 1689355
15.42 1683988
15.56 1682335
15.57 1676833
15.63 1675736
15.82 1674250
15.89 1665641
16.01 1663185
16.18 1663103
16.24 1662727
16.33 1648764
16.54 1643585
16.62 1641609
16.76 1640377
16.79 1638321
17.02 1636835
17.08 1633142
17.38 1629048
17.53 1625271
17.79 1619773
21.45 1618734
21.50 1618286
21.94 1617054
24.63 1614972
25.10 1611195
25.36 1611102
25.54 1609927
25.73 1609502
26.11 1609357
29.76 1608773
38.90 1607613
44.72 1594711
45.28 1593161
45.40 1591986
45.54 1591929
45.71 1591066