0.00 7430551
0.00 7418215
0.00 7370243
0.01 7342493
0.02 7172783
0.25 7138569
0.25 7115699
0.25 7053701
0.26 6964275
0.26 6927729
0.27 6781953
0.50 6740035
0.50 6736691
0.50 6725819
0.50 6708756
0.50 6676341
0.50 6654371
0.51 6488672
0.52 6467099
0.54 6452026
0.73 6377161
0.73 6341178
0.74 6144810
0.77 6136062
0.86 6088127
0.97 6075916
0.97 6003802
0.98 5956808
0.99 5951660
0.99 5859151
1.01 5855282
1.10 5835738
1.12 5829578
1.22 5803816
1.22 5743506
1.22 5742045
1.22 5725218
1.23 5688250
1.24 5589357
1.26 5574510
1.29 5559705
1.46 5466052
1.47 5452148
1.48 5379550
1.53 5309560
1.57 5304637
1.70 5214382
1.70 5196247
1.71 5171482
1.71 5090615
1.72 5086531
1.72 5062744
1.85 5058889
1.95 5037039
1.95 5021109
1.95 5015612
1.96 4926854
1.96 4914572
2.05 4824258
2.20 4815657
2.20 4727502
2.21 4712661
2.27 4636679
2.35 4623699
2.44 4410742
2.68 4300037
2.77 4291660
2.78 4285350
2.92 4267467
2.93 4167642
3.06 4150950
3.17 4133404
3.17 4115111
3.17 4111481
3.18 4042708
3.23 4035521
3.35 4016347
3.41 4002980
3.41 3978982
3.43 3917946
3.43 3910427
3.49 3908512
3.53 3897056
3.62 3896010
3.62 3887979
3.66 3885395
3.66 3882472
3.67 3840696
3.69 3776491
3.87 3768688
3.91 3735801
3.91 3716760
3.92 3715171
3.95 3670948
4.02 3657200
4.05 3625338
4.16 3585867
4.16 3548767
4.20 3533383
4.21 3524952
4.30 3513850
4.40 3504976
4.40 3485759
4.41 3418447
4.46 3405460
4.65 3397042
4.66 3364250
4.66 3306582
4.78 3301891
4.90 3253930
4.91 3208802
5.05 3184524
5.16 3182663
5.17 3179308
5.17 3176106
5.17 3091435
5.39 3038782
5.43 3032529
5.49 2985736
5.64 2976610
5.66 2961335
5.67 2958142
5.68 2915618
5.88 2911065
5.89 2881765
5.90 2856660
5.97 2823663
6.12 2821777
6.12 2808613
6.13 2800329
6.17 2796359
6.17 2784832
6.22 2767820
6.30 2758421
6.38 2758046
6.38 2747554
6.39 2731117
6.52 2712405
6.53 2709673
6.61 2702578
6.62 2684133
6.64 2666944
6.70 2663747
6.85 2660776
6.86 2653624
6.89 2619069
6.92 2614789
7.10 2598912
7.10 2581140
7.12 2544268
7.34 2513102
7.48 2501967
7.50 2482282
7.60 2463842
7.61 2461264
7.67 2460899
7.68 2451952
7.83 2449192
7.83 2448831
7.84 2443534
7.85 2432963
7.85 2415057
8.00 2404967
8.08 2397401
8.09 2368072
8.32 2349627
8.33 2343740
8.36 2320838
8.51 2309402
8.57 2309291
8.58 2302171
8.58 2300780
8.60 2267101
8.81 2243545
8.83 2230793
9.05 2202713
9.06 2201345
9.15 2192144
9.31 2176494
9.34 2162610
9.37 2158495
9.52 2154964
9.57 2139845
9.58 2137498
9.59 2125516
9.71 2121315
9.73 2110708
9.81 2105848
9.82 2102973
9.87 2088724
9.88 2081174
10.05 2050200
10.29 2030391
10.33 2022992
10.42 2021164
10.55 2012268
10.59 2009113
10.59 2002719
10.67 1997197
10.82 1980229
10.98 1973616
11.06 1961033
11.16 1952593
11.18 1946408
11.28 1929440
11.32 1923110
11.54 1919989
11.58 1908306
11.71 1907460
11.83 1902907
11.84 1896271
11.89 1891769
11.96 1872268
12.03 1863531
12.13 1862185
12.19 1861545
12.27 1856796
12.28 1845854
12.55 1844780
12.55 1827740
12.80 1827607
12.81 1821730
12.82 1814598
12.93 1809393
13.02 1796251
13.17 1779945
13.26 1775872
13.32 1774091
13.34 1773346
13.41 1765141
13.46 1755722
13.56 1751996
13.58 1748075
13.75 1744349
13.76 1733271
14.06 1730478
14.10 1729448
14.17 1728049
14.25 1722534
14.30 1719507
14.41 1718892
14.49 1715818
14.56 1710464
14.60 1710350
14.74 1704835
14.78 1704723
14.96 1700099
14.97 1697033
15.02 1694584
15.06 1691469
15.23 1691218
15.27 1691205
15.28 1688933
15.29 1684239
15.43 1683734
15.49 1682668
15.51 1678584
15.72 1676557
15.74 1670730
15.98 1666866
16.14 1665878
16.19 1664234
16.36 1662611
16.45 1659560
16.61 1652528
16.68 1649462
16.71 1648664
16.89 1645298
21.29 1642984
21.31 1640312
21.63 1629659
21.95 1610284
22.22 1607859
22.30 1606420
22.54 1606339
22.64 1605007
23.00 1602471
23.11 1601728
23.17 1600046
23.32 1599553
23.45 1599472
23.53 1597128
23.86 1590088
31.28 1589523