0.00 7354789
0.00 7209445
0.02 7159331
0.05 7073337
0.16 7043861
0.25 7004398
0.26 6996839
0.26 6971590
0.26 6776646
0.35 6766807
0.38 6764312
0.50 6711374
0.50 6519626
0.53 6447326
0.56 6427849
0.75 6412392
0.75 6406111
0.76 6224064
0.76 6070496
1.00 6019666
1.00 5982870
1.00 5886722
1.01 5807025
1.23 5805085
1.24 5745616
1.24 5723337
1.26 5721701
1.26 5686827
1.28 5622743
1.32 5622365
1.38 5621073
1.45 5611824
1.47 5592983
1.50 5548726
1.50 5540811
1.50 5462075
1.51 5447275
1.52 5391492
1.63 5389316
1.74 5389018
1.74 5382783
1.74 5355095
1.74 5340339
1.74 5308105
1.76 5279891
1.78 5151395
1.92 5128278
1.99 5087137
1.99 5086463
2.00 5020418
2.00 4999739
2.05 4995851
2.07 4958181
2.12 4948441
2.19 4918383
2.20 4851224
2.24 4846023
2.24 4795783
2.26 4739645
2.28 4708112
2.38 4671387
2.39 4614787
2.49 4601400
2.50 4597432
2.50 4593213
2.50 4573182
2.50 4566159
2.51 4553006
2.52 4494960
2.57 4485512
2.60 4445466
2.65 4439377
2.73 4320234
2.76 4267808
2.98 4266023
2.99 4238681
2.99 4212496
3.00 4192617
3.03 4154813
3.04 4095926
3.05 4089655
3.07 4075053
3.22 4014759
3.25 3984741
3.28 3931941
3.29 3921959
3.47 3847366
3.47 3831591
3.48 3794120
3.52 3763602
3.52 3675797
3.72 3666662
3.73 3661869
3.73 3660416
3.73 3650955
3.73 3641212
3.74 3633993
3.79 3567937
3.98 3553841
4.00 3498810
4.00 3497849
4.00 3442539
4.13 3357568
4.22 3296373
4.23 3279862
4.28 3188247
4.46 3159330
4.47 3146443
4.51 3130841
4.52 3118588
4.68 3112615
4.71 3098525
4.72 3067870
4.82 3055217
4.88 3005307
4.97 2967174
4.99 2964398
5.03 2955673
5.14 2953826
5.21 2953395
5.21 2931214
5.21 2918581
5.22 2916009
5.24 2893695
5.30 2824539
5.46 2823911
5.47 2807792
5.48 2802431
5.50 2784585
5.55 2771233
5.72 2754486
5.73 2740301
5.76 2719079
5.78 2711102
5.86 2704050
5.98 2703457
5.99 2672590
6.00 2659055
6.06 2639237
6.12 2610343
6.24 2588406
6.26 2579226
6.27 2572210
6.32 2570705
6.38 2546504
6.50 2542762
6.51 2526453
6.56 2510196
6.57 2501509
6.59 2488489
6.75 2431091
6.99 2420014
7.02 2366278
7.12 2348806
7.25 2342882
7.28 2330164
7.29 2321866
7.33 2315966
7.37 2313033
7.41 2283701
7.51 2260905
7.52 2252918
7.57 2244063
7.73 2243656
7.73 2236073
7.74 2221373
7.84 2217712
7.86 2212296
7.87 2208290
7.99 2196717
8.10 2186716
8.12 2184847
8.25 2170083
8.26 2168590
8.27 2153080
8.47 2144928
8.48 2126140
8.65 2108085
8.71 2104632
8.77 2099898
8.77 2092745
8.99 2090530
8.99 2069724
9.05 2065838
9.19 2054761
9.20 2051600
9.21 2048266
9.25 2013684
9.44 2005917
9.46 2005497
9.47 1994767
9.60 1991926
9.72 1980178
9.72 1979508
9.73 1965575
9.88 1947308
9.96 1927257
10.06 1924417
10.20 1921901
10.23 1921466
10.23 1903435
10.50 1891422
10.67 1887178
10.71 1878991
10.74 1864157
10.94 1859211
10.95 1856458
11.06 1837818
11.17 1830663
11.37 1817054
11.43 1809899
11.57 1803476
11.62 1801346
11.65 1800704
11.70 1793549
11.79 1792278
11.84 1774771
11.92 1761193
12.19 1756037
12.25 1755130
12.34 1745692
12.54 1742509
12.58 1738537
12.69 1738448
12.74 1722829
12.92 1716157
12.96 1715369
13.14 1709539
13.14 1707962
13.40 1706997
13.43 1699536
13.48 1692748
13.73 1686048
13.90 1680218
14.11 1679985
14.13 1677237
14.22 1674946
14.43 1673981
14.47 1666427
14.64 1666338
14.66 1666032
14.67 1660833
14.68 1655265
14.99 1649740
15.07 1649117
15.14 1649028
15.23 1648722
15.35 1643963
15.39 1641991
15.43 1638438
15.71 1631377
15.97 1630145
25.29 1629891
25.56 1628926
25.65 1628716
25.77 1624061
25.92 1623096
26.18 1620218
52.87 1614647
53.06 1613472
53.23 1611729
77.11 1611023
77.16 1608304
77.34 1594137
77.61 1572357
77.79 1563808
78.12 1557978
78.25 1555060