0.00 7580956
0.00 7481329
0.06 7461479
0.13 7391116
0.25 7358028
0.25 7325081
0.25 7249763
0.25 7221961
0.28 7188698
0.29 7109618
0.40 7076997
0.45 7004287
0.49 6869785
0.50 6808551
0.50 6643266
0.72 6630449
0.72 6581998
0.73 6559962
0.73 6507054
0.73 6421471
0.76 6396307
0.77 6383958
0.86 6355872
0.98 6258808
0.98 6247809
0.99 6181164
1.00 6153239
1.02 6132975
1.05 6130660
1.06 6086781
1.22 6071470
1.22 6018156
1.22 5987552
1.22 5872334
1.27 5827473
1.31 5817818
1.47 5703479
1.47 5678209
1.49 5642154
1.50 5622082
1.55 5617000
1.63 5603371
1.64 5594820
1.72 5505922
1.73 5477879
1.74 5470821
1.75 5441446
1.82 5437669
1.86 5432981
1.87 5425439
1.97 5413331
1.97 5387584
1.98 5361090
1.98 5350506
1.98 5348368
2.00 5343651
2.01 5175303
2.21 5165890
2.21 5136287
2.21 5128935
2.21 5108750
2.22 5073923
2.22 5033950
2.24 5028998
2.31 5005607
2.46 5003139
2.46 5001281
2.46 4999974
2.46 4996223
2.46 4936789
2.48 4927090
2.48 4905667
2.52 4856681
2.58 4766959
2.71 4736532
2.71 4709034
2.74 4649216
2.77 4630168
2.78 4613922
2.85 4605398
2.95 4592407
2.95 4558143
2.96 4476200
3.10 4463462
3.19 4437439
3.19 4346028
3.22 4327293
3.25 4307857
3.43 4303676
3.43 4300785
3.43 4288499
3.43 4282088
3.43 4171688
3.68 4148503
3.69 4131126
3.69 4097334
3.71 4083846
3.72 4065935
3.80 4020331
3.92 4010917
3.92 4009909
3.93 4006663
3.93 3997618
3.93 3978207
3.94 3975226
3.94 3916501
3.96 3914199
3.98 3807410
4.16 3794205
4.16 3754077
4.17 3712814
4.20 3679566
4.39 3674291
4.40 3651804
4.42 3649694
4.42 3620795
4.46 3606915
4.46 3591051
4.52 3577682
4.59 3556977
4.65 3496375
4.65 3489601
4.66 3487377
4.67 3483014
4.82 3456680
4.86 3455597
4.88 3453532
4.88 3428097
4.89 3408531
4.90 3370277
5.00 3367087
5.04 3363090
5.13 3345539
5.13 3343791
5.14 3321260
5.14 3306855
5.14 3299038
5.16 3289127
5.22 3282770
5.37 3268367
5.37 3263617
5.38 3252588
5.40 3188174
5.47 3161455
5.61 3148764
5.61 3135432
5.62 3043712
5.86 2955202
6.10 2952398
6.11 2951057
6.11 2937034
6.13 2907895
6.17 2893752
6.18 2882212
6.37 2870198
6.38 2860543
6.39 2857001
6.40 2847007
6.40 2845787
6.40 2838567
6.58 2837694
6.59 2830363
6.60 2812786
6.62 2808511
6.62 2805695
6.63 2799454
6.64 2791876
6.64 2785258
6.65 2777780
6.67 2772147
6.73 2758480
6.84 2745278
6.85 2710175
6.85 2701750
6.98 2694428
7.10 2683259
7.10 2655694
7.15 2652611
7.17 2639283
7.19 2638193
7.36 2631966
7.37 2612982
7.42 2609531
7.42 2583048
7.62 2561379
7.64 2552457
7.64 2527044
7.86 2518347
7.87 2487011
7.98 2477474
8.10 2465702
8.11 2464039
8.13 2447542
8.26 2438030
8.35 2429601
8.36 2426790
8.36 2421604
8.36 2396213
8.57 2389758
8.60 2373750
8.60 2358073
8.84 2348131
8.84 2344545
8.85 2309768
9.09 2293845
9.14 2257661
9.33 2255882
9.35 2249246
9.36 2190933
9.56 2189926
9.57 2189316
9.60 2183394
9.61 2182731
9.62 2175051
9.62 2165033
9.67 2146813
9.81 2146009
9.81 2123825
9.81 2123712
9.82 2119469
9.82 2117286
10.06 2116482
10.08 2100549
10.10 2097083
10.21 2087354
10.25 2086695
10.30 2050689
10.55 2027701
10.55 2023481
10.79 2014035
10.79 2002302
10.91 1999746
11.05 1997771
11.06 1991533
11.09 1988577
11.11 1976758
11.17 1973846
11.26 1947143
11.34 1939688
11.37 1937082
11.42 1931220
11.45 1928649
11.55 1927678
11.56 1921413
11.56 1908248
11.60 1903859
11.79 1896804
11.81 1888090
11.95 1880871
12.03 1873194
12.10 1863431
12.18 1860470
12.32 1855499
12.33 1853415
12.33 1853141
12.46 1849343
12.54 1842222
12.58 1839040
12.59 1831903
12.77 1829416
12.81 1824226
12.82 1822065
12.88 1816294
13.03 1809997
13.05 1808606
13.07 1800443
13.27 1795203
13.29 1790140
13.29 1789267
13.35 1781609
13.35 1764566
13.52 1764516
13.52 1745732
13.77 1737768
13.85 1731265
13.93 1729963
14.00 1722286
14.14 1719240
14.27 1717817
14.28 1716920
14.33 1712943
14.47 1711911
14.53 1705614
14.54 1705211
14.65 1697444
14.76 1692204
14.76 1687141
14.99 1684090
15.02 1680844
15.06 1680441
15.26 1677954
15.28 1677390
15.38 1675117
15.40 1674655
15.42 1674144
15.51 1672450
15.63 1663621
15.76 1655944
16.03 1654038
16.08 1653137
16.25 1648513
16.40 1643261
16.50 1637475
16.74 1637389
16.84 1636052
16.87 1635569
16.94 1628295
21.47 1627130
21.63 1625580
21.82 1623675
21.90 1623198
21.93 1620956
22.19 1619262
22.22 1613926
22.27 1612795
22.49 1610890
22.50 1608094
22.78 1606189
23.08 1604271
23.22 1603490
43.20 1601600
43.54 1599695
43.98 1597313
51.96 1597283
52.25 1592104
52.49 1591950
92.15 1587820
92.41 1585500
92.76 1583595