0.00 7385570
0.00 7340257
0.03 7324217
0.05 7219061
0.12 7088873
0.37 7005934
0.38 7001286
0.38 6895857
0.39 6796175
0.48 6776110
0.56 6671786
0.63 6653065
0.63 6621045
0.63 6570237
0.63 6564849
0.63 6563854
0.64 6562851
0.64 6533055
0.66 6399325
0.69 6359023
0.75 6353915
0.87 6338903
0.87 6310183
0.87 6291139
0.88 6250401
0.88 6245090
0.89 6069789
1.01 6051543
1.04 6040594
1.12 6015002
1.12 6006798
1.12 5938114
1.13 5934250
1.13 5890476
1.15 5873411
1.21 5846030
1.23 5844881
1.26 5776584
1.36 5727831
1.36 5711635
1.36 5643210
1.37 5640560
1.37 5590598
1.38 5552752
1.41 5545131
1.45 5532118
1.47 5438290
1.60 5437953
1.60 5421897
1.60 5356661
1.60 5342493
1.61 5341590
1.61 5335685
1.62 5328986
1.63 5318873
1.64 5194462
1.83 5110874
1.85 5080441
1.86 5065032
1.89 5061585
1.91 5061343
1.92 5045854
1.93 4998749
2.08 4868379
2.10 4864284
2.31 4844962
2.33 4844472
2.33 4837446
2.33 4769156
2.33 4749622
2.38 4726343
2.43 4633485
2.55 4558616
2.56 4508552
2.60 4506493
2.64 4475994
2.71 4393096
2.79 4374669
2.79 4374391
2.80 4302251
2.82 4292970
2.88 4283112
2.97 4275443
2.98 4262726
3.03 4208179
3.03 4202910
3.04 4164670
3.11 4147463
3.13 4127448
3.21 4069710
3.28 4032852
3.29 4032158
3.30 3970598
3.30 3944434
3.52 3877053
3.54 3844993
3.54 3811557
3.76 3795385
3.76 3779762
3.77 3719129
3.78 3692964
3.81 3689884
3.90 3676279
4.01 3673812
4.01 3643517
4.01 3623444
4.02 3617057
4.03 3597873
4.03 3585341
4.04 3584115
4.06 3582576
4.07 3581912
4.09 3571723
4.15 3557686
4.25 3542472
4.25 3527648
4.26 3524921
4.29 3476614
4.38 3466748
4.49 3455836
4.49 3445812
4.49 3408877
4.52 3406777
4.56 3387229
4.60 3381036
4.61 3380781
4.73 3372915
4.73 3353816
4.74 3288412
4.98 3283776
4.98 3282572
4.98 3268600
4.99 3234597
5.00 3204714
5.23 3196993
5.23 3192420
5.24 3173201
5.24 3169964
5.28 3144743
5.28 3125195
5.28 3121147
5.46 3108778
5.47 3097529
5.47 3096522
5.48 3088382
5.52 3061331
5.71 3010672
5.72 3007516
5.79 2986827
5.98 2983188
5.98 2981609
5.99 2923831
6.00 2915740
6.22 2853941
6.26 2792500
6.47 2792352
6.47 2780064
6.47 2779899
6.48 2729012
6.51 2728643
6.70 2723644
6.71 2717876
6.71 2687518
6.78 2673377
6.90 2666844
6.96 2649782
6.97 2635983
6.98 2628445
7.06 2625496
7.11 2609075
7.12 2602585
7.20 2602491
7.22 2599062
7.25 2597488
7.26 2583457
7.27 2576591
7.29 2572646
7.30 2558163
7.44 2555984
7.44 2528427
7.50 2499581
7.68 2494753
7.69 2469301
7.73 2411034
7.93 2385287
7.95 2363853
8.04 2359885
8.17 2352540
8.18 2347221
8.19 2337764
8.26 2327120
8.27 2314752
8.41 2269599
8.65 2259756
8.66 2253334
8.66 2239863
8.66 2232884
8.90 2229806
8.91 2219163
8.91 2216511
8.91 2215165
8.92 2214185
8.93 2206416
8.98 2180152
9.14 2169884
9.15 2166431
9.16 2161453
9.16 2161024
9.18 2154158
9.22 2151515
9.25 2147664
9.29 2137272
9.40 2134440
9.41 2121047
9.41 2110776
9.63 2100462
9.66 2098439
9.67 2082139
9.85 2077609
9.88 2076340
9.89 2057001
9.91 2051141
10.00 2035592
10.13 2034502
10.15 2025575
10.18 2018208
10.25 2016464
10.38 2015374
10.39 2002064
10.48 2000199
10.53 1985910
10.64 1972402
10.65 1957082
10.88 1947368
10.89 1942746
11.03 1920224
11.12 1913270
11.14 1911648
11.19 1902436
11.41 1900793
11.42 1888441
11.45 1863436
11.61 1851336
11.62 1849441
11.66 1846052
11.90 1844457
11.92 1834954
11.93 1834154
11.93 1833952
12.11 1831768
12.11 1826797
12.20 1823638
12.27 1819927
12.31 1815073
12.35 1813346
12.45 1806667
12.46 1799292
12.56 1795946
12.63 1793221
12.63 1786074
12.74 1784048
12.82 1782453
12.82 1776429
12.87 1775642
13.07 1763873
13.19 1757211
13.32 1756996
13.34 1755120
13.36 1745228
13.55 1743137
13.56 1738073
13.57 1737491
13.79 1735937
13.79 1729430
13.84 1725722
14.02 1720474
14.08 1717674
14.17 1717661
14.29 1715222
14.42 1714455
14.49 1712384
14.55 1712118
14.58 1710830
14.63 1705229
14.91 1697181
15.06 1691171
15.31 1689617
15.31 1688987
15.34 1685923
15.55 1680458
15.76 1680206
15.86 1669935
16.10 1668375
16.29 1660279
16.62 1659982
16.75 1655414
16.76 1650444
18.45 1646188
18.79 1645325
32.95 1643917
33.03 1628574
33.41 1627932