0.00 7082793
0.01 7073742
0.01 7031597
0.03 6986634
0.07 6904118
0.08 6874191
0.25 6870307
0.25 6825534
0.25 6766032
0.26 6721982
0.27 6547576
0.49 6439276
0.51 6358490
0.52 6319454
0.55 6261617
0.69 6188689
0.74 6122670
0.74 6106306
0.74 6085714
0.75 6041266
0.75 6000843
0.83 5998350
0.84 5967919
0.98 5928888
0.99 5912595
0.99 5904003
0.99 5833698
1.03 5807178
1.07 5775829
1.18 5773980
1.20 5766759
1.22 5602597
1.23 5561536
1.30 5552521
1.46 5429373
1.46 5355425
1.71 5340960
1.71 5282252
1.71 5188429
1.79 5157187
1.87 5150202
1.95 5139700
1.95 5100822
1.95 5045185
1.96 4956263
1.97 4955547
2.09 4933946
2.19 4933317
2.20 4843829
2.21 4836379
2.21 4801295
2.25 4732023
2.35 4727236
2.43 4727150
2.43 4663566
2.44 4651994
2.45 4595098
2.46 4528301
2.59 4526849
2.68 4524876
2.68 4501802
2.68 4498029
2.70 4417076
2.73 4391704
2.91 4330449
2.92 4326353
2.92 4282345
2.92 4262657
2.94 4239243
2.95 4171387
3.10 4153970
3.17 4140828
3.17 4118907
3.17 4102473
3.17 4044197
3.18 4019444
3.19 4017457
3.41 4006348
3.41 4002402
3.41 3884806
3.66 3855297
3.67 3840619
3.68 3840271
3.69 3774908
3.74 3753490
3.82 3745372
3.86 3702933
3.90 3696730
3.90 3668395
3.90 3658879
3.90 3653518
3.91 3630036
3.92 3627745
3.94 3616238
3.96 3596040
4.02 3593160
4.14 3571505
4.14 3566026
4.14 3565807
4.14 3490746
4.20 3483104
4.26 3461732
4.27 3455026
4.39 3378078
4.41 3362491
4.46 3355388
4.48 3345128
4.63 3312194
4.65 3306562
4.67 3301727
4.69 3294371
4.70 3290790
4.70 3281357
4.74 3248105
4.78 3245074
4.86 3241982
4.87 3234247
4.87 3231521
4.88 3226240
4.88 3196032
4.89 3143767
5.11 3106641
5.14 3077690
5.15 3052359
5.35 3035096
5.36 3014598
5.36 2983958
5.60 2977543
5.61 2948483
5.62 2905649
5.84 2888393
5.85 2859220
5.86 2844898
5.93 2841878
6.09 2818142
6.10 2789034
6.11 2785868
6.15 2755446
6.33 2739118
6.36 2729746
6.37 2705153
6.44 2702602
6.55 2680258
6.58 2679395
6.59 2655066
6.60 2629501
6.62 2627997
6.82 2619746
6.83 2587552
6.98 2577240
7.05 2577052
7.05 2563219
7.06 2552951
7.08 2546663
7.23 2521230
7.30 2517302
7.32 2505745
7.35 2502540
7.35 2496183
7.41 2495306
7.41 2475368
7.54 2463766
7.56 2438731
7.79 2437151
7.80 2419374
7.80 2411390
7.81 2410022
7.90 2404574
7.90 2398286
8.00 2371069
8.03 2337272
8.24 2336735
8.25 2325936
8.27 2312056
8.38 2306537
8.39 2301438
8.46 2296215
8.51 2294275
8.52 2276524
8.57 2257951
8.63 2255770
8.76 2238656
8.76 2232262
8.84 2228203
8.89 2227208
8.99 2221973
9.00 2218020
9.02 2204859
9.03 2204286
9.07 2200458
9.09 2199029
9.24 2188861
9.24 2173837
9.26 2173800
9.50 2171266
9.51 2166194
9.52 2155764
9.52 2155110
9.58 2151469
9.59 2148608
9.63 2126761
9.74 2121708
9.74 2108304
9.81 2101288
9.99 2095204
10.00 2081510
10.05 2049134
10.24 2038479
10.30 2032570
10.36 2029443
10.47 2028145
10.48 2027883
10.49 2022927
10.49 2021674
10.50 2014790
10.63 2008387
10.70 2000826
10.80 1997926
10.83 1970123
10.96 1969507
10.99 1966407
11.00 1952624
11.04 1919497
11.21 1917677
11.21 1916963
11.23 1916117
11.23 1912981
11.35 1907647
11.45 1906784
11.45 1905860
11.47 1896992
11.49 1889190
11.70 1887630
11.70 1867206
11.94 1856745
12.12 1850092
12.18 1844097
12.23 1834767
12.32 1820164
12.44 1809704
12.61 1808313
12.66 1806473
12.70 1792988
12.73 1792734
12.92 1790200
12.97 1786739
13.01 1780033
13.13 1752017
13.19 1747409
13.21 1720085
13.43 1719629
13.45 1717551
13.45 1709990
13.52 1708187
13.67 1707017
13.73 1704300
13.78 1703519
13.80 1701426
13.83 1691859
13.96 1687191
14.00 1681918
14.00 1681764
14.01 1679158
14.15 1675518
14.19 1675225
14.20 1669063
14.44 1665968
14.52 1661002
14.69 1654444
14.91 1653674
14.92 1653581
14.93 1650069
15.19 1649230
15.28 1646136
15.29 1642192
15.39 1641616
15.48 1641353
15.81 1640111
18.47 1637648
18.64 1635245
21.53 1626227
21.60 1625675
21.68 1624090
26.10 1614326
30.30 1611723
30.65 1592959
30.83 1592586
30.88 1580132
31.29 1579759
31.45 1579678
31.96 1577296