0.00 7562384
0.00 7367858
0.07 7351936
0.21 7317151
0.25 7301970
0.25 7161598
0.26 7013319
0.30 6966725
0.49 6827819
0.50 6809801
0.51 6704758
0.52 6702150
0.63 6647285
0.66 6584128
0.74 6534623
0.74 6398342
0.75 6368485
0.76 6354419
0.78 6335700
0.83 6322161
0.90 6319553
0.92 6312846
0.99 6298480
0.99 6257344
0.99 6228835
0.99 6180751
1.01 6103939
1.15 6089664
1.15 6072602
1.23 6043772
1.23 6002657
1.23 5992492
1.23 5978805
1.23 5969833
1.24 5871866
1.25 5832266
1.28 5808027
1.47 5709250
1.48 5668712
1.48 5653652
1.53 5641873
1.65 5640385
1.71 5604948
1.72 5558644
1.72 5486010
1.79 5402148
1.84 5356084
1.95 5348449
1.95 5326940
1.95 5286108
1.96 5186584
2.02 5155896
2.03 5132902
2.21 5132353
2.21 5074799
2.22 5066683
2.22 5056367
2.22 5017402
2.23 5014996
2.29 4997480
2.29 4935236
2.41 4933016
2.45 4868969
2.46 4788061
2.50 4781587
2.51 4735350
2.68 4692680
2.70 4671268
2.70 4563434
2.75 4558169
2.87 4556954
2.87 4553982
2.92 4538305
2.93 4521814
2.96 4400049
3.05 4324414
3.19 4318509
3.20 4226284
3.27 4221539
3.28 4220470
3.30 4208844
3.34 4185099
3.38 4158260
3.45 4145552
3.45 4100157
3.47 4061342
3.48 4043275
3.57 4004385
3.71 3957615
3.71 3928229
3.72 3889400
3.85 3885884
3.96 3866301
3.96 3864795
3.96 3845222
3.97 3752710
4.12 3747186
4.21 3740756
4.21 3735399
4.21 3713359
4.22 3705290
4.23 3682393
4.26 3680185
4.27 3643432
4.28 3637235
4.41 3615158
4.46 3613671
4.46 3586843
4.47 3569469
4.50 3503051
4.62 3499588
4.69 3498709
4.72 3464361
4.72 3409025
4.79 3406825
4.80 3376077
4.97 3308495
4.98 3278825
5.00 3261092
5.10 3260507
5.21 3202801
5.21 3196187
5.22 3170823
5.23 3130283
5.47 3130123
5.47 3122187
5.48 3073710
5.58 3061304
5.64 3032943
5.69 3020332
5.72 2951353
5.74 2930648
5.97 2900723
5.99 2887009
6.01 2885689
6.06 2872942
6.22 2871155
6.23 2871047
6.25 2854675
6.27 2850325
6.32 2843150
6.34 2827701
6.35 2783381
6.47 2778661
6.47 2711205
6.72 2692675
6.74 2677103
6.76 2674352
6.78 2673295
6.87 2668286
6.95 2626179
6.97 2606596
6.99 2599840
7.03 2597285
7.04 2589326
7.14 2572787
7.18 2558597
7.21 2549369
7.22 2536269
7.23 2535183
7.24 2532258
7.27 2512936
7.28 2512908
7.41 2482607
7.47 2479322
7.47 2459193
7.48 2453258
7.51 2451056
7.51 2445754
7.72 2434809
7.72 2423426
7.74 2410699
7.76 2404177
7.79 2374842
7.97 2366437
7.97 2351477
8.02 2342291
8.15 2323771
8.23 2319825
8.25 2316129
8.27 2288340
8.47 2281477
8.48 2258927
8.53 2250430
8.65 2246763
8.72 2245421
8.73 2243080
8.73 2216072
8.88 2210366
8.91 2208378
8.99 2170468
9.04 2166801
9.25 2164729
9.26 2138002
9.29 2129973
9.51 2116931
9.53 2106204
9.62 2092063
9.76 2077476
9.76 2076208
9.76 2074883
9.82 2068007
10.01 2067015
10.01 2066074
10.02 2049412
10.06 2039208
10.27 2031702
10.36 2029014
10.48 2021269
10.52 2020572
10.53 2019197
10.54 1997352
10.77 1997339
10.79 1989659
10.85 1987349
11.04 1982348
11.04 1981331
11.07 1973111
11.09 1972803
11.28 1971027
11.30 1962983
11.50 1956310
11.50 1947800
11.53 1944600
11.57 1933391
11.67 1925859
11.78 1925042
11.79 1920858
11.79 1918523
11.79 1917521
11.85 1904119
12.04 1890994
12.07 1889881
12.25 1889532
12.28 1879359
12.28 1878582
12.32 1860539
12.52 1853119
12.60 1848260
12.70 1846301
12.75 1843250
12.78 1839913
12.85 1826209
13.03 1826027
13.03 1815264
13.08 1813930
13.26 1812981
13.31 1805295
13.34 1802985
13.46 1795461
13.58 1792410
13.58 1792305
13.71 1790520
13.71 1788776
13.78 1781463
13.83 1780199
13.98 1778423
14.17 1777043
14.21 1761604
14.23 1756663
14.31 1750881
14.38 1749678
14.49 1748438
14.54 1748118
14.56 1744737
14.57 1742870
14.66 1740385
14.73 1739436
14.74 1731110
15.00 1723797
15.26 1722237
15.29 1720497
15.62 1719476
15.64 1717341
15.71 1712400
15.84 1707799
15.98 1706559
16.05 1692220
16.38 1690980
16.56 1687929
16.87 1685135
25.02 1676389
25.20 1673909
25.32 1653011
25.78 1651727
26.04 1650864
26.16 1647265
26.30 1640141
26.68 1636542
26.98 1635294
27.22 1621960