0.00 7278042
0.00 7183836
0.01 7073211
0.02 7022152
0.13 7000052
0.21 6941636
0.25 6935991
0.26 6933878
0.26 6932554
0.26 6864081
0.26 6765712
0.29 6586548
0.51 6563647
0.51 6535603
0.51 6322707
0.55 6321448
0.56 6305448
0.74 6295484
0.75 6262616
0.75 6159191
0.76 6109335
0.78 6109174
0.88 6088764
0.88 6082416
0.95 6031643
1.00 5801225
1.04 5772734
1.24 5745527
1.24 5599440
1.28 5559666
1.31 5501994
1.50 5488467
1.50 5439457
1.51 5397976
1.52 5389580
1.53 5368667
1.56 5329788
1.74 5309790
1.74 5308068
1.75 5116720
1.99 5083075
1.99 5007102
2.01 5003736
2.02 4990239
2.07 4952984
2.08 4913504
2.15 4911949
2.25 4816574
2.25 4801269
2.26 4790179
2.30 4758824
2.33 4708733
2.47 4694103
2.51 4639211
2.53 4571756
2.55 4569229
2.57 4519029
2.58 4499107
2.76 4421726
2.76 4421722
2.77 4400164
2.80 4373428
2.82 4324033
3.01 4305589
3.02 4268598
3.02 4253259
3.05 4228204
3.06 4221219
3.07 4215831
3.09 4157796
3.25 4152464
3.26 4103461
3.27 4075949
3.29 4032751
3.35 4017682
3.52 4012485
3.52 3979355
3.52 3865877
3.78 3846695
3.79 3826694
3.82 3799068
3.83 3743286
4.04 3714775
4.04 3644696
4.14 3627379
4.29 3595577
4.29 3562536
4.31 3560806
4.31 3552859
4.40 3514725
4.51 3476057
4.54 3474068
4.54 3442982
4.56 3440317
4.61 3418791
4.66 3398555
4.69 3374218
4.80 3323942
4.86 3318555
4.87 3316964
4.95 3316026
4.97 3297703
5.06 3288661
5.06 3244239
5.17 3214494
5.31 3149093
5.32 3104392
5.57 3097076
5.59 3071013
5.61 3029110
5.65 3019216
5.74 3013856
5.83 2996179
5.83 2976838
5.83 2969120
5.90 2962212
6.08 2952308
6.08 2951923
6.09 2947172
6.11 2944129
6.12 2919954
6.14 2910221
6.34 2878755
6.36 2854558
6.37 2834939
6.58 2815126
6.58 2785766
6.67 2756741
6.83 2746841
6.83 2726939
6.84 2679842
7.08 2671686
7.09 2662859
7.09 2661944
7.10 2652900
7.10 2639718
7.33 2574410
7.59 2545282
7.61 2528413
7.82 2510763
7.83 2506202
7.84 2483677
7.85 2471159
8.08 2462046
8.09 2459875
8.11 2459119
8.16 2457984
8.16 2456119
8.17 2453795
8.20 2452182
8.26 2449328
8.28 2444125
8.28 2433365
8.31 2433347
8.32 2432692
8.32 2423465
8.34 2419294
8.34 2418041
8.43 2416827
8.47 2415599
8.53 2414997
8.55 2414379
8.55 2388629
8.59 2384893
8.59 2358461
8.63 2340908
8.83 2321846
8.84 2306134
8.85 2304916
8.89 2294729
9.07 2284542
9.08 2266892
9.09 2265556
9.11 2259928
9.15 2239547
9.31 2238429
9.32 2236466
9.33 2222710
9.34 2221891
9.36 2190708
9.36 2188535
9.57 2186292
9.58 2180658
9.58 2171171
9.66 2170885
9.69 2161501
9.79 2153608
9.83 2136116
9.84 2126424
9.94 2123440
10.06 2121542
10.07 2117586
10.08 2097436
10.13 2075719
10.31 2071696
10.31 2060007
10.33 2055592
10.44 2049693
10.56 2043345
10.58 2036572
10.60 2026049
10.62 2022509
10.79 2019443
10.80 2015792
10.80 1980276
11.09 1970312
11.10 1960837
11.18 1955662
11.29 1951736
11.30 1936401
11.45 1936223
11.52 1936174
11.55 1933529
11.58 1932297
11.61 1918469
11.79 1916966
11.80 1912630
11.81 1908317
11.82 1906015
11.87 1902750
12.03 1901349
12.05 1895131
12.09 1879074
12.28 1873235
12.32 1859813
12.52 1859739
12.53 1850520
12.63 1840971
12.75 1840332
12.76 1834623
12.94 1833459
12.99 1828530
13.05 1827545
13.07 1825516
13.09 1823713
13.17 1823170
13.26 1822858
13.27 1806050
13.54 1798107
13.66 1796292
13.86 1796246
13.88 1795379
13.91 1790674
13.98 1788998
14.07 1779827
14.33 1773913
14.39 1771884
14.47 1768818
14.49 1764490
14.80 1758636
15.02 1758590
15.09 1755080
15.22 1753574
15.24 1752222
15.34 1752061
15.35 1749462
15.36 1745787
15.47 1742929
15.52 1742768
15.56 1739873
15.58 1735473
15.70 1734050
15.83 1729572
15.85 1728069
15.93 1724567
15.94 1722915
16.34 1721502
16.35 1721271
16.38 1720005
16.42 1716986
16.59 1714175
16.90 1714060
16.91 1712416
16.99 1710558
20.59 1705126
20.88 1700607
21.00 1699886
21.17 1698832
21.37 1687949
21.64 1686305
21.79 1686150
21.79 1684342
22.09 1684126
22.13 1683413
22.28 1682929
22.65 1679758
28.42 1673967
37.66 1672458
37.79 1670952
37.87 1669550
38.07 1668318
38.09 1668044
38.10 1665024
38.36 1663611
38.39 1662642
38.49 1660369
38.58 1657563
38.72 1655181
38.86 1652908
39.02 1651402
39.31 1649020
39.33 1648297
39.35 1646104
39.49 1645116
39.58 1641382
39.65 1635672
39.98 1632567
40.27 1630778
40.66 1630689
41.02 1629276