0.00 7690449
0.01 7581075
0.01 7437513
0.01 7411097
0.07 7276308
0.26 7242044
0.26 7210331
0.26 7104895
0.26 7018391
0.42 6975586
0.43 6930884
0.51 6927013
0.51 6898502
0.51 6800059
0.51 6783191
0.52 6777435
0.52 6722885
0.54 6680651
0.58 6664980
0.63 6579309
0.75 6467364
0.79 6466927
0.79 6371310
0.80 6354504
0.85 6328860
0.98 6298590
0.99 6275516
1.00 6207953
1.00 6185949
1.00 6182725
1.00 6180120
1.00 6175389
1.01 6115892
1.01 6051571
1.01 5981341
1.24 5975257
1.24 5858140
1.26 5761732
1.31 5760613
1.31 5731881
1.32 5729820
1.33 5715437
1.48 5713743
1.48 5699364
1.48 5519286
1.56 5505255
1.73 5475285
1.73 5450527
1.73 5437657
1.73 5368312
1.73 5274907
1.89 5251708
1.96 5206285
1.96 5191672
1.96 5149044
1.97 5148681
1.98 5133238
1.98 5123191
2.00 5067350
2.08 5055788
2.18 5035414
2.21 4984853
2.22 4893360
2.28 4860811
2.38 4851056
2.45 4824190
2.45 4813599
2.45 4789716
2.46 4775384
2.46 4755773
2.50 4743539
2.51 4709002
2.56 4699377
2.70 4645775
2.70 4627970
2.71 4621151
2.73 4618546
2.74 4599994
2.74 4599085
2.75 4590332
2.78 4458860
2.94 4451915
2.94 4441119
2.95 4432847
2.95 4403510
2.95 4393216
2.95 4390619
3.00 4386252
3.03 4371280
3.04 4356196
3.05 4344158
3.08 4323842
3.12 4255408
3.19 4252948
3.20 4230288
3.21 4200680
3.21 4163461
3.22 4123599
3.32 4080805
3.37 4059488
3.43 4044494
3.43 4044057
3.44 4000993
3.44 3950750
3.59 3934314
3.68 3934105
3.69 3878434
3.70 3862886
3.71 3802505
3.92 3785163
3.93 3776715
3.94 3759178
3.94 3756921
3.97 3755317
3.98 3723463
3.99 3716082
4.04 3703501
4.04 3700046
4.14 3699462
4.17 3685581
4.18 3650444
4.18 3641254
4.20 3570930
4.41 3566219
4.41 3544520
4.42 3537291
4.42 3483228
4.52 3470638
4.63 3470071
4.67 3434752
4.67 3413800
4.69 3397763
4.71 3388386
4.72 3386257
4.72 3364671
4.92 3331077
4.94 3306321
4.95 3291144
5.11 3282393
5.14 3278258
5.17 3272791
5.17 3258184
5.18 3199216
5.32 3169393
5.42 3156632
5.42 3089182
5.50 3070767
5.65 3044646
5.66 3023429
5.68 3011648
5.82 2980806
5.91 2964733
5.92 2931788
5.97 2924535
5.98 2904841
6.00 2902270
6.04 2901764
6.15 2897841
6.15 2887568
6.16 2864493
6.17 2861222
6.24 2854305
6.33 2847552
6.35 2844999
6.37 2842645
6.40 2823518
6.41 2760367
6.45 2719292
6.64 2711780
6.64 2690316
6.67 2619000
6.85 2616833
6.89 2614693
6.91 2608411
6.92 2559479
7.01 2543306
7.14 2505064
7.14 2499759
7.14 2484982
7.39 2482628
7.39 2481287
7.39 2477838
7.39 2453840
7.45 2450716
7.47 2448083
7.48 2424702
7.64 2420405
7.65 2418171
7.65 2417135
7.65 2411942
7.68 2401537
7.77 2400692
7.89 2389411
7.91 2368193
7.95 2339780
8.14 2321035
8.15 2316786
8.16 2310804
8.23 2302881
8.24 2300414
8.32 2296370
8.42 2285137
8.42 2278539
8.43 2266279
8.56 2263871
8.59 2262104
8.61 2261147
8.63 2258780
8.63 2236397
8.65 2235241
8.86 2234752
8.89 2232234
8.90 2221019
8.91 2218892
8.94 2215326
8.95 2204011
8.98 2197853
9.19 2170036
9.36 2139295
9.38 2138894
9.44 2138349
9.61 2118923
9.82 2112443
9.86 2093017
9.95 2092631
9.99 2078177
10.11 2062986
10.12 2034724
10.36 2031649
10.38 2020328
10.41 2015979
10.42 2010088
10.45 2009882
10.61 2004538
10.64 1996422
10.72 1992088
10.78 1977682
10.86 1954517
10.90 1952488
11.11 1948863
11.12 1933134
11.17 1929323
11.22 1925910
11.39 1914645
11.59 1911514
11.61 1906484
11.61 1898094
11.62 1896151
11.64 1894547
11.65 1892787
11.84 1888995
11.85 1883319
11.86 1882947
11.90 1877014
11.92 1864949
12.10 1855707
12.11 1851719
12.12 1851252
12.15 1849758
12.37 1844414
12.47 1834394
12.58 1831964
12.60 1827765
12.67 1825659
12.68 1823370
12.73 1821396
12.86 1818129
12.89 1813519
12.94 1807699
12.98 1802410
13.13 1790473
13.29 1788713
13.38 1781742
13.40 1777750
13.61 1767653
13.81 1763371
13.84 1761344
13.95 1760356
14.09 1750259
14.12 1750023
14.35 1746203
14.43 1744315
14.49 1739926
14.59 1739551
14.62 1734820
14.73 1733865
14.89 1728185
15.07 1723079
15.32 1721052
15.59 1719292
15.75 1715898
15.84 1714887
15.85 1712078
15.86 1705941
16.08 1705566
16.33 1704579
16.44 1701047
16.56 1698425
16.67 1694605
16.73 1680594
16.84 1676238
19.33 1670412
19.63 1664459
20.00 1661541
20.39 1660678
20.56 1657902
20.82 1653201
31.80 1646463
32.13 1646091
53.25 1644960