0.00 4776352
0.00 4539305
0.01 4375679
0.06 4162614
0.06 4139031
0.06 4121075
0.07 4049785
0.07 3909970
0.11 3500313
0.12 3492994
0.17 3481921
0.17 3465130
0.17 3385996
0.17 3321037
0.18 3258296
0.19 3169131
0.22 3136863
0.22 3124406
0.22 3118902
0.23 3117939
0.23 2972733
0.25 2964077
0.26 2932483
0.27 2914527
0.27 2908851
0.27 2886203
0.28 2885362
0.28 2869717
0.28 2736183
0.29 2716482
0.33 2716272
0.33 2670501
0.33 2669111
0.33 2627239
0.35 2613560
0.35 2474865
0.35 2392421
0.38 2384880
0.38 2337258
0.39 2300926
0.39 2279499
0.40 2258355
0.44 2247603
0.44 2232417
0.44 2161204
0.45 2127197
0.49 2087310
0.50 2081216
0.50 2026603
0.55 2013417
0.55 1975772
0.55 1962159
0.56 1920847
0.60 1917316
0.60 1900140
0.61 1879875
0.61 1873217
0.63 1867711
0.65 1813923
0.66 1772951
0.66 1763092
0.67 1750335
0.69 1730230
0.71 1727690
0.71 1724307
0.71 1723698
0.72 1713403
0.72 1693323
0.74 1682600
0.76 1659744
0.77 1656166
0.77 1639465
0.79 1634067
0.82 1622837
0.82 1619877
0.82 1618172
0.82 1587877
0.87 1578905
0.88 1571055
0.89 1566202
0.89 1548226
0.91 1529728
0.94 1521184
0.95 1517794
0.96 1514204
0.98 1513013
0.99 1482743
1.04 1475470
1.05 1473130
1.06 1463536
1.07 1459946
1.10 1459819
1.11 1452543
1.14 1451999
1.16 1441708
1.21 1437147
1.21 1424487
1.27 1420278
1.35 1412982
1.38 1408912
4.83 1406856
4.85 1406288
7.29 1406232
7.35 1405664
7.42 1400046
257.54 1398281
380.28 1395981