0.00 4359552
0.00 4324133
0.00 4071275
0.05 4065319
0.05 4064983
0.05 3880589
0.05 3775298
0.06 3722038
0.08 3698408
0.10 3674043
0.10 3542242
0.10 3531752
0.10 3473650
0.11 3437206
0.15 3384296
0.15 3383983
0.16 3370807
0.16 3264210
0.17 3086313
0.18 3017094
0.20 3016882
0.20 3014507
0.20 3002725
0.20 2980733
0.20 2836046
0.22 2835670
0.23 2601249
0.25 2597109
0.25 2593524
0.25 2545293
0.26 2521031
0.26 2428253
0.27 2419825
0.28 2359347
0.30 2344031
0.30 2316384
0.30 2305921
0.32 2248524
0.33 2225752
0.35 2203181
0.35 2201572
0.35 2133693
0.36 2057334
0.41 2029280
0.41 1977205
0.42 1969731
0.45 1967364
0.46 1897324
0.46 1883561
0.51 1867467
0.51 1863847
0.51 1826876
0.56 1818261
0.56 1812491
0.56 1811588
0.56 1806767
0.57 1798822
0.57 1788661
0.57 1767131
0.61 1756958
0.62 1751815
0.62 1746762
0.62 1745032
0.62 1708033
0.65 1677662
0.68 1669818
0.71 1666554
0.71 1665813
0.71 1654392
0.71 1645725
0.72 1565692
0.76 1550472
0.77 1527203
0.80 1523939
0.83 1523111
0.83 1515127
0.84 1514769
0.84 1503110
0.86 1495650
0.86 1486416
0.91 1484181
0.91 1470433
0.96 1469845
0.96 1459332
0.96 1457571
1.01 1453479
1.02 1429814
1.07 1425722
1.07 1425214
1.13 1420472
1.20 1418172
1.20 1417208
1.24 1413116
1.27 1408247
1.49 1405743
1.52 1404293
1.55 1401993
1.59 1399417
1.61 1397117
1.70 1395981