0.00 4038565
0.00 3839027
0.01 3776534
0.01 3540375
0.06 3048209
0.06 3044870
0.11 3035453
0.11 3035440
0.11 2961174
0.12 2918040
0.14 2727543
0.17 2687576
0.17 2666492
0.17 2665309
0.18 2655448
0.18 2506248
0.18 2463881
0.22 2463101
0.22 2461593
0.22 2461190
0.22 2458006
0.22 2454862
0.22 2450280
0.22 2450146
0.22 2436691
0.22 2433150
0.22 2429922
0.23 2420252
0.23 2408044
0.23 2401794
0.24 2387753
0.24 2372559
0.26 2075031
0.27 2068837
0.27 2062679
0.27 2044792
0.27 1998865
0.30 1970940
0.32 1918475
0.32 1909569
0.32 1901336
0.32 1868431
0.32 1850495
0.35 1814384
0.37 1808355
0.37 1805365
0.37 1801642
0.38 1771395
0.41 1752297
0.43 1728626
0.44 1721385
0.44 1715473
0.44 1715150
0.47 1705089
0.48 1681707
0.48 1680216
0.49 1670108
0.49 1668001
0.50 1667942
0.51 1656210
0.53 1650181
0.53 1636364
0.54 1619063
0.59 1584082
0.64 1580217
0.64 1562545
0.65 1546994
0.69 1541674
0.70 1539806
0.70 1525457
0.71 1514632
0.75 1512261
0.76 1507146
0.76 1500505
0.79 1498986
0.80 1496615
0.81 1495739
0.82 1494274
0.82 1490819
0.84 1490433
0.84 1477449
0.85 1469282
0.85 1461357
0.91 1457920
0.91 1456239
0.95 1454809
0.96 1448507
0.97 1443795
1.01 1425771
1.03 1419223
1.04 1417218
1.11 1410670
1.14 1407424
1.21 1401182
68.31 1400046
176.46 1395981