0.00 4095579
0.00 4038619
0.05 4005732
0.05 3919398
0.05 3579175
0.11 3206019
0.11 3205871
0.16 3194899
0.16 3182658
0.16 2978792
0.19 2808349
0.22 2801732
0.22 2790848
0.22 2748386
0.22 2725137
0.22 2709473
0.22 2695012
0.22 2640175
0.23 2572334
0.27 2482951
0.27 2480140
0.27 2465226
0.29 2452487
0.30 2379058
0.32 2309528
0.32 2286864
0.34 2265721
0.35 2243136
0.37 2194173
0.37 2193438
0.37 2176190
0.38 2098343
0.40 2082911
0.42 2081919
0.42 2056598
0.42 1994943
0.43 1984035
0.44 1969574
0.48 1936235
0.48 1877380
0.53 1830634
0.55 1830271
0.56 1787997
0.58 1781380
0.58 1771921
0.60 1763637
0.60 1753776
0.61 1741251
0.63 1697838
0.68 1681762
0.71 1675390
0.72 1662267
0.74 1654883
0.74 1650333
0.74 1647866
0.75 1643285
0.76 1622565
0.80 1561793
0.84 1552489
0.85 1544292
0.85 1533157
0.90 1520446
0.91 1510709
0.96 1508344
0.96 1503678
0.98 1500429
1.00 1498064
1.01 1493398
1.03 1462241
1.05 1459423
1.06 1455999
1.07 1446737
1.12 1444876
1.12 1444824
1.14 1440495
1.16 1427407
1.21 1422824
1.27 1420932
1.27 1414393
1.33 1413825
1.35 1412532
1.39 1396549
1.45 1395981