0.00 3836875
0.00 3833995
0.00 3777263
0.00 3733076
0.00 3554199
0.02 3402551
0.02 3384176
0.05 3381528
0.05 3376171
0.05 3373979
0.05 3365929
0.05 3342781
0.06 3339673
0.06 3339328
0.06 3289246
0.07 3177429
0.07 3025600
0.10 3024476
0.10 2985718
0.10 2967252
0.11 2924006
0.11 2821942
0.12 2811942
0.14 2811308
0.15 2769913
0.15 2752960
0.15 2737926
0.15 2716074
0.16 2665506
0.18 2498318
0.21 2471376
0.21 2458030
0.21 2391691
0.21 2356942
0.23 2284660
0.26 2266682
0.26 2266447
0.26 2244778
0.26 2243265
0.28 2229940
0.29 2165938
0.30 2091426
0.30 1930469
0.36 1907614
0.36 1880428
0.41 1873613
0.41 1861266
0.41 1839033
0.44 1829910
0.46 1802305
0.46 1791362
0.49 1770253
0.50 1766850
0.50 1758961
0.51 1752275
0.51 1748689
0.52 1734421
0.55 1724318
0.57 1709060
0.60 1685003
0.61 1673171
0.66 1671618
0.66 1663776
0.66 1658142
0.66 1655915
0.69 1626454
0.71 1615162
0.71 1582050
0.76 1581101
0.76 1576772
0.76 1554514
0.81 1546650
0.82 1543730
0.82 1541375
0.84 1539559
0.84 1537258
0.86 1525161
0.89 1504022
0.92 1500464
0.94 1490142
0.97 1479837
0.98 1472738
1.03 1465916
1.04 1465550
1.06 1457783
1.09 1450595
1.09 1447478
1.30 1440290
1.80 1437512
1.84 1430324
2.50 1410317
2.53 1405947
417.49 1404001
421.76 1399985
421.78 1397117
421.86 1395981