0.00 4467630
0.04 4464527
0.05 4068939
0.05 3985109
0.10 3834419
0.10 3746340
0.11 3620261
0.12 3518785
0.15 3319524
0.16 3198609
0.17 3178126
0.18 3170393
0.20 3158451
0.20 2953884
0.20 2919243
0.21 2897335
0.21 2801372
0.25 2729854
0.26 2696036
0.27 2647121
0.27 2546084
0.28 2481196
0.31 2405143
0.31 2378792
0.31 2237662
0.34 2225833
0.36 2174254
0.37 2149780
0.39 2127706
0.41 2126693
0.41 2125191
0.41 2110341
0.42 2040567
0.43 1914266
0.47 1914260
0.47 1812223
0.52 1804937
0.52 1793070
0.52 1740705
0.53 1717751
0.57 1714282
0.57 1694852
0.59 1688406
0.60 1680028
0.61 1674754
0.63 1672239
0.64 1661309
0.64 1653190
0.64 1649924
0.64 1642085
0.67 1637528
0.68 1624603
0.68 1612568
0.69 1605481
0.72 1599024
0.73 1591344
0.74 1571781
0.79 1566977
0.79 1554851
0.80 1537632
0.80 1534308
0.85 1515814
0.90 1515377
0.90 1502889
0.91 1500310
0.95 1487385
0.97 1486865
1.01 1481554
1.01 1481298
1.01 1476871
1.02 1463534
1.06 1457453
1.11 1449589
1.11 1447211
1.12 1442692
1.17 1442279
1.17 1437789
1.18 1432698
1.21 1432671
1.22 1420660
1.26 1420633
1.35 1417369
1.37 1406653
1.46 1402561
2.32 1401993
2.34 1401425
3.44 1397685
3.50 1397117
3.51 1396549
4.72 1395981