0.00 3869433
0.00 3626628
0.01 3560323
0.02 3529337
0.06 3528866
0.06 3495715
0.06 3471548
0.07 3355303
0.07 3353770
0.08 3317904
0.08 3307082
0.10 3020440
0.12 3020397
0.12 2995128
0.13 2820998
0.15 2689355
0.18 2674428
0.19 2674107
0.19 2520091
0.24 2481332
0.24 2479243
0.25 2443886
0.26 2430968
0.26 2407556
0.26 2361249
0.26 2350248
0.28 2267810
0.32 2224694
0.34 2219535
0.34 2118433
0.38 2057393
0.38 2005958
0.43 1989438
0.44 1985724
0.45 1968593
0.45 1955816
0.45 1949157
0.45 1948723
0.48 1931649
0.49 1930988
0.49 1900309
0.50 1876963
0.50 1867019
0.50 1854449
0.50 1843666
0.51 1838915
0.51 1836621
0.52 1831150
0.53 1826774
0.55 1787430
0.56 1765331
0.57 1737241
0.57 1726390
0.62 1724175
0.63 1710407
0.64 1688380
0.64 1682008
0.68 1643562
0.69 1630624
0.74 1626910
0.74 1623677
0.74 1611248
0.75 1589909
0.79 1579211
0.83 1577250
0.84 1573926
0.84 1570437
0.84 1568415
0.85 1567810
0.88 1565644
0.88 1553698
0.88 1548338
0.91 1542961
0.95 1529643
1.01 1518965
1.01 1516203
1.03 1505898
1.04 1503544
1.08 1500220
1.09 1495317
1.10 1492927
1.17 1488024
1.19 1482622
1.20 1481483
1.21 1475189
1.24 1474661
1.24 1471178
1.24 1468633
1.27 1467893
1.27 1461306
1.31 1457341
1.33 1450571
1.34 1447036
1.39 1440266
1.47 1436174
1.49 1435434
4.00 1415118
4.05 1403850
4.07 1401831