0.00 4000725
0.00 3971091
0.00 3610479
0.01 3536025
0.05 3482267
0.05 3144574
0.09 3057058
0.11 3055056
0.11 3045380
0.11 3024188
0.12 2978310
0.12 2836560
0.13 2794677
0.13 2665607
0.17 2606719
0.17 2600499
0.18 2573272
0.19 2515018
0.21 2478800
0.22 2469092
0.22 2469060
0.23 2433232
0.23 2416489
0.23 2283964
0.28 2231548
0.29 2216240
0.31 2063466
0.33 2058736
0.33 2022913
0.33 2004401
0.34 1956542
0.38 1953152
0.38 1937712
0.38 1919326
0.39 1832454
0.43 1831727
0.44 1827690
0.44 1800114
0.44 1795238
0.45 1781936
0.46 1770143
0.49 1767350
0.49 1759129
0.49 1737803
0.49 1736936
0.50 1731153
0.54 1712717
0.54 1690083
0.59 1680269
0.60 1652867
0.61 1650830
0.65 1642080
0.65 1620114
0.68 1605553
0.70 1601995
0.71 1601282
0.71 1590190
0.71 1588643
0.73 1572346
0.76 1568700
0.76 1561368
0.78 1536122
0.81 1530150
0.81 1525817
0.82 1513256
0.86 1506724
0.87 1503442
0.88 1502951
0.91 1502258
0.92 1491953
0.96 1488395
0.98 1484765
1.00 1484657
1.02 1476607
1.06 1469419
1.13 1468679
1.16 1467558
1.18 1466818
1.18 1451575
1.25 1450835
1.32 1449512
1.50 1432602
3.10 1428948
3.16 1424155
3.20 1421337
3.23 1417913
3.25 1416599
3.26 1415188
3.34 1413874
3.42 1410341
5.65 1408917
8.48 1403369
8.55 1402055
16.22 1400619
16.28 1398999
22.97 1397685
138.86 1397117
141.63 1396549
142.16 1395981