0.00 4743555
0.00 4718714
0.00 4701159
0.00 4630792
0.01 4585176
0.01 4436504
0.06 4421053
0.06 4096281
0.07 4066606
0.09 4054925
0.10 3961601
0.13 3957293
0.13 3941473
0.13 3908918
0.13 3588503
0.15 3567693
0.18 3540987
0.19 3527502
0.19 3519206
0.19 3519161
0.19 3504911
0.19 3461426
0.19 3426097
0.19 3325244
0.20 3318330
0.21 3191281
0.25 3171420
0.25 3171065
0.25 3164575
0.25 3153959
0.25 3006135
0.26 2993178
0.26 2978168
0.27 2912896
0.31 2888727
0.31 2880860
0.32 2876948
0.32 2695033
0.38 2694022
0.38 2610730
0.40 2376343
0.45 2375873
0.45 2360892
0.45 2356015
0.45 2270076
0.47 2266691
0.52 2264135
0.52 2109746
0.58 2013146
0.62 2008820
0.65 2004844
0.65 1936595
0.65 1934435
0.66 1934252
0.71 1933916
0.71 1922827
0.71 1885765
0.73 1882981
0.74 1882345
0.74 1869824
0.74 1859867
0.78 1787642
0.79 1775564
0.85 1749967
0.85 1722368
0.87 1708260
0.92 1702677
0.92 1702627
0.92 1683585
0.92 1681502
0.93 1648844
0.98 1622838
0.98 1622086
0.99 1614759
1.00 1596937
1.05 1590205
1.05 1570179
1.09 1567504
1.09 1544582
1.11 1525556
1.15 1524340
1.15 1516443
1.15 1515183
1.16 1507152
1.22 1504477
1.22 1497974
1.24 1495884
1.24 1486491
1.29 1484754
1.30 1482817
1.31 1481913
1.34 1475256
1.35 1467878
1.36 1461952
1.38 1461566
1.42 1459372
1.42 1458302
1.43 1454675
1.44 1454188
1.46 1449983
1.47 1437211
1.54 1436087
1.55 1435350
1.55 1430455
1.60 1426363
1.65 1425239
1.65 1423099
1.71 1421238
1.78 1420114
1.83 1404131
1.94 1401831