0.00 4241528
0.00 4224109
0.00 4057384
0.00 3864529
0.01 3836758
0.01 3775826
0.06 3751078
0.06 3733659
0.06 3705176
0.06 3569378
0.06 3555706
0.07 3433860
0.08 3358877
0.11 3334129
0.11 2928228
0.17 2903480
0.17 2899001
0.17 2708108
0.18 2705886
0.19 2596571
0.22 2571823
0.23 2518324
0.23 2341874
0.26 2337418
0.28 2331327
0.28 2330621
0.28 2325306
0.28 2187948
0.33 2181151
0.33 2166471
0.34 2157398
0.35 2146847
0.36 2138524
0.36 2095964
0.38 2055285
0.40 2054863
0.40 2046540
0.41 2035925
0.42 1978909
0.44 1976132
0.44 1956126
0.44 1942405
0.45 1918373
0.47 1913334
0.48 1856926
0.50 1838532
0.50 1827451
0.53 1807502
0.55 1789108
0.56 1778027
0.57 1773499
0.60 1764749
0.60 1755105
0.62 1749943
0.66 1731549
0.67 1728823
0.71 1727253
0.71 1724780
0.72 1710564
0.73 1692073
0.73 1689959
0.77 1688321
0.78 1686713
0.78 1675705
0.79 1656369
0.82 1616012
0.88 1615938
0.88 1611969
0.90 1597753
0.94 1597679
0.94 1593710
0.96 1587554
1.00 1582993
1.02 1578950
1.03 1572794
1.11 1572720
1.12 1567676
1.19 1567602
1.26 1558048
1.27 1551302
1.32 1547174
1.33 1540008
1.39 1535266
1.85 1473013
1.93 1469767
1.93 1466284
1.94 1464411
1.96 1450147
2.01 1446901
2.01 1442959
2.04 1439751
2.06 1436487
2.17 1431369
2.18 1426999
2.20 1426493
2.25 1424632
2.29 1422123
3.77 1413651
3.82 1413247
3.85 1411893
3.88 1406475
3.90 1401599
228.99 1400619
229.07 1396549
229.13 1395981