0.00 3924513
0.00 3833793
0.00 3784422
0.00 3752417
0.00 3555339
0.01 3512738
0.04 3483313
0.06 3478478
0.06 3474433
0.06 3417892
0.06 3393151
0.06 3358388
0.07 3343140
0.07 3340953
0.07 3251289
0.08 3070082
0.12 3000802
0.12 2977205
0.13 2868763
0.16 2714368
0.18 2708628
0.18 2540020
0.18 2482344
0.24 2465554
0.24 2352901
0.24 2323324
0.26 2322369
0.29 2316629
0.29 2310350
0.29 2300135
0.29 2286017
0.29 2268472
0.29 2243516
0.30 2218442
0.30 2146378
0.34 2146060
0.35 2145700
0.35 2116409
0.35 2097597
0.35 2079723
0.37 2053501
0.40 2027702
0.41 1951245
0.46 1889518
0.49 1826410
0.51 1822941
0.52 1811517
0.52 1764683
0.57 1761865
0.57 1760372
0.57 1738170
0.58 1737790
0.59 1736356
0.61 1730136
0.63 1719988
0.64 1718942
0.64 1708446
0.64 1694189
0.70 1692708
0.70 1682145
0.70 1672774
0.76 1659511
0.82 1652696
0.82 1650682
0.82 1648219
0.83 1642781
0.85 1640938
0.88 1632109
0.90 1624208
0.91 1617063
0.94 1609706
0.95 1609685
0.96 1605019
1.02 1595349
1.10 1592227
1.11 1587992
1.11 1587126
1.16 1584701
1.17 1581883
1.19 1569982
1.19 1568540
1.26 1562483
1.30 1559665
1.31 1553654
1.37 1548778
1.40 1546832
1.42 1544813
1.43 1537744
1.48 1533800
1.50 1532368
1.54 1531340
1.54 1530814
1.55 1499747
1.59 1480115
1.65 1474384
1.69 1471659
1.76 1468126
1.79 1465137
1.84 1454832
2.27 1419368
122.66 1411323
123.06 1403385
124.05 1401831
226.69 1401425
226.69 1396549
320.44 1395981