0.00 7254511
0.01 7243456
0.04 7214593
0.07 7186286
0.09 7175283
0.10 7088911
2.46 7064947
2.50 7064465
2.51 7061943
2.52 7061527
2.53 7050475
2.55 6985350
2.57 6975087
2.59 6967064
2.68 6956957
3.52 6955403
3.99 6924423
4.92 6918720
4.93 6914329
4.93 6892504
4.93 6868832
4.96 6790932
5.30 6790868
6.77 6783514
6.90 6766961
7.39 6731206
7.43 6721781
7.45 6701391
7.47 6686114
7.53 6670330
7.72 6632401
8.01 6628989
8.85 6626052
9.87 6566228
9.96 6545311
10.08 6527798
10.44 6504205
11.59 6444638
12.34 6444518
12.34 6443157
12.34 6421286
12.37 6410555
12.37 6399366
12.52 6395536
12.54 6386166
12.56 6354805
12.83 6345657
13.46 6339008
13.63 6312833
14.79 6308379
14.79 6308138
14.79 6270829
14.86 6266180
14.95 6218842
14.96 6200976
15.41 6172344
17.26 6172292
17.27 6169084
17.27 6168974
17.28 6151878
17.29 6145176
17.30 6135202
17.31 6094367
17.63 6089028
17.92 6041946
19.72 6040509
19.72 6038499
19.72 6025067
19.73 6023061
19.74 5960892
20.49 5944089
22.18 5937968
22.19 5934727
22.19 5927897
22.19 5919869
22.23 5916132
22.25 5911438
22.31 5899613
22.34 5861562
22.58 5857901
23.57 5853889
23.86 5841025
24.62 5830050
24.62 5783725
24.75 5737669
25.81 5737251
27.06 5722506
27.07 5721941
27.09 5710825
27.11 5709282
27.11 5697146
27.21 5695478
27.21 5689435
27.28 5681702
27.30 5640363
28.10 5627977
29.47 5599548
29.50 5581280
29.53 5550593
29.62 5547937
30.51 5532269
30.59 5530421
31.92 5517249
31.94 5500710
32.00 5496416
32.00 5461875
32.09 5455821
33.08 5440339
33.73 5427589
34.38 5424644
34.38 5407975
34.38 5367326
34.42 5358448
34.74 5349759
36.71 5322956
36.86 5321803
36.87 5296500
36.88 5250468
37.06 5245572
38.02 5199914
39.28 5197323
39.28 5194766
39.29 5193996
39.30 5184147
39.31 5162470
39.37 5148795
39.38 5119603
40.87 5095045
41.78 5072834
41.80 5070310
41.82 5067995
41.83 5061898
41.89 5048392
41.91 5036576
42.06 5033729
42.51 5029747
42.55 5011635
44.27 4993218
44.28 4974424
44.35 4969286
44.49 4931797
44.81 4921802
45.31 4906005
46.77 4904522
46.77 4828139
47.56 4823386
49.22 4810806
49.23 4797689
49.33 4791939
49.33 4775248
49.36 4735754
51.39 4735646
51.69 4733020
51.69 4731138
51.70 4730322
51.70 4722561
51.72 4709997
51.74 4709031
51.76 4707551
51.78 4698254
51.85 4693131
52.01 4669798
53.06 4668211
53.14 4666099
54.01 4664725
54.16 4652813
54.17 4639941
54.17 4634783
54.23 4633278
54.29 4601093
54.63 4600981
55.14 4600817
55.37 4597290
55.42 4587878
56.63 4568462
56.64 4567087
56.64 4566170
56.66 4557058
56.70 4541545
56.83 4534896
57.44 4530910
57.53 4515390
58.48 4507392
59.14 4484079
59.15 4482557
59.17 4477314
59.18 4476511
59.19 4474963
59.21 4473448
59.23 4467688
59.25 4451249
59.61 4438251
60.18 4426656
61.61 4390885
61.65 4370922
62.66 4360424
63.90 4357438
64.08 4352623
64.09 4350885
64.10 4335694
64.13 4308489
64.19 4303183
64.19 4301780
64.33 4301295
64.35 4298969
65.81 4298919
66.50 4297881
66.57 4275050
66.62 4273819
66.62 4256874
66.74 4252367
66.78 4246024
66.91 4239500
67.17 4234940
69.01 4233402
69.02 4217050
69.05 4210494
69.07 4210343
69.07 4196795
69.14 4186536
70.54 4180685
70.69 4165799
71.49 4156352
71.49 4144326
71.50 4124614
71.83 4123470
72.08 4115605
72.58 4107457
72.59 4106129
72.95 4085654
73.94 4067140
73.95 4059759
73.95 4058287
73.97 4052111
74.06 4029963
74.27 4023077
75.23 4022223
76.46 4014692
76.46 3994196
76.48 3971115
76.64 3971104
77.10 3963811
77.53 3955815
78.99 3950399
79.00 3919686
79.05 3909196
79.20 3907649
79.54 3906932
79.87 3902478
79.89 3897432
80.51 3887773
80.90 3858234
81.47 3851799
81.47 3847830
81.51 3847342
81.51 3846018
81.52 3836297
81.53 3835829
81.54 3833955
81.56 3832451
81.61 3811291
82.04 3810945
82.06 3806991
82.44 3791183
83.91 3790975
83.93 3778208
83.93 3775337
83.96 3771028
84.03 3765920
84.07 3758758
84.13 3754278
84.21 3735927
85.82 3712019
86.37 3698197
86.38 3688652
86.38 3685462
86.43 3663417
86.98 3662298
86.99 3660162
87.28 3656470
88.84 3654741
88.85 3646800
88.88 3636632
88.92 3622873
88.93 3618880
91.06 3612094
91.22 3608469
91.26 3606284
91.43 3583487
91.43 3569994
91.46 3563169
92.02 3561218
93.51 3561209
93.81 3541840
93.91 3535147
93.92 3514138
93.96 3509517
93.98 3508164
94.47 3501699
94.62 3485464
96.36 3460227
96.37 3454649
96.41 3452892
96.50 3451788
96.55 3450542
96.68 3446037
96.76 3441119
97.55 3438420
98.82 3428803
98.83 3427700
98.87 3422786
98.88 3422675
98.89 3410176
99.08 3393779
99.42 3390818
101.26 3389222
101.26 3383039
101.27 3379192
101.28 3377233
101.30 3369537
101.30 3354696
101.37 3350684
103.54 3345725
103.73 3344822
103.73 3336631
103.74 3326238
103.77 3319725
103.85 3314142
103.94 3303755
104.30 3303511
105.41 3293409
105.83 3292510
106.19 3288771
106.19 3259868
106.25 3258872
106.27 3258002
106.60 3254451
106.62 3249718
107.82 3246829
108.64 3229292
108.65 3229258
108.70 3222870
108.70 3218652
108.77 3218395
108.89 3209133
109.44 3206708
110.98 3205917
111.10 3183536
111.19 3180884
111.32 3175146
111.33 3174416
111.69 3171309
111.88 3167896
112.24 3153323
112.99 3148594
113.53 3146284
113.53 3144837
113.54 3143051
113.55 3142653
113.55 3131912
113.58 3127222
113.61 3124454
113.78 3120088
113.90 3116861
114.04 3106065
115.99 3105342
116.00 3104228
116.01 3103860
116.01 3103236
116.02 3095580
116.03 3068665
116.51 3065041
118.47 3063354
118.47 3062413
118.48 3055034
118.50 3054000
118.53 3035783
118.53 3033539
118.98 3033122
118.99 3029201
120.05 3026884
120.38 3025956
120.61 3023294
120.71 3021926
120.92 3020531
120.93 3017975
120.93 3017001
120.96 3011789
121.02 3008159
121.02 3002723
121.11 3001743
121.13 2994441
121.16 2993546
121.20 2987220
121.32 2978403
122.42 2969610
123.41 2962691
123.45 2947157
123.46 2938839
123.60 2932605
124.35 2932064
124.48 2930525
125.88 2927152
125.89 2924934
125.89 2924494
125.93 2915676
126.00 2909190
126.06 2906047
126.08 2903843
126.28 2898240
126.75 2895928
127.64 2892601
128.17 2888949
128.35 2863948
128.43 2861502
128.45 2860853
128.49 2848815
129.01 2846979
130.76 2842844
130.77 2840383
130.79 2836047
130.81 2834353
130.84 2822533
130.84 2819084
131.10 2818983
131.16 2813878
131.50 2813305
131.88 2805571
133.29 2798263
133.31 2778150
133.34 2776883
133.40 2775727
133.49 2766478
135.86 2763100
135.87 2754134
136.00 2751964
136.07 2743064
136.45 2742650
136.53 2736282
136.88 2718182
138.26 2717399
138.26 2692405
138.75 2689862
140.52 2688349
140.72 2680885
140.73 2678040
140.74 2648332
143.14 2646838
143.14 2643382
143.16 2628867
143.41 2628381
143.42 2627084
143.86 2617717
143.94 2617017
144.04 2613159
144.21 2609417
145.58 2603246
145.59 2603151
145.60 2601414
145.62 2598529
145.63 2590454
145.65 2583417
145.67 2579053
145.99 2575028
146.33 2571097
147.88 2570178
148.06 2569463
148.06 2568924
148.08 2567545
148.10 2567036
148.10 2565223
148.14 2555631
148.28 2552738
148.32 2549656
148.35 2548577
148.56 2545467
148.82 2543787
149.48 2534554
150.53 2530148
150.57 2525654
150.70 2516656
150.98 2510349
151.19 2510291
151.41 2508250
151.57 2504443
151.66 2500053
152.99 2494710
153.00 2493736
153.00 2491414
153.02 2487270
153.03 2473737
153.12 2472443
153.26 2462417
153.36 2461994
155.44 2460571
155.45 2455489
155.50 2454302
155.50 2453815
155.51 2435760
157.91 2424748
158.04 2408155
158.48 2400935
160.37 2387448
160.41 2385098
160.48 2376918
160.86 2372851
161.26 2363603
162.79 2360742
162.80 2347125
162.81 2346307
163.21 2345234
163.37 2344379
163.60 2342982
163.89 2337100
164.42 2335558
165.23 2334630
165.25 2326135
165.30 2324000
165.42 2323948
165.53 2321761
165.54 2316087
165.60 2307574
166.48 2304150
167.32 2300234
167.56 2296279
167.69 2292347
167.70 2278725
168.03 2272997
168.77 2272490
168.78 2259305
170.12 2254687
170.12 2242232
170.61 2241865
170.83 2240698
170.87 2230849
172.55 2214171
172.60 2212902
172.72 2208879
173.19 2202408
173.19 2193087
174.99 2190679
174.99 2190106
175.00 2171034
175.42 2163661
175.87 2157763
177.46 2157490
177.46 2153354
177.50 2143265
177.56 2127148
179.91 2125071
179.94 2124903
179.94 2123352
179.96 2112453
180.13 2107578
180.47 2103699
181.42 2099726
182.34 2096097
182.36 2095443
182.39 2079732
182.53 2072109
184.81 2070591
184.82 2067494
184.83 2057310
184.85 2044975
186.76 2044027
187.24 2038484
187.26 2030230
187.35 2027599
187.64 2024728
188.23 2021500
189.69 2020538
189.73 2017639
189.79 2015335
189.90 2013746
189.98 2011266
190.04 2009011
190.12 1999479
191.21 1993806
192.11 1993384
192.12 1980852
192.36 1979365
192.58 1974341
193.05 1966178
194.56 1963505
194.56 1958832
194.60 1957248
194.66 1955077
194.89 1953264
195.30 1944780
195.32 1937737
197.03 1935109
197.04 1933098
197.12 1929549
197.16 1929269
197.31 1927485
197.35 1925695
197.38 1920830
198.27 1919764
198.72 1919087
199.48 1915295
199.55 1912745
199.58 1909059
199.60 1908366
199.63 1906972
199.72 1905530
199.90 1902121
200.82 1902071
201.05 1900752
201.95 1900448
201.96 1897457
201.97 1897443
201.98 1896859
202.00 1892370
202.01 1891667
202.08 1886864
202.12 1884058
202.32 1879119
202.47 1877651
204.38 1869228
204.42 1866297
204.51 1863173
204.73 1862460
206.22 1858500
206.39 1837530
206.85 1831172
206.88 1826485
206.93 1816141
209.33 1813923
209.34 1813178
209.35 1812485
209.36 1811204
209.40 1810337
209.42 1809901
209.42 1800367
209.46 1799560
210.05 1797450
211.79 1791443
211.88 1786038
211.94 1780598
214.21 1780332
214.21 1779299
214.21 1772065
214.23 1760928
216.68 1758021
216.71 1749588
216.74 1743894
217.22 1738329
219.11 1733944
219.12 1727420
219.90 1726086
220.78 1723832
221.00 1720571
221.54 1718776
221.56 1711892
221.59 1706916
222.18 1705774
222.91 1704348
223.32 1703983
223.97 1696331
224.02 1695131
224.02 1693380
224.21 1691228
224.38 1690952
225.44 1689595
226.16 1688438
226.38 1686446
226.42 1684139
226.42 1679772
226.55 1679759
227.01 1679208
227.42 1677960
227.62 1677098
228.62 1674956
228.84 1672119
228.85 1671902
228.88 1662499
229.21 1660965
230.72 1656543
230.87 1649492
231.33 1649218
231.34 1642887
231.40 1638371
231.43 1637835
232.47 1637678
232.70 1632639
233.79 1631892
233.80 1629395
233.83 1628662
233.88 1622718
233.98 1616184
236.25 1613581
236.30 1611146
236.32 1607413
236.76 1605624
236.81 1603314
237.61 1601706
238.77 1601537
238.80 1600365
238.81 1594678
238.85 1594581
238.91 1593135
238.91 1589086
240.53 1586546
241.20 1586463
241.22 1575425
241.71 1572400
241.78 1570317
243.49 1565353
243.64 1560733
243.67 1560273
243.73 1559711
243.75 1555133
244.14 1543720
246.09 1534949
246.22 1529945
248.56 1523870
248.59 1521478
248.90 1521413
248.93 1520017
249.15 1517075
249.91 1514171
250.05 1513491
251.02 1510285
251.10 1506974
251.14 1506844
251.32 1504998
251.76 1503942
252.03 1500140
252.73 1497016
253.44 1496955
253.44 1495483
253.45 1488337
253.97 1485596
255.88 1485441
255.88 1482290
255.91 1481957
255.97 1473859
256.19 1471690
258.30 1470741
258.30 1465699
258.40 1462715
258.43 1461660
259.04 1460288
260.25 1459857
260.68 1456459
260.71 1456181
260.76 1453452
261.15 1449621
261.49 1447845
262.79 1446032
263.08 1442743
263.08 1439245
263.73 1438217
263.80 1436483
264.03 1436295
265.13 1435425
265.51 1429388
265.58 1427822
265.64 1421384
268.00 1420318
268.05 1418945
268.08 1416748
268.23 1412154
268.42 1409088
270.36 1406017
270.40 1403858
270.40 1402647
270.44 1402603
270.69 1401233
270.72 1397987
270.90 1396136
271.24 1395433
272.75 1389562
272.84 1387917
273.32 1371970
275.32 1371319
275.33 1370668
275.34 1367794
275.37 1367316
275.45 1366447
275.64 1365668
275.67 1363383
276.00 1361734
276.17 1360037
277.70 1358406
277.72 1354941
277.85 1353966
278.02 1352699
278.71 1349801
279.30 1348977
279.83 1347988
280.11 1347857
280.14 1347747
280.14 1343624
280.15 1338201
280.28 1330954
282.53 1329905
282.55 1322902
282.59 1321191
282.65 1320495
284.97 1311988
285.07 1308587
287.22 1303479
287.39 1303433
287.46 1298436
287.83 1297494
287.86 1294224
288.21 1293806
288.33 1293790
289.37 1292700
289.53 1291571
289.76 1290868
289.84 1287379
289.93 1278831
292.14 1275625
292.29 1275185
292.56 1273508
292.59 1270873
293.12 1266288
294.53 1265392
294.57 1262558
294.58 1261834
294.60 1256737
294.97 1255438
296.93 1253650
297.03 1253298
297.22 1252128
297.24 1251900
297.40 1251068
297.44 1249025
297.50 1246342
297.61 1246055
299.40 1244870
299.41 1244269
299.41 1242219
299.63 1241702
299.67 1241219
299.78 1241158
299.78 1239503
300.82 1238942
301.11 1238623
301.77 1235661
301.88 1235064
301.98 1234348
302.04 1231813
302.75 1230665
303.08 1229198
303.10 1224963
304.25 1223430
304.25 1223258
304.33 1218153
304.38 1217758
305.52 1217515
306.67 1217389
306.72 1217083
306.73 1213345
307.76 1212906
307.81 1211004
308.46 1210402
309.15 1210258
309.20 1205476
309.43 1203133
309.53 1200443
311.56 1198098
311.62 1198037
311.64 1197936
311.69 1197048
311.75 1195602
311.79 1194103
313.72 1193289
313.89 1191857
314.00 1190473
314.01 1187665
314.29 1184413
316.30 1181971
316.46 1181915
316.47 1181536
316.51 1180701
316.54 1179843
316.95 1175200
318.67 1174643
318.68 1172455
318.73 1172384
318.84 1170359
318.85 1169053
319.80 1165842
321.14 1162130
321.20 1161793
321.22 1158534
321.91 1153636
323.52 1152672
323.52 1148587
323.65 1144953
325.93 1144891
325.94 1141214
325.95 1140380
326.18 1139054
326.27 1137461
328.36 1135774
328.38 1132834
328.46 1132669
329.29 1130307
330.47 1129162
330.79 1127967
330.84 1125574
330.99 1122217
332.94 1120660
333.22 1118737
333.39 1114057
333.60 1113352
335.64 1108660
335.88 1106363
338.03 1106361
338.08 1106181
338.14 1105899
338.17 1104344
338.23 1103261
338.26 1102359
338.28 1100938
338.29 1100224
340.52 1097699
340.74 1095734
340.96 1093414
343.08 1093234
343.09 1092972
343.11 1091663
343.13 1090247
343.16 1089775
343.16 1089612
343.42 1089222
344.67 1088110
345.39 1087450
345.40 1087435
345.43 1086871
345.47 1086799
345.66 1085738
345.75 1082348
346.03 1082301
346.35 1079894
347.80 1075647
347.91 1074649
348.57 1074359
349.50 1074260
350.26 1073182
350.52 1073083
350.57 1072627
350.70 1071646
350.77 1071167
350.85 1069879
350.91 1069364
351.39 1068281
352.62 1066644
352.66 1063921
352.80 1062781
353.04 1061206
355.21 1059921
355.22 1059874
355.28 1059800
355.30 1056260
355.56 1055961
355.98 1055379
356.50 1054852
357.64 1049753
357.73 1048313
360.10 1045713
360.34 1038922
362.49 1038918
362.52 1037763
362.55 1036333
362.56 1035444
362.79 1034432
363.38 1033677
364.90 1033269
364.96 1031315
365.04 1027841
365.43 1027778
367.37 1024127
367.78 1022476
369.81 1019370
369.87 1019357
369.89 1018807
370.32 1018238
370.53 1018201
370.81 1017635
370.83 1017023
371.13 1016649
371.38 1016030
372.18 1014630
372.30 1013249
372.74 1009943
374.64 1008068
374.99 1008011
375.12 1007967
375.15 1007127
375.25 1002703
375.99 1000629
377.07 999349
377.16 998128
377.26 997319
377.79 996185
378.13 993389
379.42 991331
379.62 989908
379.63 989760
379.69 989380
379.72 986051
381.97 985857
382.11 980598
384.21 979702
384.24 978539
384.29 975307
385.14 975068
386.79 972543
387.14 971694
387.74 970057
389.06 969538
389.07 967395
389.18 966519
389.64 965967
389.83 965697
391.49 965421
391.58 960406
393.40 959861
393.93 958870
394.24 957819
394.30 955921
394.49 954326
396.28 953159
396.29 953024
396.43 952793
396.63 952586
396.84 951059
397.11 950738
397.52 950386
398.72 950067
398.99 949426
399.01 949395
399.11 949352
399.21 947334
399.28 947194
399.66 946205
401.06 946167
401.08 945624
401.09 944243
401.16 943939
401.69 943216
402.23 942895
403.46 942530
403.50 942491
403.50 940593
403.53 939309
405.25 938651
405.93 938489
405.93 935760
406.23 935730
406.43 934483
407.18 933402
408.28 933276
408.37 932637
408.43 931541
408.56 931230
408.61 929502
409.80 927000
410.72 925819
410.74 925455
411.16 924907
411.25 924093
411.44 923690
412.36 922785
412.70 922174
413.13 920976
413.24 920651
413.30 919073
413.58 918084
414.15 917913
414.33 917304
415.54 917204
415.57 916802
415.57 916122
415.57 913609
417.99 911457
418.03 910299
418.47 909600
420.41 909328
420.65 907708
420.84 905931
421.06 903508
422.82 902890
422.84 902856
422.92 901063
422.93 898019
425.62 897851
425.64 894992
426.28 894350
426.95 893929
427.74 893202
427.77 892613
427.91 891870
430.09 891367
430.14 890466
430.14 890123
430.65 889848
430.71 889571
431.03 888425
431.70 888389
432.64 886057
432.99 885362
433.70 884128
434.97 883063
435.15 878729
437.26 877564
437.65 876787
437.86 876398
437.93 875974
439.48 875537
439.63 874047
440.10 872237
442.08 871148
442.10 870345
442.33 869070
444.03 866835
444.47 866699
444.73 865924
445.06 865404
445.17 864512
445.80 863357
446.88 863031
447.02 862328
447.15 860436
447.92 860169
449.49 857707
449.94 857267
451.83 856879
451.83 856649
452.61 855919
452.63 855125
454.54 854720
454.68 854541
454.81 853697
454.82 852971
454.89 852712
455.12 851225
456.83 851116
456.84 850224
456.85 848470
457.51 848462
459.36 848379
459.46 848372
459.53 848241
459.65 848058
459.83 846522
459.92 846298
460.29 846097
461.77 845714
462.05 844607
462.96 842839
464.24 842425
464.34 841872
464.62 841435
464.63 841181
465.01 840313
466.62 840204
466.73 839019
467.26 836857
468.99 836816
469.13 836270
469.46 835739
469.55 834785
470.62 834610
471.42 832926
471.46 832863
473.65 832704
473.89 831957
474.14 830874
474.50 827912
476.03 827603
476.20 826988
476.27 826954
476.89 826856
476.92 825065
477.45 823388
478.87 822998
478.89 821877
479.47 821801
479.94 820686
480.56 820467
481.02 820398
481.18 820309
481.22 819187
482.51 818697
483.17 818059
483.49 816934
483.51 816381
484.66 816079
486.02 813666
488.63 813407
488.65 811988
490.29 811715
490.79 809481
491.20 808546
493.05 807835
493.60 803754
495.57 802310
495.84 801292
497.90 800705
497.99 800079
498.05 799352
500.68 797615
502.71 797349
502.79 795937
505.11 795927
505.46 795227
506.07 794637
506.97 794172
507.48 793307
509.32 793275
509.91 792277
510.24 791962
511.22 791335
512.34 790458
512.65 790047
513.54 790028
514.96 789413
515.01 789205
515.11 788901
515.85 788182
517.34 788001
517.79 787838
518.07 787462
518.08 787071
519.70 786583
519.87 786309
520.42 785484
521.86 785481
522.09 785425
522.19 785053
522.48 785009
522.56 785001
522.70 784397
523.60 783990
524.39 783322
524.54 783119
524.79 781083
526.85 780400
527.20 780345
527.26 780292
527.58 780104
527.61 780046
529.27 779308
529.61 779044
531.76 778205
532.08 777756
534.32 776992
535.51 776893
536.21 776670
536.64 775943
536.64 775691
537.07 775549
538.01 775266
539.08 775027
539.21 773604
541.30 771737
542.03 771516
544.10 771486
544.20 771263
544.28 770537
544.28 769689
546.26 769614
546.45 768646
546.57 768258
547.77 767800
548.57 767421
549.15 767084
550.94 766687
552.51 766200
553.41 765202
555.43 765075
555.86 763829
556.29 763564
556.78 763325
557.98 762315
558.34 762113
558.51 762034
558.83 761308
559.49 761092
560.69 761035
560.73 760387
561.09 759908