0.01 7223697
0.01 7222591
0.01 7207234
0.01 7190959
0.03 7187541
0.06 7186509
0.07 7141346
0.20 7136864
0.31 7126376
0.56 7082966
2.93 7054571
2.95 7051930
2.95 7044709
2.99 7034656
3.02 7015131
3.14 7009221
3.14 6959997
3.91 6958511
4.67 6950379
5.09 6919947
6.01 6914930
6.02 6909381
6.04 6901694
6.04 6898663
6.05 6876478
6.05 6799773
6.46 6790993
6.78 6782381
7.73 6777960
9.14 6773227
9.27 6756622
9.28 6740216
9.29 6739476
9.29 6713245
9.30 6711692
9.31 6688740
9.36 6678069
9.40 6670859
9.62 6668081
9.69 6638489
12.05 6637239
12.05 6615855
12.06 6615459
12.06 6610939
12.07 6600365
12.12 6587495
12.30 6583412
12.32 6573963
12.32 6546625
12.36 6532214
12.79 6524409
14.75 6514092
14.75 6508614
14.75 6506450
14.76 6494249
14.76 6486564
14.80 6475746
14.89 6446878
14.99 6434209
15.07 6391920
17.39 6388636
17.39 6387150
17.39 6263037
26.73 6256040
26.75 6207940
26.76 6205183
27.74 6192740
28.18 6182547
29.02 6178550
29.51 6152051
30.38 6123733
30.39 6121498
30.43 6102620
30.49 6082323
30.50 6071783
30.76 6065850
31.40 6048683
33.24 6036624
33.24 6035138
33.25 6033640
33.25 6016101
33.29 5986709
33.43 5943235
36.01 5925895
36.20 5921559
36.20 5920258
36.20 5896904
36.20 5858797
36.21 5852036
36.60 5850167
36.68 5827647
36.69 5826903
39.24 5823462
39.25 5761713
39.26 5739100
39.53 5728278
39.53 5726434
41.17 5696182
42.54 5681569
42.57 5674725
42.60 5652029
42.64 5649767
42.69 5637829
42.86 5634057
43.02 5631703
43.65 5617842
45.13 5612852
45.63 5606598
45.64 5605344
45.64 5602732
45.66 5570683
45.66 5558036
45.92 5555237
46.05 5548309
46.11 5535744
46.20 5528253
46.80 5527185
46.87 5511726
48.37 5506030
48.37 5505957
48.38 5499583
48.39 5490904
48.41 5466476
48.41 5415850
48.49 5411927
52.12 5411444
52.13 5385227
52.18 5343139
52.29 5318839
56.60 5291418
60.98 5290719
60.98 5290616
60.98 5267007
61.01 5260308
61.14 5257232
61.17 5239249
61.35 5222367
61.68 5183817
63.86 5179419
63.87 5176152
63.87 5174285
63.88 5148069
63.90 5131347
64.09 5127268
64.27 5121709
64.45 5084878
66.76 5067013
66.80 5052675
66.81 5044876
66.82 5042124
66.83 5019390
68.38 5016090
69.82 5015627
69.84 5008376
69.85 4992782
69.89 4990524
69.89 4966961
70.13 4957924
70.75 4957118
70.89 4955416
71.15 4955084
71.43 4942430
72.28 4940903
72.55 4940141
72.55 4935902
72.55 4900068
72.61 4882265
72.68 4872334
73.96 4862134
73.97 4861320
75.18 4859246
75.19 4841305
75.19 4834549
75.19 4824782
75.20 4820836
75.21 4818214
75.35 4816029
75.61 4814130
75.65 4797421
75.80 4795199
77.54 4792028
77.81 4783946
77.81 4783538
77.81 4758320
77.83 4743276
78.15 4743243
78.47 4740898
78.51 4732769
78.67 4723484
85.02 4686012
85.02 4680311
85.67 4665499
89.03 4612615
90.83 4571432
90.85 4568980
91.11 4567186
91.22 4560934
91.44 4543564
93.40 4520984
93.53 4481784
93.72 4477041
93.78 4473167
93.88 4468338
94.03 4468280
94.88 4463648
95.33 4462432
95.68 4453409
96.27 4449889
96.27 4449372
96.27 4431498
96.28 4429873
96.29 4427636
96.33 4426882
96.37 4408034
96.48 4393588
98.90 4391428
98.90 4390754
98.90 4372211
98.95 4354022
99.01 4352635
99.08 4347890
99.14 4341419
100.09 4341327
100.27 4335753
101.05 4332490
101.59 4332108
101.59 4321606
101.59 4319465
101.60 4301340
101.64 4279064
102.33 4278766
102.68 4270092
102.98 4257017
104.24 4255703
104.25 4232468
104.26 4208933
104.76 4197250
105.60 4192015
105.94 4177701
107.04 4176010
107.06 4175964
107.06 4172498
107.06 4160258
107.12 4151750
107.15 4144454
107.30 4138786
107.42 4134119
107.65 4129084
107.87 4127426
108.24 4126797
109.06 4119998
109.75 4118361
109.75 4117127
109.76 4104758
109.76 4100837
109.79 4087705
109.83 4080235
110.02 4077540
110.06 4072831
111.56 4072553
111.91 4061947
112.61 4061439
112.61 4051890
112.66 4042320
112.74 4031470
112.75 4015732
112.97 4014839
113.06 4007262
114.20 3965818
115.56 3960669
115.56 3949897
115.58 3941312
115.70 3927027
115.74 3915782
115.81 3907180
115.90 3899720
118.26 3894406
118.28 3879925
118.29 3867673
118.30 3862313
118.38 3854013
118.65 3842104
118.88 3841416
120.94 3839518
120.95 3815198
121.00 3789974
121.29 3783515
121.56 3772256
123.58 3772185
123.59 3772159
123.59 3762500
123.59 3733468
123.80 3714355
126.64 3714284
126.65 3713797
126.66 3668252
127.02 3666179
127.11 3664228
128.58 3663774
128.86 3651957
129.72 3651339
129.72 3650294
129.73 3650184
129.74 3646838
129.74 3624604
129.80 3600800
132.68 3580806
132.71 3574860
132.77 3565950
132.82 3563780
133.42 3560534
133.47 3541751
135.39 3535584
135.39 3531805
135.43 3529638
135.43 3522599
135.45 3508462
135.63 3491021
138.08 3490452
138.08 3479085
138.10 3470155
138.12 3446111
138.26 3437789
139.73 3437265
140.74 3421535
140.77 3403064
140.91 3399651
141.01 3393027
141.08 3387339
142.08 3386896
143.41 3380192
143.41 3371678
143.41 3366530
143.42 3356688
143.44 3356651
143.49 3353145
143.71 3351584
143.85 3343623
144.74 3340463
146.09 3336679
146.09 3330496
146.11 3327259
146.12 3290803
146.94 3287846
148.80 3256723
148.83 3249423
149.31 3240751
150.86 3239202
151.44 3234682
151.49 3231359
151.50 3227907
151.51 3201345
151.51 3190529
151.83 3189255
154.04 3189115
154.19 3171645
154.37 3169001
154.48 3166014
154.54 3152217
154.69 3141799
156.86 3136066
156.86 3135682
156.87 3114210
156.88 3110541
156.90 3104995
157.07 3102282
157.17 3099079
157.83 3093123
159.53 3083937
159.54 3071788
159.61 3069812
159.65 3067846
159.65 3050043
161.55 3049950
161.62 3048711
162.21 3014667
162.56 3007455
162.60 3005744
163.20 3003041
163.72 3000398
164.83 3000037
164.84 2989375
164.87 2981163
164.90 2969821
165.27 2966411
165.36 2958235
165.99 2952570
167.57 2944959
167.58 2916961
167.93 2916049
167.95 2906190
170.30 2888109
170.34 2887743
170.37 2858453
172.93 2856626
172.93 2831094
172.95 2813299
175.56 2809076
175.58 2790004
175.62 2788743
175.69 2780722
175.70 2778897
175.97 2776796
176.52 2774713
176.91 2773763
178.23 2768157
178.24 2765628
178.24 2762970
178.27 2749920
178.31 2743846
178.44 2739283
178.92 2725587
180.93 2714016
180.95 2713746
180.96 2708932
181.05 2693808
181.28 2693474
181.95 2684331
183.60 2678952
183.62 2674132
183.64 2671578
183.70 2666622
183.77 2648589
184.55 2645543
184.66 2642291
186.32 2638977
186.33 2637966
186.33 2622104
186.39 2616180
186.51 2608321
187.93 2603615
188.00 2597381
189.00 2591471
189.02 2590817
189.03 2589776
189.10 2589496
189.20 2588166
189.21 2588069
189.22 2582537
189.35 2574909
189.35 2567135
190.29 2567102
190.50 2565182
191.60 2556165
191.72 2554467
191.72 2549739
191.73 2546659
191.79 2539525
191.80 2536315
192.03 2535258
192.05 2534652
192.15 2521665
194.36 2520198
194.37 2516327
194.38 2507791
194.39 2506987
194.49 2502485
194.52 2489208
195.90 2489127
197.00 2485162
197.02 2484171
197.03 2481733
197.06 2480807
197.07 2466100
197.39 2451346
197.41 2446374
199.67 2446290
199.68 2445888
199.69 2442948
199.71 2439653
199.74 2437147
199.76 2424644
199.77 2423376
199.89 2419811
201.44 2415116
202.35 2414896
202.39 2412320
202.40 2400173
202.40 2386027
202.60 2381080
203.40 2371508
205.10 2368894
205.13 2360509
205.18 2359242
205.20 2351838
205.54 2345448
206.05 2342441
207.16 2339216
207.76 2325043
207.85 2307972
210.23 2305400
210.40 2300226
210.40 2283061
210.79 2280254
211.02 2272925
212.15 2254406
213.05 2246576
213.17 2244835
213.23 2241894
213.47 2236019
213.78 2235254
213.89 2228058
214.18 2219695
215.67 2217550
215.70 2209816
215.75 2200625
216.07 2192289
216.41 2186970
217.09 2182479
218.39 2178436
218.41 2174699
218.42 2151006
221.02 2144494
221.02 2140882
221.06 2132557
221.32 2132263
221.41 2114725
223.73 2114308
223.73 2114055
223.74 2104677
223.80 2102155
223.83 2090852
224.43 2083381
225.28 2080953
226.37 2080690
226.39 2070488
226.46 2048652
229.05 2045937
229.14 2041514
229.14 2041398
229.15 2024879
229.94 2022995
231.06 2018955
231.71 2015795
231.74 2015504
231.78 2014676
231.81 2011948
231.89 2004278
232.13 1997021
232.17 1992367
234.37 1991390
234.40 1985937
234.42 1974694
235.16 1965804
237.08 1962794
237.09 1958942
237.16 1958896
237.19 1958788
237.21 1954971
237.34 1949392
238.05 1947407
238.41 1947207
239.36 1933329
239.84 1918828
240.57 1914891
241.33 1908183
242.50 1901204
242.51 1900849
242.71 1899324
242.73 1895940
242.77 1881696
245.22 1873462
245.30 1867264
246.41 1863099
247.95 1847802
248.07 1842538
250.63 1838434
250.66 1836516
250.68 1835717
250.71 1829466
250.92 1829069
251.06 1827071
251.64 1821373
253.26 1816412
253.33 1815167
253.38 1815025
253.42 1813884
253.42 1808803
253.57 1807676
253.58 1805444
254.23 1804589
255.04 1803412
255.91 1800655
255.93 1798785
255.99 1797909
256.00 1792661
256.02 1791399
256.05 1790577
256.60 1787513
258.04 1787049
258.04 1786757
258.59 1776195
258.77 1767768
260.24 1762961
261.25 1760322
261.25 1758320
261.29 1757945
261.30 1754423
261.60 1752986
261.71 1749425
261.79 1748089
261.87 1747969
261.96 1746860
262.53 1738141
264.07 1727525
264.11 1720814
266.71 1717469
266.77 1716948
266.77 1710535
266.79 1705090
267.49 1702996
267.62 1691098
269.44 1683297
269.49 1681278
270.34 1671302
272.07 1669131
272.09 1663513
272.54 1655325
272.69 1653973
274.77 1650645
274.78 1646591
274.84 1646184
274.86 1638552
274.96 1637231
275.69 1637179
277.43 1630964
277.44 1626726
277.75 1623177
280.03 1622861
280.04 1613424
280.11 1612453
280.41 1612436
281.55 1611991
281.73 1611260
282.65 1611172
282.71 1610303
282.77 1609663
282.78 1603406
282.91 1602281
283.15 1594476
284.03 1589033
285.30 1587522
285.32 1585540
285.34 1582386
285.43 1582146
285.58 1581459
285.91 1581361
286.30 1576859
286.32 1573745
286.76 1571442
287.95 1567020
287.96 1566495
288.00 1566389
288.01 1562791
288.24 1561896
288.30 1555572
290.62 1555410
290.63 1548314
290.69 1539643
292.44 1533170
293.24 1531868
293.33 1528940
293.54 1524064
294.03 1519688
294.70 1517882
295.90 1517539
295.90 1513255
295.91 1511383
295.94 1507131
296.21 1499444
298.53 1498336
298.53 1490106
298.68 1489384
298.91 1488920
300.65 1487785
301.23 1484498
301.29 1484354
301.33 1482167
301.63 1477391
302.36 1476060
303.99 1474517
304.05 1465521
305.54 1463370
306.66 1460966
306.71 1459181
306.79 1456371
306.82 1452940
307.15 1450737
307.55 1449739
309.30 1449663
309.30 1445031
309.35 1438559
311.16 1438449
311.91 1437165
311.94 1434813
311.94 1430935
312.27 1428696
312.88 1427448
313.56 1427161
314.54 1424985
314.60 1424225
314.64 1419165
314.71 1418460
315.01 1417455
315.60 1415975
316.15 1412169
317.24 1401739
318.90 1401630
319.83 1397061
319.89 1396319
320.02 1396194
320.17 1392881
320.74 1392050
320.98 1390881
321.20 1388161
322.51 1387872
322.52 1386229
322.52 1385641
322.66 1384998
322.68 1383178
323.03 1383093
323.18 1382121
323.27 1380050
323.51 1379982
324.62 1379581
324.97 1378975
325.17 1377884
325.17 1377357
325.20 1377226
325.21 1375696
325.22 1375176
325.27 1374981
325.40 1373335
325.63 1373188
325.79 1369553
327.81 1369485
327.83 1369337
327.83 1366102
327.84 1361927
328.06 1357682
328.26 1356920
330.48 1354772
330.56 1354683
330.59 1352061
330.64 1351756
330.72 1349461
331.37 1349178
332.07 1349173
332.14 1348681
333.08 1348680
333.08 1348133
333.13 1347243
333.14 1345905
333.20 1342390
333.47 1342290
333.51 1339980
334.73 1338421
335.53 1336423
335.79 1333334
335.83 1331626
335.95 1326592
337.96 1326110
338.55 1322257
338.58 1322173
338.73 1319998
338.93 1317999
339.00 1316445
340.64 1315716
341.23 1314286
341.23 1314169
341.27 1313422
341.33 1312673
341.35 1311128
341.39 1307015
343.84 1303149
343.88 1295295
345.79 1295166
346.53 1292567
346.71 1292167
346.72 1292157
346.75 1291150
347.29 1289712
347.65 1288658
348.59 1288226
348.73 1286521
349.23 1286113
349.26 1285339
349.35 1284519
349.37 1283431
349.39 1281369
349.41 1281082
349.84 1278080
350.23 1275840
351.96 1274916
352.12 1273229
352.37 1267955
353.17 1267091
353.56 1262833
354.56 1261759
354.58 1261232
354.69 1258478
355.07 1257049
356.69 1256302
356.73 1255893
357.24 1255712
357.25 1255239
357.43 1253451
357.45 1252787
357.52 1249172
357.57 1248959
359.09 1247144
359.40 1246884
359.88 1244585
359.89 1244213
359.90 1241243
360.77 1239867
362.13 1235013
362.55 1226362
364.46 1225586
365.24 1223827
365.29 1220434
366.02 1219802
366.12 1216935
367.66 1216921
367.90 1216134
367.99 1215336
367.99 1210688
368.75 1206451
370.65 1204189
370.80 1203039
370.83 1201335
370.84 1197882
370.92 1196631
373.35 1193396
373.38 1192098
373.56 1191920
373.91 1191358
374.34 1187345
376.02 1185080
376.03 1183974
376.25 1183925
376.56 1180182
377.43 1178694
378.68 1177892
378.72 1177789
378.75 1177024
378.98 1176983
379.19 1176314
379.27 1175194
379.34 1174552
379.36 1173530
381.09 1173053
381.33 1169749
381.68 1169116
381.79 1166762
383.95 1162825
383.99 1162604
384.17 1161458
384.19 1160573
384.81 1160517
384.98 1159822
386.54 1155582
386.59 1152852
386.64 1147572
388.82 1136593
389.30 1134781
389.34 1134770
389.49 1133217
389.56 1130968
389.84 1130603
390.40 1129706
391.54 1129155
391.90 1127607
391.92 1127231
392.04 1127101
392.05 1124433
392.13 1123884
392.26 1123566
392.58 1122399
393.12 1121145
394.55 1114205
397.21 1112068
397.34 1111428
397.59 1106094
399.93 1104655
400.03 1104367
400.11 1103619
400.21 1102674
400.23 1100535
401.21 1099207
401.25 1099035
401.91 1098352
402.62 1097090
402.69 1097041
402.84 1093948
403.02 1093036
403.75 1092544
403.80 1091293
405.25 1089714
405.29 1088712
405.61 1088452
406.11 1087348
406.39 1087330
406.46 1086877
406.49 1085126
407.88 1083209
408.16 1082379
408.19 1079567
408.27 1079531
409.73 1077591
410.62 1076713
410.62 1074863
410.81 1074419
411.07 1071011
412.00 1070704
413.41 1069868
413.58 1068533
414.48 1068074
414.59 1067542
415.05 1066562
415.09 1065207
416.06 1064974
416.08 1063903
416.12 1063323
416.20 1061122
416.59 1058442
418.84 1058421
418.85 1056823
418.86 1054969
419.82 1054877
420.27 1054817
420.30 1052802
421.26 1052313
421.36 1048460
421.43 1048170
422.65 1046821
422.79 1045782
424.05 1044543
424.14 1043923
424.29 1043704
424.31 1041800
424.62 1040845
425.08 1039593
426.77 1039588
426.78 1039053
426.88 1037926
427.11 1034463
427.22 1031024
429.37 1029319
429.49 1028756
429.94 1028042
429.98 1027586
430.34 1025955
431.86 1024727
432.01 1024472
432.05 1023625
432.07 1023464
432.12 1021065
432.52 1021037
432.61 1020420
432.72 1017553
434.68 1014738
434.72 1010547
437.40 1009657
437.57 1009564
437.63 1007761
438.00 1005269
440.11 1004977
440.18 1003320
440.30 1003213
440.32 1001901
440.53 1000358
440.82 999441
440.97 998761
442.90 995299
443.39 995099
444.33 994656
445.41 992318
445.50 992089
445.52 990651
445.65 989588
445.83 989481
446.69 989355
446.99 988875
447.52 988290
447.58 987441
447.90 987143
448.20 986601
448.25 985939
448.30 985843
448.44 985663
448.51 985259
448.60 985045
448.83 984082
448.92 982206
449.37 981693
449.95 981315
450.81 979022
451.79 978773
452.39 967629
453.61 966604
453.65 965942
454.19 965536
454.58 964794
454.73 963252
455.60 962179
456.19 962130
456.22 960640
456.37 960119
456.97 959953
457.00 959181
457.17 958242
458.88 957909
458.89 954677
459.26 954441
461.53 954417
461.53 954045
461.55 953859
461.59 953639
461.80 951707
461.94 950865
462.74 948846
464.19 947679
464.41 947015
464.62 946187
464.84 945554
465.06 944703
466.86 944447
466.88 942443
466.93 941552
467.48 941541
467.67 941138
468.08 939766
469.50 937495
470.64 936929
470.85 936281
471.28 936097
472.25 935943
472.28 934809
472.29 934726
472.33 934512
473.14 933510
473.22 933403
474.16 933399
474.55 933386
475.04 932035
475.06 930948
475.38 930764
475.49 930097
476.42 929724
477.61 928607
477.67 928237
477.97 927720
478.58 925619
479.16 924868
480.35 921500
480.91 920840
481.12 918179
483.00 917428
483.04 915466
485.53 915432
485.75 913862
485.88 913754
486.20 912670
486.35 912368
486.50 911055
488.42 908345
489.99 908293
491.09 908137
491.19 907625
491.36 907513
491.53 905440
492.08 904927
492.72 904217
493.69 901595
496.41 900927
496.83 899523
499.10 899190
499.11 897904
499.38 896157
499.78 892034
501.71 891260
501.86 890786
502.39 889940
502.51 887312
504.33 886995
504.35 885869
505.00 885825
505.23 884035
507.00 883837
507.10 882130
507.38 880577
509.71 880532
509.72 879778
509.86 879533
510.58 879133
510.69 877115
512.38 876363
512.59 874841
513.18 873500
515.10 872054
515.19 872051
515.37 871961
515.37 870958
516.13 870770
517.38 870714
517.74 868770
518.41 868486
518.74 868127
518.84 867984
518.94 866736
520.44 866463
520.52 864006
520.91 863444
522.98 863420
523.13 863246
523.15 860940
524.04 860933
524.28 860592
525.71 859625
525.94 858316
526.72 857125
528.35 854996
529.68 854102
529.69 853777
530.32 851755
531.11 850384
531.28 848407
533.64 848258
533.74 846311
534.25 845384
536.38 845299
536.56 845117
537.10 844269
537.40 842222
538.98 840796
539.11 840704
539.26 838854
539.83 838254
540.27 838086
540.49 837634
541.80 836377
542.20 836091
543.10 835803
543.27 835358
543.27 835092
544.67 833676
545.36 833245
546.37 832980
547.29 832093
547.57 831531
547.85 831103
549.89 830000
550.36 829425
550.68 828042
552.52 827678
552.71 826119
553.63 825937
555.20 825178
555.31 824014
557.01 823763
557.85 823100
558.00 821883
560.52 821290
561.19 820908
561.35 820172
562.49 819657
563.23 818292
563.68 817535
564.99 816326
565.89 816076
566.14 815800
566.35 813616
568.58 813074
569.22 812520
569.39 811927
571.37 811425
571.37 811239
571.41 809916
573.71 803210
573.91 801471
574.54 801114
576.54 800927
576.64 800753
576.92 800356
577.30 800334
577.48 799967
578.18 799581
578.36 798755
579.23 797407
579.93 797212
580.80 797016
582.06 796891
582.10 794378
584.67 793698
584.71 792835
585.33 792700
585.61 792548
587.41 792414
587.50 792115
587.53 792111
587.65 791820
587.83 791631
588.58 790158
589.92 789470
590.10 789354
590.69 789043
590.94 789032
590.96 787595
592.59 786545
592.72 786179
594.25 786075
594.62 785584
594.65 784229
595.32 784188
595.34 783950
595.35 783892
595.62 783790
595.64 782780
598.24 782447
598.27 782042
598.43 781459