0.00 7525056
0.01 7513622
0.02 7510806
0.04 7458648
0.04 7411805
1.09 7396703
2.11 7383552
3.33 7381166
3.33 7375958
3.33 7358670
3.35 7294935
3.44 7278723
3.50 7268547
3.62 7268074
4.27 7260320
5.32 7244811
5.88 7238119
6.20 7229052
6.54 7124224
6.68 7108427
7.06 7101040
7.36 7093479
7.44 7072756
8.80 7057331
10.10 7015446
10.15 7000265
10.16 6965433
10.90 6960666
11.22 6938543
11.42 6935010
11.99 6920699
12.83 6919096
13.39 6918003
13.40 6916035
13.40 6885379
13.43 6884723
13.43 6884600
13.46 6865067
13.47 6864607
13.55 6829561
13.63 6775296
14.25 6772626
16.49 6770575
16.60 6744309
16.60 6676135
16.70 6675936
17.12 6673523
17.40 6650778
17.53 6640236
19.76 6630663
19.98 6629071
19.98 6626140
19.99 6558061
20.27 6514056
22.86 6507268
22.87 6488195
22.92 6463292
22.99 6445315
23.16 6419546
23.46 6394688
24.49 6386391
25.47 6367401
25.54 6362850
26.29 6297513
26.43 6251320
27.43 6227505
29.71 6223938
29.71 6209277
29.72 6193166
29.73 6192506
29.79 6185119
29.84 6175841
30.07 6155673
30.23 6136462
30.67 6132885
31.67 6108137
32.58 6100341
32.59 6078239
32.61 6060032
32.72 6017580
32.90 5999686
34.06 5966231
36.08 5964485
36.08 5964021
36.08 5943517
36.14 5942456
36.17 5937076
36.19 5914991
36.19 5875378
37.58 5872702
37.84 5848749
39.78 5843359
39.78 5831344
39.79 5825420
39.79 5825092
39.82 5813404
39.83 5795431
39.84 5780021
39.93 5754178
40.44 5729653
43.28 5729353
43.28 5720689
43.30 5695496
43.33 5665452
43.41 5588709
46.64 5540914
46.82 5540565
46.88 5532074
46.99 5523839
47.23 5503956
49.92 5502751
49.92 5499427
49.93 5492684
49.95 5437666
50.16 5416646
52.97 5407982
53.34 5405966
53.35 5399590
53.35 5358097
53.36 5315996
54.69 5296295
56.68 5279696
56.68 5222549
56.93 5201465
57.23 5190143
60.14 5184202
60.16 5156043
60.32 5139493
60.45 5101375
60.67 5092575
63.70 5090554
63.70 5090420
63.71 5016935
64.09 5009110
64.50 4990886
66.71 4983415
66.71 4980327
66.72 4973837
66.74 4973569
66.75 4942781
66.86 4939041
66.88 4920040
67.08 4917981
67.67 4903933
70.42 4885981
70.45 4875451
70.51 4873977
70.52 4852378
70.62 4841205
70.77 4837768
71.23 4819408
73.57 4795622
73.58 4793220
73.66 4779658
73.77 4779034
73.77 4775104
74.26 4767376
74.29 4749604
74.70 4746066
75.42 4742163
76.75 4737307
76.76 4706911
76.76 4686553
77.15 4680467
77.66 4651310
80.66 4650598
80.66 4638488
80.68 4632025
80.69 4627653
80.71 4619478
80.73 4610980
81.06 4602264
81.06 4572766
83.29 4565514
83.48 4535321
83.49 4528348
83.51 4509908
84.20 4457256
86.40 4451200
86.42 4436457
86.43 4414297
86.53 4406081
86.55 4405393
86.74 4403320
86.84 4397503
88.76 4382389
89.21 4381352
89.21 4371679
89.22 4357719
89.26 4346843
89.28 4344038
89.29 4323908
90.16 4311000
90.35 4310984
92.01 4297484
92.02 4295967
92.02 4285878
92.04 4266493
92.30 4259039
92.95 4256860
93.60 4248449
95.15 4239152
95.24 4224960
95.24 4222194
95.27 4220657
95.28 4219907
95.31 4214158
95.42 4178158
95.89 4165056
98.10 4164672
98.10 4161419
98.13 4122791
98.28 4119363
98.28 4101925
98.58 4098360
100.98 4086534
100.98 4082955
100.99 4077081
101.01 4074574
101.02 4063684
101.16 4053869
101.82 4039968
102.91 4039910
103.72 4034086
103.72 4031191
103.73 4018812
103.76 4007139
103.79 4000317
103.82 3986098
105.89 3983779
106.40 3983086
106.40 3972204
106.41 3952129
106.45 3945427
106.47 3941541
106.59 3940861
106.79 3938190
106.94 3933442
107.73 3928958
108.50 3924875
108.91 3920118
108.92 3918718
108.92 3908324
108.95 3907470
108.98 3889322
108.99 3880045
109.93 3865590
111.77 3858379
111.77 3831251
111.80 3825290
111.92 3813156
114.89 3790520
115.32 3786628
115.32 3778758
115.36 3728529
117.81 3721041
118.37 3706320
118.37 3700366
118.41 3698124
118.57 3687393
118.60 3681944
119.22 3665509
121.36 3663537
121.36 3656223
121.36 3653343
121.40 3648014
121.40 3647185
121.41 3631489
121.47 3625150
121.50 3619781
121.56 3615257
124.27 3605756
124.79 3599617
124.79 3594308
124.81 3592991
124.84 3574803
124.86 3571633
124.99 3571441
125.32 3567899
125.45 3561949
125.55 3554972
126.66 3552882
127.64 3550385
127.65 3540593
127.69 3519790
127.90 3514047
128.12 3512732
128.14 3503944
128.27 3496319
129.55 3489353
130.83 3481815
130.83 3480720
130.84 3479347
130.84 3477964
130.85 3463325
130.93 3462502
130.95 3461565
130.96 3456144
131.13 3454101
131.43 3453272
131.59 3436464
134.00 3435878
134.00 3396360
134.28 3385289
137.18 3377915
137.20 3376436
137.21 3376335
137.22 3376059
137.22 3369821
137.27 3364806
137.41 3349357
138.06 3345551
138.37 3335524
138.76 3330445
139.14 3320841
140.05 3317186
140.07 3314266
140.08 3313261
140.10 3293747
140.11 3280782
140.27 3277414
140.36 3270955
141.87 3270657
142.73 3270257
143.13 3267615
143.16 3248940
143.30 3238234
143.37 3229288
143.72 3223576
144.20 3215436
146.29 3198541
146.30 3187074
146.34 3184341
146.69 3179083
146.78 3171256
149.24 3171141
149.54 3160399
149.61 3138021
149.92 3132486
149.92 3127989
149.94 3127620
151.52 3124778
152.53 3123084
152.56 3122244
152.57 3110561
152.57 3107577
152.58 3101947
152.67 3086213
152.93 3076416
155.50 3074763
155.50 3073156
155.51 3070435
155.52 3067690
155.52 3053652
155.59 3037493
156.02 3032638
156.12 3029574
157.03 3028994
157.23 3025291
158.44 3011608
158.52 3001850
158.53 2982422
159.97 2977664
161.57 2976091
161.60 2958339
161.65 2948642
161.74 2936923
162.05 2936431
164.07 2931364
164.08 2930659
164.09 2929835
164.11 2908809
164.12 2897538
165.90 2887763
167.06 2886897
167.06 2882553
167.06 2872953
167.13 2853688
167.35 2844894
167.83 2825725
169.80 2818955
169.81 2796779
170.13 2788225
170.94 2779483
172.54 2768798
172.58 2744381
172.83 2734499
175.26 2727420
175.28 2722351
175.30 2720999
175.31 2708435
175.32 2704037
175.50 2695597
175.78 2692261
176.22 2691368
178.24 2685039
178.26 2681888
178.29 2679755
178.41 2665051
178.65 2664172
178.86 2660365
179.08 2655386
179.21 2653344
179.75 2652708
179.99 2651600
181.01 2650656
181.01 2615838
181.06 2615780
181.16 2611777
182.75 2611541
183.72 2605133
183.72 2604106
183.72 2594522
183.88 2588756
184.04 2575988
184.38 2574067
186.48 2564182
186.53 2557048
186.57 2543046
186.72 2542835
186.86 2537865
187.13 2534329
189.12 2532940
189.13 2522991
189.15 2500985
191.44 2500567
191.56 2500206
191.84 2495230
191.96 2490983
191.97 2487806
191.98 2481590
192.00 2479686
192.05 2475236
192.25 2474664
192.27 2474118
192.28 2468351
192.31 2465289
192.66 2461567
194.34 2460796
194.35 2459131
194.35 2456472
194.35 2453158
194.36 2448952
194.37 2436327
194.74 2435763
194.88 2433434
194.89 2429474
195.27 2425365
197.15 2422312
197.16 2419074
197.20 2405336
197.38 2404328
197.49 2395068
197.78 2392571
198.71 2388934
200.31 2385534
200.31 2383442
200.33 2380596
200.45 2377481
200.47 2374653
200.61 2370832
200.66 2361312
200.88 2357182
203.17 2348456
203.24 2332066
203.37 2331620
204.15 2329701
204.56 2328757
204.70 2325718
206.25 2325341
206.26 2319707
206.26 2317085
206.26 2311963
206.36 2311219
206.38 2305689
206.72 2297546
208.79 2290704
208.93 2290597
208.94 2289358
208.96 2287655
208.96 2284597
209.01 2284212
209.05 2280484
209.09 2267599
209.61 2254382
211.74 2253593
211.74 2253228
211.75 2242981
211.78 2241688
212.05 2241229
212.14 2235367
212.32 2234928
212.33 2230057
212.44 2221038
214.81 2212174
214.86 2201889
215.22 2201212
215.23 2200230
215.38 2189456
216.59 2188542
216.66 2183342
217.93 2181462
217.94 2177651
217.94 2169547
218.03 2163114
218.10 2162069
219.48 2154830
220.54 2152365
220.71 2142719
220.81 2141362
220.84 2138791
221.01 2136164
221.17 2133866
221.22 2126857
222.99 2119770
223.76 2110966
223.81 2109708
223.87 2109430
224.33 2096031
224.98 2088199
226.57 2087131
226.59 2082081
226.66 2080342
226.78 2070695
227.07 2066959
227.91 2065810
227.98 2062730
230.83 2057560
230.87 2055624
230.88 2054246
230.92 2050869
230.98 2045226
231.04 2044714
231.44 2039497
232.39 2034666
234.49 2017757
234.56 2014348
235.29 2007263
236.40 2006734
237.79 2006100
237.79 2005888
237.80 2002460
237.80 1996595
237.86 1994260
238.00 1986734
239.35 1986705
239.82 1979797
241.36 1973069
241.38 1971747
241.44 1967501
241.49 1966902
241.59 1962413
241.76 1955447
242.96 1954452
244.17 1950640
244.19 1948792
244.25 1948287
244.25 1946876
244.41 1941356
244.55 1937205
245.67 1935179
246.26 1934998
247.11 1930674
247.58 1928246
247.60 1923735
247.61 1918496
247.71 1918173
247.88 1915953
247.99 1912887
248.27 1910645
248.46 1903360
251.27 1895497
251.43 1894957
251.53 1886176
252.58 1882262
253.34 1880342
254.79 1880332
254.81 1875172
254.83 1867534
255.08 1863044
255.69 1848215
257.46 1847123
257.47 1846167
257.47 1832167
257.51 1829893
258.23 1822457
261.12 1821854
261.13 1816656
261.47 1811837
261.73 1809904
261.81 1805922
261.96 1804869
262.19 1802611
264.44 1802440
265.49 1802358
265.60 1801021
265.65 1799801
265.66 1793483
265.66 1787649
265.77 1786606
266.59 1786310
268.87 1786018
268.88 1785202
268.88 1784012
268.93 1777621
268.94 1767606
271.10 1766281
272.11 1765435
272.13 1763032
272.16 1760940
272.17 1752439
273.05 1750472
273.80 1744593
275.09 1734012
275.28 1728433
275.48 1725572
278.05 1712006
278.17 1705615
281.16 1701698
281.17 1700086
281.19 1695278
281.29 1693937
281.42 1693524
281.95 1692519
282.13 1690838
282.15 1690326
283.78 1688431
284.23 1679654
284.36 1678607
284.90 1676294
285.02 1676029
286.16 1675335
287.30 1674662
287.31 1671612
287.32 1669451
287.33 1668047
287.68 1663934
287.71 1662315
288.56 1658933
290.00 1650236
290.20 1649182
290.39 1649060
290.43 1642038
291.89 1640109
293.18 1636876
293.22 1632376
293.28 1630884
293.52 1624249
293.83 1622125
295.87 1621613
295.87 1620778
295.87 1617257
295.92 1615059
295.96 1614545
296.21 1609286
296.54 1607859
298.14 1607727
298.69 1606967
298.69 1602594
298.74 1600104
298.82 1599635
298.91 1599573
298.97 1596702
299.04 1596369
300.76 1593062
301.65 1593057
302.46 1591638
302.47 1574353
305.94 1572678
305.95 1571160
306.01 1569626
306.05 1568832
306.05 1565785
306.16 1565375
307.41 1560371
309.15 1553898
309.20 1551969
309.44 1550017
309.69 1545728
311.65 1545121
312.31 1542373
312.46 1537386
312.65 1533241
313.67 1532620
315.18 1530911
315.20 1520312
315.81 1516085
318.17 1515005
318.18 1511108
318.18 1508374
318.71 1504895
319.20 1504140
320.98 1500225
321.03 1499774
321.04 1499248
321.05 1493025
321.36 1489862
321.85 1489208
324.09 1485433
324.16 1484497
324.22 1480332
324.25 1479675
324.40 1478018
324.65 1477242
326.77 1471358
326.81 1470073
326.83 1459944
328.23 1457038
329.46 1455621
329.48 1454540
329.50 1452493
329.52 1448153
329.53 1446195
331.39 1446031
331.52 1444004
332.08 1442639
332.09 1436881
332.36 1436618
332.52 1434471
333.25 1432143
333.37 1431715
333.90 1429113
334.72 1421061
335.40 1417863
335.49 1416898
337.37 1414096
337.40 1411396
337.47 1406132
337.51 1405648
340.19 1404062
340.27 1402389
340.38 1399609
340.66 1399107
340.95 1397463
341.57 1395285
342.09 1391298
343.12 1388957
343.14 1387889
343.21 1383476
343.69 1382249
343.88 1379892
345.96 1379885
345.99 1378570
346.07 1378456
346.09 1374169
346.33 1369636
347.84 1369424
348.17 1367965
349.05 1367070
349.05 1362778
349.08 1362242
349.12 1359090
349.82 1353322
351.99 1352019
352.01 1349040
352.05 1347943
352.18 1345258
352.23 1339057
355.45 1337735
355.46 1336236
355.46 1335865
355.48 1332516
355.51 1328477
358.90 1328081
359.03 1322409
359.22 1321848
359.52 1317470
361.96 1313887
362.09 1311087
362.43 1310716
362.97 1309843
363.56 1305525
364.92 1303862
364.92 1302010
365.03 1301869
365.04 1299515
365.64 1296654
366.09 1296357
368.33 1293613
368.42 1293133
368.67 1291637
368.74 1289846
369.54 1287530
370.14 1286604
371.09 1285565
371.93 1283372
371.95 1280791
372.03 1280457
373.43 1279846
373.44 1276689
373.86 1274987
375.50 1273924
375.56 1273023
375.64 1268552
375.75 1268309
378.25 1266111
378.79 1265620
378.80 1263935
378.96 1263841
379.01 1257566
380.70 1256303
381.24 1251577
381.92 1250606
381.93 1249521
382.00 1248585
382.24 1246847
382.55 1245518
382.84 1241482
385.85 1241005
385.85 1239155
386.01 1239056
386.17 1236394
386.18 1233445
386.69 1230823
389.17 1226118
389.30 1224863
389.38 1222682
390.49 1221900
392.13 1221737
392.33 1221077
392.37 1219480
392.77 1218935
393.00 1217623
393.04 1214330
395.79 1213694
395.81 1210574
395.82 1210123
395.95 1208263
396.20 1207543
398.50 1205775
398.59 1205757
398.70 1204802
398.91 1203860
399.02 1203033
399.43 1202414
399.84 1200082
401.19 1197989
401.20 1192704
401.22 1191560
403.95 1191236
403.96 1189629
404.09 1187842
404.15 1186228
404.22 1185345
404.41 1183187
406.30 1182219
406.43 1181458
406.55 1177734
407.18 1177468
407.51 1176319
407.82 1175740
408.29 1172820
408.60 1172081
408.63 1171754
408.67 1168594
408.71 1165952
409.67 1164044
410.97 1163591
410.99 1162669
411.05 1160806
411.14 1160128
411.18 1159742
411.43 1159437
412.13 1159402
412.18 1157176
412.64 1155828
413.29 1154870
413.30 1152784
413.35 1152579
413.44 1151784
413.60 1148960
414.10 1147283
415.66 1143304
416.05 1143010
416.19 1140968
416.80 1138456
417.98 1136859
418.00 1135260
418.06 1134215
418.20 1134066
418.32 1132186
418.46 1132016
420.24 1130789
420.29 1128630
420.34 1128177
420.48 1128109
420.69 1125710
421.47 1125620
421.57 1123967
421.89 1123742
422.20 1121887
422.83 1119562
422.91 1117873
423.16 1117819
423.44 1116464
423.97 1116240
425.40 1116157
425.45 1115932
425.50 1115141
425.55 1115120
425.79 1112673
425.80 1112650
426.14 1111999
426.32 1109975
427.26 1109777
427.91 1108709
427.98 1105003
428.10 1104354
428.51 1102607
430.33 1102466
430.41 1100916
430.42 1098920
430.46 1097083
430.60 1095820
431.85 1095689
432.41 1094462
432.82 1094193
432.86 1094167
433.00 1092696
433.05 1092369
433.19 1092021
433.20 1088469
435.37 1086991
435.38 1084664
435.39 1084344
435.47 1082470
436.48 1081791
437.85 1078439
438.01 1077184
438.20 1076707
438.99 1075465
440.04 1075004
440.44 1071674
440.57 1071250
440.98 1070538
441.03 1070191
441.51 1069162
443.13 1066806
443.15 1064054
444.39 1063192
445.75 1062003
445.94 1060149
446.41 1059511
446.43 1058113
446.89 1058090
448.45 1054591
448.48 1052194
449.04 1051764
449.40 1048852
451.09 1048029
451.16 1047770
451.23 1044670
451.27 1042277
453.29 1040815
453.49 1039314
453.56 1039009
453.59 1038830
453.65 1038403
454.22 1038241
454.23 1037248
454.42 1033698
455.87 1033122
455.89 1031633
455.93 1028590
456.97 1026809
458.24 1024947
458.24 1023160
458.33 1017056
460.47 1016943
460.48 1015663
460.52 1014630
460.60 1014514
461.10 1014236
461.46 1014012
461.52 1012931
462.85 1012860
462.91 1012481
462.95 1011501
462.99 1011048
463.05 1010640
463.23 1009914
463.60 1008910
463.67 1007342
464.94 1005762
465.63 1005564
465.64 1003820
465.69 1002891
466.59 1000949
467.79 999506
468.40 998542
468.49 995890
469.04 995088
469.87 993236
471.19 990377
471.88 990367
471.95 989826
472.15 989373
472.90 988817
473.77 988348
473.88 987499
473.97 987343
474.05 982972
476.85 982582
476.87 981856
477.01 980761
477.09 980662
477.22 979109
478.89 978850
479.61 976325
479.85 975762
479.94 974176
482.52 970155
485.33 968280
485.77 966305
486.14 965919
486.72 965337
487.59 965150
488.18 963539
488.70 961214
489.46 960837
490.63 960714
490.70 960547
491.40 959975
491.92 959716
492.02 959390
492.02 959080
492.12 958119
492.14 956765
494.83 956600
494.87 956176
495.00 955473
495.05 954440
496.12 953720
496.51 953418
497.54 952347
498.14 950488
498.95 950097
499.04 948498
500.35 944413
501.40 943726
501.45 942648
501.86 942552
502.04 940564
502.52 936148
504.18 934856
504.29 932299
505.61 932104
506.11 931506
506.20 930480
507.02 929991
507.26 928714
507.31 925384
510.03 925034
510.08 924996
510.20 923059
510.78 921768
510.89 920965
513.05 919823
513.16 918925
513.71 918225
514.78 918070
515.42 916057
515.98 914005
516.25 913864
517.56 913815
518.16 913807
518.20 913162
518.89 911422
519.17 910677
519.25 910448
520.67 910219
520.70 909687
520.75 909578
521.72 909352
521.78 908274
521.89 907675
522.67 906864
523.97 906533
524.55 905391
524.81 902672
527.67 901408
527.81 900702
529.64 898964
531.06 897597
531.24 896994
531.56 896639
532.20 894603
534.43 893306
534.61 888636
536.68 885926
537.29 885066
537.69 883601
537.99 883186
539.81 883002
540.10 880511
541.26 879711
542.36 877979
542.76 877618
542.79 877430
542.89 876549
543.12 876074
543.21 875180
543.91 874921
544.45 874006
545.62 871966
546.81 871541
548.25 871432
548.75 870464
548.80 869071
550.35 868867
550.88 866834
551.70 863814
552.40 862887
554.43 862139
554.53 860526
554.76 859867
557.00 857957
557.40 857307
557.89 857133
559.22 855653
559.73 855340
559.79 853624
560.97 852923
561.58 850329
562.69 850322
562.72 849897
562.76 849405
562.90 847052
565.71 846503
565.93 844592
566.26 844529
568.42 844322
568.66 842712
568.78 842463
568.97 841160
571.61 839764
571.66 838835
571.81 838595
574.24 837478
574.55 836776
575.19 836233
575.50 836222
576.09 835861
577.41 835827
577.42 835134
577.60 834669
578.08 834535
578.27 833832
579.38 833449
580.27 832922
580.54 831087
582.75 830661
582.82 829562
583.37 828627
585.74 828361
586.18 827983
586.20 827332
586.36 827184
586.70 825700
588.80 825464
588.89 825277
588.94 823668
590.49 821040
591.41 819246
591.57 819008
592.13 818798
594.66 818376
594.98 818282
595.12 818072
595.43 816766
595.95 816704
597.58 815231
598.31 814239