0.00 6650689
0.26 6625172
0.81 6617929
0.89 6616265
1.41 6602970
1.86 6560256
2.98 6552645
2.99 6541171
3.01 6505622
3.29 6495471
3.32 6460999
3.41 6428617
3.74 6407458
5.86 6392605
5.87 6383991
5.88 6375399
5.88 6369734
5.95 6306865
6.27 6279010
7.17 6263933
8.90 6255585
8.97 6254748
8.98 6240273
8.99 6236887
8.99 6143014
9.44 6139411
9.65 6107876
11.81 6101636
11.81 6057717
11.83 6043676
12.00 6009088
12.85 6003702
13.11 5993130
13.70 5982853
14.65 5981092
14.66 5961096
14.66 5950939
14.67 5936402
14.75 5884974
16.17 5874606
17.38 5874503
17.38 5844324
17.41 5818524
17.43 5785474
17.89 5784480
18.49 5762581
20.09 5688519
20.19 5675815
20.20 5666220
20.90 5664749
20.93 5656423
22.87 5637085
22.90 5632216
22.91 5626516
22.95 5548429
23.21 5513629
25.73 5511048
25.74 5504776
25.74 5482104
25.76 5478497
25.85 5461855
26.17 5425578
26.53 5418024
27.50 5416521
28.57 5374825
28.63 5353272
28.79 5346711
28.90 5299387
29.28 5290792
31.38 5274854
31.39 5274518
31.42 5272377
31.44 5254214
31.47 5220982
31.57 5160039
34.31 5138658
34.31 5095022
34.39 5093033
34.55 5062853
37.28 5038085
37.28 5028234
37.36 5015983
37.37 5015018
37.44 4987613
38.39 4977250
38.54 4971230
39.42 4964815
40.66 4960836
40.66 4958169
40.68 4943593
40.70 4932248
40.95 4923494
40.96 4921407
41.07 4898374
41.63 4898019
41.90 4846684
43.48 4845175
43.48 4844788
43.48 4833036
43.52 4825918
43.54 4781344
45.79 4761098
45.96 4750643
46.32 4701668
46.36 4681404
46.83 4675403
46.83 4666652
47.31 4656395
47.58 4655837
47.69 4638277
49.08 4626192
49.09 4617922
49.12 4613117
49.20 4598115
49.21 4593987
49.36 4593042
49.60 4583131
49.81 4581596
50.65 4580954
51.47 4525706
52.09 4511138
52.10 4494393
52.14 4488933
52.24 4481153
52.60 4467792
53.55 4466009
53.66 4440120
54.96 4437047
54.96 4425961
55.02 4415437
55.11 4407262
55.31 4406452
55.35 4398500
55.35 4370881
55.56 4361727
57.96 4361292
57.97 4328138
58.05 4299252
59.18 4298953
59.54 4293410
60.04 4286913
60.81 4286565
60.81 4283840
60.83 4269003
60.84 4251025
60.90 4248042
60.97 4230479
61.69 4229590
62.31 4218661
63.80 4217823
63.81 4206552
63.81 4188834
64.00 4180555
64.37 4172812
64.81 4171978
65.21 4168503
65.26 4151206
66.32 4140022
66.93 4124968
66.96 4111948
67.04 4108625
67.17 4107678
67.22 4103484
67.62 4099273
68.10 4082699
68.15 4063565
70.35 4057593
70.35 4043200
70.36 4031890
70.44 4011295
70.47 4008811
70.89 4003535
72.11 3998373
73.15 3997902
73.16 3994940
73.17 3994063
73.18 3991055
73.22 3989359
73.23 3971741
73.25 3941295
73.73 3930918
76.66 3921899
76.67 3900281
76.82 3896914
76.86 3887848
77.77 3873515
78.81 3867798
79.93 3859196
79.97 3842180
79.99 3839224
80.00 3836626
80.01 3826388
81.00 3817771
81.31 3769096
82.91 3765047
82.96 3764963
82.96 3756794
83.01 3732108
83.32 3724081
83.49 3704375
85.80 3677740
85.95 3673627
85.96 3673406
86.00 3658073
86.68 3654294
87.79 3646777
88.76 3631723
88.84 3625118
88.86 3617183
88.89 3600163
89.58 3598002
89.79 3590343
91.65 3565978
91.65 3563045
91.75 3549794
92.04 3547468
92.23 3547375
92.23 3546939
92.53 3544201
92.62 3543729
92.77 3538569
94.23 3533619
94.44 3528384
94.44 3485124
97.23 3483840
97.23 3478045
97.24 3457826
97.29 3445633
97.30 3435627
98.40 3429791
99.95 3410826
100.22 3405591
100.24 3399161
100.25 3388561
100.28 3373121
100.37 3367788
100.43 3363892
101.60 3354818
102.68 3351569
103.23 3337537
103.25 3324203
103.26 3318681
103.27 3305067
103.84 3299528
105.49 3295561
106.14 3287792
106.17 3255681
106.30 3252523
106.82 3245820
109.12 3236236
109.13 3219858
109.15 3212932
109.17 3203283
109.86 3193883
111.02 3190112
112.28 3182297
112.29 3174032
112.31 3160699
112.61 3151127
114.13 3150831
114.65 3150040
114.76 3148491
115.16 3140688
115.16 3140047
115.17 3130281
115.26 3107942
115.57 3105156
117.99 3102699
117.99 3088376
118.02 3072579
118.14 3065619
118.71 3064881
119.80 3063692
120.00 3055109
120.88 3051605
120.88 3046665
120.89 3032114
120.98 3024320
121.17 3021011
121.57 3017711
122.05 3016295
122.15 3008666
123.74 3006672
123.75 2991921
123.77 2982376
124.00 2977470
124.51 2974988
124.55 2972786
124.70 2972195
125.17 2968791
126.40 2954836
126.41 2942114
126.45 2939594
126.59 2936819
126.62 2936005
126.87 2932319
127.28 2930495
128.02 2922625
129.09 2920631
129.10 2898030
129.33 2890156
129.92 2886745
130.08 2886154
130.65 2879797
131.91 2878875
131.92 2853120
131.96 2850600
132.11 2847825
132.53 2847476
132.71 2846411
133.15 2839085
134.73 2838482
134.73 2838457
134.74 2838405
134.74 2814761
134.94 2799193
137.59 2798946
137.59 2797325
137.60 2788708
137.61 2776512
137.67 2770039
137.68 2768930
137.75 2763038
140.47 2759447
141.06 2753085
141.06 2752714
141.11 2749872
141.16 2745591
141.23 2723982
141.93 2719302
143.94 2707862
144.05 2695680
144.07 2688539
144.19 2686702
144.69 2678347
146.71 2670506
146.79 2668999
146.82 2664589
146.88 2658650
146.97 2656951
147.18 2652974
147.39 2652153
147.84 2621247
149.52 2610867
149.53 2606689
149.55 2605861
149.56 2597497
150.51 2591333
150.51 2587975
150.85 2585973
150.95 2582273
152.50 2539289
155.82 2528909
155.85 2523903
155.85 2515539
156.63 2506017
156.98 2504015
157.15 2500475
159.13 2500450
159.13 2497080
159.14 2487346
159.32 2473840
159.38 2472784
160.03 2461716
162.39 2461014
162.41 2458907
162.42 2456954
162.43 2449969
162.45 2437966
162.54 2431600
162.95 2431598
163.17 2430278
165.31 2423146
165.35 2422258
165.36 2412666
165.46 2403643
165.52 2400160
166.06 2396127
167.75 2390270
167.88 2387314
168.46 2385400
168.47 2361903
168.98 2357645
170.80 2357555
171.29 2351599
171.34 2349897
171.36 2347800
171.36 2347440
171.39 2342501
171.45 2330920
172.34 2328519
173.95 2318274
174.05 2316360
174.08 2313984
174.09 2309514
174.11 2309064
174.18 2305437
174.45 2295990
174.51 2291125
174.52 2286597
176.65 2280641
176.66 2275657
176.68 2268869
176.92 2264689
176.94 2264102
177.14 2256928
179.26 2251627
179.27 2251611
179.29 2246588
179.45 2242322
179.48 2237499
179.66 2227962
182.13 2221246
182.13 2206071
182.42 2206054
182.53 2204408
182.61 2197846
185.06 2197718
185.06 2197289
185.07 2194030
185.08 2192300
185.11 2187979
185.21 2176822
185.75 2175847
186.11 2174292
188.03 2152401
188.53 2149068
189.52 2148129
191.12 2143417
191.13 2142636
191.22 2141921
191.23 2134680
191.46 2128246
191.58 2123885
191.63 2121377
191.65 2118751
194.06 2115815
194.21 2115535
194.22 2093924
194.26 2086565
197.11 2085872
197.13 2081578
197.14 2077145
197.19 2068148
197.51 2066702
197.53 2064279
198.17 2064003
198.56 2062962
198.87 2053916
200.02 2049383
200.08 2045863
200.33 2039778
200.57 2030149
200.85 2027571
202.94 2026250
202.98 2024412
203.00 2023886
203.02 2022109
203.03 2020639
203.06 2017405
203.22 2015014
203.25 2006849
203.59 2003804
203.64 2000733
205.99 1995535
206.02 1989186
206.02 1988869
206.07 1987348
206.36 1983904
206.60 1974056
207.34 1973981
209.21 1973851
209.21 1972282
209.22 1965363
209.34 1952343
212.22 1948382
212.27 1940796
212.35 1938958
212.35 1919874
215.31 1918312
215.31 1912904
215.35 1912362
215.37 1912154
215.64 1908969
215.66 1905507
215.70 1904776
216.70 1896616
218.20 1892655
218.23 1885069
218.27 1883231
218.42 1880778
218.52 1872665
219.99 1868182
220.93 1867520
220.96 1860670
221.06 1858459
221.08 1846540
223.63 1844457
223.65 1839675
223.66 1834019
223.82 1832468
224.42 1826365
225.85 1825818
226.48 1820288
226.51 1818306
226.74 1812363
226.79 1810720
227.17 1808084
228.29 1807923
229.13 1805840
229.13 1804092
229.16 1795402
229.32 1793851
229.77 1793122
229.99 1787748
232.05 1785838
232.09 1778661
232.11 1773152
233.68 1771669
234.05 1768519
234.83 1764723
234.85 1763313
234.85 1763069
234.87 1748771
236.28 1748405
236.35 1744752
237.70 1744163
237.71 1743587
237.71 1741299
237.72 1740462
237.76 1736271
237.90 1731943
238.69 1731314
239.22 1730151
239.50 1715909
240.59 1709869
240.60 1708639
240.73 1705946
240.98 1703231
241.11 1702407
241.21 1695673
241.92 1694982
242.81 1693347
243.45 1692758
243.45 1692182
243.46 1679323
245.71 1678300
245.92 1673994
246.47 1669142
246.49 1661547
247.17 1654370
249.17 1654322
249.17 1653781
249.18 1653742
249.18 1649855
249.20 1643414
249.27 1641119
249.44 1638935
250.27 1638189
250.70 1637567
251.84 1637256
251.86 1635021
251.87 1634157
251.90 1631702
251.92 1626611
251.97 1626305
252.61 1622132
253.87 1619358
254.41 1614534
254.75 1612128
254.75 1610833
254.81 1609089
254.85 1601283
255.61 1598807
256.39 1592837
257.67 1592184
257.69 1591230
257.70 1588008
257.82 1587973
257.85 1585298
258.05 1581000
258.23 1577051
258.27 1573406
260.21 1572601
260.72 1568882
260.98 1567712
261.17 1566292
261.36 1565429
261.59 1564786
261.88 1561161
261.91 1559146
264.10 1558864
264.17 1557004
264.22 1555232
264.35 1552498
264.39 1542684
266.50 1541478
267.40 1540670
267.41 1540484
267.45 1531012
268.24 1529698
268.27 1529348
268.28 1528705
269.24 1527523
269.59 1525751
270.17 1524484
270.22 1518996
270.30 1518579
270.58 1516355
272.02 1509289
272.97 1508593
272.98 1508320
272.98 1506210
273.06 1504965
273.09 1498823
273.62 1496546
273.80 1495151
275.54 1494290
275.75 1494192
275.77 1493909
275.79 1493727
275.85 1491605
275.85 1485809
276.26 1482948
276.43 1482015
277.54 1479821
278.55 1472607
278.58 1472327
279.16 1470130
280.69 1467048
281.29 1466855
281.29 1466057
281.33 1465724
281.36 1465378
281.39 1461693
281.47 1461078
281.75 1460153
282.03 1459468
282.14 1459180
282.26 1458906
282.58 1458027
283.57 1454026
284.61 1452247
284.85 1450846
284.92 1446482
285.07 1445634
285.35 1440467
287.93 1439661
287.94 1437158
288.00 1436848
288.01 1435333
288.03 1429866
288.53 1429854
289.01 1426329
291.19 1421838
291.22 1414199
291.94 1413887
292.19 1410894
294.31 1410358
294.35 1410088
294.37 1407974
294.37 1403828
295.05 1402646
295.56 1400665
296.43 1400428
297.29 1394807
297.35 1391304
297.50 1388984
298.11 1386676
298.23 1383209
299.09 1382982
300.34 1382446
300.36 1380958
300.37 1377355
300.42 1375916
300.86 1372281
301.18 1371647
303.39 1368144
303.44 1366750
303.62 1365536
304.28 1364428
305.77 1360268
306.60 1355082
306.83 1352453
307.40 1349802
308.99 1348525
309.61 1345022
309.63 1340730
309.64 1337824
312.86 1337749
312.87 1336092
312.97 1335247
313.01 1333922
313.06 1333023
313.17 1329429
313.78 1327358
314.42 1327209
316.16 1327084
316.17 1325179
316.30 1324680
316.40 1320928
316.49 1318367
317.70 1315939
318.87 1310656
319.33 1309850
320.75 1309658
321.57 1309533
321.59 1307628
321.72 1307129
321.89 1300816
323.51 1300637
324.25 1295354
324.27 1289618
327.35 1286563
327.50 1282082
328.83 1281407
329.44 1280956
330.56 1279193
330.72 1276590
330.98 1274964
331.19 1274722
331.66 1273851
332.64 1273420
333.65 1270365
334.17 1269388
334.45 1267600
334.53 1266118
335.29 1265209
336.92 1263446
337.35 1259866
337.40 1259217
339.86 1255088
340.30 1254747
340.33 1251648
341.01 1249863
342.96 1249371
343.20 1249035
343.31 1246494
343.70 1245213
343.72 1243956
344.23 1239627
345.89 1239002
345.96 1237419
346.09 1234344
346.20 1234134
347.99 1232563
348.60 1229611
348.73 1229228
348.93 1226770
349.17 1225211
349.42 1224961
349.43 1223704
350.79 1223684
351.61 1223333
351.71 1219701
352.58 1219654
352.67 1219460
352.80 1218968
352.90 1218663
353.19 1218352
353.60 1216620
354.31 1215299
354.37 1215220
354.42 1212396
354.55 1212028
355.40 1211244
357.06 1209501
357.15 1209314
357.26 1207875
358.29 1206223
358.51 1206219
359.94 1204898
360.01 1204819
360.07 1201995
360.21 1201627
360.58 1199285
362.85 1198938
362.91 1195423
362.92 1194938
363.73 1193715
364.00 1193337
365.16 1191490
365.67 1188567
365.96 1188322
366.14 1184787
367.41 1184529
368.76 1184182
368.89 1182347
369.14 1181420
369.70 1181146
369.88 1177175
371.66 1176877
371.85 1174877
371.93 1173977
372.02 1172865
372.46 1171741
374.20 1170517
374.80 1168818
374.82 1168532
374.89 1167841
375.00 1167767
375.09 1165174
375.99 1163298
376.88 1160288
377.74 1159990
377.76 1159977
377.81 1159656
377.84 1157805
378.05 1155978
378.96 1153789
379.87 1152828
380.73 1150843
380.94 1149445
380.96 1149233
381.02 1147485
381.25 1142091
383.49 1141001
383.60 1140697
383.62 1140352
383.82 1135857
384.42 1134754
386.44 1130536
387.35 1128051
387.69 1121889
389.47 1120915
389.66 1116925
390.27 1112819
392.54 1109411
392.72 1105661
395.53 1105005
395.54 1104996
395.60 1102136
395.80 1100617
397.98 1097805
398.42 1094397
398.75 1090700
401.16 1090044
401.18 1090035
401.40 1088188
401.41 1085656
402.47 1084757
403.97 1082543
404.05 1079945
404.72 1079562
407.04 1078040
407.24 1075876
407.30 1070545
410.37 1069823
410.42 1068641
410.85 1067550
410.90 1067392
411.12 1065913
411.56 1064040
412.26 1062899
414.07 1062414
414.12 1061655
414.22 1061426
414.42 1061415
414.79 1060937
415.22 1058122
416.78 1056991
416.97 1053722
418.28 1051152
419.76 1048570
419.89 1046560
420.55 1045725
423.09 1040155
426.04 1038416
426.20 1037918
426.24 1037578
426.27 1037573
426.48 1037452
426.49 1035073
428.85 1034160
428.87 1033295
428.92 1032502
428.99 1031611
429.47 1031483
431.09 1030845
431.57 1029899
431.60 1029840
431.61 1029296
431.90 1028208
432.31 1026665
433.06 1026253
433.17 1025713
434.90 1024800
434.94 1024259
434.97 1023142
435.01 1021912
437.41 1021877
438.01 1021517
438.03 1020146
438.44 1019694
438.99 1019287
439.74 1018206
440.15 1017697
440.92 1016656
440.95 1016642
441.22 1015830
441.26 1014026
443.44 1013295
443.85 1012558
443.85 1012187
443.91 1009339
443.96 1002519
446.75 1001464
446.80 1000060
447.39 999604
447.40 997176
449.56 996439
449.62 993220
450.72 993106
452.40 992137
452.41 992051
452.66 991239
452.78 988700
453.71 986843
454.63 985919
455.44 981963
455.84 981917
456.50 981444
458.01 981430
458.09 981396
458.12 980922
458.14 979735
458.21 979289
458.38 978941
458.81 976477
459.16 975181
460.75 974864
460.80 974131
460.88 973905
460.89 972967
461.09 972414
461.87 968947
463.23 968933
463.33 968899
463.35 968425
463.37 967238
463.45 966666
463.67 965215
464.19 963980
466.24 963507
466.36 963377
466.42 962903
466.51 962704
466.52 961766
466.77 961213
467.29 961036
468.90 958140
469.28 958128
469.30 956691
469.41 955859
469.61 954408
472.08 953935
472.30 952043
472.54 951641
473.43 949822
474.92 949729
475.03 949590
475.05 949259
475.23 948119
475.46 945978
477.03 945257
477.68 944504
477.69 942374
480.40 939000
481.65 938530
483.20 938254
483.38 935581
485.80 932207
485.86 929024
488.46 928748
488.55 926095
491.10 922721
492.80 922520
493.71 922244
493.89 921585
494.01 921197
494.27 920953
494.67 920704
494.71 920252
495.43 920215
495.54 920113
496.38 918970
497.04 918248
499.03 917791
499.19 917515
499.63 916599
499.80 916224
500.08 916177
500.51 916153
501.10 915486
502.31 914892
502.45 914843
502.57 912754
503.94 911969
505.07 911800
505.47 908229
508.26 908213
508.43 907108
508.82 904630
511.12 903591
511.46 903261
511.61 903185
511.62 902765
511.90 902018
514.12 901618
514.13 901282
514.18 901250
514.43 900874
514.95 898428
517.01 897389
517.14 896980
517.49 896563
518.56 896497
519.70 896340
520.21 894614
520.34 894187
520.57 893855
521.60 893573
521.91 889239
522.77 888837
522.79 886563
526.30 884410
526.52 884078
527.56 883796
529.03 883394
529.15 881800
529.60 881311
529.94 880903
530.37 879204
532.12 875066
533.66 874748
535.31 874058
535.41 873733
535.63 872263
536.02 870524
538.43 869040
538.80 868039
540.89 866904
541.11 866214
541.20 865889
541.45 864419
542.71 864114
544.33 862630
544.48 862629
544.71 861629
547.23 860939
547.34 860614
547.80 859920
548.84 859764
549.96 859720
550.44 858236
550.56 858235
550.86 857753
553.06 856738
553.48 856044
554.58 854126
555.85 854103
556.04 854056
556.11 853635
556.12 853299
556.24 852641
557.32 851847
558.77 851672
558.79 851487
558.80 850912
559.67 850167
559.73 849851
561.47 849221
561.58 849066
561.70 848882
561.74 847348
563.03 846334
564.64 844571
565.21 844349
567.00 843196
567.33 842566
567.34 840959
568.58 840455
570.29 838692
570.87 838470
571.18 836717
572.97 836087
572.98 834480
575.96 833648
576.44 833336
576.54 832495
578.59 831865
578.77 831807
578.77 831789
578.86 831710
579.01 831556
579.30 830830
580.15 830771
581.43 830466
581.49 827598
584.24 826968
584.47 826910
584.58 826813
584.74 826659
585.03 825933
585.13 825064
587.19 824232
587.95 824129
588.24 823718
588.99 822245
590.04 821615
590.46 821306
591.01 821244
591.29 821240
591.89 820605
592.05 820588
592.51 820237
592.98 818851
593.05 817871
596.11 817602
596.25 816214
597.51 815435
598.88 814049
600.96 812906