0.00 7201242
0.01 7140439
0.06 7120978
0.11 7114433
0.22 7100718
0.70 7069413
1.31 7068081
1.44 7064862
2.11 7062511
2.57 7054622
2.58 7047569
2.58 7036787
2.60 6988061
2.63 6972824
3.15 6925408
3.21 6922284
4.14 6920200
4.50 6919183
5.14 6912844
5.14 6907758
5.14 6899177
5.18 6876840
5.32 6870560
5.34 6869108
5.40 6857901
5.60 6819990
5.67 6804353
5.67 6793439
7.71 6752817
7.73 6741148
7.78 6698474
8.01 6656927
8.15 6650767
9.40 6639936
10.25 6637490
10.26 6620064
10.28 6605469
10.30 6568943
10.33 6557183
10.52 6556535
10.74 6545549
11.06 6545523
11.21 6539179
11.21 6534443
11.48 6486391
12.88 6479499
12.89 6472480
12.89 6466211
12.94 6451521
12.99 6443745
13.00 6399872
13.02 6395981
13.23 6386780
13.29 6384076
14.25 6381505
15.01 6380857
15.13 6367455
15.21 6342339
15.45 6342282
15.45 6336935
15.46 6324889
15.46 6320249
15.46 6313807
15.47 6280854
15.68 6279475
16.30 6271661
16.32 6251928
16.55 6244422
16.96 6216530
18.03 6214523
18.04 6208131
18.04 6205653
18.04 6187238
18.14 6180823
18.14 6163419
18.16 6159607
18.20 6121565
18.63 6100879
20.23 6093833
20.60 6082562
20.61 6079581
20.62 6054838
20.65 6049500
20.72 6049400
20.81 6041030
20.93 6013527
21.03 5997440
22.06 5988299
23.15 5986420
23.16 5960201
23.20 5907417
23.24 5899753
23.66 5897889
23.78 5876038
25.73 5866532
25.76 5859431
25.76 5852469
25.79 5837280
25.81 5792077
26.03 5780998
26.74 5755974
28.28 5751639
28.29 5743942
28.29 5730957
28.30 5724284
28.30 5718211
28.34 5687362
28.62 5665439
28.68 5664430
28.73 5655878
30.84 5650574
30.85 5647726
30.85 5647616
30.86 5644807
30.88 5623609
30.91 5594643
31.00 5572552
31.02 5559831
32.15 5559507
33.41 5557500
33.41 5523618
33.45 5451628
35.93 5450961
35.93 5450661
35.93 5446140
35.94 5445846
35.94 5443307
35.94 5442415
35.95 5406778
35.96 5357675
36.81 5346372
37.99 5305838
38.48 5305013
38.48 5298714
38.49 5291488
38.50 5278624
38.52 5278428
38.54 5265816
38.55 5237226
39.01 5212702
41.01 5212184
41.02 5210064
41.02 5190750
41.06 5174350
41.15 5141379
41.32 5074249
43.55 5044905
43.62 5034993
43.69 5013450
43.71 5011181
44.39 4983839
46.09 4979710
46.10 4977274
46.10 4970766
46.12 4947388
46.21 4945160
46.23 4939413
46.33 4916006
47.00 4905145
47.26 4890751
48.16 4882558
48.62 4839049
48.67 4822337
48.71 4783763
51.21 4781747
51.21 4781081
51.21 4738571
51.24 4737411
51.27 4717971
51.40 4710748
52.27 4709660
52.82 4707128
53.76 4696267
53.77 4691332
53.80 4669715
53.83 4631200
55.57 4623739
56.34 4623301
56.34 4561590
56.47 4552339
58.90 4544680
58.91 4544057
58.91 4541969
58.93 4525894
58.96 4514626
59.18 4514335
59.24 4492182
60.77 4478519
61.48 4457590
61.49 4451227
61.51 4431713
61.62 4388208
64.09 4387974
64.10 4373033
64.10 4353453
64.20 4348944
64.26 4346058
64.40 4329784
64.72 4296372
66.68 4281873
66.68 4260096
66.86 4259135
66.93 4251049
67.01 4250617
67.06 4250423
67.13 4242310
67.84 4219620
69.29 4210925
69.30 4194538
69.34 4189878
69.35 4186333
69.38 4177609
69.62 4176988
69.73 4153828
71.25 4151895
71.49 4139908
72.02 4137784
72.03 4125518
72.05 4098067
72.14 4071533
72.97 4062783
74.82 4060395
74.82 4056760
74.82 4041954
74.82 4032829
74.90 4032500
74.92 4023531
75.19 4023220
75.23 4015139
76.05 4001766
76.45 3988852
77.65 3974764
77.68 3965059
77.69 3931966
79.25 3929742
80.37 3928330
80.98 3928244
80.98 3923412
80.99 3907492
80.99 3903977
81.00 3893106
81.09 3886328
82.16 3881066
82.21 3873890
82.29 3864509
83.79 3854461
83.79 3851382
83.79 3846707
83.82 3831617
83.93 3828786
84.02 3827575
84.04 3825034
84.09 3823090
84.34 3801214
86.41 3799262
86.41 3785382
86.46 3781032
86.47 3767633
86.62 3764799
86.72 3757719
86.74 3738542
88.92 3728140
88.93 3725466
88.96 3718328
89.02 3712586
89.03 3704953
89.11 3702783
89.26 3692674
89.47 3690880
89.52 3671977
91.52 3667610
91.54 3652700
91.58 3640563
91.62 3638119
91.69 3594658
94.11 3585894
94.12 3559104
94.12 3549775
94.17 3547614
95.11 3547326
96.10 3543804
96.67 3525021
96.70 3521486
96.74 3512144
96.74 3507899
96.77 3507882
96.78 3503431
97.83 3497892
97.92 3497228
97.99 3494376
98.13 3485901
99.22 3473974
99.24 3471374
99.25 3467719
99.27 3465547
99.28 3448713
99.38 3448376
99.48 3443828
100.06 3429025
101.75 3428647
101.76 3421697
101.76 3420188
101.77 3417590
101.79 3410417
101.82 3401970
101.83 3397712
101.90 3396257
101.98 3395394
102.03 3390949
102.66 3371184
104.24 3367617
104.28 3338904
104.31 3329745
104.41 3322261
104.43 3312572
104.75 3304645
106.82 3286252
106.83 3284906
106.88 3274410
106.91 3267341
107.63 3264403
107.67 3262278
108.34 3260671
109.33 3260326
109.35 3258935
109.35 3254458
109.36 3254258
109.36 3240892
109.38 3215529
109.48 3214217
111.91 3206991
111.91 3204212
111.92 3202189
112.00 3199182
112.02 3189325
112.13 3185917
112.40 3175253
112.81 3173920
113.68 3172225
113.84 3169080
114.50 3168290
114.50 3167523
114.51 3139279
114.68 3138019
114.79 3128808
115.04 3123130
117.05 3122386
117.07 3118500
117.08 3118303
117.08 3095880
117.17 3087241
117.85 3086639
119.62 3067514
119.65 3052353
120.59 3050120
120.83 3042138
121.42 3040124
122.18 3039832
122.18 3038832
122.18 3038768
122.20 3032326
122.20 3029615
122.21 3024887
122.25 3020954
122.35 3009742
122.42 3006328
122.44 2997896
124.74 2996604
124.74 2994817
124.74 2976400
124.76 2968163
124.99 2967661
125.31 2966947
125.46 2964184
125.83 2962262
126.11 2958495
127.26 2953753
127.27 2950465
127.29 2949677
127.30 2948506
127.35 2946045
127.36 2925794
127.57 2923874
127.78 2920670
128.44 2918956
129.29 2917570
129.81 2915707
129.81 2910632
129.85 2895774
129.87 2873953
132.14 2860684
132.33 2850930
132.36 2834220
132.38 2829910
132.66 2826616
134.07 2824139
134.86 2811781
134.93 2804886
134.97 2800655
135.12 2799667
135.13 2799509
135.27 2790903
135.29 2787038
135.56 2765637
137.38 2761513
137.39 2760060
137.41 2759243
137.42 2736156
137.57 2727929
139.85 2723796
139.96 2716148
140.00 2707210
140.09 2706012
140.09 2697028
140.46 2684677
142.50 2654796
142.67 2646842
145.03 2646771
145.03 2634818
145.05 2623873
145.21 2621593
145.24 2618713
145.38 2618021
145.70 2615996
145.80 2612978
146.20 2609497
147.56 2600299
147.57 2587217
147.57 2576176
148.00 2575697
148.17 2572790
149.99 2566353
150.11 2561247
150.12 2542025
150.28 2540957
150.31 2540331
150.48 2530671
150.52 2529457
152.63 2528223
152.64 2522369
152.65 2511590
152.75 2511584
152.77 2509103
152.80 2507274
152.84 2501137
153.05 2500817
153.18 2495478
154.46 2494088
155.18 2493214
155.19 2475628
155.21 2464607
155.40 2464013
155.61 2461947
155.65 2458355
156.14 2457481
157.69 2456666
157.71 2447492
157.71 2445607
157.75 2444288
157.78 2434545
158.10 2424245
158.58 2421748
159.45 2419374
160.20 2416227
160.21 2411761
160.26 2410911
160.31 2408540
160.33 2398048
160.64 2397636
162.19 2394616
162.74 2392747
162.76 2389913
162.79 2381334
162.91 2376530
162.93 2368389
162.94 2364608
163.04 2362425
163.06 2355083
164.24 2352624
165.29 2351698
165.31 2347893
165.31 2345148
165.33 2332198
165.48 2321199
167.81 2319666
167.83 2315891
167.96 2290198
170.16 2287963
170.36 2283982
170.38 2282593
170.42 2257581
170.81 2255899
172.92 2247538
172.96 2235753
173.04 2235333
173.07 2227788
173.54 2214327
175.49 2191391
177.28 2181435
178.00 2176574
178.05 2171251
178.11 2159639
178.33 2154730
178.37 2153820
178.83 2152037
180.52 2150592
180.52 2142001
180.58 2139273
180.58 2138032
180.77 2133432
180.82 2132724
180.98 2131614
181.54 2126015
181.55 2125511
183.04 2121595
183.06 2119788
183.09 2117599
183.09 2116251
183.12 2109126
183.52 2095011
184.92 2089778
185.56 2089687
185.57 2086666
185.59 2068534
186.11 2059396
187.26 2058016
188.12 2056820
188.14 2053780
188.15 2049297
188.18 2047857
188.21 2034057
189.21 2025825
190.64 2015863
190.77 1992714
193.20 1991424
193.20 1988147
193.24 1987720
193.26 1987221
193.32 1985184
193.36 1978975
193.41 1977299
193.44 1937669
195.71 1924456
195.75 1923905
196.26 1919061
196.43 1904292
197.70 1903730
198.26 1901034
198.36 1899375
198.38 1886013
199.04 1883445
200.24 1883058
200.79 1872618
201.21 1872170
201.22 1864124
201.49 1863382
202.40 1859662
203.31 1841945
204.26 1831656
205.85 1820534
206.25 1817467
206.34 1816490
207.60 1815351
207.68 1811510
208.37 1805115
208.41 1800874
208.53 1800449
208.79 1789333
210.60 1784405
210.91 1782323
210.96 1777566
211.06 1777331
211.09 1771756
211.09 1757711
213.37 1754023
213.43 1744870
213.54 1742231
214.00 1740973
214.71 1740796
215.25 1740507
215.97 1735815
216.20 1731966
216.25 1730028
216.26 1728418
216.80 1722713
217.86 1720831
218.49 1718805
218.51 1715175
218.55 1714658
218.56 1711727
218.72 1711094
219.24 1707128
220.60 1707110
220.89 1705915
221.02 1701985
221.10 1701600
221.14 1700593
221.20 1699522
221.21 1696082
221.43 1692865
221.88 1690782
222.09 1680349
223.53 1679952
223.54 1673924
223.66 1668313
224.14 1660092
224.15 1656788
226.06 1651949
226.11 1651413
226.11 1650519
226.16 1645742
226.21 1644752
226.41 1637863
228.58 1634919
228.60 1628267
228.80 1622624
231.14 1618632
231.14 1614761
231.17 1614683
231.19 1612725
231.38 1612361
232.26 1609491
232.76 1608183
233.67 1598966
233.84 1595337
234.85 1594894
234.86 1590312
235.32 1589437
236.22 1587971
236.23 1586013
236.27 1585268
236.27 1580592
236.44 1578308
236.72 1574157
238.10 1570829
238.74 1569541
238.75 1564451
238.75 1561984
238.96 1558072
240.76 1552523
241.29 1542922
242.35 1540517
242.49 1538533
243.04 1535073
243.38 1531299
243.81 1525732
243.83 1524337
243.89 1520082
244.48 1518584
245.70 1508187
246.35 1507916
246.35 1502436
246.44 1501925
246.49 1501237
246.66 1490254
247.29 1489450
248.88 1486896
248.89 1482997
248.90 1481132
248.93 1480966
249.47 1473065
251.37 1470641
251.44 1469199
251.45 1468537
251.57 1468262
251.59 1467962
251.72 1465202
251.78 1463283
252.24 1462379
252.74 1456796
253.88 1453534
253.95 1449851
254.21 1446317
255.06 1446215
255.30 1446108
255.37 1443708
256.40 1441276
256.42 1440311
256.47 1438900
257.13 1435869
257.27 1435798
257.37 1435373
257.65 1433836
258.94 1429935
258.95 1429483
259.09 1429401
259.26 1428717
259.30 1424444
260.66 1415353
261.47 1405436
261.65 1404149
262.60 1397482
264.00 1391452
264.16 1391194
264.28 1384241
265.18 1382689
266.55 1382645
266.55 1377678
266.81 1376837
266.89 1373205
267.14 1371989
267.47 1370211
269.09 1370169
269.13 1367387
269.13 1366823
269.15 1366364
269.28 1366145
269.32 1359534
270.15 1355303
271.62 1354428
271.64 1354424
271.65 1350755
271.72 1348418
271.77 1347464
272.10 1340700
274.11 1339136
274.12 1338222
274.13 1336853
274.14 1335329
274.16 1332512
275.11 1332167
275.14 1330000
276.65 1329350
276.75 1324222
276.80 1322161
276.85 1319092
276.91 1318947
278.08 1318871
279.17 1318410
279.18 1316188
279.21 1311203
279.54 1310593
280.96 1309125
281.32 1307818
281.46 1306263
281.67 1305036
281.68 1302733
281.73 1302188
281.73 1300125
281.75 1299752
281.75 1293289
283.59 1285046
284.23 1273955
286.80 1272886
286.82 1272188
286.85 1270412
286.86 1269483
286.93 1269425
286.94 1267823
287.14 1266795
287.17 1258219
289.32 1252488
289.45 1249179
290.35 1248736
291.83 1246179
291.87 1244920
291.92 1244480
292.43 1242985
292.96 1241434
293.42 1239140
293.67 1237059
294.38 1234920
294.40 1234840
294.40 1234111
294.43 1232586
294.53 1232391
294.67 1230986
295.80 1226796
296.93 1226457
296.95 1225096
297.01 1221641
297.16 1221615
297.44 1220768
298.64 1219658
299.15 1218461
299.42 1216374
299.56 1212576
299.58 1210436
300.23 1206685
301.95 1203546
302.03 1202447
302.32 1201890
302.38 1198721
304.51 1197652
304.57 1197081
304.67 1196978
304.74 1196333
304.74 1195992
305.10 1194935
305.12 1194219
305.38 1194193
305.68 1193636
306.06 1193545
306.61 1185972
307.02 1180667
307.15 1179697
307.59 1178097
308.58 1177500
309.54 1175127
309.71 1169918
309.80 1169625
311.00 1167407
312.12 1165002
312.18 1161549
312.27 1159777
312.52 1158753
314.12 1153423
314.62 1144381
317.22 1143208
317.30 1139470
317.82 1136713
319.79 1135661
319.79 1135189
319.81 1134251
319.82 1132934
319.84 1131613
319.99 1131322
322.33 1130713
322.37 1130567
322.38 1129863
322.45 1129644
322.57 1127407
323.13 1124459
324.90 1122825
324.94 1121192
324.97 1120404
325.50 1119230
326.15 1117321
327.38 1116963
327.40 1116258
327.43 1113536
327.78 1112323
328.06 1111734
329.26 1103173
329.89 1099223
329.89 1098190
330.49 1097459
331.01 1097412
332.39 1094697
332.58 1091958
334.09 1087404
334.91 1085454
334.93 1084786
335.23 1082619
335.60 1081696
335.61 1081393
337.46 1078437
337.58 1078126
337.61 1075657
339.98 1072595
339.99 1070872
340.11 1070847
341.63 1065911
342.56 1063585
342.71 1063432
342.96 1060519
343.93 1060316
345.12 1060027
345.12 1059443
345.15 1058821
345.18 1058653
345.19 1057296
346.54 1055810
346.80 1055506
347.57 1053393
347.74 1051544
347.99 1050721
348.43 1050323
350.13 1047204
350.36 1046361
351.18 1046027
351.45 1045687
351.60 1045320
352.66 1044847
352.73 1043672
352.79 1042964
352.81 1042125
353.05 1040996
353.29 1039951
355.20 1038517
355.23 1038282
355.80 1038017
355.88 1037373
356.00 1036756
356.16 1035220
357.55 1031138
357.71 1030932
357.75 1027155
357.90 1025740
360.29 1024399
360.30 1022465
360.45 1022366
361.51 1021272
362.84 1019924
363.15 1016761
364.57 1016562
365.50 1015088
365.52 1008366
367.93 1006261
368.31 1005435
368.72 1005091
369.28 1004807
369.85 1004581
370.24 1003190
370.53 1003065
370.56 1000351
370.60 1000090
372.20 997995
372.70 996696
373.00 996338
373.04 993086
373.84 992917
375.10 991274
375.57 990665
375.62 990578
375.63 987495
375.83 986294
378.18 985017
378.38 982378
379.54 981658
380.26 980902
380.76 980792
380.79 977235
383.31 975243
383.35 975230
383.47 972670
384.15 972599
385.55 966943
385.80 962975
386.21 961748
387.54 960109
388.30 958029
388.35 955314
390.87 954398
390.90 953791
391.20 952806
391.20 952195
391.22 951789
392.98 951346
393.41 950696
393.44 949474
393.52 949461
393.52 948791
393.67 947695
395.10 947589
395.87 946066
395.91 945194
395.98 944882
396.14 944038
396.24 942804
398.41 942457
398.43 940382
398.65 939127
400.90 935971
401.58 935650
403.22 934860
403.41 934013
403.68 933352
403.70 932467
404.46 930427
405.94 930419
406.02 929993
406.14 929931
406.19 929886
406.23 928542
406.59 928435
406.66 928046
407.23 927053
407.50 926872
407.78 926776
408.51 926681
408.56 925345
408.73 923204
409.20 922609
409.80 922447
410.26 921754
411.07 921644
411.08 920923
411.14 920688
411.19 918971
413.37 917189
413.53 916655
413.58 916277
413.59 915877
413.63 913634
414.81 912893
416.20 912262
416.28 908777
419.10 908000
419.42 906892
419.64 906473
420.83 906382
420.83 906321
421.37 906070
421.81 906010
422.20 905508
422.37 904372
422.72 904150
423.92 903969
424.07 903227
424.81 901878
424.81 900835
425.06 900714
427.34 899808
427.57 899745
427.63 898914
427.92 897568
429.79 897143
429.92 896262
430.11 896082
430.19 894255
430.99 893932
431.57 893236
431.86 891042
432.29 891014
432.36 890898
432.47 889560
432.64 889494
432.90 888290
435.29 886678
435.52 884947
436.57 884696
438.20 883863
438.42 883451
438.55 883251
438.66 883182
438.81 882703
439.27 881989
439.83 881586
440.26 881383
441.05 879199
441.31 878040
441.67 877769
443.88 877207
443.94 877130
444.10 875680
445.23 875596
446.53 875022
446.58 874482
446.67 873854
446.97 873276
447.17 872071
447.53 871949
449.15 870834
449.34 870686
449.53 869923
449.56 869203
450.59 868991
451.96 868912
452.00 868666
452.17 868605
452.36 868557
452.38 867564
452.65 867038
452.85 866740
453.41 866597
454.67 866175
454.68 865161
454.74 864801
454.81 864172
455.98 863547
457.31 863005
457.39 862835
457.78 862671
457.99 861988
458.99 861810
459.20 860870
459.99 860470
460.35 860093
460.39 858947
460.84 857298
462.58 857203
462.73 855750
462.87 855464
464.17 855375
464.29 854188
465.16 853088
465.19 852129
467.29 851667
467.60 851125
467.62 850789
467.73 849211
469.31 848921
470.13 848253
470.51 847691
470.64 847462
471.04 845228
472.70 844994
472.82 843934
473.02 842272
475.11 842040
475.16 840438
477.52 838505
478.03 837064
479.78 836864
479.90 836732
480.05 835653
480.49 834851
482.17 833973
482.36 833440
482.68 833076
482.94 832771
483.02 832157
484.48 831894
484.53 830415
485.73 828098
486.98 827348
487.03 824755
489.32 824301
489.33 823296
489.95 822981
491.12 822777
491.49 822325
491.57 820636
492.42 820321
494.02 820319
494.03 819804
494.24 819449
494.25 818003
496.25 817671
496.45 816491
497.06 816309
497.19 815862
497.31 815081
498.76 814647
498.79 813387
498.92 813262
499.86 812940
500.96 811846
502.38 811198
503.57 810627
503.59 809762
504.23 809483
505.72 808624
506.03 807575
506.56 807288
506.89 806998
508.20 806480
508.49 805665
508.91 805649
509.14 804358
510.40 804277
510.43 803887
510.60 802631
511.98 800888
512.78 799357
513.74 797076
515.31 795689
516.04 794614
517.63 794118
517.86 793811
517.96 792492
520.00 792425
520.12 791671
520.84 790958
522.35 790156
522.61 789517
524.36 789458
524.96 788805
524.99 788075
525.26 787246
527.37 786791
527.89 786310
527.95 785924
527.95 785505
528.05 785350
529.53 785033
530.89 785032
530.89 783774
530.96 783100
532.84 782762
532.91 781644
535.25 781575
535.60 781559
535.67 779660
538.03 778602
539.21 778453
539.65 778285
539.88 777512
540.92 776463
541.78 776125
542.41 775583
543.91 775428
544.21 775125
544.63 774944
544.73 773889
546.00 773808
546.40 773483
546.75 773249
546.89 772736
546.95 772724
547.32 772706
547.69 771731
550.27 771092
550.42 770193
551.89 768834
551.98 768765
552.03 768654
552.07 767720
552.23 763840
554.62 762554
555.80 762113
557.76 761635
558.24 761350
559.16 760776
560.62 760354
560.69 758816
563.24 757989
563.70 757948
564.53 757850
564.58 757427
565.14 756652
566.77 756251
566.86 755957
567.86 755317
567.94 755299
570.17 754255
572.85 753260
573.73 753077
575.52 752863
575.82 752275
576.13 751302
578.13 749795
580.36 749509
581.28 748478
583.60 748185
583.98 747420
584.81 747326
587.05 746988
587.73 746630
587.74 746452
590.19 745712
593.02 745700
593.40 745274
593.79 744507