0.00 6826357
0.01 6801585
0.02 6746238
0.02 6746210
1.48 6729320
2.78 6699415
2.80 6684355
2.87 6680416
2.90 6674372
3.00 6640684
3.11 6627670
4.20 6625208
5.35 6624219
5.58 6582071
6.02 6577703
6.03 6564994
6.03 6555469
6.06 6546257
6.08 6477091
6.30 6447150
8.97 6442648
8.98 6438255
8.98 6432535
8.98 6420125
9.03 6335248
9.39 6314093
12.08 6313689
12.09 6313394
12.09 6291393
12.14 6218613
12.69 6212800
14.20 6211322
16.14 6180524
16.29 6180328
16.29 6158481
16.30 6157886
16.31 6148446
16.36 6134412
16.38 6121266
16.42 6103397
16.46 6091486
16.61 6075544
17.36 6052222
19.83 6050179
19.84 6049508
19.85 6004523
19.86 5999953
19.92 5950717
21.35 5944091
22.84 5942670
22.85 5941623
22.85 5936813
22.85 5934518
22.86 5912410
22.91 5859673
23.69 5858089
23.75 5841062
24.91 5793404
25.80 5767370
25.89 5752280
25.91 5734947
26.08 5699981
28.07 5664936
28.78 5659295
28.79 5653345
28.79 5644193
28.80 5582237
29.14 5578113
29.97 5568487
31.57 5565006
31.58 5563487
31.59 5529867
31.59 5493871
32.16 5472408
32.36 5458973
34.09 5453194
34.10 5438889
34.10 5437166
34.14 5429114
34.14 5394091
34.30 5383633
34.73 5380240
34.75 5375389
34.89 5373260
35.48 5369030
36.42 5356281
36.78 5286650
36.80 5280188
37.20 5252857
39.55 5250900
39.56 5238764
39.57 5237153
39.57 5232657
39.58 5200816
39.60 5185634
39.60 5183840
39.63 5162523
42.75 5158972
42.76 5124881
42.76 5085306
43.38 5079872
46.55 5045671
46.57 5032452
46.69 5004557
46.99 5004433
47.67 4999260
49.46 4983793
50.08 4930225
50.13 4901094
52.23 4882288
52.76 4882088
52.76 4873704
52.77 4863369
52.80 4842587
52.80 4803427
53.46 4798464
55.37 4787309
55.38 4752602
55.47 4740666
55.53 4708562
57.98 4701431
57.98 4656441
58.03 4654864
58.37 4649225
58.39 4643536
58.46 4628397
58.74 4622059
60.62 4622039
60.62 4619081
60.62 4617292
60.62 4602426
60.62 4599426
60.64 4589435
60.66 4577535
60.68 4564335
60.89 4555593
61.04 4554822
61.73 4551597
62.58 4551300
63.02 4543858
63.19 4534340
63.19 4513380
63.22 4493018
63.34 4483400
64.21 4479400
64.47 4473099
65.36 4466731
65.78 4462287
65.79 4455841
65.80 4437530
65.88 4424727
65.91 4424433
65.99 4414739
66.06 4404158
66.76 4393356
68.32 4373495
68.34 4370298
68.41 4355714
68.57 4345028
68.72 4336916
69.28 4295487
70.92 4281049
70.96 4253592
71.08 4251884
71.22 4237643
72.15 4225025
73.46 4211080
73.47 4187503
73.57 4187383
73.60 4169109
74.29 4166540
74.40 4165006
74.95 4157835
75.95 4152954
76.06 4151962
76.06 4104903
76.14 4091715
77.29 4091528
77.38 4087582
77.70 4087112
78.61 4075899
78.66 4067222
78.69 4061140
78.80 4042612
79.66 4038239
79.72 4037539
79.96 4035120
80.04 4007507
81.16 3998828
81.16 3995378
81.19 3968135
81.23 3951677
82.19 3942232
83.74 3902631
83.88 3893349
84.13 3886637
85.26 3883934
86.30 3875347
86.31 3855618
86.41 3853955
86.41 3840397
86.44 3840391
86.44 3839353
86.46 3838072
86.88 3838063
86.91 3834806
87.28 3834634
87.86 3834532
88.22 3831560
88.43 3823582
88.85 3818032
88.85 3806289
88.89 3802717
88.90 3796087
88.91 3775813
88.97 3775089
89.13 3772834
90.60 3769708
91.39 3758466
91.39 3752281
91.41 3739146
91.55 3728966
92.23 3727649
92.36 3725118
92.72 3722009
93.13 3715640
93.93 3712713
93.94 3700623
93.99 3673881
94.41 3659584
94.69 3653067
96.51 3652017
96.51 3635118
96.55 3631060
96.56 3618617
96.66 3612239
97.39 3610116
97.63 3608436
97.77 3594582
99.08 3594359
99.08 3592744
99.09 3592540
99.09 3588683
99.09 3580739
99.10 3567852
99.10 3559029
99.20 3539855
101.61 3531786
101.63 3529128
101.63 3522552
101.66 3504425
102.00 3497356
102.01 3490348
104.17 3488626
104.17 3482641
104.17 3469289
104.26 3463099
104.36 3447452
104.54 3441037
104.73 3436654
106.71 3432025
106.74 3405829
107.02 3399771
107.55 3393689
109.08 3379190
109.27 3370269
109.28 3359542
109.36 3336225
110.55 3327069
111.81 3306691
111.81 3300600
111.94 3277387
113.84 3275961
114.37 3270567
114.38 3262203
114.39 3242025
114.40 3227144
116.07 3226661
116.30 3222141
116.90 3219100
116.91 3218723
116.91 3212560
116.91 3202455
116.94 3198228
116.98 3174891
118.08 3172111
118.44 3170786
118.65 3161238
119.45 3157796
119.46 3154323
119.48 3146443
119.49 3134552
119.53 3130676
119.81 3125808
120.48 3124272
120.51 3114669
121.99 3102801
122.01 3096247
122.02 3095947
122.02 3087625
122.22 3083888
122.26 3070314
123.05 3070185
123.38 3065284
124.55 3061539
124.57 3057282
124.57 3052972
124.57 3051938
124.66 3045570
124.66 3032377
124.71 3027203
124.89 3019210
124.96 3015602
127.13 3007068
127.14 3005690
127.14 2999384
127.23 2994613
127.27 2984978
127.30 2982908
127.53 2978099
129.55 2973469
129.64 2971362
129.72 2970994
129.72 2934097
130.45 2932519
130.96 2931457
131.65 2926684
132.28 2924431
132.28 2903946
132.30 2903711
132.35 2903577
132.40 2895686
132.48 2886661
132.70 2885596
134.87 2878814
134.87 2867360
134.91 2864440
134.99 2858305
135.03 2853629
135.15 2842892
136.14 2841072
137.38 2837827
137.42 2825866
137.45 2819396
137.48 2811586
137.58 2804920
137.58 2798663
139.60 2796947
139.99 2796373
139.99 2796269
140.00 2795093
140.00 2786425
140.02 2780749
140.04 2772646
140.30 2771639
140.40 2760334
141.34 2758832
142.53 2737574
142.60 2728521
143.08 2723770
143.20 2723122
143.38 2714137
143.73 2713719
145.08 2711560
145.08 2707019
145.09 2705560
145.09 2700891
145.12 2696713
145.27 2681921
145.28 2669195
147.62 2659666
147.65 2646699
147.66 2635278
147.73 2630891
147.94 2624500
150.17 2618912
150.17 2611801
150.20 2596209
150.48 2596174
150.54 2589438
150.96 2585883
152.70 2581827
152.71 2572819
152.75 2563736
152.82 2559677
152.84 2558895
152.85 2557161
152.89 2553787
153.46 2551938
153.80 2544624
155.27 2535965
155.30 2522976
155.44 2522477
155.48 2511717
156.20 2505460
157.83 2504087
157.83 2494897
157.91 2463048
160.39 2443362
160.69 2431537
161.51 2431341
161.75 2422884
162.93 2422095
162.94 2421076
162.94 2417158
162.95 2416722
162.95 2412067
162.95 2394659
163.01 2392671
164.50 2385381
165.51 2385074
165.52 2383679
165.53 2377222
165.54 2376872
165.55 2358988
165.73 2346524
168.07 2315342
170.65 2310143
170.66 2303695
170.81 2296289
171.03 2290144
172.34 2284333
173.20 2280347
173.22 2273868
173.28 2269066
173.31 2266586
173.83 2262999
173.89 2255722
174.32 2254301
175.74 2247926
175.78 2229264
176.03 2226641
178.27 2224021
178.29 2218722
178.30 2212835
178.35 2211667
178.53 2207729
178.85 2206817
179.63 2201162
180.82 2195425
180.86 2171186
183.34 2170328
183.34 2163863
183.34 2161258
183.39 2155174
183.43 2153312
183.49 2141442
184.00 2138844
185.89 2138067
185.89 2133099
185.90 2131317
185.90 2124377
185.91 2123577
185.96 2123342
186.09 2117154
187.01 2114947
187.27 2113646
188.87 2111036
188.87 2105668
188.94 2099537
189.10 2088630
189.16 2081758
191.83 2079665
191.85 2076096
191.86 2073578
191.87 2061562
194.39 2060853
194.54 2049361
194.73 2048294
195.06 2047213
195.65 2045777
197.01 2044841
197.29 2037746
198.05 2016546
199.18 2014190
200.86 2010381
200.93 2007753
200.94 2007124
200.96 2002578
201.01 2000854
201.25 1998178
201.92 1997147
202.87 1996161
202.94 1995343
203.49 1989168
203.54 1987034
203.77 1986872
203.78 1976285
203.89 1974733
204.54 1963376
206.07 1959639
206.11 1957881
206.12 1949660
206.21 1945571
206.46 1936403
208.65 1931860
208.67 1922219
209.25 1912481
209.88 1906846
211.40 1902374
211.43 1900057
211.54 1892624
211.67 1888471
212.40 1888145
214.00 1887798
214.85 1885240
214.96 1884082
214.98 1880903
215.00 1880801
215.00 1875389
215.26 1866865
216.66 1856323
218.34 1854572
218.36 1854210
218.36 1853589
218.38 1853247
218.44 1850438
218.46 1849639
218.57 1848328
218.60 1847341
218.77 1844715
219.14 1842309
219.41 1841378
219.44 1840906
219.83 1835798
220.87 1835713
221.10 1832663
222.11 1827576
222.16 1824085
222.18 1823912
222.33 1818789
223.40 1812359
225.53 1808273
225.53 1801311
226.42 1801145
226.48 1799731
227.07 1798356
227.24 1794263
228.83 1782313
229.48 1778669
229.66 1768571
232.48 1765303
232.52 1755650
232.99 1755007
233.33 1754387
233.43 1751557
233.44 1747961
235.62 1745243
235.63 1743268
235.65 1742288
235.72 1740895
235.80 1734317
236.20 1728902
237.09 1727436
238.72 1724248
238.75 1719683
239.11 1717698
239.13 1714085
240.12 1711507
240.63 1705985
241.84 1696165
242.14 1694949
242.16 1690037
243.34 1686497
245.11 1685946
245.13 1683600
245.14 1679708
245.23 1673350
246.48 1671938
248.37 1671162
248.39 1670452
248.40 1668528
248.43 1666704
248.51 1665327
248.62 1664877
248.81 1664578
248.83 1663784
248.97 1657686
249.35 1656009
251.28 1655026
251.72 1652418
251.95 1641638
252.59 1636149
254.53 1633622
254.58 1631318
254.66 1625601
254.68 1624631
254.76 1623914
254.81 1621990
254.89 1620809
256.37 1616951
258.17 1615203
258.18 1614410
258.19 1614038
258.20 1605742
258.40 1604323
258.43 1602565
259.79 1601875
261.10 1591874
261.18 1588214
262.49 1587489
264.09 1583154
264.11 1581257
264.28 1579438
264.28 1577361
264.46 1573435
265.83 1573237
267.01 1570013
267.01 1569895
267.03 1568866
267.06 1567993
267.06 1567830
267.19 1565958
267.24 1559576
270.05 1555331
270.08 1551830
270.57 1551161
271.04 1550550
271.48 1548302
271.95 1547530
274.05 1547202
274.05 1536393
274.43 1536012
276.40 1535062
276.58 1535023
277.37 1534603
277.38 1534549
277.41 1532376
277.43 1532311
277.46 1529232
277.61 1523987
277.87 1516648
280.00 1512534
280.05 1507530
280.32 1504664
281.91 1501308
282.57 1491570
282.62 1486430
283.54 1486305
285.22 1485360
285.26 1484108
285.30 1479755
285.32 1475897
285.37 1466471
288.73 1465677
288.76 1465031
288.78 1460866
288.90 1453627
289.00 1451815
291.67 1450890
291.71 1450186
291.74 1447790
291.74 1440369
291.80 1439640
292.51 1435168
294.85 1434903
295.21 1432500
295.24 1425134
295.61 1425014
296.74 1423888
296.93 1422435
298.29 1417663
298.31 1417535
298.32 1415128
298.48 1413480
298.69 1410260
300.50 1409863
301.48 1409175
301.51 1408259
301.52 1407780
301.55 1406670
301.55 1405514
301.62 1402852
302.26 1390804
304.62 1389793
304.62 1389709
304.64 1385213
304.65 1383737
304.75 1378368
305.68 1376118
307.59 1373953
307.64 1372792
307.68 1370772
307.71 1365760
309.43 1365558
310.63 1364595
310.64 1364306
310.67 1362319
310.88 1360372
310.90 1357143
311.86 1355793
313.37 1346501
313.50 1335553
315.93 1334385
315.98 1331686
316.14 1330356
317.05 1327980
317.68 1326533
317.75 1325681
317.81 1325019
317.87 1324271
318.64 1319203
318.69 1318892
319.04 1317635
319.08 1314509
319.39 1307624
321.74 1303890
321.78 1302471
321.78 1299676
322.38 1296651
323.79 1295433
324.56 1294439
325.72 1291620
325.77 1290618
325.89 1288973
326.26 1287271
326.58 1285933
326.81 1281595
328.74 1280744
328.79 1276730
328.80 1275601
329.01 1275003
329.32 1273869
330.11 1272690
330.76 1271103
331.81 1270751
331.82 1270329
331.86 1268984
331.87 1263496
332.88 1261332
334.59 1259735
334.63 1259728
334.66 1256582
334.72 1254205
334.85 1252096
336.41 1250058
337.09 1246213
337.17 1246131
337.37 1246014
337.55 1245583
337.74 1245561
337.85 1244795
337.93 1243826
338.53 1238961
339.11 1230318
339.65 1229635
339.70 1228263
339.73 1227416
339.81 1226735
339.86 1225619
339.96 1225534
340.05 1221172
342.76 1219254
342.78 1217494
343.25 1217167
343.44 1216811
344.30 1210075
345.56 1207166
345.70 1206766
345.71 1203332
346.02 1202683
346.42 1197450
348.85 1195409
348.99 1194179
349.11 1190675
349.40 1189566
352.55 1185580
352.62 1184299
353.62 1183729
353.86 1182097
355.36 1181982
355.36 1181341
355.44 1175732
356.09 1174705
357.07 1173115
358.08 1171916
358.10 1170083
358.25 1168936
358.53 1165797
359.42 1163183
361.31 1162041
361.35 1161450
361.55 1159906
361.65 1158921
362.06 1157785
362.51 1156800
363.47 1156115
363.95 1153421
364.24 1150036
365.07 1149749
365.08 1149248
365.09 1148469
365.12 1148105
365.21 1147418
365.22 1143400
365.81 1143179
365.93 1141515
367.17 1140296
368.44 1140119
368.47 1134811
368.49 1131775
371.41 1130984
371.50 1130807
371.53 1124381
372.06 1124000
375.04 1120263
375.13 1118932
375.58 1118573
375.86 1117427
376.21 1116521
378.37 1116135
378.40 1115661
378.55 1112189
378.64 1110621
379.91 1106995
379.96 1094718
381.36 1087444
382.94 1087418
384.21 1086112
384.25 1082992
385.43 1082891
386.23 1079728
386.39 1079364
386.99 1077583
387.00 1077240
387.04 1076278
387.33 1074794
388.20 1073702
388.63 1072489
388.65 1070259
389.68 1069212
389.74 1069086
389.75 1066803
389.80 1065079
391.05 1063251
392.00 1062368
392.46 1062047
392.51 1061229
392.63 1059827
392.79 1055545
392.79 1053287
392.99 1052277
395.16 1048770
395.84 1047199
397.39 1047014
397.91 1045094
398.01 1043015
398.70 1041936
399.61 1041774
400.08 1041249
400.58 1034170
400.71 1033317
400.82 1029210
402.62 1028675
403.49 1026980
403.90 1026787
403.92 1024618
404.81 1023013
406.24 1022341
406.43 1021315
406.50 1021005
406.50 1018924
407.02 1018538
407.51 1017108
407.71 1016227
408.53 1016036
408.99 1012703
409.09 1011863
410.08 1011571
410.18 1011064
410.66 1009823
411.41 1009250
411.71 1008590
411.82 1007824
411.91 1006193
412.06 1006188
412.34 1004397
413.22 1003817
414.53 1003618
414.56 1003562
414.57 1002360
414.65 1000751
414.95 1000712
415.43 1000573
416.11 1000351
416.52 1000331
417.23 995908
418.37 994719
418.93 993516
420.02 992446
420.41 989814
420.56 988511
422.73 987991
422.73 986222
422.90 984151
423.25 983539
425.54 981693
425.60 980802
426.66 980010
426.71 979141
427.65 977927
428.26 976456
428.30 974813
428.98 974469
429.06 974314
430.22 973074
430.29 971345
431.04 970896
431.25 969427
431.37 967643
432.18 967539
433.28 966430
433.67 965380
433.77 964588
433.99 963583
434.07 962972
435.26 962620
435.27 960639
436.36 956624
437.02 956213
437.05 955241
438.86 954719
438.98 954001
438.98 953759
439.12 952433
439.45 951964
439.61 951419
440.95 950445
441.45 947245
441.92 946019
441.97 945377
443.87 943386
444.25 942380
445.29 942121
445.43 940912
446.53 940479
446.71 939757
447.25 939717
447.43 938447
447.72 932399
449.36 932287
449.43 932047
449.53 931649
449.55 931332
449.70 931002
449.89 928524
451.58 928445
452.24 927154
452.59 925632
452.64 924434
453.22 923319
454.90 923106
455.12 922516
455.56 921523
456.04 915577
457.58 915331
457.60 912321
458.23 910686
460.53 910535
460.63 909664
460.64 906548
463.07 905277
463.46 903472
463.98 902491
465.81 902436
465.93 900410
466.09 899798
468.52 899487
468.63 899202
468.98 897854
469.63 896834
471.34 896643
471.43 895669
471.46 895589
471.58 895029
471.73 894072
472.62 892303
472.84 890742
473.98 889857
474.03 889044
474.15 889017
474.88 888660
475.60 886215
476.64 884271
477.27 883618
478.08 882959
479.08 879850
479.37 878656
479.55 878343
479.68 877787
479.79 877267
479.87 875376
482.07 874358
482.21 874353
482.21 873142
482.24 872689
484.28 871674
484.80 871376
485.07 870251
485.16 869440
485.46 867221
487.58 864926
488.26 863950
490.26 863813
490.34 861272
490.51 860742
490.62 859939
493.03 859751
493.04 859239
493.06 859170
493.21 857638
494.52 856025
495.94 855647
495.99 854775
497.22 851599
497.42 851170
498.54 850903
499.28 850031
499.64 847683
501.13 847588
501.46 846705
501.53 846606
501.97 846546
502.09 845223
504.09 842775
504.69 842626
505.87 841252
506.90 840924
506.94 839409
507.58 838062
509.57 836826
509.80 836642
510.24 836219
510.37 834454
512.65 833710
512.82 833389
513.06 831642
513.68 831028
513.98 830520
516.06 830336
516.29 828836
517.23 828806
518.10 828055
518.10 826409
519.55 824931
520.04 823088
522.88 822660
522.99 820491
525.47 819884
525.51 819729
525.75 819123
525.94 818924
528.31 818539
528.48 816690
529.93 816601
530.38 815178
531.02 814688
532.80 813777
533.55 812286
535.58 811774
535.79 811759
536.48 811038
536.75 810667
536.95 809821
537.78 808632
538.76 808123
540.12 807603
540.22 806742
540.38 806587
540.50 806448
540.74 805369
542.96 805116
543.31 804589
543.37 804330
544.16 803791
544.88 802388
545.30 801241
546.29 800320
546.67 800245
547.85 799817
548.08 798531
550.21 797769
551.47 797492
551.91 797485
552.59 795963
553.14 795680
555.23 795153
555.44 795116
555.45 794257
556.62 794102
556.85 794031
557.44 788875
560.20 788819
560.24 787980
560.67 787650
561.86 787177
562.39 785988
563.42 785908
563.81 785754
563.98 785655
564.76 784794
564.79 784230
567.30 783880
567.37 783414
567.39 783051
567.46 782691
569.90 782626
570.22 782308
570.31 782164
570.66 779184
572.25 778866
572.54 778048
572.85 778005
573.37 777981
573.41 777500
574.52 777345
574.60 776568
575.10 776395
575.27 776353
575.66 776192
576.91 775902
577.41 775842
577.41 775656
577.47 775575
578.07 775122
578.27 774534
578.57 773924
579.22 773919
579.25 773478
579.44 772790
579.49 771474
582.22 771415
582.24 770056
584.61 769939
584.96 769666
585.69 769517
585.74 769491
586.55 768633
586.80 768577
586.81 768150
586.96 768102
587.17 767817
587.55 767588
589.21 767537
589.32 766590
590.05 766441
591.78 765625
594.05 765176
594.71 764261
596.53 764147
597.17 762506
598.99 762489
599.04 762447
599.31 762352
600.12 762078
600.70 761160