0.00 7059544
0.00 7047269
0.03 7035806
0.05 7033306
0.05 7032381
0.06 7026076
0.07 7019929
0.11 6982181
0.61 6932033
1.24 6887447
3.09 6875339
3.10 6868077
3.12 6866874
3.13 6862930
3.19 6859397
3.23 6846637
3.29 6844453
3.33 6819581
3.40 6751073
6.27 6743540
6.27 6740258
6.28 6722284
6.29 6701807
6.54 6666484
6.68 6656589
7.60 6655766
7.63 6650914
7.72 6635593
7.86 6628965
8.02 6608136
9.44 6574967
9.44 6572274
9.47 6520277
9.60 6478541
10.72 6476007
12.17 6462132
12.55 6461616
12.55 6458172
12.56 6429151
12.56 6420287
12.63 6410239
12.67 6327594
13.84 6323172
15.71 6319427
15.73 6308498
15.74 6240017
15.97 6237418
15.99 6225586
16.25 6198582
18.91 6178066
18.92 6176229
18.93 6168884
18.93 6165029
18.94 6159168
18.99 6118326
19.34 6102073
20.10 6086753
20.27 6074798
21.82 6047887
21.84 6045013
21.86 5997703
22.26 5962969
24.43 5942600
24.90 5940391
24.91 5924394
24.92 5919488
24.93 5903087
24.96 5902068
24.96 5893525
24.98 5874486
25.04 5840831
27.82 5838117
27.83 5828583
27.86 5802680
27.87 5800972
27.93 5780514
28.32 5776853
28.34 5776462
28.98 5750287
30.72 5739899
30.73 5697343
30.87 5650948
31.18 5605369
33.60 5601720
33.60 5541553
33.78 5506030
36.47 5502471
36.47 5463065
36.50 5458536
36.52 5457882
36.57 5445049
36.82 5419463
37.92 5417813
39.43 5399501
39.49 5395486
39.50 5388263
39.50 5384882
39.50 5374966
39.52 5370876
39.56 5361347
39.78 5353869
40.28 5330450
41.49 5329491
42.07 5322423
42.53 5321861
42.54 5316927
42.54 5311009
42.55 5284322
42.67 5280687
42.69 5264981
42.75 5229914
45.69 5228381
45.69 5162745
46.36 5149388
47.14 5140904
48.64 5135891
48.64 5133977
48.65 5131621
48.65 5117926
48.70 5115393
48.72 5110011
48.76 5098464
48.97 5075075
49.09 5072624
49.26 5021690
51.56 5018243
51.57 5010825
51.58 5000016
51.58 4996889
51.60 4973364
51.64 4964325
51.72 4956839
52.18 4949775
52.42 4934340
53.88 4921531
54.49 4905807
54.50 4904751
54.52 4898317
54.52 4897599
54.53 4885047
54.65 4873545
55.06 4869600
55.53 4863690
55.79 4858542
56.25 4850376
56.37 4843890
57.14 4837593
57.43 4832986
57.44 4814210
57.45 4796816
57.58 4766561
60.53 4758256
60.53 4723529
60.61 4712881
60.95 4703442
63.50 4697166
63.50 4696148
63.50 4675859
63.56 4673299
63.57 4661409
63.60 4652650
63.79 4644088
64.27 4643709
64.98 4624246
65.52 4618461
66.52 4589046
66.58 4588745
66.60 4574720
66.79 4570180
66.98 4566191
67.66 4554854
67.81 4552849
67.84 4536319
69.32 4526270
69.34 4509149
69.39 4482832
69.52 4479213
69.80 4478905
70.41 4473474
70.68 4471468
71.51 4467396
72.25 4437954
72.31 4430730
72.32 4409954
72.67 4403789
75.18 4403700
75.19 4403060
75.20 4400763
75.20 4386308
75.22 4375037
75.22 4374159
75.23 4371090
75.25 4362119
75.47 4354884
75.57 4350412
75.67 4350110
76.67 4349920
76.92 4346375
77.30 4343842
77.36 4331862
78.22 4316424
78.23 4302420
78.23 4288632
78.35 4281320
78.83 4273293
79.33 4270920
81.22 4268307
81.22 4254746
81.24 4253439
81.26 4242168
81.27 4238221
81.35 4214578
82.73 4197611
82.79 4196543
84.06 4185082
84.06 4180906
84.06 4163510
84.13 4138530
84.80 4136226
85.01 4124057
87.05 4124007
87.05 4119258
87.06 4086817
87.09 4070747
88.04 4068484
89.16 4067715
90.12 4056254
90.12 4043163
90.19 4036124
90.20 4029332
90.24 4009702
90.88 4007398
91.56 4003629
92.95 4002553
92.97 3984122
93.01 3978405
93.06 3973699
93.11 3973294
93.17 3964408
93.30 3961596
93.82 3953161
94.00 3942765
95.61 3942384
95.62 3934706
95.63 3931223
95.63 3930195
95.64 3904334
95.73 3895180
96.55 3883583
96.80 3882448
98.79 3880201
98.80 3863776
98.91 3850610
98.94 3837847
99.46 3835229
99.94 3830755
101.61 3830374
101.62 3829401
101.62 3829177
101.62 3819213
101.62 3813522
101.65 3797588
101.73 3796247
101.73 3783170
103.67 3779912
104.15 3777821
104.34 3775609
104.70 3758771
104.71 3753264
104.73 3741703
104.90 3706635
107.96 3705989
107.97 3703443
107.97 3696556
107.98 3683879
108.06 3678024
108.11 3670511
108.25 3669852
108.73 3665239
108.80 3659443
109.36 3648408
110.61 3647486
110.92 3626225
111.08 3614768
111.27 3609241
111.30 3600751
111.53 3591913
114.19 3580799
114.21 3553118
114.38 3544154
117.35 3534072
117.35 3532449
117.36 3532254
117.37 3512776
117.37 3508129
117.53 3506306
117.54 3499483
117.97 3496119
120.51 3495695
120.51 3495225
120.51 3470194
120.53 3457395
120.58 3456840
120.94 3452508
121.53 3448133
123.27 3435587
123.29 3406486
123.66 3401852
126.04 3392124
126.06 3380382
126.10 3375957
126.10 3373171
126.23 3364766
126.37 3364651
126.72 3363540
127.21 3357569
127.55 3356732
128.09 3353206
129.02 3352079
129.03 3339933
129.03 3337680
129.04 3311559
129.64 3290361
131.80 3282061
131.83 3268891
131.86 3255447
131.87 3253695
131.99 3253275
132.14 3252149
132.44 3252049
132.61 3249952
132.87 3246078
133.17 3245241
134.62 3238956
134.64 3222459
134.68 3199977
137.42 3199679
137.42 3159231
138.24 3146484
140.20 3117913
140.22 3114409
140.26 3113474
140.28 3111800
140.39 3106941
142.56 3105616
142.81 3096016
143.62 3078074
143.62 3074866
143.62 3069284
143.64 3065122
143.66 3060362
143.69 3056014
143.98 3050081
146.78 3036364
146.78 3033641
146.82 3033346
146.85 3025961
146.88 3018809
146.93 3016054
147.34 3006470
149.99 3000651
150.00 2997133
150.04 2993216
150.05 2984461
150.14 2983613
150.18 2974473
150.35 2974090
150.53 2973769
150.72 2966046
153.36 2957746
153.37 2935054
153.87 2927871
155.09 2925178
156.61 2920983
156.62 2919359
156.63 2917464
156.66 2911924
156.66 2892876
156.77 2892046
156.99 2889899
158.70 2889522
158.88 2889445
159.74 2888248
159.74 2883498
159.74 2881694
159.76 2879126
159.77 2873311
159.79 2861437
160.24 2860592
161.03 2860083
161.14 2856199
161.23 2852295
161.36 2849070
162.74 2848277
162.77 2826814
162.81 2823605
162.94 2822098
163.02 2822092
163.09 2812298
164.04 2803457
165.51 2794655
165.52 2781010
165.61 2778766
165.76 2768513
167.06 2768489
168.29 2765146
168.30 2754315
168.54 2749584
168.55 2740364
168.59 2737939
168.61 2730728
171.04 2727880
171.05 2727271
171.07 2722267
171.14 2714375
171.21 2714009
171.28 2708228
171.35 2699834
171.88 2691215
173.92 2686996
173.93 2683564
173.97 2661394
174.52 2657474
176.54 2657405
176.72 2653111
176.75 2645365
177.31 2634520
177.54 2619018
177.64 2608187
180.04 2607261
180.09 2588801
180.14 2584735
180.44 2572390
182.27 2571935
182.34 2569428
182.55 2568595
182.55 2566941
182.56 2540495
182.82 2538021
183.65 2534744
184.90 2524931
185.39 2524006
185.39 2519346
185.40 2508805
185.44 2495084
186.00 2493193
188.38 2491814
188.39 2490676
188.41 2478233
188.53 2471426
188.55 2454799
188.93 2451624
191.23 2438856
191.39 2424049
191.91 2421647
192.94 2421277
194.04 2420960
194.05 2420188
194.05 2419192
194.07 2414113
194.09 2409590
194.14 2408476
194.14 2394510
194.56 2386769
196.22 2385153
196.82 2373916
196.84 2371304
196.96 2357578
199.58 2357261
199.60 2346591
199.64 2325618
202.52 2324962
202.56 2322295
202.56 2316493
202.57 2316436
202.71 2314123
202.72 2313165
202.74 2310672
203.07 2303496
203.16 2301386
203.21 2301340
203.60 2298610
204.18 2294564
205.83 2294247
205.84 2283577
205.90 2268486
206.30 2267556
208.00 2263386
209.09 2251465
209.20 2251113
209.25 2250751
209.29 2244187
209.68 2241486
210.05 2231516
211.98 2231482
211.98 2229081
211.98 2227533
211.99 2222049
212.10 2206147
213.35 2203164
213.36 2196134
214.77 2193943
214.78 2180539
214.88 2177209
214.91 2175084
215.25 2171265
215.30 2168132
215.56 2147865
217.72 2147357
217.73 2146344
217.74 2145707
217.76 2137137
217.81 2123860
218.15 2122874
218.86 2117570
219.47 2113821
220.79 2109815
220.81 2109156
220.81 2108091
220.91 2107415
220.91 2107255
220.96 2088952
222.60 2087935
224.00 2086648
224.02 2078482
224.12 2076925
224.13 2069423
224.41 2068341
224.92 2062014
224.94 2059927
225.07 2056943
227.22 2052836
227.22 2050083
227.28 2044724
227.30 2032514
227.70 2027090
228.31 2023620
230.25 2023490
230.26 2008138
230.72 2006340
231.07 2004316
231.09 2001859
231.53 1998808
231.62 1998347
233.40 1997473
233.42 1994707
233.48 1993261
233.57 1984428
233.58 1983349
233.85 1970339
236.19 1967975
236.20 1962934
236.25 1949775
237.22 1946755
239.39 1944063
239.39 1941649
239.41 1940349
239.45 1939693
239.47 1939497
239.56 1938253
239.59 1937626
239.68 1930366
240.19 1929636
240.93 1927358
241.36 1927186
242.43 1924944
242.45 1919850
242.48 1906622
243.92 1904375
245.40 1904217
245.43 1903258
245.47 1901100
245.50 1901086
245.52 1894958
245.64 1893150
245.74 1886098
246.00 1874087
248.97 1871808
248.98 1866751
249.02 1863077
249.09 1858659
250.59 1856518
251.71 1854336
251.87 1851979
251.91 1847930
251.93 1846607
252.24 1840305
252.79 1834104
254.33 1824380
254.49 1822866
254.85 1818728
255.03 1813302
257.09 1811120
257.12 1810557
257.15 1801956
257.16 1800876
257.44 1793937
259.73 1792354
260.51 1788995
260.53 1774708
261.97 1772806
263.32 1769974
263.38 1761460
263.87 1760597
264.06 1756510
266.18 1756314
266.21 1756234
266.25 1751654
266.29 1746445
266.65 1739154
268.01 1737455
268.28 1735193
269.53 1731866
269.53 1731811
269.57 1724559
269.71 1715083
273.00 1713164
273.05 1710423
273.08 1705214
273.62 1702592
274.81 1696224
276.32 1696069
276.35 1694227
276.38 1693786
276.40 1685573
276.53 1683733
276.63 1679293
277.99 1676653
279.39 1675333
279.43 1674651
279.43 1673988
279.45 1669066
279.46 1668192
279.56 1659892
280.63 1657679
282.66 1655682
282.69 1654013
282.70 1650780
282.72 1650467
282.91 1645975
283.32 1643355
285.13 1642748
285.85 1633178
285.90 1631252
287.78 1629992
289.14 1627980
289.30 1626999
289.32 1625060
289.55 1615820
289.72 1615668
291.34 1615109
292.18 1605539
292.21 1603613
294.24 1602900
295.35 1600888
295.35 1599964
295.50 1598244
295.83 1588728
296.01 1588576
298.28 1587226
298.31 1586367
298.35 1586170
298.36 1586023
298.36 1584549
298.37 1584141
298.41 1581342
298.59 1580995
298.66 1580193
299.41 1576411
300.91 1575201
301.15 1571180
301.15 1569833
301.24 1564946
301.49 1562386
304.01 1556228
304.07 1556209
304.08 1554676
304.14 1553675
304.14 1552201
304.15 1551793
304.29 1551431
304.36 1548647
304.44 1548357
304.75 1546372
305.28 1545254
305.32 1544446
306.93 1540425
306.93 1539078
307.01 1534191
307.61 1534144
309.03 1533472
309.86 1531423
309.90 1530314
310.02 1527687
310.09 1524413
310.62 1523616
310.89 1521485
312.00 1520108
312.57 1519850
312.58 1516087
312.58 1514232
312.63 1511548
313.08 1511138
313.19 1509806
314.07 1508386
314.18 1502994
315.14 1500382
315.18 1496142
315.49 1495123
315.77 1493138
316.02 1491007
317.69 1490915
317.70 1487952
317.70 1482163
318.40 1482048
318.46 1477217
318.78 1470738
320.19 1461768
320.77 1456768
322.67 1453751
322.78 1451635
323.08 1451139
323.13 1446235
323.81 1444058
324.81 1440427
325.36 1431457
326.00 1430571
327.88 1427076
327.93 1423517
328.59 1422209
329.33 1421512
330.03 1420560
330.45 1417507
330.61 1417252
330.73 1416501
330.74 1415801
330.81 1414736
330.97 1412768
331.36 1411601
331.85 1407883
332.64 1406304
332.94 1405335
332.95 1404173
332.95 1402902
332.99 1397878
334.38 1397245
335.48 1387329
335.48 1387091
335.48 1384276
335.61 1378292
335.85 1377788
337.97 1369048
338.01 1368421
338.74 1368278
339.78 1367581
340.55 1367415
340.55 1367226
340.57 1367002
340.59 1366809
340.65 1366212
340.73 1365944
340.74 1362915
340.90 1356010
343.18 1354432
343.19 1353006
343.22 1349740
343.26 1348887
344.08 1344769
345.21 1343645
345.81 1341962
345.82 1341003
345.85 1340847
345.87 1337109
345.98 1334680
347.00 1333867
347.14 1327961
348.28 1327922
348.30 1327518
348.32 1325467
348.37 1322545
348.53 1321225
349.71 1320843
349.77 1319200
349.91 1318902
350.92 1316631
351.00 1316012
351.08 1315517
351.28 1312740
351.50 1311167
353.52 1308228
353.57 1305782
353.62 1304199
353.63 1303802
354.29 1298468
356.11 1295821
356.30 1295701
356.58 1294678
356.60 1294578
356.62 1290042
358.50 1289629
358.71 1285133
358.76 1280868
361.33 1280693
361.33 1278221
361.51 1278101
361.52 1272688
361.80 1272442
363.14 1270013
363.83 1267841
363.84 1267246
363.87 1266699
364.25 1266403
364.50 1265026
364.51 1263772
364.51 1262177
365.72 1261470
366.37 1258823
366.37 1255925
366.38 1250520
368.82 1249509
368.88 1246873
369.20 1246334
369.29 1241625
370.02 1239570
371.25 1239567
371.25 1237873
371.25 1236753
371.26 1235776
371.33 1234819
371.64 1225511
373.84 1223614
373.85 1220593
373.96 1219095
374.51 1218259
374.60 1217177
376.37 1215178
376.48 1213728
376.49 1210459
377.33 1208997
378.06 1208503
378.97 1207390
378.98 1206365
379.00 1206195
379.03 1203494
379.57 1203266
379.93 1202917
380.88 1200938
381.25 1198993
381.31 1198410
381.37 1195417
381.49 1191692
382.22 1189929
383.84 1189709
383.86 1184991
383.98 1184920
384.58 1184577
384.85 1184343
384.87 1178149
386.34 1178043
386.37 1174825
386.40 1170897
388.78 1168080
388.80 1165959
389.65 1165824
389.68 1163876
391.25 1161337
391.38 1161172
391.44 1159271
391.62 1158889
392.50 1157493
393.69 1156357
393.72 1155253
393.85 1152068
395.06 1151309
395.57 1151212
396.18 1148673
396.30 1148508
396.37 1146607
396.45 1144494
397.95 1139848
398.64 1138712
398.72 1134923
398.80 1134423
400.26 1133760
401.57 1131221
401.71 1131056
401.78 1129155
401.83 1127213
402.52 1126178
404.83 1125042
404.93 1118634
407.71 1116095
407.84 1115930
407.91 1114029
408.61 1113150
409.70 1113075
410.44 1112499
410.53 1111363
410.62 1107574
411.86 1107378
412.00 1106956
412.20 1106690
412.55 1106410
413.27 1103871
413.40 1103706
413.47 1101754
414.07 1100926
415.99 1095314
416.02 1095147
417.28 1093808
418.63 1090065
418.85 1087407
420.11 1082598
421.43 1081534
421.57 1080180
421.78 1079533
422.01 1076540
424.04 1072105
424.30 1070251
426.58 1069406
426.61 1067291
427.56 1061783
429.29 1060218
429.35 1059440
429.39 1056226
429.99 1052508
430.00 1052005
431.88 1050130
431.91 1049412
432.12 1048585
433.43 1047237
434.04 1047058
434.57 1046841
434.60 1044715
434.87 1044555
435.09 1044334
435.65 1044138
436.17 1040567
437.40 1040129
437.90 1039383
437.91 1037583
438.42 1033227
438.91 1032957
440.19 1032740
440.20 1029107
442.85 1027885
443.04 1027447
443.50 1024901
444.03 1020545
445.84 1018011
446.60 1017332
446.64 1016032
447.09 1014275
449.24 1013346
449.28 1012531
449.33 1009242
451.93 1009080
451.94 1008630
451.95 1006708
452.48 1003795
454.72 1001369
455.21 999709
455.99 999129
457.53 998378
457.55 996334
457.70 995785
457.75 995110
457.88 994802
457.96 989854
460.60 987428
461.07 985768
463.49 984497
463.53 983763
463.72 982424
464.93 979989
466.44 979987
466.50 978738
466.89 978118
467.05 972475
469.76 970274
470.23 968875
471.59 968127
471.64 968030
472.75 968028
472.83 966779
473.26 965742
473.76 964686
474.08 963238
475.83 961037
476.24 959638
477.42 959107
478.53 959105
478.58 957856
478.96 956819
479.34 955844
480.87 954585
481.16 952384
481.24 952051
481.61 952047
483.21 950851
483.92 950849
483.99 949600
484.12 945328
484.17 944375
485.14 943367
486.75 941166
486.83 940833
487.03 940300
487.32 938723
488.14 937224
488.94 936891
489.38 936889
489.39 935927
489.43 935640
489.52 934897
489.62 934587
490.18 933628
491.49 930748
492.29 930376
492.36 927828
493.25 927683
494.56 926252
494.98 925783
495.10 921945
495.38 921796
497.87 918876
498.67 918731
500.35 918345
500.56 918217
500.97 917589
501.05 917122
501.56 917060
501.63 916379
501.70 915265
503.01 915094
503.21 914242
503.28 912391
503.88 908853
505.96 908567
506.04 906150
507.62 905865
508.48 905702
508.56 905233
508.62 904194
508.79 902195
511.10 901145
511.38 900801
511.45 898932
513.88 898463
513.96 898311
514.51 897703
514.67 897362
515.01 897056
516.04 896337
516.32 896108
516.33 895913
516.44 893278
519.46 893116
519.54 891669
519.87 891057
521.47 890141
522.32 889916
522.39 889495
522.68 888610
523.51 888356
523.53 886827
523.84 881962
525.38 881238
525.53 879939
526.55 879923
526.77 879364
528.10 879219
528.16 879139
528.24 878718
528.52 877833
529.25 877413
529.50 876050
531.29 873629
531.49 872937
531.51 869731
533.84 868812
534.84 867780
535.13 867691
535.37 867138
536.49 866941
536.85 865529
536.91 864025
539.32 863508
539.47 863379
540.29 863166
540.91 862074
541.35 861985
542.03 861183
542.73 858033
545.63 857701
545.72 855841
548.38 854022
550.00 853226
551.17 852894
551.28 852580
551.42 851277
553.99 849458
554.19 849200
556.68 848868
556.79 848554
557.15 848294
557.41 848120
558.11 848079
558.75 847558
559.99 847005
560.06 846579
560.18 845906
560.50 845518
560.99 845494
562.66 844095
565.01 842014
566.18 840457
566.28 840289
566.87 840153
567.33 838987
568.71 838816
568.79 838341
568.92 837420
571.04 837335
571.38 836993
571.74 836800
571.75 836519
572.54 836347
572.72 835501
572.75 835474
572.95 834290
574.61 832916
574.79 832137
577.20 831679
577.22 831414
578.38 830318
578.45 830097
580.39 828278
581.73 828255
583.18 827797
583.24 827532
584.44 826436
585.04 825059
586.39 823240
588.76 822782
588.78 822517
590.19 822286
591.17 822012
591.46 821902
592.38 820412
594.72 819954
594.74 819689
595.22 819425
595.46 817345
597.84 816343
598.68 816305