0.00 5637047
0.00 5551878
0.01 5528748
0.07 5507137
0.07 5485332
0.53 5396800
0.53 5314631
0.61 5253519
1.04 5220417
1.04 5216597
1.04 5203774
1.05 5183239
1.06 5152507
1.06 5130603
1.09 5082818
1.12 5064011
1.58 5019460
1.59 4991219
1.60 4929321
1.86 4910199
2.10 4861444
2.11 4742045
2.63 4708262
2.64 4695542
2.64 4659690
2.65 4610864
2.82 4591350
3.18 4590870
3.18 4589284
3.18 4458060
3.27 4445352
3.49 4426289
3.72 4420391
3.72 4411103
3.73 4408251
3.73 4312112
3.77 4285955
3.89 4283882
4.24 4277259
4.24 4252407
4.25 4188907
4.27 4143548
4.78 4132078
4.78 4121291
4.78 4097767
4.82 4070001
4.88 4048573
4.89 4004592
5.32 3990952
5.32 3983978
5.32 3977551
5.33 3955898
5.35 3954467
5.35 3930459
5.37 3925429
5.38 3907868
5.40 3902099
5.57 3874462
5.84 3864228
5.84 3861234
5.84 3809685
5.92 3797605
5.94 3792997
5.99 3738221
6.21 3727300
6.39 3726820
6.40 3695851
6.40 3681191
6.42 3648811
6.60 3646654
6.68 3635838
6.77 3608304
6.80 3604344
6.92 3579439
6.92 3576727
6.93 3524188
7.10 3485348
7.46 3482105
7.46 3442940
7.49 3441272
7.52 3414472
7.54 3401833
7.70 3391256
7.99 3379539
7.99 3353972
8.00 3341877
8.01 3296068
8.35 3279412
8.56 3276701
8.56 3273236
8.57 3267123
8.57 3250191
8.58 3227147
8.64 3221556
8.67 3217528
8.89 3217335
9.14 3197384
9.14 3188127
9.20 3135961
9.29 3132092
9.38 3127562
9.50 3104612
9.61 3102744
9.89 3084110
9.89 3063895
9.90 3042386
10.13 3034484
10.52 3016730
10.63 2993713
10.64 2972018
10.70 2971532
10.72 2940775
11.41 2939740
11.41 2935519
11.41 2880402
11.49 2873933
11.61 2872124
11.94 2861946
12.11 2858747
12.14 2793146
12.24 2791905
12.34 2790487
12.73 2779918
12.84 2769132
12.85 2763325
12.90 2729384
12.92 2728531
12.95 2727422
13.00 2721934
13.00 2715527
13.05 2706214
13.44 2696553
13.49 2671732
13.51 2661420
13.55 2630914
13.95 2629852
14.08 2622765
14.08 2609125
14.12 2590421
14.13 2581692
14.15 2566451
14.63 2545545
14.69 2541401
14.69 2537045
14.70 2533337
14.71 2510485
14.72 2509539
14.86 2508462
15.15 2507546
15.16 2496380
15.16 2493840
15.18 2487165
15.18 2472908
15.19 2471792
15.26 2446385
15.88 2443722
15.88 2441687
15.88 2441118
15.91 2431820
15.94 2423377
15.95 2412317
16.03 2398645
16.31 2390543
16.57 2389436
16.58 2372481
16.62 2362884
16.79 2349377
17.22 2328080
17.29 2324700
17.38 2315309
17.39 2301637
17.73 2298464
17.76 2292048
17.77 2286406
17.77 2278577
17.79 2272913
17.79 2252617
18.05 2242586
18.31 2242463
18.31 2241156
18.31 2218130
18.33 2213131
18.39 2209769
18.49 2203311
18.81 2196302
18.83 2194951
18.83 2165907
18.98 2154282
19.05 2144825
19.39 2140420
19.40 2130709
19.47 2118967
19.55 2114437
19.55 2110433
19.98 2109530
19.99 2104282
19.99 2077616
20.08 2053521
20.52 2052471
20.52 2024311
20.53 2022619
20.69 2007670
21.06 1978211
21.20 1958467
21.59 1948596
21.60 1922659
21.64 1902501
22.13 1901237
22.13 1900687
22.14 1899598
22.15 1884997
22.15 1881475
22.16 1879543
22.18 1871049
22.32 1870356
22.48 1860935
22.64 1856946
22.64 1826867
23.00 1818396
23.17 1817045
23.17 1816894
23.20 1798416
23.22 1797462
23.46 1770656
23.68 1769773
23.68 1766624
23.71 1749722
23.74 1738951
24.15 1734848
24.23 1730516
24.25 1708809
24.32 1702765
24.42 1702031
24.61 1696009
24.75 1694507
24.76 1693092
24.78 1691570
24.83 1673833
24.99 1667002
25.28 1657097
25.34 1644826
25.36 1642464
25.36 1640963
25.38 1634185
25.55 1631605
25.82 1624507
25.83 1610028
26.28 1603946
26.36 1602904
26.37 1602595
26.41 1599973
26.45 1597835
26.54 1590905
26.68 1589982
26.72 1570836
26.92 1568747
26.92 1563743
26.98 1555045
27.00 1549294
27.46 1543377
27.51 1535870
27.68 1524588
28.04 1519162
28.04 1510927
28.23 1503633
28.55 1503502
28.56 1503120
28.57 1503087
28.57 1499515
28.58 1491250
28.75 1490209
28.95 1479177
28.99 1475235
29.13 1464546
29.17 1463000
29.18 1458317
29.68 1446733
29.71 1443445
30.21 1436599
30.24 1432806
30.30 1432454
30.33 1431923
30.35 1410628
30.76 1409762
30.77 1409381
30.78 1397403
30.98 1396006
31.11 1390909
31.17 1377181
31.30 1363520
31.37 1356039
31.87 1353796
31.91 1343656
31.93 1342872
32.03 1342814
32.09 1340248
32.52 1340208
32.53 1333775
32.61 1331815
32.65 1329559
32.91 1328664
33.04 1322224
33.04 1320316
33.21 1311247
33.29 1307413
33.55 1307263
33.60 1304862
33.62 1304129
33.62 1301479
33.76 1300801
33.81 1296627
33.85 1294906
34.08 1294319
34.14 1288294
34.24 1287060
34.47 1286407
34.49 1284217
34.54 1283367
34.60 1282973
34.61 1275785
34.73 1275171
34.86 1271452
34.94 1265863
35.13 1265823
35.15 1255274
35.16 1254377
35.61 1251826
35.70 1228918
36.18 1214636
36.83 1214505
36.84 1213375
36.86 1206137
37.25 1204695
37.35 1201990
37.38 1200470
37.77 1191879
37.95 1185439
38.16 1184391
38.40 1184086
38.41 1175800
38.71 1154183
38.84 1153231
38.87 1146202
39.43 1142704
39.81 1134960
39.82 1134111
40.14 1126000
40.64 1123845
40.78 1110219
41.27 1104141
41.52 1098304
41.71 1096865
41.89 1096568
41.96 1096385
42.06 1094771
42.26 1094731
42.29 1093332
42.39 1088159
42.82 1083772
43.26 1082997
43.32 1075990
43.54 1073940
43.61 1065028
43.85 1062753
43.86 1052645
44.40 1051205
44.43 1049867
45.03 1041836
45.45 1040198
45.47 1038505
46.05 1036867
46.15 1030802
46.51 1030551
46.55 1029094
46.56 1028527
46.58 1027518
47.01 1027048
47.08 1026201
47.10 1023430
47.52 1023131
47.63 1021821
47.63 1020448
48.27 1011197
48.98 1006954
49.29 1005514
49.50 1005035
49.92 1003432
50.14 998957
50.39 998837
50.43 997647
50.47 997249
50.49 993878
50.92 992134
50.95 992050
51.01 986641
51.55 982391
51.96 980919
52.00 977966
52.58 976138
53.02 974828
53.03 974794
53.10 974666
53.40 974430
53.57 971298
54.08 969023
54.36 968594
54.39 967566
54.65 966222
54.88 965033
55.12 964033
55.36 962329
55.42 961896
66.20 954493
66.71 953425
66.87 952795
67.48 952401
67.72 951480
68.02 950412
68.34 948553
68.87 947357
69.04 939376
69.49 938914
70.04 938308
83.29 936507
83.92 935950
83.98 934936
84.55 934927
84.64 933448
85.11 933328
85.15 932986
85.27 932341
85.29 932201
85.31 931489
85.43 929246
85.97 928346
86.51 927214
86.59 927201
86.92 925967
87.44 925067
87.68 924860
88.09 923984
88.45 921950
88.68 921488
89.05 920671
89.60 920516
90.21 917791
90.41 917589
91.02 917195
91.10 909600
91.48 908275
92.29 907813
93.48 907698