0.00 5970772
0.00 5955682
0.00 5841688
0.04 5834586
0.04 5825515
0.08 5819101
0.19 5793791
0.54 5789814
0.55 5665362
0.55 5615412
0.66 5606429
1.10 5587634
1.10 5552248
1.10 5529019
1.11 5518258
1.11 5487491
1.12 5475655
1.16 5401046
1.79 5399879
1.79 5396138
1.79 5376562
1.80 5298534
1.81 5269628
1.84 5251469
2.34 5237545
2.34 5110570
2.37 5103040
2.45 5094767
2.60 5076005
2.61 5073090
2.85 5023596
2.86 5010369
2.86 4947836
2.87 4942127
2.92 4891417
3.37 4876585
3.37 4763347
3.39 4753466
3.43 4750532
3.49 4748322
3.82 4730170
3.90 4603943
4.42 4580372
4.43 4566168
4.43 4554439
4.43 4535774
4.44 4484518
4.46 4474680
4.73 4402522
4.97 4348385
4.97 4331901
4.99 4318179
5.00 4281996
5.07 4281349
5.17 4270174
5.51 4244279
5.51 4223340
5.51 4186836
5.53 4180573
5.83 4178260
5.90 4167411
6.02 4144046
6.04 4103556
6.04 4074018
6.05 4063371
6.08 4050587
6.13 4015563
6.41 4014783
6.54 4007075
6.56 3979800
6.58 3954113
6.65 3950726
6.66 3937169
6.68 3924266
6.74 3904312
6.97 3896102
6.97 3885014
7.09 3870175
7.10 3854996
7.11 3827679
7.12 3813719
7.18 3803709
7.18 3775669
7.54 3765589
7.62 3739085
7.63 3721379
7.64 3713591
7.66 3647666
8.13 3614707
8.15 3571874
8.15 3560364
8.22 3554243
8.64 3530283
8.65 3490954
8.65 3490239
8.85 3481196
8.85 3470905
8.91 3444898
9.17 3444570
9.17 3439254
9.18 3433849
9.18 3398464
9.24 3380239
9.30 3367722
9.39 3357628
9.68 3354361
9.69 3345788
9.69 3342324
9.70 3286950
9.76 3251161
10.21 3250701
10.21 3203596
10.21 3178454
10.73 3159857
10.73 3139780
10.74 3126312
10.76 3123518
10.77 3107862
10.81 3098775
10.82 3090808
11.05 3085294
11.26 3079173
11.26 3073401
11.27 3059842
11.27 3055684
11.28 3017259
11.30 3008118
11.78 2985013
11.80 2982662
11.81 2970405
11.84 2956951
11.88 2955913
12.06 2948757
12.08 2937012
12.23 2928439
12.30 2907387
12.33 2886395
12.43 2878164
12.51 2861273
12.55 2842768
12.69 2833139
12.82 2831013
12.83 2828755
12.84 2796977
12.89 2794821
12.89 2792418
12.90 2781612
13.09 2768485
13.22 2766372
13.32 2765973
13.35 2758624
13.35 2674059
13.86 2671298
13.88 2624853
14.01 2623762
14.10 2615552
14.39 2590460
14.41 2550898
14.90 2548683
14.91 2526203
14.93 2508951
15.01 2480820
15.42 2449522
15.55 2441589
15.94 2440124
15.94 2416071
16.05 2415467
16.17 2398690
16.30 2396460
16.35 2392383
16.41 2391292
16.45 2372915
16.47 2347082
16.59 2339074
16.98 2338895
16.98 2333052
16.99 2313556
17.01 2305288
17.09 2267968
17.51 2265850
17.51 2265356
17.52 2259726
17.52 2218762
18.03 2217297
18.03 2204978
18.05 2182638
18.41 2180444
18.44 2178987
18.52 2176718
18.55 2144108
18.57 2139248
18.60 2138147
18.75 2106952
19.09 2071015
19.61 2066882
19.63 2057668
19.67 2042852
19.73 2041999
19.84 2009386
20.13 2008404
20.13 2003277
20.14 1996273
20.16 1987177
20.20 1970815
20.65 1960645
20.65 1957345
20.67 1953936
20.69 1948477
20.72 1946647
20.79 1933345
20.90 1925035
21.16 1922356
21.16 1914694
21.18 1905619
21.26 1902865
21.37 1900084
21.63 1895562
21.68 1895453
21.70 1879611
21.77 1876879
21.85 1868045
22.19 1867270
22.19 1862644
22.21 1861279
22.22 1849470
22.29 1847609
22.31 1847260
22.37 1842917
22.57 1830575
22.70 1821313
22.75 1820287
22.76 1806702
22.92 1806407
23.15 1792376
23.22 1790080
23.22 1786267
23.23 1781641
23.26 1763632
23.68 1763197
23.73 1759704
23.74 1748203
23.76 1743108
23.88 1740988
23.89 1738069
24.24 1736144
24.25 1735055
24.26 1731097
24.29 1730095
24.36 1720734
24.56 1715317
24.58 1713901
24.61 1713374
24.64 1711924
24.75 1690497
24.82 1687756
24.99 1687207
25.19 1682377
25.26 1681760
25.27 1674802
25.41 1671490
25.43 1666117
25.60 1658719
25.78 1656033
25.81 1636381
25.99 1636198
26.29 1633856
26.31 1632668
26.35 1631341
26.38 1624400
26.42 1621204
26.47 1612904
26.81 1608198
26.84 1597593
26.84 1596215
27.04 1591329
27.32 1590037
27.32 1584444
27.35 1583306
27.36 1581838
27.46 1581546
27.54 1574622
27.81 1574382
27.86 1537084
28.37 1530163
28.38 1528157
28.41 1526500
28.75 1525282
28.81 1520131
28.91 1511932
28.98 1505728
29.23 1503442
29.27 1499995
29.45 1493264
29.48 1491135
29.58 1491034
29.67 1487422
29.67 1474685
29.96 1473727
29.97 1467152
30.00 1466198
30.01 1461572
30.01 1450812
30.47 1449368
30.48 1446028
30.48 1441916
30.57 1441027
30.62 1438688
30.67 1429237
31.00 1418501
31.47 1411687
31.52 1407005
31.52 1405167
31.53 1398632
31.74 1393631
32.04 1393453
32.04 1383846
32.32 1383254
32.35 1380704
32.42 1373037
32.55 1364209
32.72 1364046
33.00 1358325
33.08 1357550
33.10 1356651
33.11 1356207
33.15 1334140
33.58 1331235
33.60 1331200
33.63 1327008
33.67 1325587
33.72 1316912
34.10 1316619
34.10 1315531
34.21 1312444
34.25 1312327
34.28 1308052
34.32 1303799
34.61 1298439
34.71 1292565
35.12 1289396
35.19 1287155
35.21 1280763
35.41 1279638
35.54 1268741
35.64 1267501
35.65 1267389
35.68 1261261
35.70 1256939
36.09 1253747
36.16 1248387
36.43 1246214
36.44 1245903
36.66 1244557
36.68 1243123
36.79 1239972
36.89 1239744
36.94 1238718
37.12 1231325
37.19 1227417
37.30 1227012
37.39 1223845
37.63 1219201
37.70 1211721
37.84 1211357
37.84 1210341
38.28 1209438
38.29 1206433
38.36 1203420
38.44 1202744
38.54 1199144
38.71 1193322
39.25 1182400
39.74 1178160
39.77 1177587
39.94 1175851
40.32 1173403
40.35 1170441
40.36 1162981
40.47 1162022
40.82 1160641
40.89 1160366
40.91 1157709
41.13 1155336
41.36 1148573
41.46 1147492
41.84 1145508
42.02 1145488
42.07 1140571
42.31 1134565
42.39 1131703
42.42 1125290
42.86 1125228
42.90 1124051
42.91 1122688
43.06 1120988
43.08 1118256
43.39 1112282
43.42 1111194
43.45 1107723
43.81 1094078
44.12 1090854
44.36 1088668
44.44 1079393
44.99 1078047
45.01 1075153
45.17 1073193
45.47 1072409
45.62 1072073
45.71 1070745
45.89 1066221
45.97 1050603
46.50 1048619
46.59 1035276
47.07 1034866
47.10 1033665
47.27 1032107
47.42 1030760
47.68 1019626
48.18 1016364
48.29 1004428
48.67 1004087
48.69 997665
48.88 996891
49.16 993722
49.34 990128
49.79 988951
49.87 987061
50.13 985943
50.15 985450
50.16 985241
50.25 984846
50.77 983190
51.08 982878
51.13 980031
51.15 979892
51.25 976379
60.02 975761
60.47 975351
60.48 972425
61.10 969507
61.84 967884
62.24 967576
62.48 967343
62.70 966643
62.95 958321
63.11 958223
63.28 956098
63.43 955059
63.50 952150
63.91 950350
64.10 948888
64.54 947955
64.68 947508
65.09 946930
65.22 945689
66.09 945456
66.17 945064
66.21 944748
66.72 942525
67.18 940541
67.92 937723
68.12 934823
68.49 934659
68.52 931477
68.74 922734
69.67 921163
70.02 920930
70.48 919540
70.54 917385
70.68 916194
71.67 915961
71.71 915410
90.41 914964
90.88 914237
140.77 913977
154.96 913589
155.28 911978
156.50 910355
156.62 908874
157.41 907633
158.20 906849
158.57 906692
158.66 906296
159.02 904241
159.65 903616
159.82 903457