0.00 5623204
0.00 5586399
0.00 5540875
0.01 5532327
0.02 5431881
0.32 5428466
0.55 5401124
0.55 5387459
0.55 5333040
0.56 5279779
1.06 5275322
1.10 5270964
1.10 5220317
1.10 5212880
1.12 5148289
1.22 5101997
1.47 5086589
1.62 5035262
1.63 4998229
1.63 4914153
2.15 4860401
2.16 4832917
2.17 4818567
2.18 4813168
2.18 4798928
2.30 4735331
2.67 4727201
2.67 4719067
2.67 4716014
2.68 4707166
2.68 4674024
2.69 4645726
2.73 4639905
2.74 4606403
2.78 4601332
2.78 4594829
3.20 4522870
3.23 4522762
3.25 4506497
3.26 4496865
3.30 4487171
3.35 4485175
3.36 4457082
3.43 4451127
3.72 4421078
3.73 4400832
3.75 4362846
3.76 4345250
3.78 4316129
4.08 4313380
4.25 4298434
4.25 4259160
4.26 4240795
4.29 4233729
4.37 4228201
4.39 4223483
4.42 4200915
4.55 4156115
4.77 4155897
4.77 4069850
4.77 4052288
4.78 4049917
5.29 4039939
5.30 4039354
5.30 4020211
5.30 3956661
5.32 3938742
5.67 3914919
5.81 3851926
5.84 3849496
5.84 3826587
5.86 3810995
6.10 3795088
6.32 3690623
6.73 3670521
6.84 3637044
6.87 3635665
6.88 3610130
6.88 3596446
6.91 3566597
7.36 3537568
7.37 3536331
7.37 3525606
7.40 3469735
7.42 3460729
7.56 3454132
7.87 3419391
7.91 3417386
7.93 3415573
7.94 3411831
7.94 3397890
7.95 3348264
8.40 3320010
8.40 3289608
8.42 3276991
8.50 3264778
8.52 3260455
8.93 3246260
8.93 3210324
8.93 3176256
9.19 3167444
9.33 3167197
9.44 3157669
9.44 3154355
9.45 3113808
9.61 3074186
9.96 3069203
9.96 3014031
9.98 2990895
10.48 2981906
10.49 2976633
10.52 2928868
10.62 2918390
10.67 2912232
10.99 2911497
11.00 2903198
11.00 2901606
11.00 2878153
11.01 2870019
11.03 2865015
11.03 2855935
11.04 2849103
11.11 2828746
11.52 2764580
12.02 2750216
12.03 2741822
12.04 2723335
12.04 2704583
12.05 2701105
12.18 2697540
12.27 2690498
12.28 2690488
12.55 2690060
12.55 2661407
12.56 2653857
12.58 2649497
12.62 2639811
12.80 2613964
13.07 2606815
13.07 2601904
13.09 2596842
13.09 2593764
13.13 2577492
13.14 2525370
13.58 2521560
13.58 2507553
13.59 2506370
13.60 2496269
13.67 2471981
13.95 2465162
14.00 2463343
14.09 2458486
14.12 2453062
14.12 2449579
14.16 2412614
14.36 2411269
14.59 2398278
14.63 2389433
14.63 2377665
14.63 2351061
14.76 2314079
15.15 2307350
15.15 2298659
15.17 2272963
15.17 2268789
15.68 2244283
15.69 2231674
15.75 2223758
15.86 2219678
16.18 2216157
16.19 2215709
16.20 2173806
16.40 2169305
16.70 2136178
16.94 2135160
17.17 2131836
17.22 2122192
17.25 2094041
17.40 2092416
17.41 2076986
17.74 2068298
17.76 2064562
17.79 2040514
18.23 2037566
18.26 2016991
18.32 2013391
18.32 2008537
18.38 2008234
18.52 2004829
18.76 1995131
18.76 1980655
18.82 1974548
18.83 1968357
19.13 1957612
19.29 1939258
19.40 1935069
19.54 1927331
19.60 1925403
19.80 1923259
19.81 1920563
19.81 1918651
19.83 1910986
19.97 1893449
20.32 1888971
20.35 1886124
20.37 1868979
20.61 1864198
20.68 1860784
20.81 1856977
20.83 1851118
20.84 1839190
20.84 1838634
20.87 1832231
21.07 1825931
21.39 1807478
21.40 1806129
21.53 1796680
21.86 1789350
21.94 1787337
21.95 1771462
22.03 1759855
22.39 1753464
22.43 1742888
22.51 1739655
22.85 1723843
22.88 1723639
22.90 1718644
22.91 1714017
22.92 1707638
23.05 1697900
23.22 1695589
23.25 1673695
23.40 1662727
23.43 1656833
23.58 1653603
23.75 1645536
23.81 1642065
23.91 1641244
23.93 1640649
23.94 1633127
23.94 1612984
24.47 1607500
24.49 1606126
24.49 1603301
24.51 1584290
24.94 1580817
24.96 1579028
24.98 1569759
24.99 1567428
25.06 1537145
25.46 1535503
25.48 1535082
25.50 1531209
25.53 1522098
25.55 1519038
25.99 1517203
26.05 1508652
26.20 1505759
26.24 1480414
26.54 1476613
26.56 1466048
26.63 1465051
26.85 1457402
27.02 1451778
27.03 1444581
27.08 1430376
27.54 1429148
27.55 1425784
27.62 1415844
28.02 1402122
28.08 1401780
28.12 1396067
28.14 1391756
28.20 1387696
28.20 1385836
28.30 1385648
28.36 1385442
28.61 1383856
28.61 1375918
28.62 1373870
28.72 1368968
28.76 1364518
29.14 1357553
29.17 1354200
29.51 1346245
29.65 1333528
29.65 1331714
29.82 1317216
30.17 1308295
30.18 1291770
30.70 1279072
30.71 1277344
30.89 1277286
30.90 1265101
31.25 1254395
31.46 1253529
31.53 1250101
31.64 1245442
31.71 1240355
31.77 1238852
31.84 1224029
32.29 1218830
32.29 1212163
32.58 1209498
32.80 1205015
32.81 1198106
33.14 1183555
33.34 1182545
33.36 1180191
33.59 1179072
33.64 1165897
33.86 1165563
33.90 1160266
33.92 1158366
34.10 1156710
34.42 1155700
34.47 1152157
34.52 1142355
34.56 1130082
35.01 1127911
35.05 1122251
35.49 1121784
35.53 1116209
35.62 1116198
35.75 1115393
35.80 1111933
36.03 1109129
36.04 1078581
36.50 1064226
37.05 1050990
37.50 1050599
37.64 1045359
37.97 1039598
38.03 1033207
38.13 1028101
38.53 1024483
38.69 1021336
39.05 1020180
39.13 1019254
39.35 1018588
39.43 1017972
39.57 1016729
39.59 1014511
39.79 1005948
40.08 1005484
40.18 1003777
40.35 999627
40.36 999557
40.62 998485
40.62 997953
40.74 992794
40.90 988598
41.12 987355
41.17 980955
41.64 979994
41.67 977337
41.68 974729
42.23 969700
42.73 969283
42.74 966416
42.90 965217
43.21 960665
43.58 958454
43.81 953902
44.25 950618
44.76 946998
45.09 946031
45.32 944413
45.68 943861
45.96 942853
46.02 942697
46.15 940177
46.63 938006
46.85 931729
47.44 930657
47.45 929289
47.58 928111
47.84 924491
48.57 924129
48.67 924086
48.89 923832
49.33 923692
49.38 921646
49.42 921128
49.45 920133
49.81 919953
49.93 918945
50.43 917873
50.93 917827
50.98 917617
51.25 917295
51.55 917039
51.57 916738
51.76 914332
63.08 908175
63.81 903304
64.75 903258
65.39 903224
66.12 902667
79.38 902207
133.24 901925
133.40 900113
133.85 899998
134.11 898413
134.20 896791
134.90 896257
134.99 894975
135.19 893275
135.32 890202
136.46 887544
136.57 885844
137.27 885450
137.64 885287
137.94 884939
137.95 884460
138.69 881291
138.82 874646
138.84 872918
139.40 872791
139.48 872701
139.60 872175
139.70 863104