0.00 6014142
0.00 5986819
0.01 5971927
0.01 5928134
0.03 5923512
0.06 5882777
0.09 5874247
0.26 5873900
0.29 5849743
0.38 5849471
0.40 5831663
0.50 5828207
0.51 5812759
0.51 5809109
0.51 5785986
0.51 5785099
0.52 5759100
0.54 5734038
0.54 5687188
0.55 5669390
0.61 5661266
0.71 5641546
0.79 5614019
1.03 5496137
1.05 5464231
1.09 5400972
1.54 5380404
1.54 5316220
1.55 5299038
1.56 5295884
1.56 5277063
1.57 5275329
1.61 5269890
1.67 5230053
2.01 5227902
2.04 5109097
2.04 5083181
2.07 5075864
2.16 5053034
2.54 5039189
2.54 4968837
2.57 4966860
2.59 4941258
2.66 4929125
2.74 4925125
2.76 4918304
3.06 4913375
3.06 4909931
3.06 4873530
3.07 4832566
3.07 4824055
3.08 4800645
3.17 4796816
3.20 4792116
3.22 4790395
3.42 4779670
3.52 4766266
3.57 4746908
3.57 4745192
3.57 4731954
3.57 4680528
3.60 4679831
3.61 4671537
3.62 4657606
3.67 4649743
3.76 4648779
4.00 4616478
4.06 4586331
4.07 4559373
4.08 4550633
4.08 4493346
4.22 4490666
4.32 4461425
4.56 4413072
4.57 4409712
4.58 4378061
4.63 4375953
4.66 4345449
4.79 4316704
5.06 4312909
5.06 4279276
5.07 4277361
5.07 4271924
5.07 4271919
5.07 4264463
5.12 4239164
5.13 4237600
5.15 4222513
5.17 4220212
5.17 4148796
5.55 4067848
5.56 4054429
5.93 4046965
5.96 4032273
6.00 4031490
6.05 4024271
6.06 4021243
6.06 3993638
6.06 3922556
6.25 3906668
6.57 3820632
6.70 3804173
6.74 3757565
7.08 3738139
7.09 3714971
7.09 3692583
7.11 3668118
7.43 3625270
7.60 3621613
7.60 3592578
7.61 3561033
7.61 3556419
7.63 3521049
8.02 3515606
8.12 3506228
8.12 3500398
8.13 3491906
8.14 3467559
8.17 3462935
8.18 3457571
8.20 3447130
8.20 3398594
8.63 3388689
8.63 3371438
8.64 3321152
8.65 3320915
8.92 3313173
9.13 3304619
9.14 3298095
9.14 3284559
9.15 3268376
9.15 3256632
9.17 3255763
9.21 3248192
9.22 3241466
9.31 3192329
9.62 3141845
9.65 3131492
9.85 3127810
9.88 3125246
9.96 3113999
10.13 3099766
10.13 3081015
10.13 3029682
10.28 3000528
10.63 2997576
10.64 2959543
10.67 2954119
10.67 2931342
10.99 2901745
11.15 2899617
11.15 2897677
11.16 2889664
11.18 2881336
11.19 2833250
11.29 2830467
11.56 2803923
11.68 2801863
11.68 2774490
11.70 2770945
11.71 2752666
11.78 2731824
12.08 2695762
12.17 2687013
12.18 2673367
12.18 2652679
12.23 2632821
12.46 2632156
12.53 2629709
12.56 2622128
12.68 2606888
12.68 2605220
12.71 2587943
12.73 2553633
12.93 2552942
13.18 2501102
13.44 2498226
13.70 2491171
13.72 2474224
13.75 2468415
13.76 2468411
13.77 2453062
13.93 2447961
14.04 2434620
14.21 2434053
14.21 2431943
14.22 2406917
14.22 2396028
14.26 2376533
14.63 2375892
14.68 2370264
14.72 2346520
14.73 2344433
14.78 2335761
14.86 2325017
15.22 2314793
15.23 2248013
15.73 2245194
15.74 2224977
15.74 2219038
15.83 2214655
15.85 2170078
16.25 2164370
16.26 2142464
16.32 2141613
16.36 2126807
16.74 2124567
16.76 2101558
16.76 2096102
16.94 2087002
17.10 2067464
17.26 2061187
17.26 2056788
17.27 2038850
17.34 2036742
17.42 2003227
17.76 2001033
17.76 2000799
17.77 1979396
17.77 1953209
18.24 1951754
18.27 1943993
18.28 1939865
18.29 1924491
18.35 1923472
18.47 1908220
18.62 1903025
18.79 1902820
18.80 1890118
18.82 1879690
18.87 1868922
18.89 1841001
19.30 1820158
19.35 1808184
19.42 1795482
19.81 1784721
19.82 1783961
19.85 1776046
19.89 1771780
19.89 1771550
19.90 1758182
19.93 1756824
20.24 1754587
20.31 1753198
20.32 1752529
20.33 1743909
20.40 1741571
20.45 1727324
20.59 1717287
20.73 1717052
20.83 1703065
20.84 1691100
20.88 1689672
21.05 1688618
21.16 1688184
21.22 1686330
21.34 1682349
21.36 1680107
21.36 1642567
21.86 1642413
21.87 1641327
21.89 1633851
21.89 1615187
21.98 1614085
22.38 1611408
22.40 1609385
22.43 1602004
22.44 1595226
22.48 1587292
22.80 1559963
22.89 1541104
22.91 1525943
23.09 1521305
23.40 1520744
23.41 1515028
23.51 1499024
23.92 1498402
23.92 1489166
24.03 1484716
24.18 1480976
24.21 1465004
24.42 1464850
24.48 1463482
24.49 1461568
24.50 1459148
24.54 1451259
24.67 1448619
24.84 1443411
24.92 1427656
24.98 1424552
25.10 1421633
25.30 1421292
25.43 1419229
25.44 1413907
25.62 1412224
25.76 1399514
25.82 1393912
25.96 1389699
25.99 1382243
26.00 1381089
26.17 1372134
26.48 1369341
26.51 1362757
26.52 1355749
26.55 1354901
26.56 1344871
27.03 1337413
27.06 1335189
27.07 1326475
27.42 1324505
27.52 1315603
27.56 1309738
27.72 1307965
27.85 1306109
27.89 1297479
28.03 1283171
28.34 1283137
28.53 1282825
28.55 1281920
28.64 1279331
28.66 1271955
28.69 1268635
28.85 1265884
29.00 1264741
29.03 1248417
29.04 1246992
29.04 1245327
29.10 1243220
29.10 1240695
29.25 1239515
29.55 1236209
29.58 1232130
29.61 1227846
29.97 1226718
30.05 1221581
30.16 1215536
30.19 1211951
30.35 1208322
30.57 1208026
30.59 1205926
30.67 1196551
30.69 1194581
30.76 1191069
31.06 1190724
31.07 1189547
31.12 1186856
31.43 1185872
31.60 1185576
31.62 1184600
31.63 1176804
31.91 1171370
32.11 1171320
32.11 1160858
32.29 1158781
32.41 1154728
32.61 1152504
32.68 1151935
32.78 1140987
33.14 1138194
33.21 1129805
33.61 1128425
33.69 1115707
34.02 1100006
34.11 1098368
34.15 1095979
34.26 1082820
34.60 1080424
34.64 1079730
34.64 1075770
34.76 1068722
35.23 1062020
35.31 1058210
35.79 1057914
35.89 1053316
36.07 1053160
36.17 1053027
36.18 1047750
36.27 1043768
36.70 1042496
36.74 1042312
36.76 1041935
36.86 1039555
37.02 1038516
37.19 1038409
37.23 1036292
37.26 1036120
37.31 1031503
37.36 1025927
37.66 1021900
37.67 1020517
37.76 1015291
38.18 1012182
38.21 1003022
38.69 1001642
38.86 1001641
38.90 999738
39.13 998995
39.13 998128
39.31 997558
39.32 996271
39.71 994932
39.79 994831
39.93 993181
40.14 991498
40.40 990437
40.48 985330
40.85 978599
41.24 971549
41.78 964012
42.26 963905
42.39 956446
42.75 952419
42.93 948788
43.31 948394
43.38 944645
43.79 943263
43.94 943184
44.03 943010
44.17 942200
44.20 940618
44.27 939431
44.35 938983
44.81 938876
44.81 938589
44.87 937543
45.30 934323
45.64 930215
45.72 924403
45.89 923565
46.12 923021
46.14 921485
46.38 920647
46.87 917996
47.32 917387
47.52 911445
48.06 908355
48.51 907168
48.62 901027
48.94 899645
49.54 890447
50.16 889605
50.68 888996
50.86 886812
50.87 879946
75.87 878972
76.27 877850
76.46 867871