0.00 5443832
0.00 5438936
0.01 5418282
0.01 5411536
0.01 5386804
0.03 5378318
0.03 5296836
0.11 5279197
0.22 5250842
0.52 5166997
0.54 5133369
0.54 5132236
0.55 5081093
0.58 5053742
1.04 4952964
1.06 4950134
1.07 4941982
1.15 4871770
1.57 4861601
1.57 4787577
1.64 4728939
1.77 4706877
2.07 4699672
2.13 4580116
2.66 4534703
2.66 4474280
2.75 4469308
3.09 4410367
3.30 4408870
3.30 4287420
3.89 4281458
3.90 4278624
3.90 4201204
3.93 4190137
4.08 4179084
4.41 4151769
4.41 4105397
4.42 4102142
4.43 4094149
4.43 4078461
4.45 4075708
4.87 4074311
4.99 4028358
5.01 3947433
5.05 3919429
5.16 3917700
5.52 3915775
5.52 3826899
5.52 3821809
5.78 3808771
6.07 3778607
6.07 3777229
6.07 3770904
6.10 3768015
6.11 3728330
6.14 3728229
6.21 3701305
6.60 3555272
7.14 3535198
7.15 3525838
7.16 3499964
7.16 3494936
7.20 3474162
7.67 3451846
7.67 3444370
7.67 3406067
7.68 3393472
7.78 3371059
7.83 3363858
8.23 3362382
8.23 3283168
8.35 3278678
8.48 3260409
8.76 3236949
8.78 3228587
8.78 3220386
8.78 3209019
8.91 3203562
9.03 3190724
9.05 3175083
9.33 3150199
9.33 3129313
9.34 3123792
9.35 3121459
9.36 3116568
9.37 3116465
9.45 3104425
9.60 3090092
9.66 3080021
9.87 3057794
9.88 3037271
9.95 3012332
9.98 3009363
10.28 3003569
10.40 2997789
10.41 2983391
10.43 2983063
10.46 2956052
10.49 2953799
10.50 2936302
10.53 2935050
10.93 2930466
10.93 2876645
11.05 2864392
11.07 2840683
11.46 2823877
11.48 2818982
11.50 2794862
11.52 2787610
11.69 2787020
11.74 2743400
12.00 2706763
12.01 2703057
12.06 2702960
12.14 2671529
12.16 2661258
12.58 2660105
12.59 2659003
12.60 2646631
12.64 2636457
12.64 2628463
12.67 2624697
12.67 2595706
13.17 2569585
13.17 2561932
13.18 2557774
13.22 2542043
13.31 2534494
13.76 2521493
13.77 2516643
13.78 2510340
13.78 2498277
13.79 2497910
13.82 2495617
13.91 2475794
13.96 2463836
14.35 2420043
14.37 2396147
14.98 2386960
14.99 2383054
15.00 2373373
15.02 2359344
15.19 2358735
15.21 2357950
15.47 2351723
15.57 2336246
15.59 2329568
15.60 2322783
15.61 2304502
15.85 2293023
16.16 2263577
16.19 2249230
16.23 2226231
16.83 2226175
16.83 2220219
16.85 2219633
16.86 2212750
16.89 2212288
16.90 2207381
16.94 2202887
16.98 2172607
17.16 2166608
17.46 2139288
17.64 2132841
17.69 2129996
17.86 2127438
18.06 2118870
18.07 2114387
18.07 2097121
18.25 2093995
18.38 2081995
18.53 2077756
18.71 2075192
18.73 2071910
18.73 2070448
18.74 2069589
18.75 2063725
18.80 2060950
18.81 2048310
18.88 2044658
19.20 2030535
19.34 2026119
19.36 1977769
19.81 1977008
19.91 1969590
19.91 1954861
19.93 1936568
20.46 1936537
20.46 1927705
20.47 1910701
20.60 1898636
20.99 1892097
20.99 1867618
21.50 1851556
21.62 1847088
21.68 1838755
21.75 1830146
22.02 1826683
22.10 1822415
22.12 1817683
22.14 1811867
22.18 1806153
22.19 1790071
22.60 1769541
22.70 1761972
22.74 1751790
23.16 1747672
23.20 1738036
23.20 1737163
23.21 1722344
23.21 1712902
23.77 1684803
24.06 1679804
24.13 1677882
24.29 1674705
24.42 1669829
24.42 1650695
24.49 1648584
24.55 1645990
24.84 1637814
24.92 1626670
25.03 1617284
25.21 1608874
25.45 1607458
25.45 1594003
25.55 1587509
25.57 1587441
26.00 1580625
26.03 1574889
26.09 1566886
26.16 1566313
26.21 1550644
26.55 1550516
26.56 1521268
26.82 1516722
27.06 1513492
27.08 1510710
27.11 1493991
27.57 1489138
27.61 1488199
27.63 1485802
27.67 1484048
27.70 1460587
27.73 1459762
28.15 1441793
28.64 1431211
28.67 1424505
28.75 1418732
28.79 1418659
28.91 1413007
28.96 1411347
29.19 1406795
29.22 1393041
29.26 1392023
29.59 1391199
29.66 1389461
29.78 1388758
29.78 1388182
29.79 1387193
29.79 1380386
30.00 1374829
30.05 1374474
30.06 1366091
30.36 1363229
30.37 1362755
30.42 1351213
30.43 1345735
30.52 1343360
30.82 1331134
30.92 1323496
31.43 1315804
31.53 1306032
31.92 1300093
32.01 1291045
32.37 1283875
32.43 1283860
32.43 1277863
32.48 1258208
32.99 1258193
32.99 1249899
33.02 1242612
33.50 1242316
33.52 1238136
33.63 1230521
33.66 1228516
34.06 1223056
34.21 1213300
34.64 1212426
34.65 1200821
34.76 1198528
35.21 1191807
35.25 1185830
35.36 1183909
35.71 1178449
35.83 1178424
36.00 1175090
36.06 1174834
36.09 1170155
36.30 1167293
36.30 1161080
36.34 1155168
36.78 1134711
36.82 1130340
36.86 1127253
37.30 1119724
37.38 1112032
37.45 1107245
37.97 1106308
38.02 1098170
38.11 1092367
38.50 1084058
38.69 1080227
39.01 1075610
39.13 1071289
39.61 1065829
40.06 1065286
40.23 1063863
40.44 1056599
40.60 1046917
41.19 1044897
41.19 1044662
41.37 1037842
41.66 1036814
41.84 1030827
42.15 1029799
42.17 1029612
42.25 1029381
42.33 1022518
42.67 1022416
42.72 1021490
42.79 1016196
43.14 1011294
43.23 1005028
43.53 998857
43.72 989183
44.32 985212
44.42 972006
45.02 970240
45.16 958439
45.63 956553
45.70 952117
46.09 946886
46.61 944866
46.92 943688
47.17 942099
47.30 939032
47.92 938489
47.95 934576
48.08 926334
48.24 925791
48.32 925306
49.06 924829
49.10 922528
49.34 922272
49.43 922051
49.58 921717
49.84 920164
50.20 919621
50.21 918385
50.44 918265
50.48 916619
50.57 913787
51.05 908308
51.65 907846
51.95 906250
52.06 901794
52.29 896299
52.67 895362
53.22 894551
54.25 889407
54.49 887641
54.61 885076
55.29 883889
87.40 879042
88.29 878580
88.81 878184