0.00 5792018
0.01 5746557
0.01 5739790
0.01 5729055
0.03 5685595
0.03 5681475
0.09 5675480
0.20 5642636
0.21 5631955
0.36 5624591
0.50 5620852
0.51 5606142
0.51 5573354
0.51 5534156
0.51 5523096
0.51 5494184
0.61 5483544
0.83 5481483
0.85 5478148
1.01 5444907
1.01 5410747
1.01 5389752
1.02 5381954
1.02 5315603
1.17 5310486
1.19 5299260
1.32 5295714
1.55 5284899
1.55 5276111
1.55 5253698
1.56 5231092
1.56 5156477
1.62 5142501
2.05 5134492
2.05 5111396
2.05 5101146
2.06 4990309
2.15 4955812
2.57 4955147
2.57 4904073
2.59 4805426
3.09 4715444
3.11 4689880
3.19 4675129
3.21 4671361
3.61 4667946
3.69 4652411
3.69 4619170
3.70 4574465
3.71 4495080
4.33 4453014
4.34 4427830
4.35 4415954
4.36 4410001
4.36 4380683
4.59 4366712
4.64 4344174
4.86 4334761
4.86 4321420
4.86 4286152
4.87 4197998
5.59 4161925
5.60 4154576
5.60 4151320
5.61 4134623
5.62 4083601
5.82 4074889
6.14 4074275
6.14 4070002
6.15 4004890
6.17 3981264
6.21 3978927
6.46 3971716
6.68 3954983
6.68 3930613
6.69 3906524
6.69 3896687
6.71 3895684
6.71 3849667
7.20 3813347
7.20 3798210
7.25 3790109
7.26 3750689
7.66 3735241
7.76 3681345
7.81 3657101
7.90 3620844
8.46 3561286
8.50 3523871
8.86 3523490
9.04 3507644
9.04 3500157
9.06 3470966
9.12 3439390
9.32 3432649
9.58 3403150
9.59 3382709
9.65 3350086
9.76 3330556
10.11 3309311
10.11 3295232
10.12 3284810
10.17 3273043
10.21 3263117
10.22 3260755
10.57 3250157
10.66 3248860
10.67 3233684
10.68 3221280
10.72 3216563
10.74 3214903
10.75 3213837
10.77 3196261
10.81 3178667
11.20 3147830
11.21 3144007
11.21 3134503
11.23 3130658
11.32 3111228
11.51 3104713
11.72 3101729
11.72 3101123
11.72 3078308
11.74 3059636
11.76 3051407
11.77 3042118
11.79 3019797
11.84 2988669
12.34 2959162
12.35 2929310
12.40 2923054
12.54 2914743
12.74 2906899
12.75 2903753
12.84 2903670
12.85 2898696
12.85 2829827
13.06 2810323
13.37 2797550
13.38 2780519
13.41 2768204
13.41 2722299
13.88 2713805
13.89 2698207
13.91 2688182
13.92 2677901
13.94 2636984
14.40 2605364
14.42 2604309
14.43 2586680
14.45 2574032
14.89 2568646
14.91 2566931
14.91 2550655
14.93 2548834
14.94 2522326
15.08 2522188
15.33 2508247
15.43 2506106
15.43 2499728
15.44 2489695
15.45 2465605
15.49 2456466
15.62 2443055
15.94 2436003
15.94 2432553
15.98 2405412
16.01 2400632
16.26 2396000
16.46 2370073
16.47 2359247
16.66 2356455
16.69 2344126
16.96 2339854
16.97 2339164
16.98 2329872
17.03 2329593
17.05 2314592
17.13 2308783
17.42 2300608
17.47 2294947
17.49 2275121
17.50 2270183
17.51 2266540
17.52 2266137
17.59 2262965
17.68 2254140
17.68 2251092
17.88 2250796
17.98 2247668
17.99 2212696
18.08 2199015
18.49 2160807
18.70 2154617
18.99 2154591
19.01 2153923
19.01 2143881
19.05 2125148
19.15 2067190
19.49 2064905
19.50 2043349
19.51 2031517
19.54 2022154
19.79 2012390
20.00 2002519
20.03 1975858
20.12 1963794
20.51 1949352
20.51 1948180
20.55 1926273
20.62 1926118
21.01 1896589
21.29 1893007
21.33 1886599
21.50 1876534
21.51 1869978
21.67 1857130
21.71 1834843
22.00 1824320
22.02 1811404
22.29 1796743
22.52 1796532
22.52 1785932
22.55 1779085
22.60 1773833
22.85 1771256
22.89 1758535
23.02 1751874
23.04 1742886
23.09 1740792
23.10 1727497
23.22 1726649
23.58 1726489
23.59 1717305
23.60 1706481
23.61 1703210
23.78 1697180
24.05 1693382
24.06 1684690
24.09 1669710
24.31 1658890
24.63 1653206
24.64 1648408
24.70 1642832
24.72 1627852
24.98 1625402
25.11 1619559
25.14 1616937
25.15 1614666
25.24 1613433
25.24 1600914
25.46 1599915
25.65 1599136
25.66 1590943
25.69 1588908
25.69 1568077
25.81 1564572
26.19 1563556
26.21 1557686
26.23 1553216
26.26 1538372
26.46 1526028
26.76 1525862
26.76 1510070
27.10 1502589
27.26 1495312
27.27 1487007
27.39 1485477
27.58 1482421
27.79 1462555
27.89 1462344
27.96 1455607
28.10 1448449
28.14 1444811
28.25 1442387
28.42 1441509
28.43 1430640
28.47 1424281
28.88 1423093
28.94 1415015
28.97 1412760
29.21 1406743
29.34 1400560
29.44 1398424
29.45 1397267
29.47 1354619
29.98 1348850
29.99 1346316
30.17 1322781
30.47 1322698
30.49 1322597
30.49 1320583
30.52 1320041
30.53 1316655
30.57 1316631
30.63 1316035
30.64 1314680
30.66 1311154
31.00 1307513
31.03 1303240
31.06 1296690
31.14 1289318
31.61 1284511
31.89 1278374
32.04 1269243
32.20 1264436
32.22 1256153
32.53 1243774
32.75 1230684
32.76 1230418
32.89 1229255
32.90 1226546
33.20 1223615
33.27 1205690
33.80 1204574
33.81 1203520
33.84 1202397
33.88 1195676
33.90 1194079
34.33 1190955
34.35 1190387
34.36 1185584
34.37 1183135
34.64 1181589
34.85 1179821
34.89 1176194
35.00 1170853
35.38 1170850
35.38 1170261
35.44 1164294
35.86 1163299
35.86 1157011
35.92 1156791
36.01 1155895
36.11 1150748
36.22 1147975
36.32 1145143
36.44 1143399
36.46 1142170
36.65 1135129
36.77 1129171
36.95 1124265
37.02 1123903
37.04 1119790
37.16 1116081
37.48 1115235
37.51 1113275
37.54 1100432
37.80 1098341
38.05 1094952
38.11 1093065
38.47 1092712
38.57 1088861
38.81 1087806
38.99 1082142
39.08 1080101
39.21 1074469
39.27 1072459
39.52 1067678
39.62 1066350
39.70 1064852
39.74 1059577
39.87 1058642
39.89 1056181
40.15 1054830
40.20 1052974
40.28 1051821
40.36 1051385
40.67 1046972
40.73 1045906
41.12 1041702
41.28 1036807
41.54 1022517
41.80 1018157
42.04 1013391
42.25 1008240
42.28 1002556
42.84 987533
42.85 986907
43.34 986687
43.41 979145
43.85 978575
44.00 976476
44.11 975510
44.11 974749
44.23 970945
44.28 969457
44.33 963272
44.52 961819
44.81 961423
44.83 958957
44.87 957968
44.88 954731
45.25 950194
45.44 950131
45.77 941729
46.21 939993
46.40 937333
46.61 934075
46.74 927060
47.25 925404
47.26 924234
47.39 919387
47.69 914492
48.09 910006
48.18 909529
48.22 906617
48.57 906371
48.69 903147
48.88 902177
49.22 902126
49.25 898831
49.42 898733
49.54 898262
49.74 897594
49.74 895304
50.19 893648
50.21 892478
50.29 892442
50.62 891961
50.75 890390
51.15 888939
51.21 885708
51.85 876672
52.14 876195
52.15 873846
60.39 872214
60.65 865162
60.88 862422
60.92 858824
62.01 858591
62.04 857045
62.73 854594
72.13 851203
72.46 849547
73.09 849507
73.15 849314
73.49 849142
73.69 845873
73.85 845426
74.50 844310
75.44 843768
75.68 843728
75.71 842440
76.36 840665
96.84 839442
97.86 839430
98.31 838877
98.38 838617
99.26 838064
99.51 837014
99.76 836974
100.11 836461
150.73 835341
151.63 833562