0.00 5527487
0.02 5509558
0.06 5491733
0.06 5451173
0.17 5416615
0.50 5391814
0.51 5381827
0.51 5352701
0.52 5280263
0.61 5271483
0.62 5206561
1.00 5204866
1.00 5185355
1.00 5137912
1.01 5059292
1.09 5057712
1.16 5045812
1.24 5008285
1.50 4962509
1.50 4961210
1.50 4902932
1.57 4891254
1.61 4877031
1.64 4852447
2.00 4848453
2.00 4841348
2.00 4839510
2.00 4834004
2.00 4781732
2.01 4762481
2.04 4758579
2.07 4752251
2.09 4735759
2.10 4735644
2.44 4708781
2.50 4705169
2.50 4691051
2.50 4635907
2.54 4609558
2.57 4604758
2.58 4574343
2.67 4567309
2.86 4559303
3.00 4552119
3.00 4549261
3.00 4503435
3.01 4481440
3.01 4479997
3.01 4418867
3.11 4417831
3.50 4416413
3.50 4398470
3.50 4345279
3.54 4311377
4.00 4262610
4.00 4226753
4.03 4217923
4.07 4207340
4.29 4180123
4.50 4128470
4.53 4082361
4.60 4055566
4.70 4036050
5.01 4025700
5.01 4015821
5.02 3999067
5.02 3998175
5.02 3992306
5.03 3978556
5.03 3971294
5.03 3934652
5.17 3917664
5.41 3917287
5.51 3911968
5.51 3887239
5.52 3831695
5.67 3827321
5.74 3822445
5.95 3818366
6.00 3815002
6.00 3802691
6.01 3775531
6.03 3759222
6.05 3754269
6.07 3747743
6.09 3747311
6.20 3745814
6.21 3732316
6.29 3729629
6.29 3718450
6.30 3705219
6.53 3627908
6.55 3619858
6.86 3605303
6.99 3604909
7.03 3596563
7.03 3582182
7.04 3549744
7.04 3545010
7.22 3544818
7.25 3517240
7.34 3507373
7.54 3499502
7.54 3426595
7.70 3415544
7.80 3413540
7.96 3409163
8.03 3381762
8.04 3372522
8.05 3370697
8.06 3365368
8.07 3361551
8.10 3357942
8.10 3348754
8.12 3330652
8.31 3327862
8.55 3317738
8.56 3316737
8.56 3306306
8.56 3287323
8.56 3264976
8.61 3257981
8.70 3245592
8.75 3234598
8.94 3233059
9.00 3226136
9.05 3226083
9.05 3203505
9.06 3172676
9.19 3170305
9.23 3165089
9.33 3162417
9.53 3159474
9.54 3146866
9.55 3140346
9.57 3133461
9.60 3117577
9.63 3085199
9.66 3076890
9.91 3076033
10.05 2982769
10.55 2971902
10.56 2965827
10.57 2956108
10.58 2955857
10.59 2925283
10.91 2921722
10.94 2898599
11.03 2858913
11.10 2840453
11.10 2835713
11.17 2831999
11.45 2809109
11.52 2779865
11.53 2770248
11.53 2757456
11.85 2734834
12.06 2729760
12.06 2678678
12.21 2648784
12.54 2639998
12.55 2611343
12.70 2609112
12.73 2599184
12.78 2587950
13.00 2574453
13.02 2542327
13.03 2538369
13.10 2534465
13.15 2529147
13.23 2526384
13.29 2522371
13.52 2511173
13.53 2490059
13.58 2470157
13.73 2469258
14.00 2427408
14.15 2383699
14.49 2366037
14.50 2353371
14.73 2351918
14.74 2344561
14.86 2343711
14.96 2343092
14.98 2297636
15.14 2287400
15.43 2271072
15.49 2257343
15.50 2250779
15.53 2249326
15.55 2246879
15.60 2237414
15.89 2215380
15.97 2209895
15.98 2198710
16.04 2193634
16.05 2192749
16.06 2190138
16.10 2188451
16.10 2182363
16.16 2166894
16.46 2126906
16.50 2113434
16.94 2095466
16.98 2090144
17.03 2086548
17.21 2067978
17.43 2061321
17.44 2052923
17.46 2019909
17.92 2008624
17.96 1997645
17.97 1988201
18.36 1976984
18.41 1948062
18.59 1945276
18.72 1936996
18.89 1923368
18.90 1917694
18.91 1914732
18.94 1902433
19.02 1897467
19.41 1894967
19.42 1887904
19.43 1874836
19.76 1870203
19.87 1858161
19.88 1842719
20.00 1841281
20.39 1830846
20.39 1809573
20.53 1804508
20.54 1801915
20.87 1801700
20.88 1780074
21.13 1779623
21.14 1749171
21.36 1738717
21.44 1733871
21.54 1728896
21.70 1725336
21.85 1720178
21.87 1711477
21.89 1705194
21.97 1702046
22.09 1699903
22.10 1699424
22.36 1697153
22.37 1694305
22.38 1690443
22.39 1684124
22.42 1682973
22.46 1673708
22.65 1672538
22.85 1667398
22.86 1662168
22.90 1662056
22.95 1621640
23.36 1611206
23.47 1600065
23.54 1599009
23.79 1598899
23.85 1594421
23.86 1591514
23.92 1585279
23.96 1568571
24.05 1568409
24.34 1546117
24.83 1535954
24.86 1524542
24.99 1523486
25.31 1521662
25.35 1502943
25.81 1499830
25.82 1497017
25.82 1473105
26.30 1460324
26.65 1459814
26.70 1459597
26.80 1452212
26.81 1452153
26.99 1445563
27.00 1443680
27.10 1438022
27.31 1424429
27.42 1412427
27.80 1410398
27.82 1405851
27.82 1399819
28.00 1397243
28.15 1397027
28.32 1396869
28.35 1378901
28.79 1374477
28.85 1368631
29.04 1359394
29.34 1355355
29.40 1345801
29.75 1345321
29.79 1342879
29.81 1342208
29.83 1338339
29.85 1337471
30.08 1334615
30.16 1325061
30.26 1316318
30.38 1312221
30.54 1311950
30.75 1311063
30.79 1301680
30.84 1294444
31.02 1277387
31.23 1274944
31.25 1262672
31.68 1259419
31.70 1243128
31.75 1237849
31.76 1232757
32.01 1229570
32.24 1229028
32.25 1221735
32.27 1219199
32.27 1204137
32.78 1203030
32.79 1201314
32.89 1199735
33.01 1198730
33.04 1193541
33.20 1186719
33.21 1185068
33.24 1180118
33.27 1176123
33.35 1172004
33.72 1162823
33.79 1143953
34.19 1140927
34.25 1138918
34.30 1137006
34.47 1133582
34.68 1133473
34.70 1126197
34.79 1124839
35.15 1124255
35.19 1118080
35.30 1115062
35.31 1113659
35.66 1112008
35.75 1108624
35.80 1106712
35.83 1097488
36.17 1088295
36.68 1087193
36.71 1081683
36.74 1081257
37.15 1078434
37.17 1074814
37.22 1073741
37.33 1071767
37.65 1068765
37.81 1065404
37.93 1063932
38.15 1062123
38.21 1060939
38.32 1053662
38.65 1052552
38.66 1046071
38.86 1038520
39.21 1038517
39.28 1037207
39.48 1035518
39.74 1033820
39.76 1027286
40.20 1025635
40.27 1018723
40.68 1008047
40.96 1004782
41.22 1003466
41.25 1002973
41.39 1000380
41.54 996889
41.61 994922
41.65 982970
42.12 978568
42.28 976395
42.62 973282
42.91 968982
43.23 966386
43.63 964336
43.78 963117
44.16 961466
44.20 961067
44.45 960816
44.82 959465
44.91 956850
45.15 955157
45.29 953674
45.40 951789
45.63 948676
46.09 947360
46.20 945758
46.23 944274
46.59 942623
47.40 941698
47.58 941465
48.09 941060
48.55 938618
48.90 938142
49.28 936444
74.49 934850
74.74 934190
74.94 922242
75.69 920549
75.91 919419
76.23 917364
76.63 916442
76.96 914749
77.96 914668
78.47 914451
79.07 914411
79.13 912047
94.13 910917
94.72 908337
94.96 907719
95.38 905139
95.95 903940
96.35 897389
97.14 894566
97.89 894446
97.94 894104
98.28 893143
98.37 892411
99.54 892291