0.00 6055464
0.00 6044143
0.01 6035052
0.04 6031464
0.11 6027314
0.12 6007594
0.20 5983326
0.54 5978280
0.54 5944909
0.54 5885716
0.56 5867577
0.57 5861825
0.57 5859482
0.62 5847610
0.65 5807063
1.07 5705022
1.07 5681022
1.08 5665733
1.35 5657982
1.37 5645619
1.46 5642890
1.49 5639527
1.59 5521161
1.60 5483162
2.00 5480624
2.12 5460264
2.12 5429415
2.13 5404922
2.13 5344775
2.21 5331543
2.74 5280757
2.75 5234643
2.78 5232373
2.82 5231426
2.87 5183995
2.97 5156997
3.29 5139675
3.29 5098324
3.30 5009793
3.32 4990620
3.81 4982856
3.81 4976334
3.81 4976211
3.81 4955189
3.82 4949424
3.82 4935283
3.82 4885469
3.88 4843416
4.37 4832956
4.37 4817978
4.37 4774025
4.37 4772701
4.39 4753038
4.40 4747210
4.43 4733195
4.43 4732629
4.47 4724027
4.51 4717533
4.60 4696593
4.88 4689874
4.88 4687445
4.88 4665805
4.89 4621405
4.93 4557442
5.40 4536057
5.41 4528016
5.42 4503757
5.45 4500652
5.45 4452291
5.46 4447221
5.49 4439796
5.86 4438435
5.91 4434467
5.92 4391522
5.92 4374344
5.94 4353223
5.99 4344648
6.02 4324222
6.17 4323110
6.19 4303897
6.24 4302586
6.42 4283401
6.43 4278863
6.44 4257979
6.44 4235441
6.45 4211924
6.46 4159835
6.93 4159298
6.93 4144399
6.93 4133610
6.94 4067944
7.02 4060303
7.13 4056118
7.42 4051604
7.43 4050946
7.43 4040735
7.43 3999769
7.44 3995136
7.45 3972546
7.53 3971527
7.63 3956814
7.76 3945428
7.76 3942841
7.81 3941383
7.92 3937391
7.94 3903307
7.96 3900035
8.01 3896599
8.01 3893682
8.02 3874560
8.03 3812613
8.49 3789660
8.49 3775726
8.49 3767065
8.49 3764664
8.51 3760854
8.54 3758347
8.55 3715706
8.55 3691155
9.01 3635711
9.01 3634042
9.03 3568786
9.23 3568129
9.54 3560113
9.54 3530964
9.55 3492048
9.56 3469845
9.68 3465488
10.07 3435597
10.08 3418291
10.09 3413394
10.09 3351252
10.36 3345635
10.60 3345618
10.61 3339153
10.61 3336404
10.63 3309667
10.64 3290191
10.64 3246788
11.14 3245319
11.14 3235453
11.14 3165164
11.16 3129043
11.66 3099269
11.70 3047402
12.20 3017579
12.21 2968344
12.28 2955569
12.54 2925571
12.73 2918558
12.73 2915419
12.74 2896176
12.77 2857220
12.93 2850686
13.25 2834718
13.28 2834429
13.28 2829404
13.29 2809175
13.31 2803974
13.39 2756008
13.49 2741923
13.75 2728317
13.77 2713322
13.77 2692629
13.78 2674106
13.92 2669616
14.13 2626111
14.29 2625210
14.29 2611901
14.31 2607824
14.38 2605566
14.39 2580582
14.48 2578950
14.64 2519935
14.80 2519526
14.81 2512268
14.84 2482754
14.93 2476226
15.02 2427012
15.30 2412767
15.31 2363933
15.68 2340448
15.82 2334771
15.83 2313844
15.88 2311131
15.91 2297971
16.01 2275436
16.33 2261443
16.36 2256501
16.36 2218816
16.87 2206138
16.89 2192429
16.93 2187641
16.96 2184435
17.09 2183589
17.11 2178158
17.20 2161354
17.28 2139758
17.39 2127157
17.42 2126744
17.43 2115333
17.48 2113647
17.69 2113534
17.71 2108945
17.86 2099100
17.90 2086990
17.93 2078621
17.94 2075065
18.17 2067249
18.18 2065241
18.29 2064719
18.43 2059246
18.44 2051398
18.46 2040024
18.50 2011931
18.95 1993456
18.96 1984655
19.03 1948733
19.46 1940596
19.47 1933866
19.51 1921425
19.72 1901451
19.99 1893143
20.00 1891604
20.01 1879639
20.07 1871098
20.11 1870981
20.22 1856962
20.49 1843838
20.51 1827188
21.01 1825617
21.01 1804929
21.15 1802493
21.27 1789790
21.27 1787698
21.52 1778786
21.56 1753587
22.02 1744053
22.04 1742178
22.05 1722805
22.21 1715647
22.32 1701407
22.58 1701325
22.59 1699637
22.59 1694414
22.62 1692087
22.68 1684024
22.79 1664752
23.08 1656763
23.13 1653266
23.17 1621005
23.60 1617037
23.60 1612005
23.67 1608137
23.68 1600215
23.73 1596341
24.11 1590708
24.11 1582227
24.14 1575183
24.60 1574086
24.61 1537624
24.87 1529823
25.14 1524065
25.17 1521834
25.18 1519423
25.26 1517397
25.38 1512440
25.52 1509033
25.59 1493361
25.68 1486368
25.71 1485920
25.75 1485808
25.75 1485800
25.84 1460612
26.17 1460222
26.18 1458208
26.21 1448798
26.26 1447268
26.33 1439822
26.60 1439454
26.67 1439415
26.69 1432617
26.75 1425889
26.85 1416940
27.19 1413919
27.21 1409499
27.23 1405454
27.26 1404182
27.36 1402844
27.39 1402826
27.48 1396272
27.62 1395100
27.71 1387659
27.80 1387642
27.86 1386009
27.87 1382217
27.94 1382093
27.95 1381756
28.18 1375772
28.23 1372688
28.25 1371469
28.26 1361741
28.36 1360904
28.45 1360097
28.67 1347366
28.77 1336400
28.78 1333252
29.29 1324183
29.38 1323810
29.68 1309789
29.79 1303441
29.80 1302990
29.83 1299067
29.89 1291002
30.07 1286786
30.15 1279055
30.35 1277433
30.36 1271597
30.45 1262578
30.55 1255817
30.83 1255427
30.85 1247610
30.99 1245150
31.32 1243432
31.33 1242693
31.34 1239921
31.35 1237992
31.36 1235494
31.47 1219690
31.93 1219377
31.93 1210599
32.41 1209031
32.42 1200160
32.65 1193451
32.98 1190132
33.00 1184348
33.18 1181436
33.45 1180150
33.48 1176216
33.58 1173978
33.75 1172333
33.80 1170714
33.87 1166899
33.97 1164791
33.99 1155933
34.55 1154311
34.60 1151941
34.63 1149542
34.69 1147706
34.99 1147083
35.03 1145797
35.04 1145598
35.04 1143091
35.20 1128190
35.54 1119087
35.56 1116310
36.16 1115740
36.22 1105588
36.56 1103760
36.66 1100897
36.69 1097361
36.81 1095655
37.00 1094005
37.15 1089443
37.30 1086547
37.60 1079764
37.62 1076614
37.90 1074121
38.11 1074058
38.11 1065018
38.64 1064785
38.67 1062312
38.89 1055949
39.19 1055274
39.19 1055244
39.22 1047297
39.41 1045001
39.63 1032681
39.79 1031298
40.15 1028592
40.39 1026515
40.51 1022646
40.72 1020990
40.77 1014419
40.81 1011757
41.22 1011457
41.25 1005366
41.74 1003258
41.81 993046
42.25 990340
42.73 989745
42.76 985649
42.83 985510
43.29 984330
43.31 977283
43.79 973999
44.23 969322
44.27 967989
44.75 967704
44.80 965641
44.94 964420
45.44 963337
45.57 961303
45.89 959647
46.15 953735
46.39 953435
46.47 951795
46.57 949150
46.95 948850
46.98 947210
47.26 947087
47.47 946497
47.71 943741
47.92 942777
48.16 942408
48.37 942349
48.51 941779
48.51 941759
48.61 941385
48.76 941314
49.26 940389
49.44 937617
58.65 937161
59.26 936571
60.13 932575
60.66 932316
60.82 931094
61.26 930569
62.05 929259
62.92 924444
62.99 919552