0.00 5475478
0.01 5455140
0.02 5428693
0.05 5419474
0.08 5358958
0.46 5327191
0.58 5297573
0.58 5276190
0.59 5272797
0.59 5225644
0.60 5209613
0.64 5189374
0.71 5173758
0.79 5149449
1.15 5147330
1.15 5135291
1.15 5115272
1.15 5095843
1.15 5064753
1.25 5049996
1.25 5043523
1.29 5004538
1.45 4981798
1.73 4967230
1.73 4869961
1.77 4800935
2.09 4782676
2.26 4781313
2.27 4724530
2.27 4700633
2.29 4622739
2.83 4522578
2.86 4500563
2.87 4491048
3.26 4468656
3.40 4456204
3.40 4451190
3.41 4449825
3.43 4397863
3.45 4382043
3.48 4311565
3.81 4303922
3.96 4204376
3.96 4183322
4.09 4172041
4.14 4159597
4.53 4158788
4.53 4155382
4.53 4096214
4.54 4085368
4.57 4081775
4.61 4056925
4.93 4035374
5.00 4002506
5.13 3985796
5.13 3925883
5.20 3880753
5.32 3850788
5.74 3849631
5.74 3838555
5.74 3802929
5.75 3779474
5.80 3708721
6.34 3680899
6.34 3678163
6.34 3606049
6.52 3600301
6.79 3572309
6.90 3550038
6.91 3546209
6.92 3527882
6.94 3499881
6.97 3481407
7.49 3431485
7.53 3422058
7.56 3414658
7.60 3401865
7.80 3380107
7.94 3369570
8.09 3367080
8.09 3333973
8.11 3320146
8.18 3310092
8.21 3268270
8.70 3241439
8.72 3239305
8.72 3233071
8.76 3227528
8.78 3215508
8.84 3215259
8.85 3208891
8.85 3199392
9.04 3197968
9.25 3180111
9.28 3178489
9.30 3161673
9.34 3131875
9.58 3127175
9.63 3122751
9.75 3104984
9.82 3101878
9.83 3096959
9.83 3077541
9.83 3069700
9.84 3067430
9.84 3031085
9.85 3030514
9.93 3025750
10.06 3024056
10.18 2995347
10.42 2991720
10.42 2970564
10.44 2947533
10.53 2933047
10.71 2927530
10.74 2925287
10.99 2915055
10.99 2912390
11.01 2904434
11.02 2896680
11.04 2887411
11.05 2882963
11.14 2872283
11.32 2854494
11.51 2814241
11.54 2804088
11.63 2776066
12.05 2755337
12.14 2733359
12.23 2710452
12.41 2707021
12.61 2705965
12.61 2658826
12.74 2653960
12.90 2646473
13.17 2637995
13.17 2618051
13.25 2609686
13.30 2574005
13.38 2571256
13.74 2570384
13.75 2569803
13.76 2552958
13.78 2544423
13.84 2523116
13.89 2502794
14.31 2443445
14.88 2430028
14.88 2409395
15.02 2396897
15.31 2381145
15.44 2338819
15.60 2334173
15.86 2330739
16.01 2329271
16.01 2324287
16.01 2312177
16.02 2297210
16.32 2277678
16.53 2276436
16.54 2271447
16.55 2271241
16.56 2249924
16.56 2234038
16.63 2224674
16.72 2222216
17.06 2168875
17.61 2157257
17.62 2146736
17.70 2140268
17.88 2121911
18.17 2121840
18.17 2088667
18.24 2079396
18.74 2072314
18.75 2070426
18.75 2047302
18.92 2032424
19.28 2028581
19.29 1999355
19.36 1984284
19.83 1973889
19.88 1961168
19.92 1952358
20.00 1946747
20.03 1937464
20.36 1933272
20.38 1910061
20.55 1902147
20.57 1899927
20.93 1882989
21.04 1874045
21.19 1851881
21.50 1848302
21.52 1847307
21.53 1843425
21.58 1842529
21.58 1829681
21.59 1819213
21.65 1818664
21.78 1808157
22.10 1803566
22.16 1790417
22.20 1787281
22.26 1758377
22.67 1753001
22.72 1743551
22.74 1738006
22.76 1707646
23.18 1705607
23.19 1703840
23.19 1700902
23.20 1689027
23.21 1665323
23.70 1665106
23.79 1664798
23.79 1649423
23.96 1643833
24.12 1627827
24.25 1606985
24.49 1592510
24.82 1590428
24.83 1581844
24.93 1557996
25.41 1557121
25.42 1554883
25.44 1552646
25.48 1551448
25.48 1524534
25.94 1517429
25.97 1513868
25.98 1508909
26.02 1497066
26.38 1486753
26.49 1479801
26.50 1469735
26.61 1460350
27.01 1458906
27.03 1457434
27.12 1433264
27.45 1430397
27.58 1415746
27.87 1411778
28.16 1408429
28.18 1404614
28.23 1394060
28.25 1385896
28.68 1385789
28.70 1384440
28.75 1378791
28.82 1374513
28.85 1373472
28.89 1371664
28.94 1369996
29.27 1352548
29.82 1338231
29.90 1336931
30.37 1327363
30.39 1319213
30.56 1317855
30.95 1315456
30.98 1305564
31.05 1305431
31.05 1305257
31.40 1301080
31.45 1290965
31.50 1282394
31.67 1277011
31.86 1270524
32.09 1268861
32.32 1267175
32.36 1266051
32.42 1265386
32.46 1263611
32.49 1258517
32.52 1256979
32.56 1248166
32.63 1247849
32.73 1234713
33.06 1219729
33.18 1207438
33.28 1201934
33.29 1197635
33.72 1192438
33.73 1184182
34.07 1180860
34.30 1180538
34.32 1166721
34.83 1166404
34.88 1164495
34.92 1154297
35.32 1152070
35.40 1152064
35.40 1146675
35.43 1139779
35.54 1133132
35.90 1131676
35.96 1127994
36.06 1120708
36.43 1116110
36.49 1113346
36.54 1108970
36.99 1107163
37.03 1101762
37.21 1101005
37.60 1099300
37.68 1094092
37.77 1094011
37.99 1088407
38.14 1085478
38.17 1085371
38.25 1082129
38.28 1078565
38.55 1078484
38.82 1075514
38.95 1071900
39.03 1070248
39.09 1068916
39.44 1067841
39.55 1063962
39.68 1059040
39.73 1054991
40.13 1053575
40.19 1052136
40.22 1042842
40.26 1041312
40.66 1038342
40.83 1036516
41.01 1027859
41.25 1023063
41.38 1021996
41.48 1021460
41.60 1020497
41.82 1014098
41.84 1010761
42.06 1008490
42.44 1007995
42.46 1005572
42.53 1003250
42.66 1002127
43.03 1001632
43.04 991880
43.19 989138
43.59 987722
43.67 983282
43.72 981930
43.73 978891
44.12 977191
44.23 974489
44.31 972492
44.55 971084
44.68 969155
44.72 962434
44.79 960919
45.39 958179
45.39 958093
45.59 955965
45.60 950419
45.83 949519
45.91 946017
46.00 939743
46.40 937649
46.41 934947
46.61 933022
47.00 930837
47.04 929771
47.53 929363
47.68 926853
47.82 925320
48.04 922958
48.30 920918
48.61 916149
48.83 912554
49.28 909689
49.84 909286
50.12 909280
50.25 909091
50.27 906840
50.55 904614
50.69 903975
50.80 899910
51.20 898916
51.21 898214
51.22 896905
51.42 890137
51.81 889463
51.82 887272
51.82 887132
52.53 881842
53.29 880331
53.36 880188
53.76 879971
53.79 878492
53.85 877270
54.25 872474
55.35 871356
55.44 870219
55.84 870040
57.93 862503
62.64 861189
63.22 853981
63.38 853652
64.38 852275
114.21 849846
115.13 846236
152.46 845794