0.00 5911718
0.00 5884610
0.01 5879249
0.01 5878698
0.01 5775142
0.04 5746580
0.23 5731976
0.52 5660638
0.53 5610951
0.56 5608305
0.56 5541216
1.05 5440415
1.08 5386342
1.09 5376520
1.10 5370196
1.18 5362027
1.29 5360522
1.56 5309167
1.57 5226765
1.61 5199736
1.76 5184150
2.06 5148184
2.07 5145255
2.07 5134228
2.07 5089496
2.08 5059050
2.12 5006449
2.57 5003935
2.57 4993721
2.57 4948565
2.58 4876745
2.64 4875364
2.81 4834928
3.08 4767270
3.08 4756569
3.09 4732159
3.15 4727136
3.15 4669965
3.60 4667232
3.60 4640405
3.61 4601733
3.64 4576414
3.68 4572289
3.70 4547109
3.85 4543952
4.11 4469608
4.11 4450378
4.20 4441183
4.24 4437195
4.39 4413339
4.61 4392063
4.62 4334376
4.65 4310760
4.70 4290904
5.12 4243463
5.12 4215998
5.14 4207461
5.17 4187553
5.31 4141926
5.64 4138176
5.64 4137553
5.64 4077929
5.71 4059832
5.79 4048375
5.89 4039157
6.01 4039085
6.06 4028732
6.15 3995125
6.16 3990007
6.20 3986400
6.23 3968773
6.26 3966425
6.26 3965997
6.27 3959597
6.54 3940377
6.61 3933692
6.66 3926247
6.66 3904263
6.67 3901429
6.67 3820365
6.72 3788198
7.17 3782969
7.17 3777312
7.17 3771437
7.18 3756469
7.20 3731989
7.20 3685619
7.69 3653771
7.70 3627489
7.74 3624082
7.76 3609858
7.80 3607250
7.88 3582528
8.19 3571585
8.19 3542575
8.20 3515850
8.26 3515057
8.40 3492893
8.70 3467243
8.70 3464140
8.72 3460000
8.73 3452940
8.76 3436058
8.80 3429023
8.95 3414524
9.05 3404337
9.21 3400604
9.22 3381986
9.22 3364432
9.23 3356041
9.24 3341781
9.29 3336444
9.41 3334298
9.41 3307526
9.73 3293763
9.73 3290336
9.73 3269304
9.74 3241558
9.83 3241146
9.95 3234603
10.02 3234575
10.26 3227719
10.26 3186625
10.29 3180478
10.45 3170040
10.46 3162693
10.50 3162085
10.79 3141581
10.79 3136827
10.80 3132525
10.81 3126658
10.82 3125701
10.83 3119912
10.94 3097550
11.14 3092414
11.30 3032708
11.35 3029048
11.46 3027485
11.82 3005296
11.83 3004361
11.85 2996141
11.86 2964119
12.08 2951846
12.35 2951178
12.35 2950110
12.35 2928692
12.36 2880321
12.87 2877760
12.87 2848105
12.88 2840650
12.88 2833572
12.90 2800759
13.40 2781520
13.43 2765634
13.47 2763396
13.50 2763210
13.52 2754561
13.74 2747218
13.75 2734873
13.92 2714975
13.92 2712616
13.93 2702657
14.13 2690034
14.16 2682001
14.26 2681332
14.29 2675922
14.44 2672157
14.46 2657339
14.47 2654327
14.50 2626913
14.83 2618758
14.97 2604671
14.97 2598648
14.99 2593586
15.00 2589890
15.03 2586784
15.12 2569749
15.29 2567961
15.50 2553216
15.51 2541583
15.51 2501993
16.02 2498499
16.02 2497850
16.02 2487548
16.04 2470446
16.05 2458960
16.19 2451915
16.53 2448741
16.54 2397877
16.86 2392475
16.87 2390331
17.05 2389540
17.05 2359542
17.08 2340679
17.57 2331181
17.57 2309835
17.58 2304025
17.59 2281239
18.10 2270439
18.10 2268313
18.10 2257960
18.16 2239177
18.47 2225744
18.62 2214891
18.62 2212030
18.66 2190278
18.68 2185536
19.13 2183844
19.13 2182135
19.14 2180468
19.16 2172911
19.16 2169510
19.18 2168825
19.18 2152046
19.46 2146920
19.51 2136527
19.66 2135771
19.66 2104589
19.83 2099873
19.85 2099613
19.98 2097925
20.19 2091245
20.22 2084659
20.25 2080901
20.27 2080352
20.29 2073476
20.30 2072500
20.37 2067081
20.43 2059309
20.47 2055863
20.51 2043214
20.71 2023670
20.73 2009080
21.05 2004954
21.23 2004898
21.24 2004860
21.24 2002112
21.25 1998977
21.26 1978576
21.31 1968634
21.61 1962892
21.74 1940635
21.75 1936610
21.83 1909153
22.26 1907002
22.26 1874511
22.35 1870537
22.77 1867378
22.79 1809689
23.28 1806267
23.29 1805238
23.30 1791644
23.35 1786855
23.37 1783230
23.42 1782395
23.61 1781875
23.74 1780138
23.81 1769908
23.83 1749543
24.34 1717605
24.73 1716650
24.85 1700635
24.91 1697083
25.19 1695874
25.19 1685746
25.37 1683659
25.38 1679757
25.38 1665312
25.90 1647340
25.93 1642755
26.23 1641764
26.25 1628992
26.29 1621669
26.42 1620815
26.44 1613192
26.48 1600607
26.50 1586203
26.94 1584116
26.95 1583117
26.97 1580305
26.98 1566659
27.05 1558909
27.05 1551561
27.23 1546291
27.50 1543923
27.51 1542736
27.54 1538715
27.64 1527855
27.86 1526356
27.99 1518780
28.04 1490036
28.50 1485427
28.55 1462742
29.02 1447149
29.48 1446933
29.57 1435152
29.63 1420651
30.05 1413470
30.12 1402344
30.25 1398772
30.38 1394501
30.44 1386009
30.57 1385475
30.64 1384471
30.68 1378828
30.75 1376168
30.75 1367573
30.79 1359859
31.08 1354148
31.15 1333208
31.63 1311175
32.15 1310481
32.15 1308352
32.21 1297148
32.67 1295477
32.68 1287601
32.87 1281555
33.13 1280195
33.15 1257638
33.67 1256296
33.71 1254289
33.71 1247901
33.93 1241926
34.19 1241589
34.19 1236071
34.19 1234598
34.40 1227843
34.70 1227490
34.76 1225710
34.78 1219765
34.81 1217864
34.83 1211908
35.29 1208287
35.37 1197932
35.76 1190221
35.83 1185783
36.28 1176046
36.62 1175804
36.79 1175251
36.82 1168589
36.84 1163530
37.27 1162339
37.31 1155964
37.41 1154422
37.49 1153088
37.83 1145720
37.97 1143770
38.33 1141834
38.40 1131012
38.80 1130930
38.81 1124352
38.82 1122450
39.30 1120636
39.32 1118230
39.42 1117646
39.44 1107048
39.84 1106615
39.94 1099780
40.17 1099680
40.28 1099128
40.31 1095451
40.78 1089391
40.83 1082250
41.33 1077577
41.34 1074982
41.83 1074932
41.90 1073284
41.95 1071452
41.98 1070901
42.19 1070309
42.32 1067219
42.37 1067132
42.37 1066136
42.38 1065405
42.43 1060176
42.63 1058746
42.87 1054137
43.29 1051378
43.45 1051193
43.52 1048630
43.71 1047830
43.87 1047777
43.88 1046172
44.01 1044317
44.09 1039894
44.14 1031245
44.38 1029431
44.40 1027025
45.00 1025942
45.07 1023273
45.32 1014601
45.40 1012451
45.92 1012223
45.93 1009738
46.21 1009407
46.30 1008180
46.48 1003943
46.60 1002354
46.64 994496
46.95 990983
47.51 990888
47.54 983940
47.99 982857
48.06 981576
48.15 976004
48.56 974348
48.66 971395
48.76 971331
48.97 970898
49.06 968997
49.08 968778
49.49 965734
49.70 947914
50.15 931464
50.58 929771
50.78 928751
51.07 925707
57.84 923622
58.41 923614
58.48 923582
58.56 921966
58.67 918176
59.26 918168
59.38 918136
59.41 915378
59.82 913014
60.40 911931
60.86 905997
61.20 904913
61.38 904346
61.90 904097
62.00 903244
62.04 902875
62.28 892121
62.89 891872
63.40 890789
63.42 890787
63.60 890401
63.92 889059
64.47 887975
64.55 887403
65.38 886086
65.76 885003
66.63 884786
67.27 883702
67.43 875483
67.84 875444
68.76 874158