0.00 10958862
0.01 10931953
0.01 10647607
0.42 10610160
0.82 10603533
0.82 10581118
0.82 10576676
0.82 10452901
0.86 10389917
0.87 10389845
0.90 10365558
0.96 10297998
1.71 10290997
1.72 10290728
1.72 10170687
1.72 10118366
1.74 10096714
1.86 10058440
1.99 10040845
2.14 10015827
2.71 9849646
2.73 9818892
2.76 9818020
2.84 9782382
2.97 9771768
3.40 9693446
3.87 9672950
3.87 9516273
3.90 9427634
3.90 9419592
4.88 9415179
4.89 9410651
4.89 9408796
4.89 9401904
4.89 9394864
4.89 9310980
4.89 9282639
4.90 9282221
4.94 9252630
5.00 9241993
5.12 9202082
5.12 9170285
5.13 9106555
5.58 9081961
5.58 9076774
5.59 8926205
5.61 8920660
5.62 8892654
5.96 8869623
5.97 8847310
6.24 8841332
6.24 8693940
6.26 8637127
6.30 8619861
6.34 8600702
6.48 8577811
6.89 8508760
6.89 8458124
6.90 8441180
6.94 8359257
7.03 8349206
7.55 8320152
7.55 8280155
7.55 8200436
7.60 8152924
7.68 8140701
7.82 8126298
7.90 8095940
8.17 8094608
8.18 8082568
8.18 8054648
8.18 8047881
8.19 7987328
8.19 7981577
8.22 7923838
8.22 7922710
8.28 7920261
8.41 7910045
8.57 7898215
8.83 7838739
8.84 7785590
8.84 7757955
8.86 7705881
8.94 7696594
9.88 7653453
9.88 7525702
9.88 7521145
9.95 7496773
11.02 7490576
11.03 7475976
11.03 7411437
11.06 7400740
11.06 7310852
11.95 7305902
12.02 7252496
12.07 7245017
12.08 7173156
12.30 7169003
12.32 7133876
12.43 7122456
12.75 7119981
12.92 7088805
12.95 7074703
12.96 7060405
12.96 7054219
12.97 7004343
12.97 7002936
12.99 6942725
13.06 6934028
13.14 6920342
13.23 6868536
13.73 6860131
13.73 6854474
13.74 6827867
13.75 6789940
13.89 6731052
13.96 6685090
14.19 6681617
14.58 6672067
14.60 6629593
14.60 6619008
14.61 6578388
14.62 6541191
14.78 6488079
14.82 6461585
15.59 6321240
15.61 6318933
15.92 6303497
16.01 6288847
16.31 6280522
16.35 6197551
16.36 6101440
16.59 6091676
17.01 6008571
17.02 5917326
17.53 5905081
17.62 5861361
17.64 5798752
17.92 5770309
18.05 5760704
18.36 5638794
18.37 5584390
18.95 5570915
18.96 5569305
18.98 5566057
18.99 5548681
19.00 5540299
19.00 5531808
19.03 5529869
19.09 5437217
19.22 5400402
19.60 5391798
19.60 5375158
19.61 5240164
19.97 5227161
20.16 5215339
20.17 5200730
20.18 5179544
20.20 5142319
20.27 5130978
20.30 5119234
20.35 5086307
20.39 5068126
20.75 5063398
20.75 4977724
20.79 4958612
20.80 4950764
20.97 4901277
21.00 4898307
21.39 4827963
21.43 4811534
21.60 4757453
22.02 4753135
22.02 4716813
22.06 4698376
22.07 4665211
22.09 4654120
22.14 4633555
22.20 4631955
22.23 4608115
22.67 4593649
22.68 4544655
22.75 4530588
22.75 4527538
22.85 4483932
23.31 4483371
23.31 4479709
23.32 4465599
23.32 4425814
23.40 4420660
23.51 4404507
23.67 4369814
24.00 4367004
24.03 4344835
24.04 4277171
24.26 4263455
24.95 4231097
25.01 4223426
25.04 4223246
25.05 4211531
25.12 4187243
25.16 4184731
25.21 4166630
25.22 4080551
25.78 4072865
25.95 4047156
25.97 4028363
26.01 3997224
26.24 3906016
26.71 3878799
26.71 3854357
26.75 3841549
26.78 3766419
27.39 3730662
27.42 3729408
27.46 3714760
27.51 3704342
27.63 3695059
27.64 3642521
28.03 3600216
28.15 3596395
28.20 3571330
28.48 3550956
28.63 3546310
28.69 3537639
28.69 3527475
28.70 3521628
28.75 3494621
28.78 3471165
28.91 3438737
29.35 3381849
29.50 3351541
29.55 3351068
30.04 3339266
30.06 3327917
30.12 3310452
30.16 3298529
30.79 3298055
30.81 3286718
30.86 3282255
30.92 3274417
30.92 3264306
30.96 3234613
31.14 3233761
31.33 3228309
31.50 3223802
31.92 3213089
31.93 3211554
31.95 3208571
31.96 3190747
31.98 3173543
32.01 3154805
32.60 3141507
32.60 3111552
32.70 3096898
32.76 3088695
33.28 3082372
33.34 3079224
33.35 3036156
33.49 3029893
33.59 2996428
34.16 2991734
34.16 2944769
34.34 2940997
34.90 2933450
35.13 2932567
35.13 2920353
35.17 2901169
35.27 2869100
36.16 2867622
36.16 2863406
36.17 2858108
36.20 2850042
36.26 2846596
36.28 2811193
37.20 2804618
37.27 2800279
37.29 2787538
37.30 2763550
37.45 2759049
37.67 2734251
37.97 2731941
37.97 2720825
37.98 2698207
38.00 2686608
38.02 2678129
38.21 2624672
38.63 2565653
39.18 2565306
39.19 2563999
39.21 2562501
39.22 2554338
39.23 2553282
39.24 2542733
39.25 2524366
39.43 2504827
39.81 2473732
39.86 2465373
40.00 2456186
40.42 2455934
40.42 2444732
40.45 2437419
40.45 2419703
40.58 2415337
40.98 2413956
41.03 2398521
41.08 2387765
41.13 2370097
41.51 2368631
41.64 2357161
41.69 2355222
41.80 2348798
41.85 2348694
41.97 2347481
42.14 2315584
42.30 2312000
42.30 2246722
42.94 2239289
42.95 2221438
43.23 2214441
43.57 2205832
43.58 2205616
43.60 2191861
43.76 2181701
43.87 2170270
44.28 2167683
44.31 2155596
44.59 2153520
44.67 2149120
44.83 2133509
44.92 2132627
44.93 2130514
44.94 2119030
45.19 2112559
45.38 2111570
45.54 2106372
45.64 2089950
45.87 2085372
45.95 2080181
46.38 2080147
46.39 2079809
46.40 2068107
46.43 2064922
46.78 2060171
46.91 2059623
46.96 2049086
47.15 2047304
47.20 2046690
47.21 2046338
47.21 2045907
47.24 2045435
47.25 2028528
47.80 2027657
47.81 2025533
47.82 2016027
47.82 2005883
48.11 2005551
48.48 2005108
48.48 1989768
48.65 1989351
48.70 1984401
48.73 1982048
48.83 1976704
48.98 1959208
49.02 1952439
49.02 1941269
49.59 1935430
49.65 1923320
49.69 1917766
50.15 1906296
50.23 1855772
50.89 1845061
50.92 1839595
51.76 1835023
51.85 1831953
51.87 1831830
51.87 1827998
51.91 1827834
51.94 1813285
52.93 1806096
52.96 1802370
53.08 1801815
53.20 1797502
53.75 1797432
53.77 1787140
54.13 1786719
54.78 1780716
54.88 1777732
54.97 1751028
55.45 1743558
55.52 1740823
55.76 1731018
56.04 1718517
56.75 1715970
56.91 1715710
56.91 1711829
57.28 1709569
57.57 1702993
57.76 1700979
57.81 1687394
57.82 1686811
58.33 1679194
58.63 1678712
58.76 1677886
58.83 1668445
58.92 1668371
59.19 1668333
59.32 1664337
59.36 1660490
59.49 1659798
59.66 1655000
59.96 1648438
60.02 1644909
60.04 1644220
60.11 1643167
60.40 1642606
60.63 1642593
60.64 1636973
60.65 1631783
60.71 1631332
61.24 1623504
61.49 1622848
61.59 1615538
61.94 1605803
61.94 1603464
62.42 1595317
62.50 1595279
62.60 1588765
62.74 1587804
62.81 1582033
63.18 1580951
63.19 1569963
63.42 1568448
63.84 1564864
63.91 1559461
64.31 1558632
64.45 1558616
64.47 1550910
65.12 1543832
65.16 1542212
65.46 1534990
65.72 1533098
65.78 1531557
65.88 1527912
66.05 1522916
66.29 1521599
66.31 1514218
66.35 1514080
66.94 1514058
66.97 1513829
67.03 1508965
67.38 1503989
67.53 1503382
67.56 1502260
67.56 1496911
68.05 1495236
68.18 1493328
68.28 1487495
68.85 1479849
69.50 1477548
69.73 1477050
69.75 1472687
70.07 1472205
70.11 1471098
70.23 1460617
70.76 1460583
70.77 1460245
70.79 1458181
70.92 1457697
70.99 1449868
71.39 1449680
71.49 1449215
71.70 1448023
72.11 1447951
72.17 1447919
72.25 1445221
72.46 1445144
72.86 1444523
72.90 1443223
73.13 1442345
73.48 1441821
73.48 1441659
73.50 1436342
74.11 1431900
74.15 1427877
74.72 1427173
74.77 1425969
75.05 1424723
75.54 1423980
76.05 1420901
76.34 1419894
76.41 1419009
76.41 1418099
76.84 1415826
77.10 1415759
77.14 1415754
77.16 1407262
77.71 1403651
77.75 1402368
77.87 1399765
78.31 1398091
78.57 1396246
78.67 1395844
78.99 1392325
79.81 1390381
79.91 1389029
91.48 1388915
92.02 1385090
93.06 1385085
93.07 1384566
93.07 1384561
93.44 1382514
93.81 1381990
94.09 1379624
94.52 1374403
94.82 1373921
94.90 1372537
95.61 1372459
96.23 1372437
96.43 1371136
96.67 1370870
96.84 1369569
96.93 1369235
97.53 1368826
97.57 1367980
98.76 1361551
99.69 1359685
100.01 1357945
100.47 1357463
101.16 1356720
101.49 1356685
101.67 1355117
102.18 1354789
102.40 1354339
102.94 1354311
103.22 1354153
104.39 1352987
105.06 1348824
106.20 1348745
106.54 1348046
106.90 1346852
108.57 1339836
109.44 1338100
110.19 1337576
110.29 1337523
110.45 1335853
111.12 1334530
111.87 1333672
112.75 1332607
113.26 1331806
113.72 1330959
115.76 1323727
116.77 1323384
116.99 1322319
145.18 1320896
146.12 1320553
146.58 1320500
146.94 1320002
146.98 1318634
199.49 1317770
200.33 1317146
200.61 1315972
201.46 1314665
202.64 1314586
203.56 1314564
203.57 1314088
204.13 1313887
205.01 1313078
205.58 1307138
206.72 1307116
226.76 1305801
228.15 1305661
228.31 1303795
228.56 1301583
229.16 1296938
229.95 1296872
230.17 1296595
230.23 1295331
230.78 1294813
231.00 1294525
231.79 1294495
232.07 1293926
232.23 1292559
232.92 1278425
233.87 1275904
234.68 1275882
235.17 1275019
235.73 1273857
236.12 1273258
237.28 1272947
238.11 1272551
238.87 1272327
238.97 1269844
239.43 1269674
239.96 1268731
240.37 1268530
241.08 1268439
241.43 1267868
241.55 1267548
266.28 1267529
266.45 1265759
266.50 1263683
266.98 1263276
267.40 1263202
267.62 1263141
267.88 1260585
426.89 1250309
427.53 1249908
427.60 1247071
427.85 1246737
427.88 1246665
427.94 1246385
427.97 1242682
428.31 1242542
428.51 1242540
428.61 1241153
428.67 1241119
428.67 1240576
428.70 1240467
428.76 1236711
429.29 1236677
429.41 1235905
429.67 1235509
429.89 1233055
430.32 1231539
430.39 1231466
430.61 1230984