0.00 11709374
0.01 11577729
0.01 11492323
0.11 11450273
0.13 11414191
0.58 11382270
0.58 11277617
0.58 11245641
0.61 11177713
0.62 11177617
0.63 11154769
0.64 11108787
0.71 11050630
1.16 11031672
1.17 10916513
1.18 10860624
1.19 10782879
1.21 10759556
1.31 10731092
1.75 10685469
1.76 10670342
1.76 10665810
1.76 10525475
1.77 10490099
1.77 10475426
1.77 10425761
1.88 10403175
1.92 10357788
2.31 10335939
2.34 10333880
2.34 10312689
2.35 10266597
2.35 10153863
2.37 10130747
2.38 10063165
2.38 10041938
2.91 9833848
3.04 9820819
3.13 9780688
3.17 9723212
3.49 9657612
3.50 9595614
3.51 9549270
3.52 9479842
3.53 9452804
3.80 9450358
4.08 9231674
4.08 9158367
4.65 9019544
4.65 8981859
4.68 8923134
4.69 8902512
4.82 8852861
5.23 8806407
5.23 8704074
5.23 8679825
5.32 8639320
5.34 8598827
5.42 8554522
5.81 8400657
5.86 8306214
6.20 8293597
6.38 8211542
6.39 8103355
6.45 8031219
6.96 8006351
6.96 7977429
6.97 7948455
6.98 7937820
6.98 7879239
7.00 7821129
7.12 7810425
7.17 7809454
7.22 7787627
7.54 7691085
7.55 7657353
7.57 7558156
7.77 7540899
8.11 7535318
8.11 7529305
8.11 7503311
8.11 7496173
8.12 7454550
8.13 7443594
8.13 7427299
8.15 7364891
8.15 7364391
8.20 7300043
8.28 7294921
8.50 7288944
8.70 7287763
8.70 7282178
8.70 7276410
8.70 7264647
8.70 7127510
8.75 7093973
9.00 7082027
9.20 7079934
9.24 7074096
9.28 7044817
9.28 7042020
9.29 6863846
9.47 6808592
9.86 6785794
9.87 6735911
9.89 6711287
9.91 6690445
9.91 6683358
9.92 6665689
9.94 6622517
10.12 6572307
10.45 6528306
10.45 6507655
10.46 6477335
10.49 6468282
10.53 6437806
10.54 6359401
11.03 6352095
11.03 6218159
11.08 6179883
11.10 6099693
11.60 6064257
11.60 6004415
11.74 6002340
11.78 5951227
11.86 5943460
12.19 5929962
12.19 5797292
12.31 5702604
12.78 5695296
12.79 5523086
12.85 5516412
12.99 5513233
13.36 5503316
13.36 5485809
13.37 5350750
13.53 5331058
13.92 5301907
13.95 5300270
13.95 5300223
13.95 5297608
13.96 5293644
13.96 5183015
14.06 5181025
14.12 5168352
14.14 5160222
14.42 5148572
14.54 5147846
14.54 5143557
14.54 5072717
14.58 5043590
14.85 5002404
14.91 4953601
15.11 4940548
15.13 4902921
15.14 4873314
15.21 4773234
15.27 4733166
15.68 4717611
15.68 4708239
15.69 4667221
15.69 4624391
15.80 4591481
16.25 4581241
16.25 4566312
16.26 4565148
16.26 4556078
16.28 4554465
16.31 4546835
16.34 4520756
16.34 4512603
16.38 4485303
16.38 4464301
16.57 4455885
16.66 4442694
16.76 4405289
16.84 4404960
16.84 4389976
16.86 4352072
16.87 4269693
17.40 4238127
17.41 4226378
17.44 4216309
17.49 4208855
17.58 4202844
17.62 4181943
17.72 4177731
17.76 4163515
17.82 4141397
17.93 4116225
17.98 4107540
18.00 4104385
18.00 3988022
18.56 3985237
18.56 3983951
18.58 3979343
18.58 3957135
18.59 3953975
18.61 3895204
18.64 3875722
18.90 3847104
19.15 3842089
19.15 3787468
19.27 3756625
19.45 3740825
19.73 3718723
19.75 3709802
19.75 3694877
19.97 3634647
20.31 3633098
20.32 3593459
20.39 3569722
20.50 3544083
20.91 3476210
21.03 3440748
21.24 3438235
21.48 3418534
21.48 3395003
21.57 3383383
21.58 3357871
21.89 3327147
22.07 3324743
22.08 3302382
22.10 3301893
22.17 3295963
22.21 3278308
22.38 3278061
22.38 3263154
22.44 3254048
22.47 3226212
22.64 3194280
22.65 3187078
22.73 3162095
23.17 3095347
23.22 3094279
23.22 3047716
23.41 3033836
23.57 2994662
23.79 2983162
23.80 2982247
23.81 2978358
23.83 2956444
23.95 2910820
24.38 2895232
24.42 2883597
24.45 2870618
24.56 2850041
24.96 2838040
24.97 2821954
25.09 2811823
25.13 2775071
25.53 2770568
25.55 2767430
25.56 2734031
25.65 2713560
26.09 2713500
26.10 2694481
26.10 2693293
26.11 2690603
26.32 2689851
26.47 2687252
26.48 2671125
26.66 2666538
26.67 2659124
26.69 2653299
26.78 2649491
26.78 2624860
26.94 2615162
27.27 2612270
27.28 2597327
27.31 2590293
27.31 2571803
27.83 2564659
27.85 2552672
27.86 2514538
28.38 2494742
28.45 2487998
28.58 2475404
28.97 2475046
28.97 2473966
28.98 2472647
28.99 2464058
29.05 2462858
29.07 2443427
29.33 2429476
29.52 2417991
29.55 2408340
29.55 2406005
29.57 2386795
30.10 2386762
30.11 2361988
30.39 2359603
30.66 2354584
30.66 2334796
31.25 2324317
31.33 2302819
31.37 2296943
31.69 2275888
31.80 2267608
31.81 2247364
32.02 2243672
32.40 2240320
32.40 2235392
32.40 2231206
32.45 2217478
32.56 2217033
32.70 2214311
32.94 2209994
32.94 2203707
32.96 2201871
32.96 2183472
33.35 2179830
33.51 2179419
33.55 2174127
33.61 2157649
33.63 2128149
34.09 2122518
34.12 2116103
34.22 2107013
34.36 2105115
34.43 2080892
34.67 2058564
34.80 2057118
34.85 2049587
35.27 2041898
35.38 2038601
35.40 2037757
35.46 2034891
35.52 2028451
35.83 2023100
35.85 2020821
35.85 2020047
35.90 2006123
36.29 2001929
36.41 2000205
36.43 1992236
36.44 1987785
36.69 1985683
36.95 1973909
36.98 1948742
37.55 1947463
37.55 1944518
37.57 1942402
37.58 1939364
37.72 1938908
37.79 1937927
37.80 1936902
37.89 1934046
38.04 1925708
38.11 1924350
38.12 1920464
38.16 1896840
38.68 1893292
38.69 1890725
38.71 1887006
38.75 1882877
38.78 1875759
38.81 1870285
39.26 1866130
39.28 1862162
39.30 1854998
39.47 1854039
39.83 1853421
39.84 1848408
39.92 1845916
39.99 1844377
40.00 1831549
40.40 1829431
40.44 1827434
40.55 1823485
40.57 1816262
40.75 1810288
40.98 1808091
40.98 1798120
40.99 1790670
41.03 1781986
41.54 1774541
41.55 1771175
41.85 1762368
41.89 1743017
42.14 1738117
42.18 1738108
42.23 1734971
42.30 1716477
42.75 1712715
42.75 1692484
43.33 1692345
43.35 1686871
43.58 1684209
43.67 1681781
43.76 1674071
43.88 1672725
43.91 1663260
44.05 1654453
44.46 1652306
44.47 1650338
44.55 1635217
45.08 1634541
45.08 1631681
45.09 1631567
45.17 1628448
45.23 1625383
45.67 1624514
45.72 1623461
45.74 1616903
45.75 1595990
46.35 1590696
46.76 1589799
46.85 1587715
47.01 1587693
47.02 1582707
47.03 1579675
47.48 1572202
47.68 1571991
47.68 1565744
47.70 1559612
48.30 1559346
48.34 1558313
48.44 1554722
48.63 1553421
48.92 1545050
49.59 1545007
49.66 1537095
49.68 1535205
49.85 1525770
50.24 1520880
50.47 1517815
50.49 1513335
50.83 1510214
50.86 1499564
50.87 1499372
51.53 1495722
51.70 1493614
51.71 1488764
52.12 1487776
52.13 1483874
52.14 1478919
52.55 1477470
52.73 1475809
52.84 1475231
52.90 1473934
52.97 1468564
53.36 1468556
53.39 1468418
53.43 1462806
54.04 1460924
54.11 1457970
54.22 1456405
54.69 1450808
54.86 1449923
55.11 1448660
55.15 1448472
55.30 1446696
55.31 1444936
55.47 1443582
55.75 1442166
55.98 1440848
56.17 1439990
56.33 1439659
56.49 1437158
56.73 1435305
56.75 1434183
57.01 1433047
57.26 1433016
57.26 1430540
57.48 1429063
57.50 1426163
57.59 1423202
57.91 1422578
57.93 1417644
58.57 1417378
58.62 1416952
58.63 1412947
59.15 1411539
59.24 1411270
59.24 1409919
59.29 1408564
59.32 1403794
59.85 1402983
59.86 1396910
60.80 1395592
60.84 1394944
61.01 1393973
61.27 1392353
61.96 1391363
61.96 1391314
62.29 1390801
62.38 1385945
62.60 1385913
62.72 1385676
62.76 1383232
62.82 1383194
63.30 1382559
63.71 1380687
63.97 1379881
63.98 1379399
64.35 1375550
64.61 1375518
64.62 1375450
64.68 1361779
65.28 1361475
65.38 1355307
83.24 1353034
83.51 1352822
83.61 1352095
83.87 1351889
84.00 1349094
84.20 1347949
85.28 1347818
85.31 1346909
85.39 1346752
85.57 1345236
85.72 1336543
86.13 1334688
86.16 1334117
86.44 1333830
86.75 1326404
87.10 1324385
87.15 1323691
87.48 1323623
87.76 1322426
88.08 1321768
88.59 1321349
88.92 1319342
89.45 1316397
89.70 1272458
90.30 1271834
90.64 1268239
91.13 1248465
92.12 1247921
92.13 1247475
92.21 1247073
92.78 1246170
92.80 1245802
92.83 1242608
93.70 1242488
93.73 1242261
94.10 1241529
94.57 1240669
95.00 1240550
95.21 1240308
95.70 1239473
96.79 1237507
97.49 1237387
97.54 1237087
97.55 1235965
97.94 1233033
98.84 1230320
99.54 1229986
99.96 1224992
100.30 1224497
101.27 1224260
101.45 1224077
101.88 1223515
102.15 1223360
102.38 1223335
102.72 1220677
103.11 1220440
103.33 1219499
103.79 1218611
103.90 1218211
104.99 1218031
105.82 1216012
107.10 1215857
107.63 1215537
108.22 1215051
109.05 1214626
109.42 1212936
110.21 1212718
110.45 1212048
111.57 1211830
112.15 1211138
112.83 1210931
113.54 1210677