0.00 10227695
0.00 10091858
0.01 9951289
0.15 9908322
0.52 9885983
0.66 9844911
0.66 9831272
0.67 9649059
0.78 9562267
0.86 9498616
1.31 9362770
1.32 9349120
1.32 9312359
1.32 9300759
1.35 9280752
1.37 9261803
1.44 9219461
1.73 9193328
1.96 9159138
1.96 9149075
1.96 9041001
1.98 9018948
2.00 9007071
2.01 8988575
2.03 8955021
2.07 8932957
2.10 8897532
2.60 8824018
2.60 8709546
2.66 8660687
3.16 8581928
3.16 8574756
3.16 8509542
3.21 8456197
3.25 8432308
3.42 8422735
3.55 8391002
3.74 8361910
3.75 8357714
3.75 8347548
3.75 8277073
3.75 8192436
4.14 8164998
4.26 8112524
4.32 8067126
4.32 8043089
4.32 8012325
4.32 7954575
4.34 7916126
4.34 7857035
4.89 7800607
4.89 7714963
4.89 7699086
4.90 7681642
4.92 7673030
4.96 7665980
4.97 7620222
5.14 7618728
5.45 7519258
5.50 7451663
5.52 7422157
5.52 7420253
5.72 7398700
5.83 7351227
6.01 7294799
6.01 7243113
6.01 7146737
6.14 7108463
6.58 7096385
6.58 7006759
6.59 7004052
6.66 6977661
6.66 6961746
6.67 6921869
6.78 6913798
6.95 6911653
6.96 6899064
7.15 6829851
7.16 6825294
7.16 6662342
7.71 6655036
7.72 6631805
7.72 6617664
7.72 6600688
7.72 6593468
7.72 6576188
7.73 6498337
7.74 6482270
8.04 6444166
8.28 6421520
8.29 6403484
8.29 6393724
8.30 6322810
8.30 6301623
8.39 6272777
8.51 6226302
8.84 6220061
8.84 6215169
8.84 6208490
8.85 6111857
8.94 6082843
8.99 6081788
9.00 6070968
9.16 6036070
9.44 6035519
9.44 6017305
9.45 6014315
9.47 5991651
9.48 5976273
9.52 5964477
9.54 5933055
9.58 5919069
9.66 5889353
9.77 5880525
9.91 5875966
10.01 5861929
10.01 5856410
10.02 5824826
10.04 5818771
10.05 5792152
10.08 5792083
10.08 5733013
10.18 5718017
10.62 5717216
10.63 5713962
10.63 5697809
10.63 5688838
10.64 5627958
10.72 5611206
10.72 5596898
10.84 5560968
11.20 5532388
11.20 5522378
11.21 5518837
11.21 5481348
11.22 5481101
11.27 5477896
11.33 5442394
11.52 5432297
11.76 5431150
11.76 5371971
11.78 5299607
11.85 5268292
12.04 5241906
12.33 5234900
12.33 5094327
12.44 5074180
12.93 5058154
12.93 5025340
12.94 5010859
13.01 4926601
13.29 4918191
13.51 4918065
13.51 4837645
13.53 4808067
13.57 4776734
13.66 4768243
14.09 4733311
14.16 4707156
14.19 4675531
14.22 4660124
14.51 4640333
14.68 4588039
14.70 4582428
14.72 4519214
15.00 4493784
15.07 4486415
15.22 4483506
15.22 4483182
15.22 4473589
15.23 4435834
15.24 4423650
15.29 4378698
15.78 4337460
15.78 4330423
15.80 4301003
15.94 4269904
16.05 4245017
16.26 4226589
16.32 4217234
16.32 4148548
16.33 4139171
16.34 4135940
16.45 4109679
16.90 3984351
17.49 3982235
17.50 3975449
17.50 3968557
17.50 3964795
17.50 3900205
17.73 3874844
18.06 3873847
18.07 3841041
18.07 3820698
18.10 3796176
18.12 3783896
18.18 3783123
18.42 3762996
18.64 3759800
18.64 3713361
18.71 3687820
18.77 3669721
19.12 3668085
19.18 3665016
19.18 3652648
19.20 3634915
19.22 3621074
19.24 3620931
19.29 3619810
19.31 3616673
19.34 3596492
19.41 3579147
19.72 3540608
19.76 3526853
19.79 3522804
19.83 3509474
19.97 3507103
20.13 3503811
20.26 3502880
20.26 3501487
20.26 3477038
20.28 3446864
20.51 3434709
20.56 3389558
20.83 3385337
20.84 3384952
20.85 3311517
21.16 3285094
21.41 3273435
21.41 3272249
21.42 3271034
21.45 3269300
21.45 3255504
21.46 3238505
21.60 3213050
21.99 3210183
22.00 3190347
22.00 3174772
22.12 3171697
22.22 3164572
22.32 3156069
22.44 3143948
22.55 3143647
22.56 3089299
22.57 3074175
23.12 3071293
23.13 3067437
23.14 3030472
23.40 3012523
23.47 2998650
23.63 2996134
23.68 2940913
23.86 2939153
23.96 2928712
24.23 2920605
24.27 2889723
24.54 2885009
24.60 2854770
24.82 2853764
24.82 2841370
24.92 2828881
24.93 2813669
25.00 2808569
25.08 2787773
25.41 2787401
25.41 2777472
25.43 2755884
25.54 2746672
25.80 2737260
25.86 2730792
26.00 2714240
26.01 2697056
26.22 2691967
26.23 2684591
26.32 2681157
26.54 2679784
26.55 2649268
26.60 2637055
27.11 2632361
27.15 2615439
27.18 2605313
27.18 2543585
27.71 2530753
27.78 2481141
28.27 2465080
28.40 2453507
28.45 2439788
28.86 2434945
28.89 2432234
28.89 2418172
28.99 2398137
29.14 2387042
29.43 2376519
29.43 2364719
29.51 2345391
29.66 2344034
30.03 2337317
30.04 2331123
30.05 2289156
30.07 2287627
30.70 2286358
30.72 2281205
30.75 2239352
30.75 2236704
31.31 2228304
31.31 2224442
31.44 2188429
31.53 2159043
31.85 2153896
31.86 2151306
31.86 2149278
31.87 2136720
31.94 2117392
32.40 2111806
32.43 2108435
32.48 2099180
32.57 2062514
32.99 2057576
33.02 2040191
33.08 2013872
33.52 1998938
33.93 1993353
33.97 1989262
33.98 1965597
34.07 1963343
34.11 1954942
34.18 1952135
34.29 1946367
34.62 1924666
34.73 1905770
35.18 1902370
35.26 1897758
35.32 1896781
35.37 1893595
35.54 1885951
35.77 1881543
35.80 1880499
35.86 1870875
35.94 1870741
36.11 1870565
36.24 1869894
36.35 1863346
36.36 1850075
36.43 1847191
36.71 1835352
36.94 1834870
36.96 1829673
36.96 1829307
36.99 1824793
37.15 1819667
37.24 1810742
37.53 1802767
37.54 1798302
37.69 1796483
37.72 1769498
38.11 1768925
38.14 1763097
38.16 1761523
38.16 1748595
38.68 1746119
38.70 1745658
38.72 1740620
38.73 1739130
38.94 1738808
39.12 1737413
39.13 1734840
39.23 1734495
39.25 1732801
39.25 1730600
39.26 1723862
39.81 1722969
39.82 1718049
40.01 1717056
40.03 1705422
40.20 1701159
40.39 1700289
40.40 1699105
40.41 1686900
40.76 1680410
40.94 1678374
40.97 1674148
41.03 1674116
41.27 1672562
41.49 1671840
41.51 1667661
41.54 1665530
41.62 1665059
41.71 1656877
42.04 1656694
42.05 1656172
42.08 1655648
42.12 1654719
42.19 1654119
42.25 1649649
42.37 1647593
42.42 1646318
42.58 1641765
42.73 1640139
42.84 1635442
42.95 1627878
43.15 1627224
43.18 1625240
43.21 1618812
43.71 1616336
43.71 1612999
43.76 1603447
43.80 1602517
44.32 1602020
44.33 1601660
44.34 1578678
44.88 1573589
44.93 1570616
44.99 1569436
45.43 1563036
45.81 1562000
46.02 1560607
46.03 1556311
46.04 1529178
46.67 1523679
46.80 1520639
46.92 1501544
47.30 1501213
47.32 1495831
47.34 1493442
47.54 1490982
47.96 1486463
48.61 1485886
48.63 1482956
48.91 1477868
49.27 1477776
49.28 1477755
49.32 1475606
49.36 1471404
49.51 1469893
49.89 1469780
49.90 1468736
49.95 1466402
49.96 1465544
50.15 1461791
50.52 1458697
50.82 1455734
51.16 1450915
51.21 1444598
51.88 1444441
51.89 1444021
51.94 1438134
52.55 1434603
52.64 1431733
53.16 1431641
53.22 1430866
53.29 1430802
53.31 1429998
53.32 1424927
53.37 1422174
53.78 1420870
53.98 1420308
54.16 1418643
54.36 1417959
54.38 1417446
54.64 1415878
54.71 1415152
54.82 1415026
54.96 1412964
55.00 1412095
55.05 1408411
55.55 1407023
55.74 1406910
55.77 1404909
56.30 1403270
56.40 1403230
56.81 1402580
56.84 1399815
57.21 1399758
57.45 1399726
57.45 1396081
58.05 1394307
58.56 1393085
58.73 1392365
58.73 1388165
59.32 1387844
59.36 1387511
59.41 1387445
59.56 1385325
59.98 1384428
60.00 1383937
60.21 1383063
60.67 1382019
60.67 1381328
60.82 1373534
61.27 1373203
61.41 1372859
61.88 1372717
61.95 1372200
62.10 1371739
62.23 1371124
62.56 1369658
63.07 1369610
63.24 1369081
63.65 1368538
63.77 1368290
63.90 1367069
64.42 1366430
64.53 1364791
73.28 1363473
73.98 1360371
74.62 1360166
74.80 1359077
74.83 1358020
75.64 1355180
90.98 1349888
91.74 1346573
92.69 1346494
92.99 1345342
93.31 1344734
93.39 1344486
93.78 1342415
94.00 1340583
94.54 1339972
94.61 1337903
95.28 1337278
95.74 1334831
96.39 1334783
96.64 1334111
96.69 1333818
97.10 1333751
97.11 1332336
98.03 1331616
98.31 1331367
98.59 1331105
98.86 1331026
99.11 1330515
99.26 1323989
99.65 1323922
99.91 1323335
100.42 1323268
100.77 1322792
101.20 1322650
101.70 1322202
101.92 1321305
102.87 1319381
103.58 1317523
104.44 1316845
144.30 1315357
144.50 1307461
144.60 1307254
144.69 1305745
145.32 1305316
145.35 1305313
145.46 1299997
145.78 1298349
146.40 1297268
146.73 1286560
147.07 1286140
147.13 1285901
147.99 1285481
148.06 1285408
148.06 1284855
148.17 1284303
149.03 1281204
149.14 1279759
149.36 1279739
149.57 1276847
149.86 1276642
149.94 1275900
150.70 1273756
151.39 1273130
151.49 1271711
152.16 1271663
152.75 1271602
152.96 1271456