0.00 10896879
0.01 10744295
0.02 10668464
0.14 10568377
0.64 10514961
0.64 10366878
0.64 10267176
0.71 10266005
1.27 10259762
1.27 10236723
1.27 10193998
1.28 10121509
1.28 9994011
1.34 9930482
1.91 9904817
1.91 9766408
1.92 9763301
1.93 9755081
1.94 9632934
2.01 9575643
2.49 9534419
2.49 9520284
2.49 9464219
2.50 9370752
2.51 9278095
2.53 9274492
2.74 9261153
3.00 9260391
3.07 9190585
3.07 9142399
3.08 9123191
3.08 9119374
3.11 9081783
3.13 9075572
3.15 9016395
3.17 8994664
3.18 8984437
3.21 8971466
3.40 8957756
3.64 8915937
3.64 8803473
3.64 8660208
3.80 8643266
4.18 8642451
4.18 8617054
4.19 8602776
4.19 8537764
4.22 8495124
4.23 8467373
4.26 8357659
4.27 8300945
4.74 8291364
4.74 8273226
4.74 8190941
4.75 8131177
4.76 8127533
4.77 8114455
4.79 8089027
4.93 8082585
4.98 8025165
5.35 8000937
5.35 7897350
5.38 7800158
5.78 7790995
5.82 7757006
5.98 7744715
5.98 7650434
5.99 7600649
5.99 7545286
6.14 7524078
6.16 7459289
6.62 7449036
6.62 7340279
6.62 7297067
6.75 7241411
6.96 7206689
7.28 7113548
7.28 7108378
7.29 7066717
7.31 7026688
7.34 6994616
7.74 6947694
7.88 6920486
7.88 6905765
7.89 6893666
7.89 6827708
7.92 6747513
8.03 6732872
8.47 6732348
8.47 6683737
8.47 6633337
8.49 6608769
8.50 6569380
8.55 6552871
8.63 6533605
9.05 6530262
9.05 6529783
9.05 6518348
9.05 6513209
9.05 6509768
9.06 6454321
9.06 6410609
9.11 6358928
9.20 6353566
9.21 6333424
9.61 6328884
9.61 6239669
9.63 6069923
10.16 5981689
10.16 5979357
10.18 5935717
10.23 5851231
10.70 5845078
10.70 5827571
10.71 5770541
10.78 5744532
10.85 5727417
10.89 5717025
10.90 5707641
11.08 5705599
11.14 5679964
11.21 5617579
11.24 5602107
11.24 5598436
11.25 5595918
11.25 5564568
11.26 5560609
11.27 5530275
11.29 5498657
11.30 5460080
11.47 5445841
11.54 5442962
11.79 5408609
11.81 5393911
11.81 5378052
11.82 5336263
11.83 5323909
12.02 5311411
12.08 5297760
12.34 5272430
12.35 5128975
12.79 5126022
12.90 5114745
12.91 5114425
12.91 5079422
12.92 5036087
12.96 5010087
13.13 5001142
13.47 4991272
13.47 4973467
13.48 4972410
13.48 4960652
13.48 4942344
13.49 4911132
13.57 4872349
13.83 4861665
13.93 4846971
14.02 4826737
14.02 4823900
14.04 4808405
14.04 4787973
14.07 4766882
14.07 4712765
14.55 4674241
14.60 4652212
14.60 4574197
14.75 4539837
15.04 4516089
15.17 4503852
15.18 4500045
15.18 4437549
15.19 4421334
15.33 4412288
15.57 4301979
15.74 4261405
15.76 4260143
15.77 4251042
15.90 4217908
16.07 4182025
16.29 4154930
16.29 4133180
16.33 4110874
16.40 4090957
16.56 4078224
16.70 4044335
16.83 3979901
16.90 3950385
16.97 3938484
17.36 3923507
17.36 3923451
17.36 3918721
17.36 3860316
17.53 3856869
17.56 3848474
17.72 3820379
17.91 3811682
17.91 3802501
17.93 3796903
17.96 3754268
18.25 3748213
18.35 3698781
18.49 3687807
18.50 3677156
18.51 3673354
18.52 3617166
19.07 3615956
19.07 3602252
19.08 3600748
19.08 3566229
19.13 3560520
19.17 3501861
19.67 3497195
19.69 3496700
19.70 3465368
19.72 3462158
19.77 3454014
19.79 3445576
19.88 3431034
20.23 3414044
20.23 3376917
20.28 3366091
20.71 3354959
20.77 3347553
20.77 3337084
20.79 3312190
20.83 3279995
21.05 3278730
21.28 3273695
21.38 3270646
21.39 3262253
21.39 3254914
21.41 3232589
21.45 3223033
21.47 3213480
21.48 3212499
21.65 3202929
21.71 3187165
21.91 3181694
21.98 3181567
21.99 3166293
22.01 3157457
22.04 3139150
22.05 3092745
22.42 3078173
22.47 3077251
22.53 3062529
22.54 3036992
22.58 3030170
22.60 3020162
22.64 3018897
22.74 3014954
23.10 3014818
23.13 3010319
23.13 3000232
23.17 2971895
23.37 2911433
23.65 2889814
23.67 2857316
23.74 2854344
24.16 2840986
24.20 2827067
24.22 2816550
24.23 2793401
24.26 2781655
24.34 2770117
24.75 2768576
24.76 2731967
24.83 2730165
24.91 2689607
25.32 2689005
25.32 2673132
25.33 2635490
25.40 2623165
25.73 2598203
25.87 2585729
25.93 2551122
25.95 2550683
26.03 2547728
26.33 2531761
26.44 2525436
26.46 2499622
26.51 2498365
26.52 2498153
26.63 2487986
26.66 2478104
26.97 2451187
27.06 2440047
27.09 2433720
27.09 2431023
27.27 2425954
27.60 2425923
27.60 2413571
27.62 2399235
27.68 2389264
28.27 2379515
28.28 2376422
28.30 2376130
28.33 2374448
28.34 2355656
28.40 2342192
28.41 2324061
28.87 2323764
28.88 2307387
28.88 2293450
29.06 2277461
29.48 2272566
29.53 2263389
29.56 2263170
29.60 2238895
29.69 2228695
30.11 2227785
30.13 2202982
30.39 2192838
30.66 2187459
30.69 2184028
30.70 2178919
30.83 2177437
30.87 2155935
31.15 2146047
31.19 2142954
31.22 2141187
31.23 2132901
31.45 2124547
31.62 2123383
31.77 2122851
31.78 2119212
31.79 2110073
31.97 2101883
32.03 2075651
32.32 2060290
32.40 2053863
32.57 2039972
32.89 2039912
32.90 2034248
32.91 2025017
32.96 2010032
33.16 1999595
33.44 1995319
33.45 1994765
33.48 1992972
33.49 1968068
33.98 1965224
34.00 1963080
34.01 1962514
34.08 1961100
34.23 1959217
34.23 1948711
34.37 1944922
34.51 1921026
35.08 1912790
35.15 1908789
35.33 1902815
35.35 1901669
35.47 1899526
35.67 1895297
35.68 1856009
36.25 1854709
36.27 1848890
36.29 1840608
36.39 1834231
36.85 1832039
36.88 1831499
36.89 1827313
36.94 1822074
37.11 1821994
37.16 1814874
37.36 1812953
37.52 1810713
37.54 1799536
37.55 1776314
38.12 1776244
38.14 1776181
38.15 1774410
38.17 1768592
38.18 1759896
38.66 1759640
38.74 1758103
38.78 1757764
38.78 1755247
38.80 1750967
38.80 1745946
38.81 1741685
39.33 1741213
39.34 1739039
39.35 1733616
39.40 1729302
39.91 1720701
40.05 1712628
40.41 1703589
40.48 1701777
40.50 1699058
40.58 1698430
40.59 1697374
40.62 1695308
40.65 1695091
40.68 1686915
41.00 1679945
41.03 1675085
41.41 1669091
41.53 1659290
41.88 1655090
42.09 1654314
42.09 1653758
42.12 1645559
42.40 1619478
42.72 1613100
42.73 1611026
42.87 1607648
43.22 1595547
43.39 1595108
43.40 1595075
43.41 1594821
43.41 1594023
43.44 1593317
43.47 1588348
43.52 1586946
43.72 1578651
43.89 1577441
43.92 1577242
43.97 1577093
44.04 1573687
44.04 1570929
44.08 1569120
44.44 1568673
44.48 1568579
44.48 1568459
44.49 1566721
44.49 1561791
44.67 1556134
45.00 1551573
45.04 1535739
45.58 1534963
45.60 1534599
45.61 1533161
45.61 1522559
46.21 1521658
46.21 1521040
46.27 1514061
46.87 1509846
46.95 1505070
47.56 1505024
47.56 1503989
47.62 1496915
48.16 1493616
48.20 1488864
48.45 1488314
48.79 1487773
48.82 1487233
48.86 1485432
48.90 1482296
49.32 1482280
49.37 1476591
49.76 1476472
49.97 1470830
50.20 1469143
50.63 1468062
50.87 1464129
51.13 1462509
51.21 1462363
51.28 1454228
51.80 1433629
52.39 1433165
52.43 1432548
52.59 1431399
52.66 1429988
52.83 1428615
52.97 1428378
52.98 1425736
52.98 1424754
53.06 1424419
53.49 1416124
53.55 1416020
53.57 1408073
54.21 1407875
54.23 1407680
54.24 1403373
54.56 1401540
54.84 1399310
55.12 1398684
55.28 1396840
55.46 1395035
55.54 1394309
55.61 1390335
56.18 1388091
56.24 1388089
56.86 1385845
56.95 1385690
57.03 1383887
57.27 1383209
57.47 1367219
58.21 1366615
58.28 1364381
58.38 1363057
58.84 1362954
58.99 1361651
59.18 1360178
59.44 1357648
59.98 1356968
60.17 1356515
60.24 1356287
60.26 1356121
60.53 1355404
60.65 1353174
61.03 1348205
61.23 1344639
61.25 1342049
61.86 1341947
61.89 1341006
62.04 1338568
62.38 1336710
62.39 1332463
62.96 1330944
63.39 1330605
63.50 1330432
63.50 1330006
63.52 1329562
63.75 1329554
63.98 1329378
64.04 1329325
64.23 1328862
64.41 1328511
82.43 1328051
82.89 1326147
83.11 1325751
88.24 1322328
89.30 1319645
90.00 1319542
90.33 1319173
90.46 1319046
90.84 1316219
91.72 1315036
92.59 1314698
92.75 1306932
93.61 1306498
94.53 1305806
95.24 1305354
96.15 1305098
96.79 1304767
97.28 1302723
97.50 1273647
129.93 1270328
130.63 1270255
130.70 1262354
131.73 1257412
132.56 1256606
132.70 1256348
133.28 1255876
133.31 1255656
134.09 1255627
134.25 1254504
134.72 1253618
135.46 1251599
135.87 1250447
137.31 1249623
137.67 1249227
138.53 1242256
139.83 1242227
140.07 1241421
140.69 1241167
141.17 1240741