0.00 9902519
0.00 9900488
0.01 9883629
0.01 9877622
0.02 9710667
0.10 9707272
0.11 9689639
0.47 9687410
0.58 9636622
0.62 9636501
0.62 9636489
0.62 9610493
0.62 9597648
0.62 9310526
1.25 9008203
1.28 9004484
1.39 8989428
1.89 8815943
1.90 8801047
1.91 8767053
1.91 8723869
2.13 8696171
2.43 8680771
2.53 8643619
2.54 8624622
2.54 8605512
2.54 8585339
2.56 8575093
2.56 8571781
2.59 8511198
2.60 8438613
2.69 8404090
3.15 8378887
3.15 8283363
3.15 8210892
3.19 8142543
3.65 8140952
3.73 8138678
3.78 8103890
3.87 8019044
3.88 7929145
4.19 7918285
4.32 7884849
4.37 7865259
4.49 7861732
4.49 7858340
4.61 7795467
4.63 7787163
4.65 7640713
4.74 7616470
4.89 7605275
5.18 7431790
5.35 7410593
5.36 7386234
5.41 7339863
5.89 7200823
5.90 7145181
5.92 7097993
6.31 7046306
6.62 6962602
6.62 6933549
6.64 6909033
6.72 6808669
7.32 6807439
7.32 6781607
7.32 6604169
7.80 6590276
8.12 6516776
8.14 6440624
8.15 6348118
8.81 6260117
8.85 6246683
8.87 6159050
9.24 6130491
9.59 6129149
9.59 6106333
9.60 6098832
9.61 6083058
9.63 5904976
10.32 5886983
10.32 5802847
10.33 5688082
11.17 5687846
11.17 5684202
11.18 5667645
11.18 5607004
11.21 5598453
11.24 5595694
11.34 5563850
11.34 5553714
11.35 5494333
11.85 5477968
11.85 5438511
11.86 5320729
12.57 5306092
12.57 5294600
12.58 5281370
12.59 5228341
12.60 5227469
12.70 5192626
12.82 5186361
13.23 5134047
13.30 5080276
13.40 5048121
13.77 5044541
14.21 5040121
14.21 5038445
14.21 4983280
14.26 4909024
14.65 4894405
14.96 4892446
14.96 4861500
14.96 4853655
14.97 4817119
14.98 4809990
14.99 4758888
15.62 4756416
15.63 4713316
15.63 4711911
15.64 4710836
15.64 4667629
15.67 4626566
16.32 4607021
16.33 4586150
16.33 4563370
16.40 4525408
16.52 4522371
16.55 4517860
16.56 4485815
16.94 4470552
16.96 4435001
16.97 4406133
16.97 4384638
17.10 4377183
17.13 4360545
17.57 4358543
17.58 4357887
17.58 4341626
17.58 4312775
17.69 4257234
18.04 4225462
18.22 4213320
18.23 4186423
18.23 4152811
18.25 4146638
18.49 4092197
18.58 4031921
18.84 4001406
18.85 3986873
18.87 3973467
18.98 3968179
19.14 3907429
19.49 3905700
19.49 3842128
19.65 3841789
19.79 3826372
19.99 3803234
20.13 3767843
20.17 3664994
20.76 3658293
20.76 3625955
20.81 3603299
21.10 3601602
21.38 3596710
21.38 3547086
21.42 3543738
21.53 3538847
21.65 3524316
21.88 3507584
22.03 3504531
22.03 3470985
22.06 3428260
22.33 3424477
22.66 3415831
22.67 3410059
22.72 3366031
22.74 3346731
22.77 3345153
22.91 3336213
23.31 3335018
23.31 3334944
23.31 3323197
23.33 3258467
23.94 3240545
23.95 3214847
24.00 3195712
24.07 3181391
24.58 3180470
24.59 3168709
24.59 3132482
24.60 3112345
24.90 3105888
25.22 3081374
25.23 3076491
25.28 3062630
25.29 3042138
25.82 3035910
25.84 3028919
25.84 3028058
25.85 3025028
25.86 3002122
25.86 2995220
25.86 2982597
25.87 2982314
25.91 2965787
26.47 2963355
26.48 2962950
26.49 2955454
26.50 2920334
26.55 2903945
26.79 2901672
26.93 2892572
27.11 2891575
27.11 2886043
27.13 2868058
27.14 2840742
27.18 2829183
27.69 2818405
27.76 2813465
27.76 2812961
27.77 2806731
27.78 2787488
27.79 2786410
27.83 2783371
27.87 2778106
27.88 2762665
28.40 2759364
28.43 2757652
28.44 2754655
28.44 2750932
28.47 2747999
28.49 2720722
29.01 2715821
29.08 2710455
29.08 2708823
29.10 2707175
29.11 2705922
29.13 2704745
29.13 2701515
29.14 2681058
29.18 2673962
29.40 2672046
29.72 2658294
29.74 2626998
29.74 2622416
29.99 2618357
30.54 2609415
30.57 2601659
30.59 2601523
30.61 2601278
30.65 2594629
30.68 2579242
31.15 2557897
31.21 2555311
31.22 2546826
31.29 2523582
31.31 2512849
31.70 2502157
31.83 2493996
31.84 2493042
31.87 2487469
32.02 2471501
32.02 2452527
32.49 2444629
32.51 2416809
32.59 2406645
32.74 2402703
33.11 2391642
33.18 2391544
33.22 2385785
33.41 2378401
33.77 2375635
33.78 2375293
33.78 2369245
33.83 2344457
33.92 2341802
34.26 2339286
34.37 2332825
34.46 2315542
34.51 2292148
34.99 2291556
35.01 2284345
35.01 2283256
35.05 2263372
35.31 2252170
35.64 2248386
35.65 2243300
35.76 2219471
36.00 2215571
36.28 2215533
36.28 2214329
36.33 2206362
36.35 2175966
36.92 2175827
36.93 2175305
36.94 2170638
36.98 2163386
36.98 2162895
37.12 2152719
37.20 2146267
37.21 2145607
37.61 2138465
37.64 2132928
37.73 2123078
37.74 2121863
38.04 2111663
38.23 2109821
38.24 2109304
38.26 2106430
38.30 2073231
38.88 2054617
38.98 2043028
39.53 2021002
40.19 2020943
40.22 2008963
40.27 2000948
40.31 1950737
40.86 1922946
41.33 1918135
41.48 1903117
41.53 1889932
41.55 1877425
42.09 1876863
42.14 1872468
42.14 1860165
42.17 1849072
42.80 1847230
42.82 1841758
42.83 1840064
42.89 1829854
43.39 1827804
43.40 1822537
43.44 1796806
43.86 1766104
44.04 1765746
44.05 1765508
44.08 1764996
44.09 1761034
44.11 1758165
44.42 1757096
44.64 1743922
44.68 1732612
44.73 1732128
45.00 1731628
45.02 1729234
45.35 1728657
45.36 1694674
45.96 1674965
46.62 1672843
46.66 1666430
46.98 1660864
47.22 1652436
47.24 1644879
47.28 1644318
47.40 1641625
47.87 1634308
47.94 1634068
47.96 1632321
48.37 1631201
48.37 1627299
48.46 1622713
48.47 1620919
48.47 1619584
48.54 1618579
48.54 1613598
49.04 1613397
49.12 1610971
49.15 1609319
49.17 1604862
49.25 1594783
49.45 1593820
49.71 1585702
49.82 1581016
50.32 1570603
50.98 1562931
51.01 1561733
51.58 1555515
51.63 1554416
51.69 1552355
51.83 1550851
52.20 1543179
52.25 1529264
52.86 1519861
53.09 1516257
53.43 1508940
53.58 1500961
53.65 1485927
54.22 1484776
54.26 1482037
54.28 1482007
54.30 1481897
54.59 1479711
55.03 1478189
55.18 1476372
55.24 1475414
55.25 1449087
55.25 1447924
55.79 1438521
56.65 1437595
56.69 1436681
56.74 1434213
56.90 1433792
57.24 1430403
57.35 1429161
57.40 1427699
57.78 1424314
57.97 1421101
58.11 1411797
58.79 1411475
58.82 1407500
58.94 1406195
59.34 1404480
59.51 1401735
59.71 1401127
59.79 1399769
59.84 1396959
60.15 1393379
60.53 1392609
60.55 1389245
60.63 1389082
61.00 1388668
61.20 1387924
61.41 1382611
62.04 1377882
62.04 1377288
62.52 1376877
62.84 1375090
62.93 1374918
62.95 1373429
63.14 1371200
63.14 1369767
63.17 1367962
63.54 1366440
63.80 1365859
63.81 1363665
64.27 1361699
64.47 1359546
64.84 1359442
64.87 1352608
65.31 1350270
65.45 1350182
65.61 1349872
65.62 1347285
66.03 1347130
66.04 1344540
66.37 1344508
66.56 1339112
66.69 1338991
67.08 1338748
67.10 1335101
67.62 1334808
67.75 1334804
67.82 1334281
67.92 1329705
68.23 1329215
68.30 1295479
68.74 1293825
68.77 1292545
68.82 1291538
69.29 1288078
69.47 1287230
69.93 1286741
70.35 1285127
70.42 1283770
70.45 1283713
70.76 1283281
70.89 1279210
71.10 1278813
71.47 1278367
71.75 1278124
72.02 1277869
72.21 1277725
72.33 1277472
72.48 1277179
72.64 1274258
234.91 1265344
235.16 1265330
235.50 1265202
235.73 1265018
236.82 1264529
236.94 1263663
237.42 1263007
276.73 1261897
277.20 1261089
277.55 1257548
277.74 1257050
277.86 1256740
278.71 1256343
317.97 1248679
318.57 1248181
319.35 1243312
320.15 1241346
320.88 1241344
321.21 1240710
321.98 1240617