0.00 10244955
0.00 10226671
0.01 10055041
0.04 10052034
0.04 10038774
0.07 9919820
0.65 9893734
0.65 9830768
0.66 9764128
0.66 9756348
0.68 9737360
0.68 9684004
0.77 9642186
1.32 9628958
1.33 9548318
1.33 9461005
1.33 9347391
1.77 9321430
1.95 9258931
1.95 9228515
1.95 9225724
1.96 9208578
1.98 9157991
1.98 9152794
2.03 9086401
2.05 9073643
2.37 8992160
2.63 8988482
2.63 8825366
2.64 8794457
2.65 8697365
3.27 8689783
3.27 8571363
3.28 8531953
3.31 8492325
3.31 8463618
3.46 8394158
3.96 8393608
3.96 8387560
3.96 8361356
3.97 8304460
3.97 8298351
3.97 8209752
4.07 8170291
4.12 8159476
4.59 8157462
4.59 8145124
4.61 8083183
4.62 8016487
4.65 7969077
4.70 7900793
5.25 7885768
5.25 7871995
5.26 7861376
5.26 7833310
5.26 7812322
5.27 7650716
5.92 7580220
5.92 7536201
5.93 7519611
5.94 7495773
5.96 7485589
6.20 7410992
6.56 7324728
6.56 7219769
7.18 7204041
7.26 7085707
7.28 6988752
7.93 6978169
7.94 6828332
7.97 6826902
8.00 6821384
8.05 6797884
8.39 6793763
8.60 6769241
8.60 6702426
8.62 6692327
8.64 6646502
8.88 6592504
8.93 6588323
9.18 6578474
9.26 6576961
9.27 6522326
9.27 6473822
9.30 6417066
9.60 6388101
9.81 6330558
9.95 6295649
9.95 6280367
9.96 6253952
9.97 6218492
9.97 6165932
10.34 6153706
10.57 6134721
10.76 6129959
10.76 6051290
10.78 6008968
11.10 6006699
11.13 5933824
11.43 5919227
11.43 5888231
11.44 5872726
11.45 5864505
11.46 5849682
11.46 5843866
11.47 5827832
11.70 5810048
11.98 5792528
12.01 5724265
12.12 5687600
12.12 5596243
12.13 5548626
12.86 5548390
12.87 5517399
12.87 5484314
12.87 5434344
12.89 5410353
13.57 5409543
13.57 5402698
13.57 5286345
13.81 5267948
14.00 5241457
14.24 5240622
14.30 5237502
14.30 5222164
14.30 5214593
14.31 5184926
14.35 5183024
14.40 5127673
14.49 5110914
14.91 5082159
14.92 5025184
14.96 4957134
15.51 4954043
15.51 4918702
15.52 4916624
15.53 4913152
15.54 4906763
15.54 4780282
16.14 4766632
16.14 4760295
16.14 4702421
16.16 4702137
16.21 4650934
16.21 4643166
16.72 4638986
16.78 4637703
16.78 4634073
16.79 4516710
17.00 4514248
17.27 4447301
17.43 4418128
17.43 4406791
17.45 4388743
17.46 4367153
17.51 4350485
17.66 4325025
17.68 4321328
18.05 4319588
18.06 4311172
18.06 4273084
18.09 4252699
18.14 4234618
18.25 4191980
18.39 4187084
18.70 4182190
18.70 4146235
18.73 4129720
18.76 4093959
18.79 4054176
19.09 4041134
19.32 4029245
19.32 4018905
19.32 3989230
19.34 3984891
19.38 3934449
19.74 3918858
19.94 3918531
19.95 3908785
19.96 3880287
19.98 3875981
20.01 3860478
20.12 3850229
20.12 3829592
20.24 3824425
20.55 3817431
20.55 3774829
20.63 3754354
20.73 3752141
20.78 3743230
21.16 3740292
21.16 3737578
21.16 3710428
21.23 3705644
21.39 3695522
21.41 3686985
21.52 3682132
21.70 3616919
21.77 3614052
21.77 3612467
21.78 3594217
21.80 3576422
21.81 3543882
22.39 3528946
22.41 3516245
22.41 3499800
22.44 3490470
22.45 3482489
22.55 3462762
23.01 3456502
23.01 3450440
23.02 3442961
23.03 3430706
23.04 3402779
23.14 3388855
23.46 3341355
23.62 3335641
23.63 3334212
23.63 3305851
23.66 3287943
23.92 3282185
23.99 3277842
24.08 3274186
24.24 3248418
24.27 3216389
24.41 3214203
24.85 3208991
24.86 3170353
24.86 3154511
24.91 3144132
24.97 3140296
25.46 3123203
25.48 3099439
25.53 3095967
25.56 3093913
25.63 3092929
25.77 3085526
25.79 3080604
26.05 3079924
26.05 3063511
26.07 3059254
26.13 3058613
26.16 3053435
26.18 3041513
26.22 3012652
26.64 3001046
26.65 2983792
26.65 2975324
26.71 2969452
26.74 2959258
26.99 2956325
27.24 2944934
27.28 2937958
27.30 2929546
27.30 2923585
27.31 2920729
27.35 2914013
27.43 2906568
27.50 2896505
27.86 2890185
27.87 2868679
27.88 2851574
27.94 2840013
28.35 2836837
28.47 2834296
28.47 2833318
28.48 2811113
28.54 2810028
28.60 2805178
28.60 2789677
28.93 2784364
28.98 2768208
29.09 2764592
29.09 2751776
29.09 2746217
29.13 2739517
29.13 2731067
29.13 2713149
29.40 2709675
29.45 2700725
29.71 2696828
29.73 2688326
29.75 2679774
29.88 2672406
29.99 2661726
30.19 2646904
30.34 2639890
30.39 2625812
30.48 2615186
30.49 2611096
30.65 2589773
30.74 2567228
30.95 2567070
30.95 2540676
30.96 2530174
31.01 2527955
31.09 2509864
31.56 2509358
31.56 2508234
31.57 2505855
31.58 2492821
31.59 2489528
31.59 2486647
31.74 2480395
31.77 2466987
31.82 2460399
32.15 2442238
32.17 2417522
32.35 2417199
32.48 2405340
32.79 2379572
32.82 2362140
33.22 2360633
33.41 2359012
33.43 2350088
33.47 2337433
33.54 2314688
34.02 2305082
34.04 2305060
34.06 2288920
34.31 2283029
34.63 2281794
34.63 2256705
34.99 2255080
35.25 2250737
35.25 2249596
35.25 2247755
35.25 2234129
35.36 2231476
35.54 2230951
35.87 2227238
35.87 2223634
35.98 2209078
36.00 2205045
36.24 2198763
36.48 2188322
36.51 2184634
36.51 2147385
37.07 2146128
37.08 2143430
37.09 2116551
37.67 2113746
37.67 2109536
37.70 2104250
37.70 2096612
37.76 2089772
37.88 2079951
38.29 2074885
38.29 2070333
38.34 2048856
38.59 2048090
38.91 2046567
38.93 2043257
38.95 2028423
39.00 2022778
39.19 2022404
39.45 2021281
39.52 2019675
39.53 2017534
39.54 2001673
39.55 1999053
40.06 1994957
40.06 1982991
40.10 1981476
40.12 1980928
40.12 1980219
40.15 1970721
40.27 1961537
40.34 1961067
40.75 1952981
40.75 1952856
40.84 1947255
40.84 1937103
40.87 1934877
41.33 1934821
41.33 1933642
41.34 1921480
41.44 1914938
41.75 1912649
41.89 1910888
41.94 1903572
41.96 1900848
42.03 1899060
42.55 1887642
42.61 1877924
43.14 1876509
43.14 1873552
43.18 1871538
43.23 1864737
43.29 1855933
43.68 1851007
43.74 1846016
43.78 1844697
43.80 1835734
43.96 1832050
44.27 1828916
44.35 1820520
44.41 1819395
44.51 1802592
44.96 1802300
44.98 1798297
44.99 1786379
45.13 1783305
45.56 1783049
45.57 1782896
45.60 1781204
45.61 1779440
45.69 1778648
45.83 1778059
45.86 1777402
45.97 1776919
45.97 1775849
46.02 1769623
46.16 1758205
46.29 1757842
46.31 1753410
46.78 1752175
46.80 1747944
47.11 1746140
47.12 1736367
47.31 1735511
47.37 1731367
47.38 1729204
47.44 1719285
47.65 1714887
47.68 1710353
48.00 1708613
48.01 1708333
48.01 1706227
48.12 1703967
48.25 1701608
48.44 1699074
48.52 1698838
48.56 1698081
48.63 1691774
48.70 1678473
48.72 1676305
49.21 1675345
49.21 1674899
49.23 1664809
49.48 1659262
49.82 1655830
49.82 1643036
50.44 1638278
50.50 1637572
50.80 1634908
50.97 1634039
51.02 1631355
51.10 1631021
51.19 1629886
51.26 1618766
51.66 1616329
51.67 1612782
52.00 1610370
52.24 1609135
52.33 1597224
52.88 1595141
52.90 1594787
53.12 1590375
53.13 1587469
53.46 1585527
53.48 1584037
53.59 1581644
53.88 1581556
53.90 1579358
54.06 1578605
54.07 1576655
54.30 1574179
54.47 1571878
54.68 1566915
55.04 1564335
55.09 1564137
55.33 1563364
55.33 1558224
55.34 1552858
55.42 1544529
55.98 1542587
56.01 1542401
56.06 1539350
56.26 1534489
56.58 1534169
56.65 1530261
56.76 1529451
56.77 1529249
57.20 1529086
57.27 1528934
57.28 1525926
57.75 1525419
57.81 1519041
58.11 1514041
58.42 1512751
58.48 1503343
59.05 1502527
59.15 1496641
59.66 1495205
59.68 1491297
60.05 1489098
60.27 1488979
60.31 1488641
60.33 1486387
60.43 1462245
60.87 1458380
60.99 1456632
61.08 1456159
61.37 1455867
61.48 1455812
61.48 1455710
61.50 1453712
61.51 1453372
61.57 1452736
61.70 1448742
62.06 1445380
62.07 1444909
62.08 1444036
62.26 1442656
62.72 1441148
62.78 1440633
63.15 1430326
63.44 1426580
63.58 1419506
63.92 1418839
63.94 1415668
64.28 1414075
64.54 1412785
64.57 1410242
64.80 1409101
64.98 1408162
65.16 1406139
65.28 1406018
65.45 1403766
65.62 1403736
65.84 1403413
65.93 1399903
66.34 1399803
66.37 1398838
66.48 1398004
66.90 1397300
67.05 1395809
67.47 1394995
67.50 1394969
67.57 1394622
67.57 1394531
67.79 1393858
67.80 1391537
68.32 1391533
68.38 1391147
68.54 1390087
68.54 1390014
81.12 1388283
81.47 1385539
81.54 1384939
81.54 1370592
81.74 1367035
82.14 1366229
82.16 1365389
82.31 1363279
82.65 1360563
82.75 1358419
83.23 1356807
83.36 1356674
83.43 1355808
83.81 1355291
83.97 1354976
84.23 1354706
84.27 1353915
84.33 1340344
84.55 1337444
85.14 1335754
85.45 1335046
85.75 1334980
85.82 1333968
86.05 1329535
86.78 1327889
86.86 1326899
87.06 1326657
87.06 1325900
87.27 1325827
87.30 1324755
87.53 1324273
87.57 1323081
88.23 1321435
88.96 1320997
89.46 1320482
89.52 1320191
90.19 1319709
90.54 1318644
90.87 1318637
91.17 1318526
91.93 1318284
92.01 1316836
92.43 1316594
92.82 1316321
93.29 1316114
93.38 1316076
93.49 1315641
93.72 1315396
94.13 1314331
94.78 1313529