0.00 9491768
0.01 9467045
0.01 9348370
0.07 9314218
0.08 9311059
0.16 9293240
0.30 9267815
0.60 9218918
0.66 9205871
0.66 9151192
0.66 9128793
0.67 9119836
0.67 8987135
0.68 8896922
1.34 8810471
1.34 8732114
1.36 8617391
1.64 8616996
1.98 8593151
1.98 8478050
1.98 8417550
2.04 8397308
2.59 8362822
2.62 8353724
2.63 8293697
2.63 8267391
2.64 8167609
2.67 8162709
2.72 8117762
2.86 8077284
3.32 8036113
3.32 7972994
3.35 7858072
3.64 7856242
3.68 7816438
3.96 7738302
3.96 7720086
3.96 7609678
4.01 7601513
4.04 7535164
4.61 7504335
4.61 7493468
4.62 7411913
4.63 7355300
4.69 7301162
4.77 7285252
4.99 7278885
5.25 7229568
5.25 7208083
5.27 7175830
5.27 7160491
5.31 7027084
5.85 6947655
5.85 6896384
5.85 6884959
5.90 6867940
5.91 6848948
5.93 6826934
6.03 6824574
6.10 6799891
6.33 6797463
6.46 6762812
6.46 6745797
6.46 6741615
6.47 6735176
6.49 6694006
6.50 6619327
6.57 6580091
6.59 6560615
7.06 6557542
7.06 6547755
7.07 6537337
7.08 6520210
7.09 6500066
7.09 6478538
7.09 6463252
7.12 6430598
7.14 6362332
7.23 6333422
7.63 6264584
7.65 6231135
7.69 6213994
7.76 6164191
7.77 6162890
7.83 6159338
7.90 6155492
7.93 6100059
8.21 6009684
8.22 6008301
8.33 5986134
8.36 5962707
8.46 5950144
8.56 5946285
8.66 5930626
8.71 5911513
8.82 5784070
8.87 5767032
8.93 5764950
9.16 5747899
9.19 5746705
9.28 5700984
9.42 5697992
9.42 5690673
9.43 5673282
9.43 5644678
9.45 5636788
9.47 5610363
9.50 5609226
9.52 5591742
9.89 5582393
9.93 5577985
9.94 5566956
10.05 5548145
10.05 5494616
10.10 5457714
10.13 5454873
10.22 5414681
10.69 5397223
10.69 5308496
10.79 5291682
11.00 5284430
11.32 5246485
11.33 5222211
11.35 5212951
11.39 5187364
11.41 5134812
11.98 5131750
11.98 5129188
11.99 5101303
12.00 5095733
12.00 5045704
12.15 5025070
12.27 4994664
12.35 4975159
12.63 4967033
12.63 4912872
12.63 4903680
12.64 4897207
12.71 4824674
12.78 4805928
13.32 4805270
13.33 4781926
13.33 4706266
13.36 4680426
13.80 4664432
13.97 4513947
14.69 4512393
14.70 4481320
14.70 4409845
15.43 4384547
15.44 4355462
15.45 4269697
16.17 4267229
16.18 4255337
16.18 4221905
16.18 4189214
16.41 4154466
16.84 4153650
16.84 4153554
16.85 4107454
16.85 4103109
17.02 4081835
17.24 4073511
17.34 4062848
17.38 4058134
17.47 4057595
17.47 4055837
17.47 4040043
17.47 4018800
17.49 4004351
17.64 4001151
17.67 3984694
17.73 3984311
17.76 3967071
18.09 3920613
18.13 3897240
18.14 3891398
18.14 3857829
18.70 3857791
18.70 3749533
19.31 3739674
19.32 3685523
19.32 3664813
19.32 3627393
19.94 3626186
19.94 3603723
19.95 3525225
20.70 3525093
20.71 3513054
20.73 3507125
20.76 3468401
20.92 3468242
21.28 3449215
21.28 3428417
21.40 3425632
21.40 3424720
21.41 3409298
21.42 3368697
21.42 3335457
22.03 3334981
22.03 3303139
22.04 3281104
22.15 3276598
22.29 3262017
22.63 3256239
22.63 3254689
22.64 3249351
22.65 3220944
22.68 3204502
22.80 3187402
23.42 3127682
23.75 3123743
24.31 3108390
24.32 3074142
24.42 3073893
24.51 3047693
25.41 3045546
25.41 3041123
25.43 3005349
25.54 2994573
25.89 2976214
26.52 2955756
26.53 2943549
26.53 2925134
26.56 2916494
27.24 2863447
27.52 2859670
27.89 2859137
27.89 2855832
27.91 2817992
27.91 2812596
27.92 2801055
28.58 2794551
28.64 2749805
28.77 2746702
29.27 2742874
29.27 2716335
29.29 2703920
29.52 2696968
29.60 2683406
29.91 2682208
29.94 2650741
29.97 2641889
29.99 2607396
30.54 2556039
30.76 2541663
31.23 2534072
31.25 2532571
31.26 2517576
31.27 2515981
31.31 2513614
31.38 2486998
32.02 2481351
32.03 2474361
32.05 2470570
32.19 2467748
32.21 2466477
32.27 2443024
32.58 2429928
32.61 2414873
32.65 2411977
32.71 2405639
32.78 2389324
33.20 2380539
33.21 2349260
33.27 2345524
33.40 2344426
33.80 2337967
33.84 2326420
33.92 2323534
33.95 2316086
33.97 2298434
34.03 2287893
34.03 2270361
34.37 2234338
34.49 2220287
34.91 2219767
34.92 2218984
34.92 2187622
34.99 2175389
35.44 2164525
35.45 2156459
35.46 2153637
35.62 2124500
35.89 2110592
36.00 2103875
36.05 2068438
36.51 2060581
36.54 2048603
36.60 2038678
36.64 2025631
36.91 2018427
37.11 2014940
37.12 2005086
37.15 1999032
37.30 1994622
37.37 1984593
37.68 1980478
37.68 1976973
37.71 1975045
37.78 1954595
37.86 1943076
38.19 1932421
38.21 1910152
38.73 1909649
38.74 1903729
38.79 1893724
38.80 1880051
39.27 1871208
39.29 1844492
39.67 1843079
39.80 1842576
39.87 1835459
39.88 1807680
40.27 1807520
40.32 1804201
40.32 1803193
40.32 1797700
40.40 1791231
40.65 1785617
40.90 1785038
40.90 1755619
41.21 1747473
41.40 1737544
41.62 1730853
41.86 1728836
41.98 1728835
41.98 1718018
42.06 1717892
42.28 1698838
42.74 1685459
43.11 1680264
43.38 1679369
43.39 1679307
43.51 1675887
43.53 1674667
43.62 1668112
43.72 1667411
44.03 1655340
44.41 1623437
44.69 1615545
44.73 1611034
44.80 1606604
45.47 1602528
45.52 1588758
46.39 1586397
46.54 1585186
46.78 1583577
46.83 1579801
46.88 1575379
47.07 1567759
47.10 1563227
47.58 1561433
47.73 1561247
47.75 1553962
48.04 1545748
48.24 1534764
48.35 1533011
48.37 1532435
48.37 1524205
48.50 1519079
49.03 1518267
49.07 1512837
49.18 1505603
49.64 1505004
49.68 1503842
49.79 1498108
49.96 1496646
50.25 1495425
50.35 1495208
50.56 1484575
50.87 1484306
50.95 1478978
51.24 1477104
51.49 1470681
52.14 1464439
52.84 1464303
52.97 1464256
53.02 1462831
53.02 1462715
53.23 1458135
53.34 1451751
53.39 1447683
53.60 1446140
53.61 1417996
54.29 1409962
54.43 1400705
54.83 1400674
54.85 1400280
54.86 1392624
55.47 1392051
55.51 1391592
55.53 1386989
55.95 1386384
56.10 1386367
56.11 1386315
56.13 1385711
56.22 1384953
56.26 1378764
56.72 1378684
56.75 1373583
56.77 1373129
57.36 1370199
57.46 1368197
57.54 1366887
58.05 1361955
58.67 1359634
58.67 1357918
59.31 1355597
59.49 1354568
60.07 1348904
60.44 1345047
60.63 1343338
61.14 1339674
61.31 1339644
61.44 1338666
61.52 1338405
61.55 1335174
62.13 1335127
62.16 1334134
62.41 1332253
62.64 1331092
62.70 1321694
63.58 1319985
63.70 1316010
64.07 1315980
64.11 1314741
64.39 1307976
64.78 1307929
65.03 1306968
65.40 1306888
65.53 1306762
65.62 1304661
65.80 1303167
65.94 1301425
66.10 1299841
66.10 1297624
66.87 1297270
66.88 1296729
67.35 1292921
67.83 1292496
67.85 1290695
68.33 1289905
68.64 1289655
68.82 1289163
68.96 1288738
69.01 1281571
69.67 1281217
70.39 1280792
70.40 1279996
70.71 1278871
70.90 1278791
71.02 1278729
71.56 1277602
71.87 1277460
71.99 1276562
76.98 1264128
77.83 1262984
79.15 1252281
79.85 1252139
79.90 1250993
80.50 1250098
80.83 1249832
81.23 1248830
82.09 1248688
82.55 1248040
83.10 1244478
83.42 1244104
83.97 1243962
84.13 1243898
84.22 1241949
84.67 1240957
84.90 1228074
85.34 1227082
85.95 1226384
86.25 1225748
87.30 1224853
88.11 1224711
88.23 1223861