0.00 10208041
0.00 10134400
0.01 9917465
0.42 9901705
0.57 9767614
0.59 9720560
0.61 9598137
0.77 9595647
1.12 9589812
1.12 9559096
1.13 9549068
1.13 9486952
1.16 9453638
1.20 9372284
1.28 9350030
1.29 9344006
1.30 9337864
1.34 9273384
1.69 9231544
1.69 8933154
2.24 8901024
2.25 8898981
2.25 8885494
2.26 8873352
2.26 8861130
2.26 8760447
2.27 8707784
2.65 8667420
2.69 8624761
2.78 8609501
2.78 8569796
2.78 8547439
2.79 8508145
2.79 8474380
2.80 8408078
2.81 8369091
3.24 8364579
3.35 8334673
3.36 8197332
3.36 8159562
3.37 8118499
3.56 8110257
3.74 8108804
3.93 8031359
3.93 7988441
3.94 7981004
3.94 7968517
3.96 7946401
3.98 7852769
4.36 7852320
4.51 7841526
4.51 7832646
4.51 7804779
4.52 7631444
4.56 7573115
5.09 7567890
5.09 7429357
5.17 7420286
5.27 7380796
5.28 7374378
5.31 7360227
5.47 7271598
5.64 7239373
5.65 7046148
6.12 7044935
6.20 7039852
6.20 6908404
6.22 6893303
6.30 6822051
6.35 6787838
6.78 6766458
6.78 6763623
6.78 6752399
6.79 6727628
6.80 6676932
6.80 6666616
6.94 6638392
6.96 6608884
6.98 6604467
7.05 6560600
7.35 6368281
7.52 6359669
7.88 6337716
7.90 6325503
7.90 6322323
7.91 6308150
7.91 6258215
7.94 6145397
8.10 6133036
8.48 6092674
8.48 6086692
8.49 6085495
8.50 6038310
8.51 6017597
8.52 6014193
8.66 5973899
9.02 5901661
9.03 5845903
9.15 5792332
9.49 5771263
9.58 5717046
9.59 5708191
9.61 5685819
9.64 5625709
10.12 5590910
10.15 5542852
10.17 5516703
10.23 5498381
10.65 5494691
10.65 5494656
10.66 5486477
10.66 5476772
10.67 5410189
10.71 5381314
10.72 5345411
11.21 5345173
11.21 5338013
11.21 5315039
11.22 5293002
11.27 5245070
11.35 5211435
11.54 5206552
11.76 5202862
11.77 5198844
11.78 5138367
11.81 5089879
11.99 5081062
12.29 5023819
12.30 5019746
12.30 4982560
12.32 4954782
12.32 4950283
12.33 4920742
12.37 4872545
12.86 4850057
12.87 4818528
12.89 4776781
13.08 4719953
13.41 4703129
13.41 4679363
13.41 4620717
13.42 4567085
13.95 4542838
13.98 4490193
14.07 4454773
14.54 4440542
14.54 4424894
14.57 4394210
14.61 4391363
14.80 4350030
15.10 4336398
15.11 4333849
15.11 4276795
15.17 4265066
15.18 4246780
15.42 4232705
15.65 4232168
15.66 4231096
15.66 4219941
15.67 4214907
15.68 4159741
15.94 4136349
16.20 4068577
16.29 4066467
16.29 4063385
16.55 4059551
16.76 4047405
16.76 4015832
16.80 3999101
16.83 3974587
17.30 3969003
17.31 3959252
17.37 3955980
17.38 3937205
17.38 3881601
17.39 3872335
17.60 3864105
17.82 3833884
17.85 3832873
17.86 3770506
18.07 3748668
18.34 3736358
18.41 3709374
18.42 3677448
18.44 3668060
18.69 3663394
18.94 3643890
18.96 3560848
19.51 3532872
19.56 3527739
19.63 3496049
19.65 3495609
19.73 3490679
20.04 3457598
20.06 3454852
20.06 3443360
20.08 3421115
20.13 3394220
20.62 3387945
20.62 3378784
20.62 3328981
20.72 3316666
21.16 3272806
21.30 3245252
21.35 3208095
21.70 3190660
21.71 3171612
21.71 3147532
21.75 3147400
21.90 3139058
22.24 3136306
22.24 3132413
22.25 3129200
22.27 3112155
22.28 3091331
22.29 3078596
22.39 3073804
22.75 3025797
22.78 3010361
22.78 3004712
22.79 2998764
22.79 2984378
22.82 2979341
22.82 2978523
23.34 2960845
23.34 2941887
23.39 2933036
23.39 2929701
23.40 2921725
23.41 2879626
23.90 2871775
23.90 2869731
23.92 2859490
23.93 2857439
23.94 2848958
24.01 2847999
24.10 2815826
24.20 2806662
24.44 2805912
24.46 2804699
24.47 2804523
24.47 2787594
24.47 2775010
24.58 2759155
24.68 2759145
24.81 2757062
24.97 2745973
25.01 2722161
25.05 2719744
25.06 2705666
25.12 2691381
25.14 2636967
25.65 2634963
25.67 2629268
25.69 2602015
25.95 2594898
26.00 2581336
26.27 2571905
26.29 2560423
26.36 2559417
26.40 2538454
26.52 2533078
26.82 2532628
26.84 2510001
26.87 2502410
27.01 2492996
27.10 2469278
27.42 2438610
27.49 2436949
27.56 2414920
28.11 2401524
28.14 2399115
28.16 2360494
28.78 2359503
28.81 2357293
28.83 2348514
28.84 2343643
28.84 2337024
28.91 2334447
28.98 2328874
29.43 2327481
29.43 2324612
29.43 2305813
29.49 2301065
29.63 2298504
30.03 2275820
30.08 2274061
30.09 2272157
30.09 2269459
30.15 2262375
30.24 2262218
30.35 2247888
31.01 2247393
31.03 2244321
31.05 2233752
31.05 2231956
31.11 2220472
31.17 2211337
31.32 2209750
31.35 2208507
31.53 2200296
31.69 2192888
31.76 2188910
31.80 2186302
32.00 2174067
32.18 2171468
32.32 2169969
32.32 2166134
32.33 2155049
32.39 2144135
32.90 2128586
32.97 2115893
33.17 2110637
33.21 2096462
33.38 2084913
33.66 2084604
33.66 2083413
33.68 2077778
33.73 2076885
33.80 2064777
33.90 2056832
34.35 2056811
34.35 2056068
34.35 2054737
34.36 2047625
34.51 2029499
34.53 2027305
34.68 2024708
34.87 2018488
34.94 2015314
34.95 2013144
34.98 2012805
34.98 2001397
35.28 2000539
35.30 1993990
35.51 1979622
35.59 1965153
35.98 1964530
36.06 1959486
36.15 1959132
36.17 1957781
36.18 1951917
36.19 1945761
36.23 1945083
36.38 1941537
36.69 1941264
36.70 1936643
36.70 1932803
36.82 1920640
36.86 1899400
36.89 1895342
37.30 1889998
37.32 1888171
37.37 1880250
37.37 1874010
37.38 1868009
37.61 1865433
37.97 1859819
38.00 1847500
38.29 1840935
38.67 1835223
38.75 1835026
38.76 1829940
38.82 1824516
39.31 1823343
39.33 1813823
39.53 1797183
39.92 1793944
40.02 1789599
40.03 1789577
40.08 1787943
40.12 1780407
40.56 1776434
40.56 1769425
40.63 1767025
40.76 1717550
41.22 1717447
41.24 1712564
41.30 1696218
41.60 1695799
41.87 1694444
41.88 1684817
42.35 1679267
42.43 1668873
42.85 1665885
43.04 1662026
43.05 1655071
43.07 1648794
43.12 1647593
43.77 1646621
43.86 1646055
43.95 1645574
43.95 1644751
44.07 1639987
44.12 1638677
44.17 1637199
44.41 1618999
44.46 1603638
45.07 1603188
45.09 1601436
45.10 1595940
45.22 1595797
45.34 1586547
45.70 1585575
45.73 1583570
45.76 1581653
45.79 1580315
45.87 1574423
46.37 1573926
46.37 1563428
46.86 1562422
46.99 1557038
47.06 1555536
47.42 1551608
47.66 1549333
47.71 1544024
47.92 1543028
47.99 1542890
48.03 1537292
48.08 1533857
48.30 1528963
48.46 1527828
48.65 1524635
48.67 1519388
48.86 1516214
48.89 1512143
49.00 1505072
49.39 1502045
49.40 1494284
49.95 1492420
49.98 1490105
50.00 1487164
50.00 1485368
50.51 1480839
50.52 1479339
50.57 1476788
51.03 1475378
51.06 1475250
51.08 1471983
51.17 1471751
51.19 1469686
51.61 1468304
51.63 1466902
51.65 1465462
51.71 1465265
51.88 1464834
51.94 1464572
51.95 1461578
52.21 1459355
52.37 1456844
52.40 1454050
52.88 1451499
53.02 1450379
53.10 1447183
53.13 1445789
53.46 1442118
53.49 1441216
53.80 1439760
53.85 1438922
53.92 1438669
53.99 1438395
54.00 1437993
54.04 1437812
54.08 1435917
54.20 1432640
54.54 1432609
54.68 1431687
54.70 1430946
54.70 1429607
54.77 1414817
55.19 1414786
55.27 1412722
55.37 1409966
55.54 1408994
55.75 1408661
55.75 1408529
55.81 1407233
55.87 1404392
55.93 1403957
56.25 1402762
56.31 1402605
56.32 1398545
56.88 1398191
56.91 1396224
57.45 1391882
57.59 1390402
58.06 1390390
58.07 1387658
58.13 1384127
58.56 1384008
58.64 1383055
58.77 1382409
58.94 1377092
59.22 1374250
59.37 1373637
59.63 1373428
59.83 1373193
59.86 1372026
59.95 1371004
60.04 1363034
60.47 1362868
60.49 1357982
60.95 1347713
61.05 1342819
61.78 1342503
61.88 1339734
62.23 1336892
62.31 1336328
62.43 1334697
63.01 1334381
63.01 1334203
63.04 1328225
63.55 1327130
63.62 1326138
63.67 1321950
64.38 1321684
64.54 1320503
64.78 1320237
64.92 1319551
65.02 1318499
65.02 1318416
65.08 1317097
90.06 1307232
90.65 1307090
96.53 1305268
97.12 1305116
97.21 1305033
97.45 1304826
97.48 1304700
97.59 1304545
98.03 1302299
98.50 1302238
98.68 1302214
98.94 1300333
99.21 1299655
99.55 1298384
99.89 1296813
100.32 1295718
100.76 1295578
100.85 1292047
101.31 1291241
102.38 1291099
102.38 1290869
119.27 1288694
119.72 1288459
120.71 1287364
120.92 1285617
121.57 1284833
122.59 1284691
122.84 1284626
123.73 1284561
124.15 1283466
125.19 1282660
126.17 1282609
126.50 1281336