0.00 717896
0.01 717774
0.01 711685
0.02 711426
0.02 710332
0.03 708369
0.03 701003
0.39 691116
0.57 686683
0.57 683592
0.57 679918
0.61 679591
0.67 679184
0.69 674014
0.75 667770
0.79 649999
1.18 642541
1.24 642324
1.24 633158
1.78 624507
1.79 622981
1.85 616603
2.40 616448
2.40 615900
2.40 614373
2.41 608017
2.42 607975
2.43 607110
2.45 604731
2.56 604697
2.78 604123
2.81 592728
3.05 592434
3.06 587082
3.06 582481
3.10 580479
3.63 577594
3.76 569008
3.78 568801
3.80 568786
3.81 568186
3.83 565008
4.32 559494
4.33 558667
4.33 558388
4.34 558199
4.34 554362
4.37 550321
4.57 548852
4.90 548526
4.90 542705
4.90 540840
4.91 537883
4.95 536757
5.00 534165
5.27 532198
5.48 529528
5.48 523095
5.49 521780
5.56 517074
6.08 510505
6.09 510133
6.12 508626
6.16 507486
6.19 504395
6.67 500709
6.68 494990
6.69 494902
6.70 494044
6.89 492300
7.25 491306
7.25 491257
7.26 481693
7.36 479280
7.83 477815
7.83 471984
7.87 471112
7.92 469264
7.97 468461
8.06 466884
8.42 464450
8.43 464071
8.44 463427
8.44 459182
8.49 456213
8.73 455820
9.02 454905
9.02 450713
9.03 448034
9.11 446415
9.16 445674
9.59 445258
9.59 443392
9.60 443099
9.60 442927
9.60 441896
9.61 438331
9.64 438290
9.68 438171
9.77 435961
9.95 433653
10.16 426955
10.20 424749
10.72 424299
10.72 422280
10.74 420834
10.77 420534
10.79 420428
10.85 420205
10.88 417033
11.27 408865
11.30 406268
11.83 405914
11.83 405116
11.83 400864
11.86 398100
11.91 395969
12.38 395845
12.38 395639
12.39 394824
12.39 387520
12.94 386575
12.95 386104
12.95 384109
12.97 382904
12.99 382655
13.02 381375
13.06 377504
13.49 377497
13.50 376853
13.51 376731
13.51 376117
13.51 375927
13.51 373337
13.52 371534
13.53 371438
13.55 370827
13.68 370141
13.78 368959
14.05 368882
14.06 367739
14.07 364919
14.11 362384
14.19 361218
14.62 360106
14.63 359455
14.63 356406
14.86 352802
15.26 348327
15.26 347520
15.38 346311
15.64 344988
15.85 344825
15.85 343192
15.89 343163
15.90 342391
15.92 339367
16.23 338542
16.42 337783
16.45 337488
16.45 337010
16.47 334715
16.65 334533
16.65 330638
17.01 329453
17.01 328781
17.02 326362
17.16 326322
17.16 325356
17.53 324493
17.59 321394
17.60 319940
17.67 319211
18.01 317197
18.14 316604
18.16 312844
18.33 311836
18.35 309854
18.70 307509
18.70 306119
19.04 305016
19.22 301589
19.25 299998
19.27 298695
19.29 296307
19.80 295361
19.80 291180
19.89 290686
20.35 289040
20.35 287227
20.41 284162
20.90 283192
20.92 281428
21.07 281176
21.21 280677
21.28 280655
21.29 279605
21.44 279317
21.46 277213
21.59 276460
21.59 274893
22.03 271380
22.05 270336
22.18 269682
22.57 267925
22.61 266831
22.69 265491
22.87 264991
23.13 264589
23.13 264278
23.13 263622
23.14 261025
23.59 260153
23.69 259471
23.71 259344
23.71 259101
23.73 256962
23.80 256706
24.25 256240
24.25 255115
24.29 254468
24.30 254216
24.38 253920
24.47 253617
24.48 253483
24.56 253468
24.69 252079
24.81 251431
24.86 250937
24.88 250569
24.89 250075
24.89 249503
25.14 248688
25.22 248572
25.34 248100
25.36 247210
25.38 247067
25.44 246003
25.47 245524
25.79 245160
25.91 245117
25.92 241848
26.49 240637
26.50 240611
26.52 238871
26.77 238625
27.02 238353
27.03 238107
27.04 237026
27.11 235659
27.17 235234
27.57 231996
27.79 231135
27.88 230078
28.12 228769
28.15 228284
28.38 226647
28.44 226112
28.68 225930
28.69 225547
28.78 225001
28.81 223536
29.24 223141
29.24 223030
29.29 222888
29.36 222095
29.41 221309
29.80 217210
30.39 216502
30.39 216148
30.40 214989
30.90 214594
30.96 213927
30.97 213850
31.00 212687
31.19 212337
31.31 212300
31.33 212285
31.47 211276
31.50 211146
31.53 210686
31.54 209983
32.01 209305
32.13 208910
32.14 208317
32.57 208030
32.64 207287
32.85 206876
32.91 205126
33.15 204402
33.21 204130
33.22 203022
33.24 202179
33.69 201042
33.90 200422
33.93 200341
34.08 199894
34.27 199612
34.32 199611
34.33 199607
34.33 198766
34.36 198624
34.45 197838
34.48 197735
34.80 196817
34.92 196643
35.05 195087
35.31 194646
35.40 194010
35.47 193725
35.69 193572
35.75 193507
35.78 193439
35.94 193398
35.95 193103
36.06 192677
36.07 190787
36.47 190158
36.59 189713
36.68 189659
37.02 189387
37.03 188591
37.11 187459
37.57 187176
37.63 186391
37.64 186257
37.69 186046
37.95 185860
37.98 185332
38.15 184624
38.15 184390
38.15 184264
38.30 184221
38.32 183854
38.71 183843
38.73 183809
38.74 182228
39.24 182220
39.25 180386
39.81 180247
39.85 179699
39.96 178768
40.08 178324
40.42 177553
40.53 177126
40.59 176914
40.96 176818
40.96 175868
41.47 175698
41.48 175684
41.51 174905
42.04 174709
42.08 174065
42.25 173314
42.61 172474
42.76 172406
42.80 172005
42.89 171706
43.15 170766
43.37 170133
43.70 170114
43.73 169955
43.74 169193
44.02 169053
44.24 167975
44.83 167873
44.84 167416
45.51 166556
45.92 166191
46.17 165681
46.44 165494
46.47 165330
46.51 164876
46.60 164509
47.03 163851
47.26 163566
47.64 163526
47.66 163334
47.78 163171
47.88 162908
47.98 162745
48.31 162581
48.40 162551
48.45 162133
48.70 162114
48.75 161371
48.97 161145
49.06 160662
49.29 160157
49.41 159929
49.82 159735
50.00 159424
50.02 158861
50.39 158687
50.39 158667
50.39 158466
50.43 158042
50.67 157254
50.93 156749
50.95 156509
51.20 156492
51.34 156257
51.51 156112
51.57 155823
51.64 155495
51.66 155386
52.04 155167
52.10 154738
52.57 154199
53.12 153912
53.41 153641
53.54 153380
53.73 153346
53.81 153278
53.94 153137
54.02 152985
54.02 152540
54.31 152434
54.34 152346
54.35 152297
54.48 151882
54.88 151874
54.91 151803
54.99 151708
55.11 150451
55.59 150164
55.97 149769
56.54 149722
56.60 149597
56.69 149332
56.76 149246
57.02 148325
57.59 148162
58.09 147709
58.14 147490
58.88 146926
59.24 145963
60.24 144826
66.80 143212
67.30 143133
68.11 143112
68.59 143053
69.30 142786
69.34 142663
69.68 142619
70.02 142616
70.17 141903
70.46 141868
71.13 141865
71.26 141730
126.53 141639
126.98 141342
127.38 141133
127.65 141016
128.28 140628
129.09 140517
129.11 140511