0.00 756507
0.00 753928
0.01 746978
0.02 743257
0.08 741745
0.09 734810
0.31 733825
0.61 730559
0.61 720635
0.65 719414
0.66 719222
0.78 711888
0.86 692417
1.22 689114
1.22 687266
1.22 684559
1.24 683347
1.24 678622
1.31 667954
1.82 662310
1.83 650980
2.11 650135
2.42 649799
2.42 646485
2.42 643496
2.43 641831
2.44 637208
2.47 637165
2.53 635841
2.78 632833
3.02 631949
3.02 631796
3.02 631661
3.03 625624
3.03 622292
3.03 620384
3.05 619763
3.19 619645
3.31 619370
3.34 613505
3.49 612146
3.72 611352
3.72 609762
3.72 607984
3.73 606581
3.74 604173
3.74 601875
3.77 596424
4.18 595754
4.36 595101
4.36 594477
4.36 592736
4.36 591721
4.36 586541
4.40 585915
4.40 584891
4.52 584869
4.54 582827
4.67 582046
4.83 580916
4.94 579463
5.02 578267
5.03 577611
5.03 576550
5.04 575919
5.04 570158
5.05 569513
5.06 567568
5.21 566602
5.34 566275
5.55 563553
5.66 562171
5.66 560817
5.66 556671
5.67 550251
5.71 549259
6.28 541237
6.34 540530
6.35 539367
6.39 536833
6.40 535023
6.92 531068
6.93 528611
6.94 525866
6.97 523623
7.06 523264
7.16 522053
7.31 521721
7.40 520671
7.56 520489
7.57 515043
7.57 512948
7.57 509517
7.68 509491
7.71 506963
8.20 506341
8.21 505888
8.21 499864
8.27 494537
9.10 493618
9.10 491127
9.12 490227
9.14 488202
9.16 487721
9.17 486955
9.18 486492
9.30 484531
9.76 480086
9.85 472658
9.89 470227
10.05 467116
10.47 465835
10.48 463646
10.49 458522
10.52 458079
10.53 456708
11.09 456082
11.09 453569
11.09 452355
11.11 451852
11.13 451461
11.14 445034
11.72 443010
11.72 441968
11.73 439565
11.77 439533
11.81 439452
11.83 439037
11.83 435740
12.14 435175
12.24 434456
12.33 432862
12.34 427534
12.38 425811
12.39 425772
12.45 425574
12.58 425545
12.98 425018
12.98 422242
12.98 420371
12.99 419530
13.02 416655
13.63 414353
13.71 414295
13.71 411987
13.73 411722
13.74 410089
13.75 405059
14.32 404199
14.33 403992
14.33 402033
14.34 401126
14.39 400661
14.41 396572
14.42 396402
14.94 392736
14.95 392291
14.95 392177
15.02 391511
15.14 391086
15.14 390610
15.16 389883
15.23 387550
15.59 386050
15.59 385456
15.63 384795
15.63 379200
16.21 376370
16.27 376260
16.28 374715
16.29 372009
16.32 371939
16.32 371430
16.37 370947
16.41 370943
16.41 368377
16.47 367269
16.94 364039
16.94 361842
16.95 361665
16.98 360913
17.25 360476
17.60 359342
17.60 357471
17.63 353560
18.34 349901
18.36 349218
18.37 348878
18.40 347156
18.81 345920
18.96 343165
18.96 341564
19.01 340830
19.04 339154
19.04 338935
19.06 337639
19.57 336473
19.59 332718
19.63 331630
19.95 331532
20.01 331235
20.20 330730
20.20 329502
20.21 324412
20.47 320869
20.82 314933
21.02 314154
21.24 314103
21.43 310236
21.50 308094
21.73 307747
22.05 307192
22.05 304518
22.05 303522
22.09 303164
22.10 302856
22.15 302320
22.64 301592
22.65 299182
22.67 298812
22.70 297703
23.07 297335
23.27 297275
23.28 293354
23.36 292421
23.41 291550
23.89 288113
23.91 287714
23.92 287006
24.18 286482
24.52 286330
24.52 285087
24.55 283333
24.59 283017
24.64 282599
25.15 281929
25.15 281447
25.17 280410
25.19 276983
25.29 275182
25.74 271240
26.15 270901
26.37 265696
26.99 265645
27.00 264404
27.07 263330
27.10 262572
27.18 261686
27.29 260729
27.66 258760
27.75 257831
27.87 257801
27.97 256893
28.35 255061
28.40 254665
28.58 254138
28.59 252951
29.01 252281
29.04 250918
29.06 250169
29.07 249522
29.62 249469
29.63 248609
29.63 247294
29.79 247077
29.89 247049
29.92 246825
30.09 246588
30.24 245764
30.27 244656
30.28 244641
30.32 243775
30.40 242138
30.56 242113
30.83 240733
30.83 240536
30.89 238683
30.95 237530
31.45 236478
31.46 236347
31.48 236214
31.50 235950
31.54 234298
31.68 234279
31.71 233886
31.77 233666
32.06 233619
32.07 232730
32.07 232398
32.09 232100
32.15 232090
32.22 231360
32.24 231001
32.34 229260
32.64 229214
32.66 229140
32.70 228855
32.71 228230
32.99 228181
33.10 227338
33.16 225695
33.28 225392
33.33 225252
33.35 224990
33.37 224554
33.39 224221
33.44 223876
33.63 223773
33.84 223764
33.90 223030
33.92 222873
33.95 221421
34.18 221296
34.19 220905
34.49 220676
34.55 220011
34.64 219867
34.68 219679
34.77 219431
34.88 219093
35.04 218853
35.10 213954
35.70 213232
35.70 212615
35.71 211921
35.94 211635
36.14 211486
36.30 210838
36.33 210033
36.34 209906
36.73 208508
36.76 208262
36.92 207426
37.08 206212
37.37 205523
37.56 204526
37.69 204138
37.70 203473
37.74 202898
38.14 202876
38.15 202598
38.25 202566
38.27 201901
38.33 200919
38.54 199647
38.73 199204
38.74 199059
38.75 197913
39.35 197026
39.36 196970
39.39 196772
39.84 196625
39.98 196492
40.04 195925
40.06 195890
40.10 195875
40.11 195839
40.14 193828
40.75 193261
40.98 192705
41.19 192582
41.32 192375
41.36 191932
41.40 191530
41.51 191202
41.52 190056
41.96 189918
41.97 189698
42.03 189551
42.03 188933
42.04 187537
42.68 187454
42.70 186732
42.81 186329
43.05 186311
43.40 185023
43.41 183830
44.10 183323
44.14 183025
44.24 182909
44.74 182454
44.83 181734
45.27 181629
45.34 180569
45.36 179198
45.69 178641
45.79 178624
46.02 178452
46.03 177732
46.17 177253
46.32 176198
46.55 176143
46.62 175470
46.66 174114
47.17 173512
47.24 172379
47.80 171696
47.86 171651
48.21 171215
48.40 170764
48.65 170487
49.02 170289
49.11 170092
49.21 168559
49.62 168376
49.84 167538
50.09 167499
50.21 166975
50.55 166763
50.66 166577
50.82 166083
50.86 165435
51.55 164686
52.24 164488
52.34 164471
52.47 164180
52.52 163946
52.87 163763
52.91 163734
53.10 162925
53.20 161834
53.47 160626
54.19 160042
54.25 160033
54.27 159961
54.71 159778
54.75 159535
55.20 159509
55.34 159432
55.42 159405
55.43 158930
55.73 158488
55.98 158228
56.04 157982
56.29 157913
56.59 157518
57.10 157130
57.31 156893
57.51 156677
57.56 156551
57.77 156421
57.78 156196
58.17 156098
58.71 155783
58.73 155592
59.10 155505
59.13 155488
59.14 155089
59.19 155071
59.65 154999
59.80 154864
59.81 154787
60.05 154496
60.34 154313
60.45 153258
61.15 153054
61.59 152871
61.60 151975
62.69 151746
62.78 151488
62.94 151044
63.66 150807
64.03 150421
64.70 150252
64.90 150209
65.02 149905
65.25 149693
66.15 149492
66.50 148565
67.49 148461
76.32 147757
76.82 147686
77.25 147575
78.43 147403
78.47 147211
79.03 147158
79.13 146563
79.78 145859
94.21 145498
94.72 144577