0.00 700451
0.00 698043
0.01 697109
0.01 694388
0.13 693040
0.27 688031
0.37 682182
0.56 679170
0.56 674885
0.58 673713
0.59 667265
0.65 665000
0.68 661039
1.13 657179
1.15 654727
1.16 653619
1.17 652043
1.20 651033
1.21 648481
1.22 637906
1.75 635009
1.76 632122
1.76 628784
1.77 628369
1.80 625455
1.98 624437
2.02 621641
2.22 618284
2.41 612633
2.42 609081
2.47 607293
2.72 600789
2.99 593503
3.06 592649
3.11 586277
3.18 586098
3.57 584079
3.57 580987
3.58 579857
3.58 579644
3.62 576415
3.76 572215
4.22 572162
4.22 567071
4.22 566311
4.24 560970
4.27 560412
4.36 559774
4.81 551628
4.85 547748
5.06 544137
5.11 543509
5.42 542955
5.42 540214
5.43 539888
5.44 537933
5.46 535950
5.47 531429
5.90 530212
6.04 529761
6.10 528536
6.10 522681
6.18 522462
6.24 522045
6.26 521877
6.35 516421
6.72 516225
6.72 514623
6.72 513494
6.73 511051
6.73 509086
6.81 507160
6.83 495778
7.29 494817
7.30 487632
7.31 478263
7.87 469952
7.91 467381
8.24 464420
8.47 464414
8.47 458736
8.47 457362
8.56 456410
8.58 454814
8.61 451862
9.06 449706
9.06 447795
9.08 444571
9.20 442222
9.81 440666
9.82 439842
9.83 437923
9.85 429202
10.43 428605
10.43 428009
10.43 427979
10.45 426837
10.45 424455
10.45 422664
10.53 420637
10.88 419229
11.02 419173
11.02 418284
11.03 413891
11.07 412305
11.11 410886
11.12 410764
11.22 410148
11.24 408992
11.60 407651
11.60 403256
11.66 399911
12.18 395644
12.20 395051
12.23 394175
12.43 394127
12.45 393599
12.52 391998
12.72 390915
12.79 385036
12.95 383857
13.02 383544
13.08 380563
13.39 379150
13.39 379044
13.41 377643
13.41 376341
13.44 375529
13.45 372961
13.93 372603
14.01 372407
14.02 371861
14.02 365962
14.47 365796
14.61 362357
14.67 360012
14.69 359469
14.97 358274
15.19 358229
15.20 356568
15.20 356301
15.24 355543
15.25 352523
15.41 352508
15.75 351133
15.76 348317
15.80 348119
15.80 346099
15.90 344086
16.10 343222
16.33 341072
16.34 340730
16.36 339217
16.50 338482
16.64 336695
16.71 336136
16.93 335187
16.93 335116
16.94 334173
16.96 332131
17.10 331687
17.35 331462
17.41 330370
17.42 328664
17.49 325279
17.50 322475
18.06 321973
18.07 319410
18.09 318564
18.13 318422
18.38 318315
18.45 318279
18.47 317893
18.58 316321
18.63 315774
18.65 313402
18.67 313264
18.80 312916
18.82 311752
18.83 310064
19.19 308966
19.22 308712
19.24 305904
19.27 304218
19.30 303773
19.76 302971
19.79 301026
19.83 300332
19.88 299046
20.34 298963
20.34 298842
20.34 298348
20.35 295485
20.74 293419
20.92 290016
20.94 287092
21.53 286543
21.53 281369
22.10 280110
22.11 278707
22.14 277492
22.28 276695
22.71 276346
22.76 274938
22.85 274101
22.87 272310
23.30 271692
23.31 271215
23.33 270297
23.34 270184
23.45 270156
23.45 268257
23.60 268168
23.84 268106
23.88 265892
23.97 265089
24.07 265061
24.22 264950
24.39 263812
24.47 262041
24.53 261591
24.58 261065
24.66 260827
24.77 259670
24.81 259367
25.05 258114
25.11 257146
25.18 256222
25.41 256211
25.41 255975
25.50 255725
25.64 254093
25.66 253927
25.71 252978
25.74 251887
26.02 251821
26.15 251549
26.25 250994
26.26 249893
26.35 249666
26.44 249592
26.72 249147
26.83 248837
26.85 248616
26.86 248100
26.90 247373
26.93 245243
27.42 245232
27.43 244289
27.48 242649
27.78 241858
28.00 241851
28.01 241816
28.02 239903
28.13 238107
28.59 238075
28.60 237555
28.60 236461
28.73 235027
29.15 234203
29.18 233854
29.18 233510
29.23 233309
29.24 232750
29.25 231873
29.46 231754
29.73 231239
29.77 231207
29.79 230297
29.85 229851
29.97 228628
30.22 228473
30.37 228357
30.42 226918
30.50 226397
30.84 225694
31.01 225676
31.02 225640
31.04 224172
31.16 224066
31.18 223232
31.53 222974
31.53 222506
31.54 222284
31.71 221713
31.77 221179
32.09 220084
32.17 219552
32.44 219039
32.66 218781
32.67 218091
32.69 217105
33.22 216010
33.29 214704
33.68 214577
33.75 214220
33.80 212667
34.05 212418
34.13 211609
34.34 211081
34.40 211034
34.51 209405
34.91 208670
34.97 208664
34.99 208172
35.07 208133
35.21 207450
35.29 206719
35.48 206651
35.60 205561
35.62 205268
35.74 205181
36.11 203407
36.60 202817
36.69 202721
36.79 202197
36.89 201866
36.99 201046
37.35 200739
37.43 199271
37.89 199175
37.95 198827
37.96 198651
38.11 198551
38.26 198482
38.31 197996
38.46 197995
38.48 197689
38.53 197446
38.57 196545
38.73 196240
39.02 196144
39.09 195620
39.12 193149
39.66 192719
39.68 192599
40.00 192174
40.06 189254
40.18 189158
40.25 188634
40.26 188519
40.43 188271
40.59 187627
40.84 187197
40.86 187077
41.17 186652
41.23 186394
41.39 185844
41.60 185698
41.87 184438
41.99 184370
42.00 181363
42.32 181232
42.57 180241
42.69 179687
43.15 179619
43.18 178433
43.65 177145
43.70 176154
44.03 176127
44.29 176059
44.43 175901
44.47 174873
44.83 173882
45.14 173474
45.40 173406
45.42 171641
45.96 170852
46.37 170313
46.51 170156
46.53 169448
46.84 169330
47.09 168541
47.61 168413
47.63 168256
47.65 167548
48.21 166759
48.76 166602
48.76 166543
48.78 166333
49.19 166087
49.36 166068
49.38 165678
49.46 165485
49.56 165241
49.62 164656
49.88 164551
49.94 164356
49.94 164273
50.04 164252
50.20 164195
50.20 164067
50.39 163896
50.56 163489
50.79 162710
50.83 162056
51.01 161951
51.07 161756
51.16 161652
51.33 161467
51.53 161404
51.72 161064
51.74 160827
51.92 160218
52.21 160072
52.22 159776
52.42 159705
52.58 159629
52.75 159137
52.86 159052
53.09 158934
53.23 158437
53.34 158291
53.35 157995
53.55 157924
53.88 157432
53.91 156205
54.38 155658
54.53 155314
54.99 154963
55.10 154737
55.27 154556
55.65 154152
55.67 153888
56.11 153537
56.22 153311
56.77 152907
57.35 152346
57.97 152220
58.70 151907
63.68 150903
64.04 150350
64.54 150083
64.62 149446
65.35 148572
65.51 148490
66.33 148264
66.91 148054
67.12 147577
67.84 147054
68.91 146840
68.98 146607
69.04 146484
69.30 146172
70.13 145937
70.23 144147
158.98 144004
160.31 143481
160.81 143255
161.27 143037
162.48 142982
163.36 142439
163.75 142081
164.36 141786
165.25 141572
165.98 141552