0.00 744898
0.01 741617
0.02 737326
0.12 736633
0.25 733719
0.30 728757
0.56 726968
0.56 725272
0.56 722475
0.56 716159
0.60 714591
0.67 714434
0.71 714314
0.84 709070
1.11 708843
1.11 707379
1.11 702121
1.13 696598
1.14 695779
1.16 695673
1.20 694897
1.23 694613
1.25 689477
1.66 684218
1.66 679870
1.67 676369
1.98 669491
2.20 663842
2.21 656925
2.31 656773
2.42 654107
2.44 652648
2.68 651566
2.75 650055
2.76 643835
2.76 642983
2.80 639486
2.86 637845
2.90 637141
3.30 630167
3.30 629674
3.30 628724
3.31 627572
3.32 623328
3.34 622698
3.58 622473
3.62 620801
3.85 619603
3.85 617638
3.85 611676
3.88 611624
3.91 605669
4.05 603073
4.40 591782
4.46 590792
4.68 589965
4.96 588598
4.96 587280
4.96 579038
5.09 576711
5.35 576475
5.51 572800
5.52 572401
5.52 571100
5.53 569491
5.56 564769
5.56 560994
6.07 560566
6.07 559642
6.07 555933
6.08 554762
6.08 552242
6.10 551777
6.10 551533
6.14 550406
6.16 549610
6.48 545461
6.62 543613
6.62 541279
6.62 540364
6.63 539479
6.63 538551
6.63 537411
6.67 533216
7.04 532662
7.17 532609
7.17 532356
7.17 527601
7.17 525029
7.18 523185
7.20 521714
7.49 519567
7.73 519004
7.73 514697
7.74 512533
7.74 511625
7.75 509855
7.78 505565
8.27 505492
8.27 505116
8.28 498874
8.28 498873
8.37 497932
8.37 497515
8.38 496290
8.43 493356
8.48 486708
8.83 485490
8.83 484317
8.84 482853
8.84 478998
8.86 476905
8.92 473549
9.38 472966
9.38 468166
9.40 467357
9.43 464025
9.53 460990
9.94 460642
9.94 458171
9.95 453372
10.06 451382
10.09 450938
10.29 448061
10.49 447424
10.49 447263
10.49 447154
10.49 446341
10.51 442301
10.53 442239
10.60 439926
10.76 434770
11.05 431105
11.06 430551
11.09 427746
11.10 425743
11.16 425201
11.61 419087
11.63 416987
11.75 414201
12.04 413817
12.16 413417
12.16 413369
12.16 412488
12.16 408756
12.17 405215
12.57 405065
12.58 403783
12.71 403316
12.71 401613
12.72 399690
12.72 398682
12.74 396531
12.78 393918
13.26 392787
13.27 391602
13.29 388952
13.30 388914
13.31 387930
13.33 386662
13.34 385657
13.40 384220
13.82 384058
13.82 383942
13.82 383737
13.83 381006
13.84 380167
13.85 376366
13.92 375488
14.38 375018
14.38 374120
14.38 372080
14.38 366736
14.92 366677
14.93 365667
14.93 365110
14.96 363056
14.96 362588
15.01 358774
15.03 358134
15.48 354955
15.48 354774
15.49 352941
15.61 349999
15.98 349873
16.04 348766
16.05 348048
16.06 347946
16.09 347789
16.09 346674
16.13 343284
16.59 342444
16.60 341622
16.60 340220
16.61 339473
16.70 338793
16.76 336395
17.16 335401
17.16 330565
17.57 330005
17.70 329967
17.71 327985
17.72 327206
17.74 323914
17.88 320481
18.26 317803
18.29 317444
18.31 316324
18.47 315515
18.49 315398
18.81 312969
18.82 309499
19.22 308990
19.36 308848
19.37 307892
19.45 307829
19.45 306999
19.45 306591
19.48 304304
19.91 304136
19.93 303294
19.95 301446
19.95 300890
20.06 300599
20.07 298710
20.47 294632
20.72 294553
20.88 293894
20.89 293891
21.02 291407
21.04 290380
21.08 290087
21.12 290030
21.19 288665
21.58 287871
21.58 284081
22.08 283849
22.14 283511
22.16 283504
22.16 281690
22.18 281601
22.20 281494
22.22 279692
22.68 279342
22.70 278276
22.74 277003
22.81 276538
22.84 275987
23.03 275933
23.23 275422
23.24 273713
23.27 272406
23.50 271110
23.79 270351
23.80 269873
23.81 269856
23.81 267956
23.88 267306
24.34 265865
24.44 265582
24.53 264727
24.60 264565
24.63 263602
24.72 263314
24.90 262614
24.91 262527
24.91 261109
24.92 260380
24.95 259980
25.02 259607
25.46 258735
25.46 256066
25.49 256042
25.95 255023
26.01 253925
26.07 253102
26.07 251048
26.18 250066
26.58 247858
26.65 247097
26.69 246361
27.12 246274
27.13 243569
27.68 243441
27.68 243307
27.70 240368
28.22 237681
28.34 236998
28.78 234599
28.87 234264
29.32 232626
29.35 232381
29.36 231560
29.44 231230
29.87 230503
29.91 229340
29.92 228431
29.98 227881
30.30 227638
30.43 227383
30.43 224897
30.66 224689
30.69 224289
30.75 223949
30.82 222320
30.99 221823
31.03 221803
31.04 221263
31.12 221183
31.13 217447
31.53 216526
31.53 215818
31.72 214098
32.11 214080
32.12 212336
32.22 211775
32.30 211164
32.45 211149
32.64 210859
32.64 210483
32.64 208350
33.20 207779
33.21 206721
33.26 205416
33.80 205310
33.82 205125
33.85 204919
33.86 204378
33.88 204231
33.88 203509
33.94 202632
34.06 202064
34.29 201314
34.46 200535
34.49 198918
34.85 198827
34.86 198642
34.87 196828
35.08 196238
35.42 195555
35.45 193768
35.98 192617
36.05 192524
36.21 190539
36.55 189856
36.60 189824
36.63 189332
36.65 189129
36.65 189011
36.84 188304
37.03 188243
37.07 188241
37.10 188170
37.12 188047
37.14 186664
37.65 186583
37.65 186551
37.73 184673
37.89 184574
38.17 184420
38.18 183956
38.23 181783
38.76 181156
38.78 180871
39.19 180378
39.30 180061
39.30 179898
39.33 179454
39.37 179420
39.54 179328
39.67 179128
39.77 177882
39.90 177463
39.91 176945
40.16 176260
40.42 175655
40.46 175123
40.67 174467
41.01 174310
41.01 173432
41.59 172295
41.95 171235
42.18 170918
42.31 170647
42.37 170311
42.56 169787
42.69 168850
42.83 168458
43.15 167796
43.19 167242
43.39 167191
43.63 167104
43.74 167039
43.88 166999
43.89 165854
44.28 165563
44.31 165537
44.43 165249
44.86 163920
45.39 163644
45.45 163077
45.85 162427
46.05 162366
46.17 162362
46.17 162231
46.21 161503
46.58 160788
47.14 160604
47.18 160369
47.40 160343
47.41 160200
47.48 160027
47.68 159651
47.81 159533
47.89 159090
48.16 158591
48.41 158291
48.74 158010
48.79 157871
48.88 157448
49.29 157007
49.33 156830
49.83 156676
49.90 156634
50.14 156437
50.32 156331
50.37 156052
50.40 155534
50.67 155410
50.90 155194
50.95 155159
51.17 154604
51.43 154345
51.63 154196
51.72 153757
51.91 153548
52.09 153274
52.21 153172
52.35 153054
52.56 152994
52.66 152638
52.76 152114
53.40 151957
53.64 151821
53.68 151315
54.05 150900
54.30 150746
54.33 150572
54.60 150507
54.82 150281
55.05 150062
55.15 149143
55.35 148917
55.66 148724
55.91 148568
56.74 148414
56.77 147885
57.06 147150
57.61 146924
57.79 146736
58.21 146510
58.59 146419
58.68 146000
59.00 145940
72.76 145493
73.14 145267
73.25 145048
73.74 145028
73.80 144990
74.11 144857
74.27 144432
74.72 144074
75.44 144054
75.55 144016
76.06 143658
76.39 143440
76.72 143122
106.60 142947
107.34 142729
189.86 142629
190.23 142317
190.76 142286
191.17 142141
192.17 141993
192.56 141266
193.27 141109
194.35 141087
194.68 140978
195.55 140958
196.32 140184
196.87 140098
197.08 139488
197.57 139262