0.00 738251
0.00 737284
0.00 735924
0.01 733705
0.02 722177
0.03 718043
0.09 716153
0.24 698217
0.55 697633
0.55 695948
0.55 693744
0.55 691909
0.56 690453
0.59 687393
0.60 678906
0.81 678411
1.10 675053
1.10 668979
1.11 667225
1.15 666333
1.18 664492
1.23 660827
1.65 657932
1.65 651051
1.68 647860
1.71 637352
2.19 635095
2.20 634188
2.20 633223
2.20 630363
2.20 628310
2.21 627899
2.23 627376
2.25 625193
2.31 623850
2.51 620949
2.74 616113
2.74 615091
2.74 612733
2.75 611693
2.76 609737
2.77 608685
2.85 606890
2.94 606038
3.28 605686
3.28 604876
3.29 604032
3.29 602410
3.30 592344
3.31 591598
3.43 591269
3.48 590177
3.48 582044
3.82 578144
3.83 577967
3.84 574709
3.87 573670
3.88 569780
4.37 568009
4.38 563361
4.38 561554
4.38 559945
4.40 557358
4.92 555721
4.92 554914
4.92 551275
4.93 548466
4.96 548239
4.97 547871
4.97 542754
5.24 542536
5.36 541331
5.46 540658
5.46 538505
5.47 538216
5.47 536176
5.47 535135
5.49 531415
5.92 529252
6.00 528398
6.01 524218
6.01 521147
6.04 517375
6.06 513446
6.56 511718
6.56 508000
6.58 506736
6.60 505434
6.61 504624
6.62 502810
6.66 501256
7.11 500956
7.11 499987
7.11 498618
7.11 495767
7.16 495331
7.22 494996
7.23 491434
7.23 484552
7.65 479224
7.65 476746
7.76 475712
7.79 469400
8.20 467896
8.20 467300
8.20 465798
8.20 465009
8.21 460719
8.32 458719
8.74 449710
8.75 448743
9.03 446842
9.29 445956
9.30 445406
9.30 443782
9.31 443131
9.31 439973
9.40 438515
9.58 438123
9.58 437760
9.83 433675
9.84 431891
9.90 429847
9.94 427676
10.11 426593
10.38 425462
10.39 425108
10.39 421095
10.43 419904
10.45 418043
10.56 416509
10.80 415618
10.86 414681
10.92 409902
10.93 409117
10.98 406497
11.11 406000
11.36 404597
11.47 402095
11.48 401072
11.48 400457
11.51 399817
11.67 399405
11.68 399033
11.69 397843
11.83 397456
11.89 396931
12.02 395949
12.02 390046
12.06 387382
12.57 386766
12.57 385873
12.58 383395
12.62 382224
12.67 382022
12.72 381869
12.88 381457
12.91 380628
13.10 379554
13.11 376032
13.16 375780
13.32 374788
13.45 374703
13.51 372274
13.66 372254
13.66 371097
13.67 370642
13.68 368434
13.72 368071
13.73 367724
13.74 367692
13.81 364073
14.05 362559
14.22 361989
14.22 361037
14.23 358202
14.26 357617
14.28 357181
14.51 355669
14.78 354491
14.79 353444
14.84 350645
14.86 350208
14.89 347800
14.97 347119
15.33 345214
15.33 345095
15.34 344245
15.37 342122
15.44 339416
15.88 339156
15.88 339124
15.89 335321
16.04 333539
16.44 332906
16.45 332905
16.47 332659
16.48 330791
16.48 329870
16.50 327997
16.60 327412
17.00 326722
17.03 325522
17.03 325506
17.04 325349
17.04 324748
17.04 323878
17.07 322126
17.26 321899
17.55 321399
17.56 319088
17.56 318374
17.58 316316
17.75 315319
18.06 314030
18.11 312864
18.12 312278
18.13 311479
18.17 310833
18.17 310208
18.50 310126
18.51 308640
18.66 307851
18.69 306835
18.70 305997
18.71 305285
18.78 305280
18.89 305042
19.22 302399
19.27 301209
19.29 300442
19.78 300344
19.79 300152
19.80 299773
19.80 298908
19.83 297778
19.86 296800
20.11 296686
20.34 296554
20.34 293114
20.37 293017
20.43 291946
20.56 291520
20.89 291286
20.90 289058
20.93 287888
21.03 287314
21.46 286553
21.48 284199
21.51 284107
21.73 283645
21.99 281544
22.03 280785
22.13 279281
22.34 279083
22.55 277766
22.55 276490
22.64 276019
22.83 275876
23.11 274847
23.11 274537
23.13 272795
23.24 272622
23.31 272086
23.63 271747
23.63 271658
23.66 269023
23.66 268864
24.23 267126
24.25 266430
24.52 264686
24.76 263349
24.78 262684
24.78 261588
24.93 260403
25.33 259529
25.33 257878
25.37 257162
25.61 256765
25.65 256376
25.88 255490
25.88 254066
26.00 253416
26.03 253382
26.07 252322
26.44 250995
26.49 248684
26.99 247715
26.99 247457
27.01 245430
27.16 244576
27.54 244312
27.54 244142
27.55 243601
27.60 242345
27.73 242213
27.89 242181
28.06 241461
28.09 240934
28.12 240672
28.15 239686
28.28 238866
28.49 237896
28.67 237462
28.69 234886
29.20 234651
29.23 233792
29.31 233126
29.37 232291
29.37 232241
29.77 231714
29.79 229817
29.85 229000
30.31 228349
30.36 226366
30.70 225704
30.86 225402
30.88 224903
30.91 223278
31.15 222097
31.42 220650
31.44 220301
31.54 220298
31.84 219564
31.95 219463
32.01 219061
32.02 218032
32.04 217825
32.14 217347
32.28 217039
32.34 215299
32.53 215297
32.60 215294
32.61 214670
32.62 214641
32.76 213553
32.94 213117
33.10 212252
33.13 212218
33.18 211986
33.21 211894
33.25 211479
33.58 211318
33.65 210472
33.66 208104
34.19 207302
34.28 207028
34.28 206971
34.38 206787
34.46 206777
34.66 206430
34.74 205708
34.75 204605
35.01 203897
35.32 203239
35.51 202024
35.76 200243
35.86 199016
36.05 198266
36.07 198127
36.40 198014
36.43 197676
36.44 197526
36.45 197500
36.64 196709
36.97 195567
37.00 194656
37.55 194280
37.56 194066
37.63 192896
38.07 191937
38.10 191023
38.66 190890
38.66 190487
38.69 189046
39.20 188736
39.23 188474
39.31 188089
39.34 187623
39.38 187330
39.76 186952
39.90 186902
39.92 186758
40.08 186064
40.32 185969
40.33 185302
40.50 185224
40.53 184964
40.83 184728
40.90 183775
41.24 183501
41.43 183022
41.47 182661
41.64 182243
41.83 180873
41.99 180585
41.99 180410
42.00 178968
42.53 178654
42.57 177710
43.09 177090
43.11 177067
43.31 176844
43.32 176287
43.65 175623
43.73 173901
44.22 173574
44.28 173300
44.39 172235
44.78 171807
44.89 171278
45.45 170731
45.79 170381
45.89 169754
45.90 169544
45.92 168935
46.42 168144
46.43 167193
47.03 166874
47.14 166566
47.27 165602
47.61 165273
47.66 164736
48.09 164734
48.12 164290
48.30 164072
48.38 163945
48.77 162980
49.20 162969
49.20 162041
49.22 161486
49.79 160649
49.88 160547
50.41 160259
50.67 159883
50.94 159863
51.08 159398
51.50 158977
51.71 158481
52.02 158348
52.22 157528
52.51 157229
52.57 157100
53.16 156773
53.61 156553
53.77 156327
53.85 156142
54.08 156071
54.18 155968
54.22 155859
54.46 155790
54.66 155660
54.79 155557
54.79 155434
54.87 155379
54.96 155132
55.10 155059
55.26 155002
55.35 154776
55.60 154474
55.72 154412
55.87 154392
55.90 153950
55.95 153917
56.68 153772
56.84 153490
56.97 153483
57.00 153209
57.54 153107
57.87 152983
57.93 152018
58.14 151377
58.51 151364
58.64 151020
69.58 150804
70.31 150659
70.74 150630
70.74 149797
88.05 149761
88.72 149501
95.88 149491
96.45 149231
97.08 148879
97.86 148624
98.65 148426
99.65 147944
180.65 146779
181.20 146452
182.07 146261
254.76 145473
280.87 144314