0.00 732432
0.01 727187
0.03 726622
0.04 726046
0.04 725661
0.04 723714
0.06 719310
0.12 706337
0.58 703727
0.59 700812
0.59 700375
0.59 698849
0.63 697788
0.64 696450
0.65 692991
0.66 687123
1.15 686393
1.15 684319
1.15 680761
1.16 676705
1.18 674520
1.18 673224
1.26 667706
1.48 666399
1.71 662991
1.71 657722
1.75 655753
1.77 650002
1.85 646384
2.04 624719
2.28 624473
2.28 612250
2.47 611076
2.65 610606
2.66 608281
2.84 608166
2.84 606420
2.85 598445
2.86 598010
2.86 597085
2.88 596236
2.90 594356
3.25 589831
3.31 588434
3.40 588429
3.40 588069
3.41 587221
3.41 581532
3.44 579952
3.46 579616
3.49 578541
3.50 574573
3.75 572771
3.97 570520
3.98 570273
3.98 570120
3.99 564879
3.99 563240
4.01 563034
4.04 562754
4.04 560607
4.25 559816
4.53 548699
4.70 547407
5.09 545612
5.10 542435
5.10 540443
5.10 534172
5.33 528149
5.66 527404
5.66 522099
5.67 521814
5.68 521749
5.70 519148
5.73 515432
6.22 513260
6.23 509384
6.24 506859
6.26 506114
6.34 505902
6.38 503387
6.39 502789
6.78 500137
6.79 497770
6.80 495709
6.81 494554
6.86 490320
6.92 488974
7.35 481958
7.39 480611
7.41 480268
7.43 478806
7.62 478669
7.69 478334
7.75 476840
7.91 473578
7.92 467793
7.94 465144
8.26 463949
8.48 463603
8.49 463093
8.49 462963
8.49 459849
8.50 459524
8.51 457204
8.59 456353
8.64 455302
8.68 455243
8.83 452662
9.06 452598
9.07 446605
9.08 446542
9.10 444127
9.33 440597
9.65 436690
9.66 432506
9.72 429848
10.19 429360
10.24 427179
10.24 421571
10.29 419291
10.40 418430
10.80 415194
10.81 414923
10.81 413159
10.82 409249
11.38 408974
11.38 408535
11.38 408459
11.39 408452
11.39 401841
11.40 401198
11.40 400451
11.70 398251
11.95 392434
12.06 389960
12.40 389453
12.55 389367
12.55 387915
12.56 384431
12.60 380699
12.72 371047
13.13 369147
13.14 368303
13.15 363229
13.16 363068
13.21 362698
13.33 362304
13.54 362084
13.72 361153
13.73 356200
14.20 353326
14.33 351155
14.35 350057
14.35 347931
14.68 346818
14.72 344199
14.93 342963
14.94 342583
14.97 342317
14.98 340722
15.01 340372
15.07 340121
15.10 339786
15.14 339505
15.33 338913
15.33 337090
15.53 336887
15.53 336132
15.54 331985
15.59 329070
16.10 328521
16.12 328480
16.14 327446
16.14 326298
16.17 326194
16.21 322538
16.68 322411
16.69 317165
17.01 316508
17.27 315352
17.28 314985
17.28 314406
17.29 313353
17.33 312765
17.35 312255
17.42 311933
17.49 310024
17.87 306933
17.92 304403
18.05 304187
18.48 304106
18.49 303564
18.50 302069
18.52 299648
19.05 299422
19.06 298935
19.08 298314
19.10 296505
19.17 295576
19.26 295241
19.33 294830
19.37 294688
19.58 294588
19.61 292645
19.64 292381
19.67 292143
19.80 291497
19.98 291146
19.99 290884
20.20 290283
20.21 289917
20.23 289702
20.25 288762
20.27 288713
20.27 288376
20.28 287700
20.47 286557
20.57 286529
20.89 286477
20.91 284882
20.92 282405
20.93 282224
21.15 281716
21.50 281351
21.51 281115
21.52 279362
21.52 279218
21.55 279143
21.56 278803
21.69 277544
21.81 276633
21.91 274759
22.08 274478
22.08 274389
22.10 274169
22.12 272002
22.23 271643
22.38 270819
22.53 269138
22.69 268806
22.70 268490
22.71 267543
22.72 267003
22.73 266159
22.94 264700
23.28 263183
23.35 262960
23.40 262233
23.40 260873
23.54 259617
23.88 259610
23.90 259365
23.90 258348
23.95 257812
24.03 257090
24.03 253005
24.50 252992
24.51 251331
24.51 249976
24.64 249466
25.09 248745
25.10 246536
25.16 246530
25.31 246494
25.49 246174
25.69 243809
25.72 243202
26.01 243018
26.26 242723
26.27 241179
26.29 240850
26.29 240777
26.34 240536
26.37 240276
26.49 239756
26.88 239048
26.89 238343
26.90 237928
27.06 237228
27.12 237022
27.17 236721
27.43 235945
27.44 235865
27.46 234077
27.78 233841
28.03 231992
28.07 231213
28.08 230084
28.13 229594
28.63 229055
28.64 227981
28.65 227688
28.71 226671
29.19 225649
29.22 224725
29.23 223975
29.28 223746
29.51 222914
29.81 220799
29.83 219065
30.43 218141
30.45 216959
30.80 215814
31.02 215058
31.08 214277
31.11 213332
31.14 212806
31.61 212183
31.63 211082
31.76 210958
31.90 209959
32.22 209859
32.23 209768
32.23 207950
32.50 207929
32.84 206977
32.92 206090
33.09 205910
33.18 205814
33.39 205474
33.43 204761
33.54 203604
33.97 202782
33.99 202272
34.23 202081
34.31 200957
34.55 200358
34.59 199886
34.71 198938
34.79 198822
35.20 198673
35.21 198157
35.24 197638
35.31 197086
35.73 196399
35.74 194578
36.32 194220
36.33 193040
36.50 192675
36.61 191832
36.97 191728
37.02 191311
37.04 190963
37.06 190734
37.09 189239
37.53 188963
37.53 188864
37.57 188659
37.68 188405
37.83 188315
37.94 188141
37.95 187701
38.13 187587
38.13 186648
38.73 186223
38.74 185706
38.83 185372
38.91 184484
39.32 184234
39.50 184208
39.57 183542
39.71 183506
39.93 183257
39.95 180934
40.53 180831
40.55 180100
40.70 179658
41.06 179253
41.09 178895
41.17 178329
41.36 177428
41.68 177201
41.71 176504
41.88 175975
42.35 175725
42.37 175033
42.70 174871
42.76 174699
42.94 174012
43.06 173163
43.25 172747
43.54 172405
43.71 171211
44.13 170918
44.18 170757
44.25 170662
44.32 170503
44.50 170107
44.70 169749
44.97 169616
45.00 169576
45.11 169399
45.22 168205
45.26 167865
45.39 167674
45.59 167209
45.84 166470
45.92 166242
46.38 165925
46.41 165415
46.96 165270
46.97 164884
46.98 164536
47.60 163809
47.84 163354
47.93 163268
48.22 163047
48.39 162988
48.56 162761
48.76 162728
48.84 162583
48.89 162448
49.05 162367
49.35 162140
49.46 162115
49.64 161343
49.93 161133
50.07 160604
50.50 160500
50.50 160306
50.63 160264
51.10 160127
51.24 160096
51.32 159966
51.75 159008
52.36 158977
52.39 158691
52.74 158399
53.47 158221
53.57 158178
53.93 158170
53.94 158106
54.05 158057
54.05 157631
54.37 157623
54.46 157615
54.55 157081
54.96 157076
55.21 156815
55.63 156576
55.98 156378
56.17 156350
56.71 155291
56.82 155100
56.94 155081
57.12 155044
57.37 154853
57.69 154515
57.93 154478
58.77 154341
59.08 154143
59.16 153862
59.77 153792
59.82 153664
60.29 153648
60.41 153619
60.82 153438
60.93 153190
61.78 153120
61.84 153117
61.97 153060
62.43 152619
62.77 152590
62.85 152546
63.20 152421
79.05 152320
79.19 151709
79.62 151593
80.48 151240
81.03 150943
81.18 150379
81.73 149753
82.00 148080
82.59 147615
82.78 147183
83.26 147047
83.45 146863
83.93 146687