0.00 716195
0.00 714995
0.01 713416
0.01 711420
0.01 711081
0.03 709409
0.04 703776
0.11 701463
0.12 696054
0.56 693268
0.56 685465
0.56 683874
0.62 682964
0.64 682144
0.78 681070
0.80 676379
1.11 675786
1.11 670729
1.12 669854
1.12 666086
1.13 664541
1.15 662696
1.18 659091
1.41 655669
1.66 650277
1.67 645410
1.69 640023
1.92 639583
1.93 638389
1.99 638098
2.21 629401
2.23 629032
2.24 623191
2.53 622912
2.77 621308
2.77 615350
2.78 613642
2.81 605941
3.21 601447
3.32 600364
3.32 592901
3.33 589366
3.35 587849
3.87 587721
3.87 583399
3.88 578164
3.94 575768
3.96 575259
3.97 574975
3.97 570878
4.42 569982
4.43 567462
4.44 567233
4.44 565434
4.45 565251
4.46 557878
4.61 556749
4.63 555324
4.98 550988
4.98 550271
4.98 549870
4.98 546610
4.99 544133
5.10 538534
5.52 537649
5.53 529097
5.54 528531
5.55 528503
5.56 527319
5.57 526825
5.58 526353
6.08 522113
6.08 522019
6.09 519923
6.10 518744
6.12 518083
6.16 517932
6.17 517575
6.21 516322
6.32 514990
6.54 513958
6.63 513877
6.63 510496
6.64 509757
6.66 503583
6.68 501458
6.75 497264
7.18 496013
7.18 486917
7.21 484357
7.45 482809
7.73 476765
7.74 476375
7.77 475287
7.86 475039
7.86 471100
7.92 469781
8.27 464401
8.37 462718
8.40 461676
8.43 459657
8.51 458072
8.83 458032
8.83 457868
8.83 457582
8.83 456516
8.84 455516
8.86 455450
8.86 454480
8.88 451793
8.90 449358
9.02 448047
9.05 446962
9.38 444729
9.38 443587
9.39 440622
9.41 435805
9.90 435174
9.93 434799
9.93 429132
9.99 428125
10.00 427573
10.14 427236
10.48 425657
10.49 423861
10.49 421269
10.50 419797
10.54 419627
10.71 418324
10.91 418120
11.03 417745
11.03 416497
11.05 416223
11.06 413591
11.10 410305
11.27 409862
11.52 405120
11.59 403891
11.59 401010
11.63 400781
11.65 400762
11.68 397519
11.87 396447
12.14 395065
12.15 390790
12.32 388404
12.69 387743
12.70 384839
12.70 383122
12.75 382821
12.78 382504
12.87 381122
13.24 379287
13.25 378835
13.28 377578
13.31 376921
13.32 376624
13.44 376076
13.46 374640
13.79 372984
13.80 371075
13.84 370906
13.85 369057
14.06 368508
14.08 368302
14.34 367317
14.36 365911
14.37 365746
14.43 364567
14.45 363813
14.48 363397
14.80 362134
14.90 361029
14.91 360746
14.91 360624
14.92 358129
14.94 355609
14.94 355053
15.21 353437
15.45 350566
15.46 350532
15.49 349744
15.49 349334
15.50 348469
15.60 348449
15.70 346596
16.00 345763
16.01 343086
16.01 342590
16.22 342413
16.23 340693
16.35 340459
16.55 339970
16.56 337392
16.57 336185
16.57 335867
16.74 333445
17.12 333021
17.12 329439
17.18 328751
17.34 327542
17.46 327308
17.68 326656
17.68 326117
17.69 323205
17.85 321323
18.00 321264
18.22 319541
18.24 319117
18.27 316484
18.37 316023
18.77 315521
18.80 314828
18.81 312872
18.94 311664
19.17 311047
19.33 310090
19.33 309711
19.34 309252
19.38 305658
19.53 305428
19.70 301780
19.88 300582
19.90 299212
19.94 298518
19.96 298312
19.98 297082
20.21 296161
20.45 293471
20.48 293384
20.60 290473
20.99 289939
21.00 289908
21.01 289798
21.01 289627
21.02 288606
21.04 287895
21.05 287208
21.16 285444
21.55 285360
21.55 284462
21.57 281505
21.75 280770
22.12 280662
22.13 280378
22.14 279258
22.15 278688
22.21 277248
22.30 276900
22.31 276639
22.65 276555
22.66 275657
22.66 274070
22.72 273664
22.72 272771
22.90 272765
23.20 272549
23.23 271889
23.23 270287
23.26 269340
23.33 267796
23.76 267772
23.79 266606
23.79 266155
23.81 265862
23.82 264821
24.18 264667
24.20 264470
24.28 263503
24.31 262229
24.33 261865
24.35 261831
24.48 260993
24.49 260596
24.81 259559
24.87 259475
24.88 258974
24.88 255556
25.48 255262
25.49 253918
25.61 253642
25.63 252291
25.66 251869
26.09 251785
26.13 251561
26.15 250964
26.16 250679
26.18 250193
26.25 249853
26.35 248421
26.68 247896
26.68 246559
26.70 245194
27.15 244886
27.46 244763
27.54 244314
27.57 243686
27.59 242844
27.61 242556
27.64 242408
27.96 241970
28.02 241114
28.03 240108
28.07 238216
28.57 236485
28.63 235884
28.85 235699
28.89 234346
29.13 234102
29.13 233997
29.17 232819
29.19 232664
29.23 228187
29.68 228162
29.69 226320
29.71 226273
29.73 225280
29.84 224379
30.24 220664
30.81 217751
31.41 216799
31.41 216005
31.44 215387
31.68 215234
31.72 214970
31.93 214897
31.95 214336
32.05 213965
32.11 213329
32.16 212696
32.43 211574
32.48 209933
32.55 209210
32.79 209057
33.04 208984
33.06 208635
33.10 208623
33.12 208499
33.17 208052
33.22 207416
33.39 207222
33.59 205581
33.91 204802
34.14 204729
34.17 204380
34.21 204368
34.23 204244
34.27 203797
34.33 203161
34.68 202912
34.68 202317
34.98 201737
35.06 201085
35.20 200951
35.27 200397
35.42 199979
35.42 199152
35.80 198308
35.90 197223
36.36 196197
36.61 195817
36.69 193749
36.97 192578
37.04 192520
37.15 192288
37.47 191262
37.54 190694
37.60 190421
38.05 189235
38.41 189223
38.58 188973
38.64 187629
39.14 187582
39.14 187549
39.15 186443
39.67 186327
39.67 185570
39.75 185228
39.82 184844
40.23 184797
40.26 184728
40.44 183856
40.52 183298
40.56 181677
40.78 180310
40.86 180294
41.03 178611
41.33 178275
41.37 177547
41.61 176101
41.90 175679
42.14 175113
42.33 175063
42.47 173848
42.68 173680
43.00 172408
43.03 172197
43.57 170982
44.10 169710
44.68 168646
45.17 168579
45.24 168425
45.27 167310
45.79 166246
46.50 165702
46.86 165578
46.98 165458
47.02 165147
47.04 165044
47.09 164653
47.42 164070
47.95 163807
48.10 162959
48.57 162400
49.16 161557
49.62 161381
49.65 161002
49.95 160453
50.22 160117
50.31 159089
50.73 158913
50.76 158534
51.33 158198
51.47 157876
51.85 157429
52.05 157146
52.41 156119
52.69 156001
53.07 155978
53.19 155826
53.35 155315
53.52 154288
54.29 153938
54.64 153344
54.81 153256
55.49 153255
55.55 153189
55.63 153106
55.75 152512
56.21 152386
56.28 152183
56.34 152160
56.71 151507
56.85 150913
57.31 150850
57.46 150624
57.96 150030
58.64 149512
59.12 149308
59.18 149294
59.23 148338
66.39 147213
67.05 146416
67.64 145892
68.07 145749
68.35 145717
68.66 145704
68.95 145574
69.63 145561
115.95 145408
116.55 145362
116.70 143101
117.37 142544
118.59 142369
162.95 142287
163.53 142061
164.20 142032
164.68 141838