0.00 739958
0.00 738432
0.01 735795
0.01 719959
0.10 710233
0.65 703647
0.66 701934
0.66 701044
0.67 698305
0.69 698043
0.71 694081
0.73 687909
1.27 687398
1.27 685736
1.28 683466
1.29 677994
1.31 676581
1.39 676025
1.42 675330
1.44 675113
1.63 670387
1.88 664978
1.89 660002
1.93 658695
1.94 654235
2.06 651615
2.46 651404
2.46 647895
2.46 642664
2.47 641281
2.52 641237
2.56 639095
2.58 637105
2.61 636570
2.95 636047
3.03 635776
3.03 633249
3.04 626074
3.05 625167
3.07 625160
3.09 618564
3.45 618512
3.60 609682
3.61 606282
3.66 605429
3.74 601341
3.88 599175
4.09 596508
4.21 595156
4.21 593250
4.21 584385
4.25 583652
4.28 582366
4.83 582357
4.83 578039
4.83 574826
4.83 573824
4.88 571322
4.94 565154
5.47 559359
5.47 555398
5.47 553784
5.79 553462
6.06 543764
6.08 542487
6.20 540956
6.56 540908
6.63 534161
6.64 532924
6.65 531199
6.65 530981
6.66 530720
6.82 530190
6.84 527361
7.08 526035
7.20 525976
7.20 522842
7.20 521261
7.20 521074
7.20 517505
7.26 517359
7.31 517182
7.36 515287
7.61 512488
7.76 512401
7.76 509720
7.76 506438
7.78 503946
7.82 501444
8.32 496361
8.34 496321
8.34 495631
8.41 493909
8.54 490469
8.57 490402
8.89 487346
8.90 485899
8.91 478460
9.39 477889
9.46 472187
9.48 471213
9.51 469290
9.53 468178
9.77 466269
9.94 466048
10.03 463113
10.03 462526
10.03 462332
10.04 461924
10.05 460195
10.09 459271
10.11 457449
10.16 455073
10.16 455012
10.26 454338
10.59 453269
10.60 450782
10.62 450052
10.62 449325
10.65 447889
10.67 444366
10.71 442718
11.17 441567
11.17 438530
11.18 437252
11.23 435178
11.26 432746
11.73 431716
11.74 421971
12.30 420297
12.31 419778
12.31 418894
12.31 416624
12.34 415224
12.52 411218
12.86 406694
12.89 405447
13.10 403678
13.11 402818
13.43 401279
13.43 399339
13.44 396074
13.96 395379
14.00 394635
14.01 394322
14.02 393629
14.04 393327
14.05 392744
14.06 390855
14.09 389504
14.13 387011
14.57 386748
14.57 386323
14.57 384676
14.58 383153
14.61 382798
14.63 382694
14.64 378537
14.91 377864
15.13 377730
15.14 373547
15.21 369128
15.72 367987
15.72 367542
15.73 364882
15.78 364810
15.78 364122
15.88 363078
16.13 362429
16.24 360295
16.29 358461
16.31 357719
16.32 357276
16.33 354886
16.70 354424
16.74 354420
16.84 348777
16.86 348258
16.87 346308
16.88 344465
16.91 342328
16.97 341964
17.42 338947
17.44 338732
17.50 337505
17.68 337439
17.98 336429
17.99 335856
18.00 334273
18.01 333784
18.06 333630
18.06 333008
18.07 332775
18.10 331210
18.35 330131
18.55 330111
18.56 328152
18.57 326001
18.64 325845
18.75 325813
18.83 324054
19.13 323113
19.14 322275
19.16 321807
19.20 320633
19.21 320330
19.31 316410
19.69 315945
19.70 314576
19.74 312676
19.92 311799
20.26 311573
20.26 311158
20.28 307042
20.37 306912
20.41 303544
20.83 303243
20.84 302918
20.85 301703
20.87 301585
20.87 299711
20.96 299366
21.01 297945
21.39 297625
21.41 297461
21.41 295215
21.43 294628
21.58 294084
22.02 292051
22.06 290908
22.06 290886
22.12 290658
22.15 287208
22.66 287037
22.66 286702
22.66 284492
22.67 283193
22.80 282753
23.27 282718
23.28 281602
23.29 281237
23.34 280623
23.41 279599
23.43 278175
23.44 277866
23.87 275185
23.90 275143
23.95 274334
24.46 272256
24.56 271967
24.57 271640
24.59 271180
24.73 271095
25.07 268414
25.09 268365
25.45 265876
25.68 264910
25.72 263907
25.84 262722
25.86 262578
25.86 261972
25.92 261817
25.98 261698
26.30 260739
26.33 260646
26.35 259729
26.36 259542
26.46 259401
26.51 259363
26.53 258630
26.75 257639
26.87 257572
26.88 255816
27.01 254485
27.47 254049
27.51 252920
27.51 250707
28.08 249630
28.09 247390
28.47 247129
28.67 244849
28.71 243397
28.79 242626
28.80 242500
28.90 242325
28.94 241830
29.07 241443
29.27 241003
29.28 240729
29.31 238213
29.64 237941
29.88 234922
30.13 234643
30.44 233567
30.49 232466
30.56 232020
30.64 231326
31.04 229878
31.09 228710
31.18 228552
31.64 227665
31.69 226375
31.81 224974
32.24 224351
32.26 222358
32.80 221922
32.83 220324
32.87 219834
32.87 219804
33.37 219545
33.42 218658
33.47 218492
33.60 217240
33.95 216880
33.96 215887
34.02 215275
34.12 214993
34.54 214938
34.55 213847
34.61 213681
34.78 213538
35.09 213147
35.09 212185
35.15 211573
35.66 210686
35.79 209238
36.25 209001
36.28 207112
36.39 205785
36.77 205288
36.79 204898
36.81 204571
36.89 201701
37.36 200583
37.50 200152
37.53 199979
37.59 198348
37.93 197427
37.97 196705
38.16 196179
38.22 195628
38.52 195541
38.56 194684
38.63 193459
39.17 193298
39.23 193054
39.27 192868
39.33 192437
39.33 192109
39.62 191825
39.62 190616
40.19 189304
40.81 189022
40.84 188400
40.90 188185
41.07 188067
41.32 187414
41.33 186883
41.43 186703
41.89 185307
42.18 185133
42.46 184480
42.46 183949
43.03 182767
43.49 182666
43.59 181313
43.90 181264
44.27 180619
44.31 180253
44.34 180145
44.38 180118
44.43 178940
44.74 177587
45.44 177310
45.51 176022
45.91 175781
45.98 175310
46.05 175068
46.10 174959
46.16 174904
46.49 174340
46.49 172919
46.54 171996
47.02 171585
47.05 171470
47.07 171130
47.22 171075
47.38 171052
47.39 170972
47.52 170877
47.55 170011
47.57 169658
47.59 169349
47.61 168452
48.18 168099
48.28 167594
48.39 167428
48.70 167075
48.72 166766
48.80 166562
49.32 166209
49.37 166129
49.40 165955
49.42 165704
49.89 165280
49.99 165079
50.05 164558
50.45 164218
50.46 164008
50.54 163951
51.03 163527
51.17 163486
51.40 163354
51.47 162876
51.58 162536
51.88 162279
52.13 162160
52.16 161855
52.30 161814
52.64 161492
52.71 161152
53.28 161071
53.29 160728
53.40 159147
54.02 159086
54.07 157171
54.41 157090
54.43 156747
54.57 156706
54.72 156266
54.77 156243
55.03 156134
55.47 155916
55.55 155835
55.56 155492
55.70 155451
55.71 154040
56.16 153931
56.66 153568
56.69 153507
57.40 152994
57.61 152332
57.80 151969
58.53 151456
59.06 151314
59.59 149951
60.06 149206
60.23 149055
60.62 148702
61.22 147957
66.27 147687
66.28 146779
67.53 146471
77.13 145864
77.57 144978
78.14 144900
87.25 144077
88.12 143547
88.22 143250
118.03 142632
118.66 142349
119.10 142346
119.33 142288
119.51 142155
119.87 142063
120.13 141894
120.23 141872
120.42 141730
120.93 141529
121.32 141393
121.75 141038
122.40 140752
233.08 139641
233.83 139568
233.86 139333
234.91 138842
235.41 138769