0.00 770145
0.00 766190
0.01 765827
0.01 760368
0.01 759256
0.03 758993
0.04 751026
0.17 732147
0.20 730190
0.60 727343
0.60 717375
0.65 711939
0.77 711454
1.21 702547
1.21 701849
1.22 697884
1.24 697721
1.45 696075
1.67 693006
1.88 688640
1.89 688316
1.89 684268
1.92 682811
1.93 681287
1.94 668538
2.03 667391
2.52 665048
2.52 664965
2.52 661748
2.52 654261
2.64 653652
2.85 652199
2.93 648255
3.14 647759
3.14 647147
3.14 644621
3.15 643819
3.15 642193
3.16 641783
3.17 639301
3.19 637332
3.27 630533
3.76 625436
3.77 622724
3.78 621138
3.79 619597
3.82 618595
3.85 617680
3.87 616492
4.03 615342
4.35 615056
4.35 612938
4.35 611486
4.36 606823
4.38 604039
4.39 602413
4.53 602196
4.55 601016
4.58 599792
4.92 599373
4.92 596811
4.93 594685
4.94 587700
5.03 585944
5.13 585670
5.30 584919
5.49 584553
5.49 575666
5.50 569206
6.06 565554
6.07 563477
6.07 551828
6.63 549735
6.63 549110
6.64 543210
6.66 542387
6.72 539591
6.83 537005
7.19 535371
7.20 533346
7.20 533106
7.21 533051
7.22 531234
7.22 531162
7.26 526080
7.28 524155
7.55 523189
7.69 523096
7.76 515151
7.80 514437
7.82 513197
7.88 512332
7.91 511080
8.17 509641
8.32 508466
8.34 508154
8.34 507778
8.35 502172
8.40 502036
8.44 499446
8.49 496511
8.71 494720
8.89 492529
8.89 490684
8.89 486390
8.99 483794
9.17 483253
9.20 480836
9.45 472268
9.49 470798
9.67 469625
9.83 468847
10.01 468295
10.02 466309
10.02 463427
10.04 463260
10.06 462617
10.07 462323
10.09 460833
10.12 460264
10.16 457693
10.46 457009
10.58 456138
10.59 451246
10.59 448724
10.64 448445
10.65 447806
10.66 446083
10.78 446018
10.82 445855
11.04 444482
11.17 444481
11.17 444325
11.18 442860
11.18 442615
11.18 441750
11.19 438594
11.19 433820
11.75 433157
11.76 430596
11.77 422895
12.22 421607
12.31 420690
12.35 420419
12.35 415410
12.39 413599
12.43 412653
12.56 411368
12.87 410599
13.17 409530
13.17 407891
13.20 407888
13.21 406339
13.23 404856
13.26 404328
13.34 403093
13.36 402591
13.77 402574
13.77 402510
13.77 402369
13.78 396361
13.79 396101
13.83 394771
13.84 391666
14.39 390183
14.40 389495
14.40 387692
14.42 387073
14.43 385235
14.45 383988
14.53 382283
14.53 382113
14.54 381994
14.98 380205
15.00 380120
15.04 377741
15.08 377544
15.12 373514
15.32 373180
15.57 372444
15.58 371722
15.58 368967
15.64 368927
15.73 366068
16.01 363821
16.17 361282
16.22 360699
16.22 360539
16.28 357124
16.46 356342
16.56 356128
16.75 356103
16.76 355392
16.76 353937
16.76 352091
16.77 349499
16.95 349156
17.07 346575
17.42 343931
17.43 339075
17.57 338095
18.03 336576
18.04 335753
18.05 334877
18.09 330557
18.12 330384
18.48 328516
18.62 327284
18.66 326806
18.66 324652
18.69 323853
18.84 323825
18.99 322245
19.22 321734
19.24 316871
19.59 316593
19.82 314875
19.83 313425
19.83 313320
19.90 311161
19.92 309871
20.47 309621
20.54 308522
20.55 308465
20.57 308286
20.59 308266
20.61 307042
20.66 305047
20.76 303435
20.80 300892
21.27 300761
21.27 300180
21.28 298893
21.30 298315
21.40 296170
21.44 294160
21.58 293362
22.02 292870
22.03 290100
22.15 289724
22.33 289722
22.38 288949
22.45 288483
23.02 281175
23.66 280653
23.66 278429
23.73 277902
23.87 277855
23.93 277535
24.01 276840
24.10 276541
24.26 274808
24.26 274485
24.30 272124
24.58 271256
24.83 270660
24.84 270299
24.85 270226
24.87 267891
24.98 267875
25.43 266291
25.48 265605
25.48 265438
25.49 264942
25.50 264263
25.51 263169
25.57 262910
25.69 262735
26.08 262633
26.08 262578
26.09 261023
26.13 260905
26.16 259887
26.49 259370
26.71 257762
26.76 256064
26.76 255784
27.08 253951
27.28 253934
27.28 252239
27.35 251412
27.50 249774
27.89 249301
27.90 248912
27.93 248410
28.03 248060
28.08 245477
28.85 244595
28.87 243568
28.99 242499
29.06 242297
29.20 242171
29.39 241839
29.48 241164
29.50 241082
29.51 240533
29.53 240225
29.61 240052
29.78 239537
29.82 238253
30.16 238222
30.18 234779
30.84 234254
30.85 233268
31.02 232547
31.05 230750
31.46 227477
31.69 227110
31.90 226914
32.03 226014
32.08 225722
32.08 224703
32.13 223187
32.66 222643
32.67 221496
32.71 220007
32.79 219866
33.21 219859
33.22 217922
33.23 217330
33.43 216226
33.86 216000
33.89 215798
33.91 215207
34.09 215009
34.14 214612
34.16 213046
34.49 210471
34.57 210300
35.09 209775
35.20 207108
35.74 206316
35.77 206275
35.81 206018
35.83 204783
36.32 204572
36.36 203979
36.38 203734
36.43 200409
36.96 200264
36.97 199620
36.99 199129
37.01 199027
37.07 197904
37.57 195727
37.61 194523
38.24 193566
38.37 193374
38.60 192593
38.99 190979
39.31 190362
39.60 189887
39.73 189730
39.74 187360
40.32 185978
40.35 184963
40.67 184785
40.93 184693
40.95 184651
40.98 182490
41.51 182361
41.56 181470
41.97 180561
42.15 180127
42.25 179361
42.26 178947
42.44 178439
42.68 178383
42.72 178174
42.73 177546
42.83 177410
42.90 176595
43.20 176357
43.31 175912
43.40 175275
43.44 174761
43.90 172364
44.47 171477
44.94 171414
44.98 171119
45.07 170377
45.18 170111
45.52 169859
45.58 169817
45.66 168810
45.66 168097
46.49 167737
46.54 167420
46.68 167289
47.10 167156
47.14 166471
47.48 165733
47.71 164838
47.85 164726
47.91 164351
48.44 163556
48.75 163333
48.85 163066
48.93 162206
49.39 161140
49.64 160253
49.89 160133
50.03 159940
50.28 158636
50.87 158260
50.87 157670
51.31 157629
51.63 157055
51.95 156888
52.29 156001
53.17 155917
53.23 155775
53.55 155259
53.66 154883
54.04 154636
54.35 154171
54.48 154084
54.64 154023
54.92 153415
55.04 153349
55.13 153311
55.41 152940
55.49 152538
55.56 152526
55.68 152309
56.01 152240
56.13 151938
56.43 151793
56.56 151257
57.19 150994
57.26 150446
57.76 150221
57.89 149613
58.27 149255
58.45 147437
59.14 147169
59.51 146829
59.84 146536
59.85 146044
60.54 145958
60.94 145572
61.41 145325
61.46 145304
61.71 145161
61.81 145007
62.43 144821
62.49 144479
62.65 144232
63.00 143976
63.27 143101
63.95 142915
64.12 142878
76.68 142375
124.25 142245
125.38 141977
125.68 141886